[9.080s] Invoking command in '/home/laptop5/mycobot_ros2/mycobot_pro/mycobot_600': AMENT_PREFIX_PATH=/home/laptop5/mycobot_ros2/install/mycobot_description:${AMENT_PREFIX_PATH} DEBUGINFOD_URLS=https://debuginfod.ubuntu.com PYTHONPATH=/home/laptop5/mycobot_ros2/build/mycobot_600/prefix_override:/usr/lib/python3/dist-packages/colcon_core/task/python/colcon_distutils_commands:/home/laptop5/mycobot_ros2/install/mycobot_600/lib/python3.12/site-packages:/home/laptop5/mycobot_ros2/install/mycobot_description/lib/python3.12/site-packages:${PYTHONPATH} /usr/bin/python3 -W ignore:setup.py install is deprecated -W ignore:easy_install command is deprecated setup.py egg_info --egg-base ../../build/mycobot_600 build --build-base /home/laptop5/mycobot_ros2/build/mycobot_600/build install --record /home/laptop5/mycobot_ros2/build/mycobot_600/install.log --single-version-externally-managed install_data
[11.680s] running egg_info
[11.681s] creating ../../build/mycobot_600/mycobot_600.egg-info
[11.936s] writing ../../build/mycobot_600/mycobot_600.egg-info/PKG-INFO
[11.936s] writing dependency_links to ../../build/mycobot_600/mycobot_600.egg-info/dependency_links.txt
[11.942s] writing entry points to ../../build/mycobot_600/mycobot_600.egg-info/entry_points.txt
[11.944s] writing requirements to ../../build/mycobot_600/mycobot_600.egg-info/requires.txt
[11.944s] writing top-level names to ../../build/mycobot_600/mycobot_600.egg-info/top_level.txt
[11.944s] writing manifest file '../../build/mycobot_600/mycobot_600.egg-info/SOURCES.txt'
[12.296s] reading manifest file '../../build/mycobot_600/mycobot_600.egg-info/SOURCES.txt'
[12.297s] adding license file 'LICENSE'
[12.299s] writing manifest file '../../build/mycobot_600/mycobot_600.egg-info/SOURCES.txt'
[12.300s] running build
[12.301s] running build_py
[12.302s] creating /home/laptop5/mycobot_ros2/build/mycobot_600/build
[12.303s] creating /home/laptop5/mycobot_ros2/build/mycobot_600/build/lib
[12.309s] creating /home/laptop5/mycobot_ros2/build/mycobot_600/build/lib/mycobot_600
[12.310s] copying mycobot_600/__init__.py -> /home/laptop5/mycobot_ros2/build/mycobot_600/build/lib/mycobot_600
[12.310s] copying mycobot_600/slider_control.py -> /home/laptop5/mycobot_ros2/build/mycobot_600/build/lib/mycobot_600
[12.314s] running install
[12.357s] running install_lib
[12.550s] creating /home/laptop5/mycobot_ros2/install/mycobot_600/lib/python3.12/site-packages/mycobot_600
[12.551s] copying /home/laptop5/mycobot_ros2/build/mycobot_600/build/lib/mycobot_600/__init__.py -> /home/laptop5/mycobot_ros2/install/mycobot_600/lib/python3.12/site-packages/mycobot_600
[12.551s] copying /home/laptop5/mycobot_ros2/build/mycobot_600/build/lib/mycobot_600/slider_control.py -> /home/laptop5/mycobot_ros2/install/mycobot_600/lib/python3.12/site-packages/mycobot_600
[12.551s] byte-compiling /home/laptop5/mycobot_ros2/install/mycobot_600/lib/python3.12/site-packages/mycobot_600/__init__.py to __init__.cpython-312.pyc
[12.551s] byte-compiling /home/laptop5/mycobot_ros2/install/mycobot_600/lib/python3.12/site-packages/mycobot_600/slider_control.py to slider_control.cpython-312.pyc
[12.559s] running install_data
[12.560s] creating /home/laptop5/mycobot_ros2/install/mycobot_600/share/ament_index
[12.560s] creating /home/laptop5/mycobot_ros2/install/mycobot_600/share/ament_index/resource_index
[12.560s] creating /home/laptop5/mycobot_ros2/install/mycobot_600/share/ament_index/resource_index/packages
[12.560s] copying resource/mycobot_600 -> /home/laptop5/mycobot_ros2/install/mycobot_600/share/ament_index/resource_index/packages
[12.561s] copying package.xml -> /home/laptop5/mycobot_ros2/install/mycobot_600/share/mycobot_600
[12.564s] creating /home/laptop5/mycobot_ros2/install/mycobot_600/share/mycobot_600/launch
[12.564s] copying launch/slider_control.launch.py -> /home/laptop5/mycobot_ros2/install/mycobot_600/share/mycobot_600/launch
[12.565s] copying launch/test.launch.py -> /home/laptop5/mycobot_ros2/install/mycobot_600/share/mycobot_600/launch
[12.565s] creating /home/laptop5/mycobot_ros2/install/mycobot_600/share/mycobot_600/config
[12.565s] copying config/mycobot_600.rviz -> /home/laptop5/mycobot_ros2/install/mycobot_600/share/mycobot_600/config
[12.566s] running install_egg_info
[12.846s] Copying ../../build/mycobot_600/mycobot_600.egg-info to /home/laptop5/mycobot_ros2/install/mycobot_600/lib/python3.12/site-packages/mycobot_600-0.0.0-py3.12.egg-info
[12.849s] error: [Errno 2] No such file or directory: '../../build/mycobot_600/mycobot_600.egg-info'
[13.195s] Invoked command in '/home/laptop5/mycobot_ros2/mycobot_pro/mycobot_600' returned '1': AMENT_PREFIX_PATH=/home/laptop5/mycobot_ros2/install/mycobot_description:${AMENT_PREFIX_PATH} DEBUGINFOD_URLS=https://debuginfod.ubuntu.com PYTHONPATH=/home/laptop5/mycobot_ros2/build/mycobot_600/prefix_override:/usr/lib/python3/dist-packages/colcon_core/task/python/colcon_distutils_commands:/home/laptop5/mycobot_ros2/install/mycobot_600/lib/python3.12/site-packages:/home/laptop5/mycobot_ros2/install/mycobot_description/lib/python3.12/site-packages:${PYTHONPATH} /usr/bin/python3 -W ignore:setup.py install is deprecated -W ignore:easy_install command is deprecated setup.py egg_info --egg-base ../../build/mycobot_600 build --build-base /home/laptop5/mycobot_ros2/build/mycobot_600/build install --record /home/laptop5/mycobot_ros2/build/mycobot_600/install.log --single-version-externally-managed install_data
