[2.358s] Invoking command in '/home/laptop5/mycobot_ros2/build/pro450_moveit2': AMENT_PREFIX_PATH=/home/laptop5/mycobot_ros2/install/mycobot_description:${AMENT_PREFIX_PATH} CMAKE_PREFIX_PATH=${CMAKE_PREFIX_PATH}:/home/laptop5/elephant_ws_two/install/mycobot_280pi:/home/laptop5/elephant_arm_ws/install/mycobot_description:/opt/ros/jazzy DEBUGINFOD_URLS=https://debuginfod.ubuntu.com PYTHONPATH=/home/laptop5/mycobot_ros2/install/mycobot_description/lib/python3.12/site-packages:${PYTHONPATH} /usr/bin/cmake /home/laptop5/mycobot_ros2/mycobot_pro/pro450_moveit2 -DCMAKE_INSTALL_PREFIX=/home/laptop5/mycobot_ros2/install/pro450_moveit2
[2.877s] -- The C compiler identification is GNU 13.3.0
[3.327s] -- The CXX compiler identification is GNU 13.3.0
[3.424s] -- Detecting C compiler ABI info
[4.091s] -- Detecting C compiler ABI info - done
[4.121s] -- Check for working C compiler: /usr/bin/cc - skipped
[4.121s] -- Detecting C compile features
[4.132s] -- Detecting C compile features - done
[4.162s] -- Detecting CXX compiler ABI info
[4.545s] -- Detecting CXX compiler ABI info - done
[4.697s] -- Check for working CXX compiler: /usr/bin/c++ - skipped
[4.698s] -- Detecting CXX compile features
[4.703s] -- Detecting CXX compile features - done
[4.726s] -- Found ament_cmake: 2.5.4 (/opt/ros/jazzy/share/ament_cmake/cmake)
[5.486s] -- Found Python3: /usr/bin/python3 (found version "3.12.3") found components: Interpreter 
[5.986s] [0mCMake Error: File /home/laptop5/mycobot_ros2/mycobot_pro/pro450_moveit2/package.xml does not exist.[0m
[5.986s] [31mCMake Error at /opt/ros/jazzy/share/ament_cmake_core/cmake/core/stamp.cmake:24 (configure_file):
[5.986s]   configure_file Problem configuring file
[5.986s] Call Stack (most recent call first):
[5.987s]   /opt/ros/jazzy/share/ament_cmake_core/cmake/core/ament_package_xml.cmake:73 (stamp)
[5.987s]   /opt/ros/jazzy/share/ament_cmake_core/cmake/core/ament_package_xml.cmake:49 (_ament_package_xml)
[5.987s]   /opt/ros/jazzy/share/ament_cmake_core/cmake/core/ament_package.cmake:63 (ament_package_xml)
[5.987s]   CMakeLists.txt:6 (ament_package)
[5.987s] 
[5.988s] [0m
[6.011s] -- Configuring incomplete, errors occurred!
