[  1%] Built target mycobot_interfaces__rosidl_generator_type_description
[  1%] Built target ament_cmake_python_copy_mycobot_interfaces
[  1%] Built target mycobot_interfaces__cpp
[ 27%] Built target mycobot_interfaces__rosidl_generator_c
[ 37%] Built target mycobot_interfaces__rosidl_typesupport_c
[ 46%] Built target mycobot_interfaces__rosidl_typesupport_cpp
[ 56%] Built target mycobot_interfaces__rosidl_typesupport_introspection_c
[ 65%] Built target mycobot_interfaces__rosidl_typesupport_introspection_cpp
[ 75%] Built target mycobot_interfaces__rosidl_typesupport_fastrtps_cpp
[ 85%] Built target mycobot_interfaces__rosidl_typesupport_fastrtps_c
[ 85%] Built target mycobot_interfaces
[ 86%] Built target mycobot_interfaces__py
[ 95%] Built target mycobot_interfaces__rosidl_generator_py
[ 97%] Built target mycobot_interfaces_s__rosidl_typesupport_c
[ 98%] Built target mycobot_interfaces_s__rosidl_typesupport_fastrtps_c
[100%] Built target mycobot_interfaces_s__rosidl_typesupport_introspection_c
running egg_info
writing mycobot_interfaces.egg-info/PKG-INFO
writing dependency_links to mycobot_interfaces.egg-info/dependency_links.txt
writing top-level names to mycobot_interfaces.egg-info/top_level.txt
reading manifest file 'mycobot_interfaces.egg-info/SOURCES.txt'
writing manifest file 'mycobot_interfaces.egg-info/SOURCES.txt'
[100%] Built target ament_cmake_python_build_mycobot_interfaces_egg
-- Install configuration: ""
-- Installing: /home/laptop5/mycobot_ros2/install/mycobot_interfaces/share/ament_index/resource_index/rosidl_interfaces/mycobot_interfaces
-- Installing: /home/laptop5/mycobot_ros2/install/mycobot_interfaces/share/mycobot_interfaces/msg/MycobotAngles.json
-- Installing: /home/laptop5/mycobot_ros2/install/mycobot_interfaces/share/mycobot_interfaces/msg/MycobotCoords.json
-- Installing: /home/laptop5/mycobot_ros2/install/mycobot_interfaces/share/mycobot_interfaces/msg/MycobotSetAngles.json
-- Installing: /home/laptop5/mycobot_ros2/install/mycobot_interfaces/share/mycobot_interfaces/msg/MycobotSetCoords.json
-- Installing: /home/laptop5/mycobot_ros2/install/mycobot_interfaces/share/mycobot_interfaces/msg/MycobotGripperStatus.json
-- Installing: /home/laptop5/mycobot_ros2/install/mycobot_interfaces/share/mycobot_interfaces/msg/MycobotPumpStatus.json
-- Installing: /home/laptop5/mycobot_ros2/install/mycobot_interfaces/share/mycobot_interfaces/srv/GetAngles.json
-- Installing: /home/laptop5/mycobot_ros2/install/mycobot_interfaces/share/mycobot_interfaces/srv/SetAngles.json
-- Installing: /home/laptop5/mycobot_ros2/install/mycobot_interfaces/share/mycobot_interfaces/srv/GetCoords.json
-- Installing: /home/laptop5/mycobot_ros2/install/mycobot_interfaces/share/mycobot_interfaces/srv/SetCoords.json
-- Installing: /home/laptop5/mycobot_ros2/install/mycobot_interfaces/share/mycobot_interfaces/srv/GripperStatus.json
-- Installing: /home/laptop5/mycobot_ros2/install/mycobot_interfaces/share/mycobot_interfaces/srv/PumpStatus.json
-- Installing: /home/laptop5/mycobot_ros2/install/mycobot_interfaces/include/mycobot_interfaces/mycobot_interfaces
-- Installing: /home/laptop5/mycobot_ros2/install/mycobot_interfaces/include/mycobot_interfaces/mycobot_interfaces/msg
-- Installing: /home/laptop5/mycobot_ros2/install/mycobot_interfaces/include/mycobot_interfaces/mycobot_interfaces/msg/detail
-- Installing: /home/laptop5/mycobot_ros2/install/mycobot_interfaces/include/mycobot_interfaces/mycobot_interfaces/msg/detail/mycobot_angles__struct.h
-- Installing: /home/laptop5/mycobot_ros2/install/mycobot_interfaces/include/mycobot_interfaces/mycobot_interfaces/msg/detail/mycobot_angles__functions.h
-- Installing: /home/laptop5/mycobot_ros2/install/mycobot_interfaces/include/mycobot_interfaces/mycobot_interfaces/msg/detail/mycobot_pump_status__description.c
-- Installing: /home/laptop5/mycobot_ros2/install/mycobot_interfaces/include/mycobot_interfaces/mycobot_interfaces/msg/detail/mycobot_coords__struct.h
-- Installing: /home/laptop5/mycobot_ros2/install/mycobot_interfaces/include/mycobot_interfaces/mycobot_interfaces/msg/detail/mycobot_gripper_status__functions.h
-- Installing: /home/laptop5/mycobot_ros2/install/mycobot_interfaces/include/mycobot_interfaces/mycobot_interfaces/msg/detail/mycobot_gripper_status__type_support.h
-- Installing: /home/laptop5/mycobot_ros2/install/mycobot_interfaces/include/mycobot_interfaces/mycobot_interfaces/msg/detail/mycobot_angles__type_support.h
-- Installing: /home/laptop5/mycobot_ros2/install/mycobot_interfaces/include/mycobot_interfaces/mycobot_interfaces/msg/detail/mycobot_pump_status__type_support.h
-- Installing: /home/laptop5/mycobot_ros2/install/mycobot_interfaces/include/mycobot_interfaces/mycobot_interfaces/msg/detail/mycobot_coords__functions.h
-- Installing: /home/laptop5/mycobot_ros2/install/mycobot_interfaces/include/mycobot_interfaces/mycobot_interfaces/msg/detail/mycobot_pump_status__functions.h
-- Installing: /home/laptop5/mycobot_ros2/install/mycobot_interfaces/include/mycobot_interfaces/mycobot_interfaces/msg/detail/mycobot_pump_status__type_support.c
-- Installing: /home/laptop5/mycobot_ros2/install/mycobot_interfaces/include/mycobot_interfaces/mycobot_interfaces/msg/detail/mycobot_set_angles__type_support.c
-- Installing: /home/laptop5/mycobot_ros2/install/mycobot_interfaces/include/mycobot_interfaces/mycobot_interfaces/msg/detail/mycobot_angles__description.c
-- Installing: /home/laptop5/mycobot_ros2/install/mycobot_interfaces/include/mycobot_interfaces/mycobot_interfaces/msg/detail/mycobot_coords__description.c
-- Installing: /home/laptop5/mycobot_ros2/install/mycobot_interfaces/include/mycobot_interfaces/mycobot_interfaces/msg/detail/mycobot_gripper_status__description.c
-- Installing: /home/laptop5/mycobot_ros2/install/mycobot_interfaces/include/mycobot_interfaces/mycobot_interfaces/msg/detail/mycobot_gripper_status__type_support.c
-- Installing: /home/laptop5/mycobot_ros2/install/mycobot_interfaces/include/mycobot_interfaces/mycobot_interfaces/msg/detail/mycobot_angles__type_support.c
-- Installing: /home/laptop5/mycobot_ros2/install/mycobot_interfaces/include/mycobot_interfaces/mycobot_interfaces/msg/detail/mycobot_set_angles__struct.h
-- Installing: /home/laptop5/mycobot_ros2/install/mycobot_interfaces/include/mycobot_interfaces/mycobot_interfaces/msg/detail/mycobot_pump_status__functions.c
-- Installing: /home/laptop5/mycobot_ros2/install/mycobot_interfaces/include/mycobot_interfaces/mycobot_interfaces/msg/detail/mycobot_coords__functions.c
-- Installing: /home/laptop5/mycobot_ros2/install/mycobot_interfaces/include/mycobot_interfaces/mycobot_interfaces/msg/detail/mycobot_set_coords__type_support.h
-- Installing: /home/laptop5/mycobot_ros2/install/mycobot_interfaces/include/mycobot_interfaces/mycobot_interfaces/msg/detail/mycobot_set_coords__struct.h
-- Installing: /home/laptop5/mycobot_ros2/install/mycobot_interfaces/include/mycobot_interfaces/mycobot_interfaces/msg/detail/mycobot_set_angles__description.c
-- Installing: /home/laptop5/mycobot_ros2/install/mycobot_interfaces/include/mycobot_interfaces/mycobot_interfaces/msg/detail/mycobot_set_coords__functions.h
-- Installing: /home/laptop5/mycobot_ros2/install/mycobot_interfaces/include/mycobot_interfaces/mycobot_interfaces/msg/detail/mycobot_coords__type_support.h
-- Installing: /home/laptop5/mycobot_ros2/install/mycobot_interfaces/include/mycobot_interfaces/mycobot_interfaces/msg/detail/mycobot_set_angles__functions.h
-- Installing: /home/laptop5/mycobot_ros2/install/mycobot_interfaces/include/mycobot_interfaces/mycobot_interfaces/msg/detail/mycobot_pump_status__struct.h
-- Installing: /home/laptop5/mycobot_ros2/install/mycobot_interfaces/include/mycobot_interfaces/mycobot_interfaces/msg/detail/mycobot_set_coords__functions.c
-- Installing: /home/laptop5/mycobot_ros2/install/mycobot_interfaces/include/mycobot_interfaces/mycobot_interfaces/msg/detail/mycobot_set_angles__functions.c
-- Installing: /home/laptop5/mycobot_ros2/install/mycobot_interfaces/include/mycobot_interfaces/mycobot_interfaces/msg/detail/mycobot_gripper_status__functions.c
-- Installing: /home/laptop5/mycobot_ros2/install/mycobot_interfaces/include/mycobot_interfaces/mycobot_interfaces/msg/detail/mycobot_coords__type_support.c
-- Installing: /home/laptop5/mycobot_ros2/install/mycobot_interfaces/include/mycobot_interfaces/mycobot_interfaces/msg/detail/mycobot_set_angles__type_support.h
-- Installing: /home/laptop5/mycobot_ros2/install/mycobot_interfaces/include/mycobot_interfaces/mycobot_interfaces/msg/detail/mycobot_gripper_status__struct.h
-- Installing: /home/laptop5/mycobot_ros2/install/mycobot_interfaces/include/mycobot_interfaces/mycobot_interfaces/msg/detail/mycobot_set_coords__type_support.c
-- Installing: /home/laptop5/mycobot_ros2/install/mycobot_interfaces/include/mycobot_interfaces/mycobot_interfaces/msg/detail/mycobot_set_coords__description.c
-- Installing: /home/laptop5/mycobot_ros2/install/mycobot_interfaces/include/mycobot_interfaces/mycobot_interfaces/msg/detail/mycobot_angles__functions.c
-- Installing: /home/laptop5/mycobot_ros2/install/mycobot_interfaces/include/mycobot_interfaces/mycobot_interfaces/msg/mycobot_angles.h
-- Installing: /home/laptop5/mycobot_ros2/install/mycobot_interfaces/include/mycobot_interfaces/mycobot_interfaces/msg/mycobot_gripper_status.h
-- Installing: /home/laptop5/mycobot_ros2/install/mycobot_interfaces/include/mycobot_interfaces/mycobot_interfaces/msg/mycobot_pump_status.h
-- Installing: /home/laptop5/mycobot_ros2/install/mycobot_interfaces/include/mycobot_interfaces/mycobot_interfaces/msg/rosidl_generator_c__visibility_control.h
-- Installing: /home/laptop5/mycobot_ros2/install/mycobot_interfaces/include/mycobot_interfaces/mycobot_interfaces/msg/mycobot_set_angles.h
-- Installing: /home/laptop5/mycobot_ros2/install/mycobot_interfaces/include/mycobot_interfaces/mycobot_interfaces/msg/mycobot_coords.h
-- Installing: /home/laptop5/mycobot_ros2/install/mycobot_interfaces/include/mycobot_interfaces/mycobot_interfaces/msg/mycobot_set_coords.h
-- Installing: /home/laptop5/mycobot_ros2/install/mycobot_interfaces/include/mycobot_interfaces/mycobot_interfaces/srv
-- Installing: /home/laptop5/mycobot_ros2/install/mycobot_interfaces/include/mycobot_interfaces/mycobot_interfaces/srv/get_coords.h
-- Installing: /home/laptop5/mycobot_ros2/install/mycobot_interfaces/include/mycobot_interfaces/mycobot_interfaces/srv/pump_status.h
-- Installing: /home/laptop5/mycobot_ros2/install/mycobot_interfaces/include/mycobot_interfaces/mycobot_interfaces/srv/detail
-- Installing: /home/laptop5/mycobot_ros2/install/mycobot_interfaces/include/mycobot_interfaces/mycobot_interfaces/srv/detail/gripper_status__description.c
-- Installing: /home/laptop5/mycobot_ros2/install/mycobot_interfaces/include/mycobot_interfaces/mycobot_interfaces/srv/detail/get_coords__description.c
-- Installing: /home/laptop5/mycobot_ros2/install/mycobot_interfaces/include/mycobot_interfaces/mycobot_interfaces/srv/detail/get_angles__functions.h
-- Installing: /home/laptop5/mycobot_ros2/install/mycobot_interfaces/include/mycobot_interfaces/mycobot_interfaces/srv/detail/pump_status__struct.h
-- Installing: /home/laptop5/mycobot_ros2/install/mycobot_interfaces/include/mycobot_interfaces/mycobot_interfaces/srv/detail/set_angles__functions.h
-- Installing: /home/laptop5/mycobot_ros2/install/mycobot_interfaces/include/mycobot_interfaces/mycobot_interfaces/srv/detail/gripper_status__functions.h
-- Installing: /home/laptop5/mycobot_ros2/install/mycobot_interfaces/include/mycobot_interfaces/mycobot_interfaces/srv/detail/get_angles__functions.c
-- Installing: /home/laptop5/mycobot_ros2/install/mycobot_interfaces/include/mycobot_interfaces/mycobot_interfaces/srv/detail/pump_status__functions.h
-- Installing: /home/laptop5/mycobot_ros2/install/mycobot_interfaces/include/mycobot_interfaces/mycobot_interfaces/srv/detail/pump_status__description.c
-- Installing: /home/laptop5/mycobot_ros2/install/mycobot_interfaces/include/mycobot_interfaces/mycobot_interfaces/srv/detail/gripper_status__type_support.h
-- Installing: /home/laptop5/mycobot_ros2/install/mycobot_interfaces/include/mycobot_interfaces/mycobot_interfaces/srv/detail/get_angles__description.c
-- Installing: /home/laptop5/mycobot_ros2/install/mycobot_interfaces/include/mycobot_interfaces/mycobot_interfaces/srv/detail/get_coords__type_support.c
-- Installing: /home/laptop5/mycobot_ros2/install/mycobot_interfaces/include/mycobot_interfaces/mycobot_interfaces/srv/detail/set_angles__struct.h
-- Installing: /home/laptop5/mycobot_ros2/install/mycobot_interfaces/include/mycobot_interfaces/mycobot_interfaces/srv/detail/set_coords__type_support.h
-- Installing: /home/laptop5/mycobot_ros2/install/mycobot_interfaces/include/mycobot_interfaces/mycobot_interfaces/srv/detail/set_coords__functions.c
-- Installing: /home/laptop5/mycobot_ros2/install/mycobot_interfaces/include/mycobot_interfaces/mycobot_interfaces/srv/detail/gripper_status__functions.c
-- Installing: /home/laptop5/mycobot_ros2/install/mycobot_interfaces/include/mycobot_interfaces/mycobot_interfaces/srv/detail/gripper_status__struct.h
-- Installing: /home/laptop5/mycobot_ros2/install/mycobot_interfaces/include/mycobot_interfaces/mycobot_interfaces/srv/detail/get_angles__type_support.h
-- Installing: /home/laptop5/mycobot_ros2/install/mycobot_interfaces/include/mycobot_interfaces/mycobot_interfaces/srv/detail/pump_status__functions.c
-- Installing: /home/laptop5/mycobot_ros2/install/mycobot_interfaces/include/mycobot_interfaces/mycobot_interfaces/srv/detail/set_coords__struct.h
-- Installing: /home/laptop5/mycobot_ros2/install/mycobot_interfaces/include/mycobot_interfaces/mycobot_interfaces/srv/detail/set_coords__functions.h
-- Installing: /home/laptop5/mycobot_ros2/install/mycobot_interfaces/include/mycobot_interfaces/mycobot_interfaces/srv/detail/get_coords__functions.c
-- Installing: /home/laptop5/mycobot_ros2/install/mycobot_interfaces/include/mycobot_interfaces/mycobot_interfaces/srv/detail/pump_status__type_support.h
-- Installing: /home/laptop5/mycobot_ros2/install/mycobot_interfaces/include/mycobot_interfaces/mycobot_interfaces/srv/detail/gripper_status__type_support.c
-- Installing: /home/laptop5/mycobot_ros2/install/mycobot_interfaces/include/mycobot_interfaces/mycobot_interfaces/srv/detail/set_angles__type_support.h
-- Installing: /home/laptop5/mycobot_ros2/install/mycobot_interfaces/include/mycobot_interfaces/mycobot_interfaces/srv/detail/get_angles__struct.h
-- Installing: /home/laptop5/mycobot_ros2/install/mycobot_interfaces/include/mycobot_interfaces/mycobot_interfaces/srv/detail/set_angles__functions.c
-- Installing: /home/laptop5/mycobot_ros2/install/mycobot_interfaces/include/mycobot_interfaces/mycobot_interfaces/srv/detail/pump_status__type_support.c
-- Installing: /home/laptop5/mycobot_ros2/install/mycobot_interfaces/include/mycobot_interfaces/mycobot_interfaces/srv/detail/set_angles__type_support.c
-- Installing: /home/laptop5/mycobot_ros2/install/mycobot_interfaces/include/mycobot_interfaces/mycobot_interfaces/srv/detail/set_angles__description.c
-- Installing: /home/laptop5/mycobot_ros2/install/mycobot_interfaces/include/mycobot_interfaces/mycobot_interfaces/srv/detail/get_angles__type_support.c
-- Installing: /home/laptop5/mycobot_ros2/install/mycobot_interfaces/include/mycobot_interfaces/mycobot_interfaces/srv/detail/set_coords__type_support.c
-- Installing: /home/laptop5/mycobot_ros2/install/mycobot_interfaces/include/mycobot_interfaces/mycobot_interfaces/srv/detail/get_coords__functions.h
-- Installing: /home/laptop5/mycobot_ros2/install/mycobot_interfaces/include/mycobot_interfaces/mycobot_interfaces/srv/detail/get_coords__type_support.h
-- Installing: /home/laptop5/mycobot_ros2/install/mycobot_interfaces/include/mycobot_interfaces/mycobot_interfaces/srv/detail/get_coords__struct.h
-- Installing: /home/laptop5/mycobot_ros2/install/mycobot_interfaces/include/mycobot_interfaces/mycobot_interfaces/srv/detail/set_coords__description.c
-- Installing: /home/laptop5/mycobot_ros2/install/mycobot_interfaces/include/mycobot_interfaces/mycobot_interfaces/srv/gripper_status.h
-- Installing: /home/laptop5/mycobot_ros2/install/mycobot_interfaces/include/mycobot_interfaces/mycobot_interfaces/srv/set_angles.h
-- Installing: /home/laptop5/mycobot_ros2/install/mycobot_interfaces/include/mycobot_interfaces/mycobot_interfaces/srv/get_angles.h
-- Installing: /home/laptop5/mycobot_ros2/install/mycobot_interfaces/include/mycobot_interfaces/mycobot_interfaces/srv/set_coords.h
-- Installing: /home/laptop5/mycobot_ros2/install/mycobot_interfaces/share/mycobot_interfaces/environment/library_path.sh
-- Installing: /home/laptop5/mycobot_ros2/install/mycobot_interfaces/share/mycobot_interfaces/environment/library_path.dsv
-- Installing: /home/laptop5/mycobot_ros2/install/mycobot_interfaces/lib/libmycobot_interfaces__rosidl_generator_c.so
-- Set non-toolchain portion of runtime path of "/home/laptop5/mycobot_ros2/install/mycobot_interfaces/lib/libmycobot_interfaces__rosidl_generator_c.so" to ""
-- Up-to-date: /home/laptop5/mycobot_ros2/install/mycobot_interfaces/include/mycobot_interfaces/mycobot_interfaces
-- Up-to-date: /home/laptop5/mycobot_ros2/install/mycobot_interfaces/include/mycobot_interfaces/mycobot_interfaces/msg
-- Up-to-date: /home/laptop5/mycobot_ros2/install/mycobot_interfaces/include/mycobot_interfaces/mycobot_interfaces/msg/detail
-- Installing: /home/laptop5/mycobot_ros2/install/mycobot_interfaces/include/mycobot_interfaces/mycobot_interfaces/msg/detail/mycobot_gripper_status__rosidl_typesupport_fastrtps_c.h
-- Installing: /home/laptop5/mycobot_ros2/install/mycobot_interfaces/include/mycobot_interfaces/mycobot_interfaces/msg/detail/mycobot_set_angles__rosidl_typesupport_fastrtps_c.h
-- Installing: /home/laptop5/mycobot_ros2/install/mycobot_interfaces/include/mycobot_interfaces/mycobot_interfaces/msg/detail/mycobot_pump_status__rosidl_typesupport_fastrtps_c.h
-- Installing: /home/laptop5/mycobot_ros2/install/mycobot_interfaces/include/mycobot_interfaces/mycobot_interfaces/msg/detail/mycobot_set_coords__rosidl_typesupport_fastrtps_c.h
-- Installing: /home/laptop5/mycobot_ros2/install/mycobot_interfaces/include/mycobot_interfaces/mycobot_interfaces/msg/detail/mycobot_coords__rosidl_typesupport_fastrtps_c.h
-- Installing: /home/laptop5/mycobot_ros2/install/mycobot_interfaces/include/mycobot_interfaces/mycobot_interfaces/msg/detail/mycobot_angles__rosidl_typesupport_fastrtps_c.h
-- Installing: /home/laptop5/mycobot_ros2/install/mycobot_interfaces/include/mycobot_interfaces/mycobot_interfaces/msg/rosidl_typesupport_fastrtps_c__visibility_control.h
-- Up-to-date: /home/laptop5/mycobot_ros2/install/mycobot_interfaces/include/mycobot_interfaces/mycobot_interfaces/srv
-- Up-to-date: /home/laptop5/mycobot_ros2/install/mycobot_interfaces/include/mycobot_interfaces/mycobot_interfaces/srv/detail
-- Installing: /home/laptop5/mycobot_ros2/install/mycobot_interfaces/include/mycobot_interfaces/mycobot_interfaces/srv/detail/set_coords__rosidl_typesupport_fastrtps_c.h
-- Installing: /home/laptop5/mycobot_ros2/install/mycobot_interfaces/include/mycobot_interfaces/mycobot_interfaces/srv/detail/get_angles__rosidl_typesupport_fastrtps_c.h
-- Installing: /home/laptop5/mycobot_ros2/install/mycobot_interfaces/include/mycobot_interfaces/mycobot_interfaces/srv/detail/set_angles__rosidl_typesupport_fastrtps_c.h
-- Installing: /home/laptop5/mycobot_ros2/install/mycobot_interfaces/include/mycobot_interfaces/mycobot_interfaces/srv/detail/gripper_status__rosidl_typesupport_fastrtps_c.h
-- Installing: /home/laptop5/mycobot_ros2/install/mycobot_interfaces/include/mycobot_interfaces/mycobot_interfaces/srv/detail/get_coords__rosidl_typesupport_fastrtps_c.h
-- Installing: /home/laptop5/mycobot_ros2/install/mycobot_interfaces/include/mycobot_interfaces/mycobot_interfaces/srv/detail/pump_status__rosidl_typesupport_fastrtps_c.h
-- Installing: /home/laptop5/mycobot_ros2/install/mycobot_interfaces/lib/libmycobot_interfaces__rosidl_typesupport_fastrtps_c.so
-- Set non-toolchain portion of runtime path of "/home/laptop5/mycobot_ros2/install/mycobot_interfaces/lib/libmycobot_interfaces__rosidl_typesupport_fastrtps_c.so" to ""
-- Up-to-date: /home/laptop5/mycobot_ros2/install/mycobot_interfaces/include/mycobot_interfaces/mycobot_interfaces
-- Up-to-date: /home/laptop5/mycobot_ros2/install/mycobot_interfaces/include/mycobot_interfaces/mycobot_interfaces/msg
-- Installing: /home/laptop5/mycobot_ros2/install/mycobot_interfaces/include/mycobot_interfaces/mycobot_interfaces/msg/rosidl_typesupport_introspection_c__visibility_control.h
-- Up-to-date: /home/laptop5/mycobot_ros2/install/mycobot_interfaces/include/mycobot_interfaces/mycobot_interfaces/msg/detail
-- Installing: /home/laptop5/mycobot_ros2/install/mycobot_interfaces/include/mycobot_interfaces/mycobot_interfaces/msg/detail/mycobot_coords__rosidl_typesupport_introspection_c.h
-- Installing: /home/laptop5/mycobot_ros2/install/mycobot_interfaces/include/mycobot_interfaces/mycobot_interfaces/msg/detail/mycobot_pump_status__type_support.c
-- Installing: /home/laptop5/mycobot_ros2/install/mycobot_interfaces/include/mycobot_interfaces/mycobot_interfaces/msg/detail/mycobot_set_angles__type_support.c
-- Installing: /home/laptop5/mycobot_ros2/install/mycobot_interfaces/include/mycobot_interfaces/mycobot_interfaces/msg/detail/mycobot_gripper_status__rosidl_typesupport_introspection_c.h
-- Installing: /home/laptop5/mycobot_ros2/install/mycobot_interfaces/include/mycobot_interfaces/mycobot_interfaces/msg/detail/mycobot_gripper_status__type_support.c
-- Installing: /home/laptop5/mycobot_ros2/install/mycobot_interfaces/include/mycobot_interfaces/mycobot_interfaces/msg/detail/mycobot_angles__rosidl_typesupport_introspection_c.h
-- Installing: /home/laptop5/mycobot_ros2/install/mycobot_interfaces/include/mycobot_interfaces/mycobot_interfaces/msg/detail/mycobot_set_coords__rosidl_typesupport_introspection_c.h
-- Installing: /home/laptop5/mycobot_ros2/install/mycobot_interfaces/include/mycobot_interfaces/mycobot_interfaces/msg/detail/mycobot_angles__type_support.c
-- Installing: /home/laptop5/mycobot_ros2/install/mycobot_interfaces/include/mycobot_interfaces/mycobot_interfaces/msg/detail/mycobot_pump_status__rosidl_typesupport_introspection_c.h
-- Installing: /home/laptop5/mycobot_ros2/install/mycobot_interfaces/include/mycobot_interfaces/mycobot_interfaces/msg/detail/mycobot_set_angles__rosidl_typesupport_introspection_c.h
-- Installing: /home/laptop5/mycobot_ros2/install/mycobot_interfaces/include/mycobot_interfaces/mycobot_interfaces/msg/detail/mycobot_coords__type_support.c
-- Installing: /home/laptop5/mycobot_ros2/install/mycobot_interfaces/include/mycobot_interfaces/mycobot_interfaces/msg/detail/mycobot_set_coords__type_support.c
-- Up-to-date: /home/laptop5/mycobot_ros2/install/mycobot_interfaces/include/mycobot_interfaces/mycobot_interfaces/srv
-- Up-to-date: /home/laptop5/mycobot_ros2/install/mycobot_interfaces/include/mycobot_interfaces/mycobot_interfaces/srv/detail
-- Installing: /home/laptop5/mycobot_ros2/install/mycobot_interfaces/include/mycobot_interfaces/mycobot_interfaces/srv/detail/set_angles__rosidl_typesupport_introspection_c.h
-- Installing: /home/laptop5/mycobot_ros2/install/mycobot_interfaces/include/mycobot_interfaces/mycobot_interfaces/srv/detail/pump_status__rosidl_typesupport_introspection_c.h
-- Installing: /home/laptop5/mycobot_ros2/install/mycobot_interfaces/include/mycobot_interfaces/mycobot_interfaces/srv/detail/get_angles__rosidl_typesupport_introspection_c.h
-- Installing: /home/laptop5/mycobot_ros2/install/mycobot_interfaces/include/mycobot_interfaces/mycobot_interfaces/srv/detail/get_coords__type_support.c
-- Installing: /home/laptop5/mycobot_ros2/install/mycobot_interfaces/include/mycobot_interfaces/mycobot_interfaces/srv/detail/gripper_status__type_support.c
-- Installing: /home/laptop5/mycobot_ros2/install/mycobot_interfaces/include/mycobot_interfaces/mycobot_interfaces/srv/detail/get_coords__rosidl_typesupport_introspection_c.h
-- Installing: /home/laptop5/mycobot_ros2/install/mycobot_interfaces/include/mycobot_interfaces/mycobot_interfaces/srv/detail/pump_status__type_support.c
-- Installing: /home/laptop5/mycobot_ros2/install/mycobot_interfaces/include/mycobot_interfaces/mycobot_interfaces/srv/detail/set_coords__rosidl_typesupport_introspection_c.h
-- Installing: /home/laptop5/mycobot_ros2/install/mycobot_interfaces/include/mycobot_interfaces/mycobot_interfaces/srv/detail/set_angles__type_support.c
-- Installing: /home/laptop5/mycobot_ros2/install/mycobot_interfaces/include/mycobot_interfaces/mycobot_interfaces/srv/detail/get_angles__type_support.c
-- Installing: /home/laptop5/mycobot_ros2/install/mycobot_interfaces/include/mycobot_interfaces/mycobot_interfaces/srv/detail/set_coords__type_support.c
-- Installing: /home/laptop5/mycobot_ros2/install/mycobot_interfaces/include/mycobot_interfaces/mycobot_interfaces/srv/detail/gripper_status__rosidl_typesupport_introspection_c.h
-- Installing: /home/laptop5/mycobot_ros2/install/mycobot_interfaces/lib/libmycobot_interfaces__rosidl_typesupport_introspection_c.so
-- Set non-toolchain portion of runtime path of "/home/laptop5/mycobot_ros2/install/mycobot_interfaces/lib/libmycobot_interfaces__rosidl_typesupport_introspection_c.so" to ""
-- Installing: /home/laptop5/mycobot_ros2/install/mycobot_interfaces/lib/libmycobot_interfaces__rosidl_typesupport_c.so
-- Set non-toolchain portion of runtime path of "/home/laptop5/mycobot_ros2/install/mycobot_interfaces/lib/libmycobot_interfaces__rosidl_typesupport_c.so" to ""
-- Up-to-date: /home/laptop5/mycobot_ros2/install/mycobot_interfaces/include/mycobot_interfaces/mycobot_interfaces
-- Up-to-date: /home/laptop5/mycobot_ros2/install/mycobot_interfaces/include/mycobot_interfaces/mycobot_interfaces/msg
-- Installing: /home/laptop5/mycobot_ros2/install/mycobot_interfaces/include/mycobot_interfaces/mycobot_interfaces/msg/mycobot_set_angles.hpp
-- Installing: /home/laptop5/mycobot_ros2/install/mycobot_interfaces/include/mycobot_interfaces/mycobot_interfaces/msg/mycobot_gripper_status.hpp
-- Up-to-date: /home/laptop5/mycobot_ros2/install/mycobot_interfaces/include/mycobot_interfaces/mycobot_interfaces/msg/detail
-- Installing: /home/laptop5/mycobot_ros2/install/mycobot_interfaces/include/mycobot_interfaces/mycobot_interfaces/msg/detail/mycobot_angles__traits.hpp
-- Installing: /home/laptop5/mycobot_ros2/install/mycobot_interfaces/include/mycobot_interfaces/mycobot_interfaces/msg/detail/mycobot_set_angles__traits.hpp
-- Installing: /home/laptop5/mycobot_ros2/install/mycobot_interfaces/include/mycobot_interfaces/mycobot_interfaces/msg/detail/mycobot_set_angles__struct.hpp
-- Installing: /home/laptop5/mycobot_ros2/install/mycobot_interfaces/include/mycobot_interfaces/mycobot_interfaces/msg/detail/mycobot_set_angles__type_support.hpp
-- Installing: /home/laptop5/mycobot_ros2/install/mycobot_interfaces/include/mycobot_interfaces/mycobot_interfaces/msg/detail/mycobot_set_coords__traits.hpp
-- Installing: /home/laptop5/mycobot_ros2/install/mycobot_interfaces/include/mycobot_interfaces/mycobot_interfaces/msg/detail/mycobot_angles__type_support.hpp
-- Installing: /home/laptop5/mycobot_ros2/install/mycobot_interfaces/include/mycobot_interfaces/mycobot_interfaces/msg/detail/mycobot_set_coords__builder.hpp
-- Installing: /home/laptop5/mycobot_ros2/install/mycobot_interfaces/include/mycobot_interfaces/mycobot_interfaces/msg/detail/mycobot_coords__traits.hpp
-- Installing: /home/laptop5/mycobot_ros2/install/mycobot_interfaces/include/mycobot_interfaces/mycobot_interfaces/msg/detail/mycobot_set_coords__struct.hpp
-- Installing: /home/laptop5/mycobot_ros2/install/mycobot_interfaces/include/mycobot_interfaces/mycobot_interfaces/msg/detail/mycobot_gripper_status__type_support.hpp
-- Installing: /home/laptop5/mycobot_ros2/install/mycobot_interfaces/include/mycobot_interfaces/mycobot_interfaces/msg/detail/mycobot_gripper_status__traits.hpp
-- Installing: /home/laptop5/mycobot_ros2/install/mycobot_interfaces/include/mycobot_interfaces/mycobot_interfaces/msg/detail/mycobot_gripper_status__builder.hpp
-- Installing: /home/laptop5/mycobot_ros2/install/mycobot_interfaces/include/mycobot_interfaces/mycobot_interfaces/msg/detail/mycobot_pump_status__type_support.hpp
-- Installing: /home/laptop5/mycobot_ros2/install/mycobot_interfaces/include/mycobot_interfaces/mycobot_interfaces/msg/detail/mycobot_set_coords__type_support.hpp
-- Installing: /home/laptop5/mycobot_ros2/install/mycobot_interfaces/include/mycobot_interfaces/mycobot_interfaces/msg/detail/mycobot_set_angles__builder.hpp
-- Installing: /home/laptop5/mycobot_ros2/install/mycobot_interfaces/include/mycobot_interfaces/mycobot_interfaces/msg/detail/mycobot_pump_status__traits.hpp
-- Installing: /home/laptop5/mycobot_ros2/install/mycobot_interfaces/include/mycobot_interfaces/mycobot_interfaces/msg/detail/mycobot_gripper_status__struct.hpp
-- Installing: /home/laptop5/mycobot_ros2/install/mycobot_interfaces/include/mycobot_interfaces/mycobot_interfaces/msg/detail/mycobot_pump_status__struct.hpp
-- Installing: /home/laptop5/mycobot_ros2/install/mycobot_interfaces/include/mycobot_interfaces/mycobot_interfaces/msg/detail/mycobot_angles__struct.hpp
-- Installing: /home/laptop5/mycobot_ros2/install/mycobot_interfaces/include/mycobot_interfaces/mycobot_interfaces/msg/detail/mycobot_pump_status__builder.hpp
-- Installing: /home/laptop5/mycobot_ros2/install/mycobot_interfaces/include/mycobot_interfaces/mycobot_interfaces/msg/detail/mycobot_coords__builder.hpp
-- Installing: /home/laptop5/mycobot_ros2/install/mycobot_interfaces/include/mycobot_interfaces/mycobot_interfaces/msg/detail/mycobot_coords__struct.hpp
-- Installing: /home/laptop5/mycobot_ros2/install/mycobot_interfaces/include/mycobot_interfaces/mycobot_interfaces/msg/detail/mycobot_coords__type_support.hpp
-- Installing: /home/laptop5/mycobot_ros2/install/mycobot_interfaces/include/mycobot_interfaces/mycobot_interfaces/msg/detail/mycobot_angles__builder.hpp
-- Installing: /home/laptop5/mycobot_ros2/install/mycobot_interfaces/include/mycobot_interfaces/mycobot_interfaces/msg/mycobot_set_coords.hpp
-- Installing: /home/laptop5/mycobot_ros2/install/mycobot_interfaces/include/mycobot_interfaces/mycobot_interfaces/msg/mycobot_angles.hpp
-- Installing: /home/laptop5/mycobot_ros2/install/mycobot_interfaces/include/mycobot_interfaces/mycobot_interfaces/msg/mycobot_coords.hpp
-- Installing: /home/laptop5/mycobot_ros2/install/mycobot_interfaces/include/mycobot_interfaces/mycobot_interfaces/msg/rosidl_generator_cpp__visibility_control.hpp
-- Installing: /home/laptop5/mycobot_ros2/install/mycobot_interfaces/include/mycobot_interfaces/mycobot_interfaces/msg/mycobot_pump_status.hpp
-- Up-to-date: /home/laptop5/mycobot_ros2/install/mycobot_interfaces/include/mycobot_interfaces/mycobot_interfaces/srv
-- Installing: /home/laptop5/mycobot_ros2/install/mycobot_interfaces/include/mycobot_interfaces/mycobot_interfaces/srv/get_coords.hpp
-- Installing: /home/laptop5/mycobot_ros2/install/mycobot_interfaces/include/mycobot_interfaces/mycobot_interfaces/srv/set_angles.hpp
-- Installing: /home/laptop5/mycobot_ros2/install/mycobot_interfaces/include/mycobot_interfaces/mycobot_interfaces/srv/set_coords.hpp
-- Up-to-date: /home/laptop5/mycobot_ros2/install/mycobot_interfaces/include/mycobot_interfaces/mycobot_interfaces/srv/detail
-- Installing: /home/laptop5/mycobot_ros2/install/mycobot_interfaces/include/mycobot_interfaces/mycobot_interfaces/srv/detail/gripper_status__type_support.hpp
-- Installing: /home/laptop5/mycobot_ros2/install/mycobot_interfaces/include/mycobot_interfaces/mycobot_interfaces/srv/detail/set_coords__builder.hpp
-- Installing: /home/laptop5/mycobot_ros2/install/mycobot_interfaces/include/mycobot_interfaces/mycobot_interfaces/srv/detail/set_coords__struct.hpp
-- Installing: /home/laptop5/mycobot_ros2/install/mycobot_interfaces/include/mycobot_interfaces/mycobot_interfaces/srv/detail/set_angles__builder.hpp
-- Installing: /home/laptop5/mycobot_ros2/install/mycobot_interfaces/include/mycobot_interfaces/mycobot_interfaces/srv/detail/get_angles__struct.hpp
-- Installing: /home/laptop5/mycobot_ros2/install/mycobot_interfaces/include/mycobot_interfaces/mycobot_interfaces/srv/detail/pump_status__traits.hpp
-- Installing: /home/laptop5/mycobot_ros2/install/mycobot_interfaces/include/mycobot_interfaces/mycobot_interfaces/srv/detail/gripper_status__builder.hpp
-- Installing: /home/laptop5/mycobot_ros2/install/mycobot_interfaces/include/mycobot_interfaces/mycobot_interfaces/srv/detail/get_coords__struct.hpp
-- Installing: /home/laptop5/mycobot_ros2/install/mycobot_interfaces/include/mycobot_interfaces/mycobot_interfaces/srv/detail/pump_status__struct.hpp
-- Installing: /home/laptop5/mycobot_ros2/install/mycobot_interfaces/include/mycobot_interfaces/mycobot_interfaces/srv/detail/get_angles__traits.hpp
-- Installing: /home/laptop5/mycobot_ros2/install/mycobot_interfaces/include/mycobot_interfaces/mycobot_interfaces/srv/detail/gripper_status__struct.hpp
-- Installing: /home/laptop5/mycobot_ros2/install/mycobot_interfaces/include/mycobot_interfaces/mycobot_interfaces/srv/detail/get_coords__traits.hpp
-- Installing: /home/laptop5/mycobot_ros2/install/mycobot_interfaces/include/mycobot_interfaces/mycobot_interfaces/srv/detail/set_angles__traits.hpp
-- Installing: /home/laptop5/mycobot_ros2/install/mycobot_interfaces/include/mycobot_interfaces/mycobot_interfaces/srv/detail/get_coords__type_support.hpp
-- Installing: /home/laptop5/mycobot_ros2/install/mycobot_interfaces/include/mycobot_interfaces/mycobot_interfaces/srv/detail/set_coords__type_support.hpp
-- Installing: /home/laptop5/mycobot_ros2/install/mycobot_interfaces/include/mycobot_interfaces/mycobot_interfaces/srv/detail/gripper_status__traits.hpp
-- Installing: /home/laptop5/mycobot_ros2/install/mycobot_interfaces/include/mycobot_interfaces/mycobot_interfaces/srv/detail/get_coords__builder.hpp
-- Installing: /home/laptop5/mycobot_ros2/install/mycobot_interfaces/include/mycobot_interfaces/mycobot_interfaces/srv/detail/set_angles__struct.hpp
-- Installing: /home/laptop5/mycobot_ros2/install/mycobot_interfaces/include/mycobot_interfaces/mycobot_interfaces/srv/detail/pump_status__type_support.hpp
-- Installing: /home/laptop5/mycobot_ros2/install/mycobot_interfaces/include/mycobot_interfaces/mycobot_interfaces/srv/detail/get_angles__type_support.hpp
-- Installing: /home/laptop5/mycobot_ros2/install/mycobot_interfaces/include/mycobot_interfaces/mycobot_interfaces/srv/detail/set_angles__type_support.hpp
-- Installing: /home/laptop5/mycobot_ros2/install/mycobot_interfaces/include/mycobot_interfaces/mycobot_interfaces/srv/detail/get_angles__builder.hpp
-- Installing: /home/laptop5/mycobot_ros2/install/mycobot_interfaces/include/mycobot_interfaces/mycobot_interfaces/srv/detail/set_coords__traits.hpp
-- Installing: /home/laptop5/mycobot_ros2/install/mycobot_interfaces/include/mycobot_interfaces/mycobot_interfaces/srv/detail/pump_status__builder.hpp
-- Installing: /home/laptop5/mycobot_ros2/install/mycobot_interfaces/include/mycobot_interfaces/mycobot_interfaces/srv/get_angles.hpp
-- Installing: /home/laptop5/mycobot_ros2/install/mycobot_interfaces/include/mycobot_interfaces/mycobot_interfaces/srv/gripper_status.hpp
-- Installing: /home/laptop5/mycobot_ros2/install/mycobot_interfaces/include/mycobot_interfaces/mycobot_interfaces/srv/pump_status.hpp
-- Up-to-date: /home/laptop5/mycobot_ros2/install/mycobot_interfaces/include/mycobot_interfaces/mycobot_interfaces
-- Up-to-date: /home/laptop5/mycobot_ros2/install/mycobot_interfaces/include/mycobot_interfaces/mycobot_interfaces/msg
-- Up-to-date: /home/laptop5/mycobot_ros2/install/mycobot_interfaces/include/mycobot_interfaces/mycobot_interfaces/msg/detail
-- Installing: /home/laptop5/mycobot_ros2/install/mycobot_interfaces/include/mycobot_interfaces/mycobot_interfaces/msg/detail/dds_fastrtps
-- Installing: /home/laptop5/mycobot_ros2/install/mycobot_interfaces/include/mycobot_interfaces/mycobot_interfaces/msg/detail/mycobot_pump_status__rosidl_typesupport_fastrtps_cpp.hpp
-- Installing: /home/laptop5/mycobot_ros2/install/mycobot_interfaces/include/mycobot_interfaces/mycobot_interfaces/msg/detail/mycobot_coords__rosidl_typesupport_fastrtps_cpp.hpp
-- Installing: /home/laptop5/mycobot_ros2/install/mycobot_interfaces/include/mycobot_interfaces/mycobot_interfaces/msg/detail/mycobot_set_coords__rosidl_typesupport_fastrtps_cpp.hpp
-- Installing: /home/laptop5/mycobot_ros2/install/mycobot_interfaces/include/mycobot_interfaces/mycobot_interfaces/msg/detail/mycobot_set_angles__rosidl_typesupport_fastrtps_cpp.hpp
-- Installing: /home/laptop5/mycobot_ros2/install/mycobot_interfaces/include/mycobot_interfaces/mycobot_interfaces/msg/detail/mycobot_gripper_status__rosidl_typesupport_fastrtps_cpp.hpp
-- Installing: /home/laptop5/mycobot_ros2/install/mycobot_interfaces/include/mycobot_interfaces/mycobot_interfaces/msg/detail/mycobot_angles__rosidl_typesupport_fastrtps_cpp.hpp
-- Installing: /home/laptop5/mycobot_ros2/install/mycobot_interfaces/include/mycobot_interfaces/mycobot_interfaces/msg/rosidl_typesupport_fastrtps_cpp__visibility_control.h
-- Up-to-date: /home/laptop5/mycobot_ros2/install/mycobot_interfaces/include/mycobot_interfaces/mycobot_interfaces/srv
-- Up-to-date: /home/laptop5/mycobot_ros2/install/mycobot_interfaces/include/mycobot_interfaces/mycobot_interfaces/srv/detail
-- Installing: /home/laptop5/mycobot_ros2/install/mycobot_interfaces/include/mycobot_interfaces/mycobot_interfaces/srv/detail/pump_status__rosidl_typesupport_fastrtps_cpp.hpp
-- Installing: /home/laptop5/mycobot_ros2/install/mycobot_interfaces/include/mycobot_interfaces/mycobot_interfaces/srv/detail/set_angles__rosidl_typesupport_fastrtps_cpp.hpp
-- Installing: /home/laptop5/mycobot_ros2/install/mycobot_interfaces/include/mycobot_interfaces/mycobot_interfaces/srv/detail/set_coords__rosidl_typesupport_fastrtps_cpp.hpp
-- Installing: /home/laptop5/mycobot_ros2/install/mycobot_interfaces/include/mycobot_interfaces/mycobot_interfaces/srv/detail/dds_fastrtps
-- Installing: /home/laptop5/mycobot_ros2/install/mycobot_interfaces/include/mycobot_interfaces/mycobot_interfaces/srv/detail/get_angles__rosidl_typesupport_fastrtps_cpp.hpp
-- Installing: /home/laptop5/mycobot_ros2/install/mycobot_interfaces/include/mycobot_interfaces/mycobot_interfaces/srv/detail/gripper_status__rosidl_typesupport_fastrtps_cpp.hpp
-- Installing: /home/laptop5/mycobot_ros2/install/mycobot_interfaces/include/mycobot_interfaces/mycobot_interfaces/srv/detail/get_coords__rosidl_typesupport_fastrtps_cpp.hpp
-- Installing: /home/laptop5/mycobot_ros2/install/mycobot_interfaces/lib/libmycobot_interfaces__rosidl_typesupport_fastrtps_cpp.so
-- Set non-toolchain portion of runtime path of "/home/laptop5/mycobot_ros2/install/mycobot_interfaces/lib/libmycobot_interfaces__rosidl_typesupport_fastrtps_cpp.so" to ""
-- Up-to-date: /home/laptop5/mycobot_ros2/install/mycobot_interfaces/include/mycobot_interfaces/mycobot_interfaces
-- Up-to-date: /home/laptop5/mycobot_ros2/install/mycobot_interfaces/include/mycobot_interfaces/mycobot_interfaces/msg
-- Up-to-date: /home/laptop5/mycobot_ros2/install/mycobot_interfaces/include/mycobot_interfaces/mycobot_interfaces/msg/detail
-- Installing: /home/laptop5/mycobot_ros2/install/mycobot_interfaces/include/mycobot_interfaces/mycobot_interfaces/msg/detail/mycobot_gripper_status__rosidl_typesupport_introspection_cpp.hpp
-- Installing: /home/laptop5/mycobot_ros2/install/mycobot_interfaces/include/mycobot_interfaces/mycobot_interfaces/msg/detail/mycobot_set_coords__rosidl_typesupport_introspection_cpp.hpp
-- Installing: /home/laptop5/mycobot_ros2/install/mycobot_interfaces/include/mycobot_interfaces/mycobot_interfaces/msg/detail/mycobot_set_coords__type_support.cpp
-- Installing: /home/laptop5/mycobot_ros2/install/mycobot_interfaces/include/mycobot_interfaces/mycobot_interfaces/msg/detail/mycobot_angles__type_support.cpp
-- Installing: /home/laptop5/mycobot_ros2/install/mycobot_interfaces/include/mycobot_interfaces/mycobot_interfaces/msg/detail/mycobot_set_angles__type_support.cpp
-- Installing: /home/laptop5/mycobot_ros2/install/mycobot_interfaces/include/mycobot_interfaces/mycobot_interfaces/msg/detail/mycobot_pump_status__type_support.cpp
-- Installing: /home/laptop5/mycobot_ros2/install/mycobot_interfaces/include/mycobot_interfaces/mycobot_interfaces/msg/detail/mycobot_pump_status__rosidl_typesupport_introspection_cpp.hpp
-- Installing: /home/laptop5/mycobot_ros2/install/mycobot_interfaces/include/mycobot_interfaces/mycobot_interfaces/msg/detail/mycobot_coords__type_support.cpp
-- Installing: /home/laptop5/mycobot_ros2/install/mycobot_interfaces/include/mycobot_interfaces/mycobot_interfaces/msg/detail/mycobot_gripper_status__type_support.cpp
-- Installing: /home/laptop5/mycobot_ros2/install/mycobot_interfaces/include/mycobot_interfaces/mycobot_interfaces/msg/detail/mycobot_set_angles__rosidl_typesupport_introspection_cpp.hpp
-- Installing: /home/laptop5/mycobot_ros2/install/mycobot_interfaces/include/mycobot_interfaces/mycobot_interfaces/msg/detail/mycobot_coords__rosidl_typesupport_introspection_cpp.hpp
-- Installing: /home/laptop5/mycobot_ros2/install/mycobot_interfaces/include/mycobot_interfaces/mycobot_interfaces/msg/detail/mycobot_angles__rosidl_typesupport_introspection_cpp.hpp
-- Up-to-date: /home/laptop5/mycobot_ros2/install/mycobot_interfaces/include/mycobot_interfaces/mycobot_interfaces/srv
-- Up-to-date: /home/laptop5/mycobot_ros2/install/mycobot_interfaces/include/mycobot_interfaces/mycobot_interfaces/srv/detail
-- Installing: /home/laptop5/mycobot_ros2/install/mycobot_interfaces/include/mycobot_interfaces/mycobot_interfaces/srv/detail/gripper_status__type_support.cpp
-- Installing: /home/laptop5/mycobot_ros2/install/mycobot_interfaces/include/mycobot_interfaces/mycobot_interfaces/srv/detail/get_angles__rosidl_typesupport_introspection_cpp.hpp
-- Installing: /home/laptop5/mycobot_ros2/install/mycobot_interfaces/include/mycobot_interfaces/mycobot_interfaces/srv/detail/pump_status__rosidl_typesupport_introspection_cpp.hpp
-- Installing: /home/laptop5/mycobot_ros2/install/mycobot_interfaces/include/mycobot_interfaces/mycobot_interfaces/srv/detail/gripper_status__rosidl_typesupport_introspection_cpp.hpp
-- Installing: /home/laptop5/mycobot_ros2/install/mycobot_interfaces/include/mycobot_interfaces/mycobot_interfaces/srv/detail/set_angles__type_support.cpp
-- Installing: /home/laptop5/mycobot_ros2/install/mycobot_interfaces/include/mycobot_interfaces/mycobot_interfaces/srv/detail/set_angles__rosidl_typesupport_introspection_cpp.hpp
-- Installing: /home/laptop5/mycobot_ros2/install/mycobot_interfaces/include/mycobot_interfaces/mycobot_interfaces/srv/detail/pump_status__type_support.cpp
-- Installing: /home/laptop5/mycobot_ros2/install/mycobot_interfaces/include/mycobot_interfaces/mycobot_interfaces/srv/detail/get_coords__type_support.cpp
-- Installing: /home/laptop5/mycobot_ros2/install/mycobot_interfaces/include/mycobot_interfaces/mycobot_interfaces/srv/detail/set_coords__type_support.cpp
-- Installing: /home/laptop5/mycobot_ros2/install/mycobot_interfaces/include/mycobot_interfaces/mycobot_interfaces/srv/detail/set_coords__rosidl_typesupport_introspection_cpp.hpp
-- Installing: /home/laptop5/mycobot_ros2/install/mycobot_interfaces/include/mycobot_interfaces/mycobot_interfaces/srv/detail/get_angles__type_support.cpp
-- Installing: /home/laptop5/mycobot_ros2/install/mycobot_interfaces/include/mycobot_interfaces/mycobot_interfaces/srv/detail/get_coords__rosidl_typesupport_introspection_cpp.hpp
-- Installing: /home/laptop5/mycobot_ros2/install/mycobot_interfaces/lib/libmycobot_interfaces__rosidl_typesupport_introspection_cpp.so
-- Set non-toolchain portion of runtime path of "/home/laptop5/mycobot_ros2/install/mycobot_interfaces/lib/libmycobot_interfaces__rosidl_typesupport_introspection_cpp.so" to ""
-- Installing: /home/laptop5/mycobot_ros2/install/mycobot_interfaces/lib/libmycobot_interfaces__rosidl_typesupport_cpp.so
-- Set non-toolchain portion of runtime path of "/home/laptop5/mycobot_ros2/install/mycobot_interfaces/lib/libmycobot_interfaces__rosidl_typesupport_cpp.so" to ""
-- Installing: /home/laptop5/mycobot_ros2/install/mycobot_interfaces/share/mycobot_interfaces/environment/pythonpath.sh
-- Installing: /home/laptop5/mycobot_ros2/install/mycobot_interfaces/share/mycobot_interfaces/environment/pythonpath.dsv
-- Installing: /home/laptop5/mycobot_ros2/install/mycobot_interfaces/lib/python3.12/site-packages/mycobot_interfaces-0.0.0-py3.12.egg-info
-- Installing: /home/laptop5/mycobot_ros2/install/mycobot_interfaces/lib/python3.12/site-packages/mycobot_interfaces-0.0.0-py3.12.egg-info/dependency_links.txt
-- Installing: /home/laptop5/mycobot_ros2/install/mycobot_interfaces/lib/python3.12/site-packages/mycobot_interfaces-0.0.0-py3.12.egg-info/PKG-INFO
-- Installing: /home/laptop5/mycobot_ros2/install/mycobot_interfaces/lib/python3.12/site-packages/mycobot_interfaces-0.0.0-py3.12.egg-info/SOURCES.txt
-- Installing: /home/laptop5/mycobot_ros2/install/mycobot_interfaces/lib/python3.12/site-packages/mycobot_interfaces-0.0.0-py3.12.egg-info/top_level.txt
-- Installing: /home/laptop5/mycobot_ros2/install/mycobot_interfaces/lib/python3.12/site-packages/mycobot_interfaces
-- Installing: /home/laptop5/mycobot_ros2/install/mycobot_interfaces/lib/python3.12/site-packages/mycobot_interfaces/__init__.py
-- Installing: /home/laptop5/mycobot_ros2/install/mycobot_interfaces/lib/python3.12/site-packages/mycobot_interfaces/mycobot_interfaces_s__rosidl_typesupport_introspection_c.so
-- Installing: /home/laptop5/mycobot_ros2/install/mycobot_interfaces/lib/python3.12/site-packages/mycobot_interfaces/_mycobot_interfaces_s.ep.rosidl_typesupport_introspection_c.c
-- Installing: /home/laptop5/mycobot_ros2/install/mycobot_interfaces/lib/python3.12/site-packages/mycobot_interfaces/mycobot_interfaces_s__rosidl_typesupport_fastrtps_c.so
-- Installing: /home/laptop5/mycobot_ros2/install/mycobot_interfaces/lib/python3.12/site-packages/mycobot_interfaces/msg
-- Installing: /home/laptop5/mycobot_ros2/install/mycobot_interfaces/lib/python3.12/site-packages/mycobot_interfaces/msg/_mycobot_gripper_status_s.c
-- Installing: /home/laptop5/mycobot_ros2/install/mycobot_interfaces/lib/python3.12/site-packages/mycobot_interfaces/msg/__init__.py
-- Installing: /home/laptop5/mycobot_ros2/install/mycobot_interfaces/lib/python3.12/site-packages/mycobot_interfaces/msg/_mycobot_coords_s.c
-- Installing: /home/laptop5/mycobot_ros2/install/mycobot_interfaces/lib/python3.12/site-packages/mycobot_interfaces/msg/_mycobot_angles.py
-- Installing: /home/laptop5/mycobot_ros2/install/mycobot_interfaces/lib/python3.12/site-packages/mycobot_interfaces/msg/_mycobot_pump_status.py
-- Installing: /home/laptop5/mycobot_ros2/install/mycobot_interfaces/lib/python3.12/site-packages/mycobot_interfaces/msg/_mycobot_set_coords_s.c
-- Installing: /home/laptop5/mycobot_ros2/install/mycobot_interfaces/lib/python3.12/site-packages/mycobot_interfaces/msg/_mycobot_gripper_status.py
-- Installing: /home/laptop5/mycobot_ros2/install/mycobot_interfaces/lib/python3.12/site-packages/mycobot_interfaces/msg/_mycobot_coords.py
-- Installing: /home/laptop5/mycobot_ros2/install/mycobot_interfaces/lib/python3.12/site-packages/mycobot_interfaces/msg/_mycobot_set_coords.py
-- Installing: /home/laptop5/mycobot_ros2/install/mycobot_interfaces/lib/python3.12/site-packages/mycobot_interfaces/msg/_mycobot_set_angles.py
-- Installing: /home/laptop5/mycobot_ros2/install/mycobot_interfaces/lib/python3.12/site-packages/mycobot_interfaces/msg/_mycobot_set_angles_s.c
-- Installing: /home/laptop5/mycobot_ros2/install/mycobot_interfaces/lib/python3.12/site-packages/mycobot_interfaces/msg/_mycobot_angles_s.c
-- Installing: /home/laptop5/mycobot_ros2/install/mycobot_interfaces/lib/python3.12/site-packages/mycobot_interfaces/msg/_mycobot_pump_status_s.c
-- Installing: /home/laptop5/mycobot_ros2/install/mycobot_interfaces/lib/python3.12/site-packages/mycobot_interfaces/_mycobot_interfaces_s.ep.rosidl_typesupport_fastrtps_c.c
-- Installing: /home/laptop5/mycobot_ros2/install/mycobot_interfaces/lib/python3.12/site-packages/mycobot_interfaces/mycobot_interfaces_s__rosidl_typesupport_c.so
-- Installing: /home/laptop5/mycobot_ros2/install/mycobot_interfaces/lib/python3.12/site-packages/mycobot_interfaces/_mycobot_interfaces_s.ep.rosidl_typesupport_c.c
-- Installing: /home/laptop5/mycobot_ros2/install/mycobot_interfaces/lib/python3.12/site-packages/mycobot_interfaces/srv
-- Installing: /home/laptop5/mycobot_ros2/install/mycobot_interfaces/lib/python3.12/site-packages/mycobot_interfaces/srv/_set_coords_s.c
-- Installing: /home/laptop5/mycobot_ros2/install/mycobot_interfaces/lib/python3.12/site-packages/mycobot_interfaces/srv/_gripper_status.py
-- Installing: /home/laptop5/mycobot_ros2/install/mycobot_interfaces/lib/python3.12/site-packages/mycobot_interfaces/srv/__init__.py
-- Installing: /home/laptop5/mycobot_ros2/install/mycobot_interfaces/lib/python3.12/site-packages/mycobot_interfaces/srv/_pump_status.py
-- Installing: /home/laptop5/mycobot_ros2/install/mycobot_interfaces/lib/python3.12/site-packages/mycobot_interfaces/srv/_set_coords.py
-- Installing: /home/laptop5/mycobot_ros2/install/mycobot_interfaces/lib/python3.12/site-packages/mycobot_interfaces/srv/_get_coords_s.c
-- Installing: /home/laptop5/mycobot_ros2/install/mycobot_interfaces/lib/python3.12/site-packages/mycobot_interfaces/srv/_set_angles_s.c
-- Installing: /home/laptop5/mycobot_ros2/install/mycobot_interfaces/lib/python3.12/site-packages/mycobot_interfaces/srv/_pump_status_s.c
-- Installing: /home/laptop5/mycobot_ros2/install/mycobot_interfaces/lib/python3.12/site-packages/mycobot_interfaces/srv/_set_angles.py
-- Installing: /home/laptop5/mycobot_ros2/install/mycobot_interfaces/lib/python3.12/site-packages/mycobot_interfaces/srv/_get_angles_s.c
-- Installing: /home/laptop5/mycobot_ros2/install/mycobot_interfaces/lib/python3.12/site-packages/mycobot_interfaces/srv/_get_coords.py
-- Installing: /home/laptop5/mycobot_ros2/install/mycobot_interfaces/lib/python3.12/site-packages/mycobot_interfaces/srv/_gripper_status_s.c
-- Installing: /home/laptop5/mycobot_ros2/install/mycobot_interfaces/lib/python3.12/site-packages/mycobot_interfaces/srv/_get_angles.py
Listing '/home/laptop5/mycobot_ros2/install/mycobot_interfaces/lib/python3.12/site-packages/mycobot_interfaces'...
Compiling '/home/laptop5/mycobot_ros2/install/mycobot_interfaces/lib/python3.12/site-packages/mycobot_interfaces/__init__.py'...
Listing '/home/laptop5/mycobot_ros2/install/mycobot_interfaces/lib/python3.12/site-packages/mycobot_interfaces/msg'...
Compiling '/home/laptop5/mycobot_ros2/install/mycobot_interfaces/lib/python3.12/site-packages/mycobot_interfaces/msg/__init__.py'...
Compiling '/home/laptop5/mycobot_ros2/install/mycobot_interfaces/lib/python3.12/site-packages/mycobot_interfaces/msg/_mycobot_angles.py'...
Compiling '/home/laptop5/mycobot_ros2/install/mycobot_interfaces/lib/python3.12/site-packages/mycobot_interfaces/msg/_mycobot_coords.py'...
Compiling '/home/laptop5/mycobot_ros2/install/mycobot_interfaces/lib/python3.12/site-packages/mycobot_interfaces/msg/_mycobot_gripper_status.py'...
Compiling '/home/laptop5/mycobot_ros2/install/mycobot_interfaces/lib/python3.12/site-packages/mycobot_interfaces/msg/_mycobot_pump_status.py'...
Compiling '/home/laptop5/mycobot_ros2/install/mycobot_interfaces/lib/python3.12/site-packages/mycobot_interfaces/msg/_mycobot_set_angles.py'...
Compiling '/home/laptop5/mycobot_ros2/install/mycobot_interfaces/lib/python3.12/site-packages/mycobot_interfaces/msg/_mycobot_set_coords.py'...
Listing '/home/laptop5/mycobot_ros2/install/mycobot_interfaces/lib/python3.12/site-packages/mycobot_interfaces/srv'...
Compiling '/home/laptop5/mycobot_ros2/install/mycobot_interfaces/lib/python3.12/site-packages/mycobot_interfaces/srv/__init__.py'...
Compiling '/home/laptop5/mycobot_ros2/install/mycobot_interfaces/lib/python3.12/site-packages/mycobot_interfaces/srv/_get_angles.py'...
Compiling '/home/laptop5/mycobot_ros2/install/mycobot_interfaces/lib/python3.12/site-packages/mycobot_interfaces/srv/_get_coords.py'...
Compiling '/home/laptop5/mycobot_ros2/install/mycobot_interfaces/lib/python3.12/site-packages/mycobot_interfaces/srv/_gripper_status.py'...
Compiling '/home/laptop5/mycobot_ros2/install/mycobot_interfaces/lib/python3.12/site-packages/mycobot_interfaces/srv/_pump_status.py'...
Compiling '/home/laptop5/mycobot_ros2/install/mycobot_interfaces/lib/python3.12/site-packages/mycobot_interfaces/srv/_set_angles.py'...
Compiling '/home/laptop5/mycobot_ros2/install/mycobot_interfaces/lib/python3.12/site-packages/mycobot_interfaces/srv/_set_coords.py'...
-- Installing: /home/laptop5/mycobot_ros2/install/mycobot_interfaces/lib/python3.12/site-packages/mycobot_interfaces/mycobot_interfaces_s__rosidl_typesupport_fastrtps_c.so
-- Set non-toolchain portion of runtime path of "/home/laptop5/mycobot_ros2/install/mycobot_interfaces/lib/python3.12/site-packages/mycobot_interfaces/mycobot_interfaces_s__rosidl_typesupport_fastrtps_c.so" to ""
-- Installing: /home/laptop5/mycobot_ros2/install/mycobot_interfaces/lib/python3.12/site-packages/mycobot_interfaces/mycobot_interfaces_s__rosidl_typesupport_introspection_c.so
-- Set non-toolchain portion of runtime path of "/home/laptop5/mycobot_ros2/install/mycobot_interfaces/lib/python3.12/site-packages/mycobot_interfaces/mycobot_interfaces_s__rosidl_typesupport_introspection_c.so" to ""
-- Installing: /home/laptop5/mycobot_ros2/install/mycobot_interfaces/lib/python3.12/site-packages/mycobot_interfaces/mycobot_interfaces_s__rosidl_typesupport_c.so
-- Set non-toolchain portion of runtime path of "/home/laptop5/mycobot_ros2/install/mycobot_interfaces/lib/python3.12/site-packages/mycobot_interfaces/mycobot_interfaces_s__rosidl_typesupport_c.so" to ""
-- Installing: /home/laptop5/mycobot_ros2/install/mycobot_interfaces/lib/libmycobot_interfaces__rosidl_generator_py.so
-- Set non-toolchain portion of runtime path of "/home/laptop5/mycobot_ros2/install/mycobot_interfaces/lib/libmycobot_interfaces__rosidl_generator_py.so" to ""
-- Installing: /home/laptop5/mycobot_ros2/install/mycobot_interfaces/share/mycobot_interfaces/msg/MycobotAngles.idl
-- Installing: /home/laptop5/mycobot_ros2/install/mycobot_interfaces/share/mycobot_interfaces/msg/MycobotCoords.idl
-- Installing: /home/laptop5/mycobot_ros2/install/mycobot_interfaces/share/mycobot_interfaces/msg/MycobotSetAngles.idl
-- Installing: /home/laptop5/mycobot_ros2/install/mycobot_interfaces/share/mycobot_interfaces/msg/MycobotSetCoords.idl
-- Installing: /home/laptop5/mycobot_ros2/install/mycobot_interfaces/share/mycobot_interfaces/msg/MycobotGripperStatus.idl
-- Installing: /home/laptop5/mycobot_ros2/install/mycobot_interfaces/share/mycobot_interfaces/msg/MycobotPumpStatus.idl
-- Installing: /home/laptop5/mycobot_ros2/install/mycobot_interfaces/share/mycobot_interfaces/srv/GetAngles.idl
-- Installing: /home/laptop5/mycobot_ros2/install/mycobot_interfaces/share/mycobot_interfaces/srv/SetAngles.idl
-- Installing: /home/laptop5/mycobot_ros2/install/mycobot_interfaces/share/mycobot_interfaces/srv/GetCoords.idl
-- Installing: /home/laptop5/mycobot_ros2/install/mycobot_interfaces/share/mycobot_interfaces/srv/SetCoords.idl
-- Installing: /home/laptop5/mycobot_ros2/install/mycobot_interfaces/share/mycobot_interfaces/srv/GripperStatus.idl
-- Installing: /home/laptop5/mycobot_ros2/install/mycobot_interfaces/share/mycobot_interfaces/srv/PumpStatus.idl
-- Installing: /home/laptop5/mycobot_ros2/install/mycobot_interfaces/share/mycobot_interfaces/msg/MycobotAngles.msg
-- Installing: /home/laptop5/mycobot_ros2/install/mycobot_interfaces/share/mycobot_interfaces/msg/MycobotCoords.msg
-- Installing: /home/laptop5/mycobot_ros2/install/mycobot_interfaces/share/mycobot_interfaces/msg/MycobotSetAngles.msg
-- Installing: /home/laptop5/mycobot_ros2/install/mycobot_interfaces/share/mycobot_interfaces/msg/MycobotSetCoords.msg
-- Installing: /home/laptop5/mycobot_ros2/install/mycobot_interfaces/share/mycobot_interfaces/msg/MycobotGripperStatus.msg
-- Installing: /home/laptop5/mycobot_ros2/install/mycobot_interfaces/share/mycobot_interfaces/msg/MycobotPumpStatus.msg
-- Installing: /home/laptop5/mycobot_ros2/install/mycobot_interfaces/share/mycobot_interfaces/srv/GetAngles.srv
-- Installing: /home/laptop5/mycobot_ros2/install/mycobot_interfaces/share/mycobot_interfaces/srv/SetAngles.srv
-- Installing: /home/laptop5/mycobot_ros2/install/mycobot_interfaces/share/mycobot_interfaces/srv/GetCoords.srv
-- Installing: /home/laptop5/mycobot_ros2/install/mycobot_interfaces/share/mycobot_interfaces/srv/SetCoords.srv
-- Installing: /home/laptop5/mycobot_ros2/install/mycobot_interfaces/share/mycobot_interfaces/srv/GripperStatus.srv
-- Installing: /home/laptop5/mycobot_ros2/install/mycobot_interfaces/share/mycobot_interfaces/srv/PumpStatus.srv
-- Installing: /home/laptop5/mycobot_ros2/install/mycobot_interfaces/share/ament_index/resource_index/package_run_dependencies/mycobot_interfaces
-- Installing: /home/laptop5/mycobot_ros2/install/mycobot_interfaces/share/ament_index/resource_index/parent_prefix_path/mycobot_interfaces
-- Installing: /home/laptop5/mycobot_ros2/install/mycobot_interfaces/share/mycobot_interfaces/environment/ament_prefix_path.sh
-- Installing: /home/laptop5/mycobot_ros2/install/mycobot_interfaces/share/mycobot_interfaces/environment/ament_prefix_path.dsv
-- Installing: /home/laptop5/mycobot_ros2/install/mycobot_interfaces/share/mycobot_interfaces/environment/path.sh
-- Installing: /home/laptop5/mycobot_ros2/install/mycobot_interfaces/share/mycobot_interfaces/environment/path.dsv
-- Installing: /home/laptop5/mycobot_ros2/install/mycobot_interfaces/share/mycobot_interfaces/local_setup.bash
-- Installing: /home/laptop5/mycobot_ros2/install/mycobot_interfaces/share/mycobot_interfaces/local_setup.sh
-- Installing: /home/laptop5/mycobot_ros2/install/mycobot_interfaces/share/mycobot_interfaces/local_setup.zsh
-- Installing: /home/laptop5/mycobot_ros2/install/mycobot_interfaces/share/mycobot_interfaces/local_setup.dsv
-- Installing: /home/laptop5/mycobot_ros2/install/mycobot_interfaces/share/mycobot_interfaces/package.dsv
-- Installing: /home/laptop5/mycobot_ros2/install/mycobot_interfaces/share/ament_index/resource_index/packages/mycobot_interfaces
-- Installing: /home/laptop5/mycobot_ros2/install/mycobot_interfaces/share/mycobot_interfaces/cmake/export_mycobot_interfaces__rosidl_generator_cExport.cmake
-- Installing: /home/laptop5/mycobot_ros2/install/mycobot_interfaces/share/mycobot_interfaces/cmake/export_mycobot_interfaces__rosidl_generator_cExport-noconfig.cmake
-- Installing: /home/laptop5/mycobot_ros2/install/mycobot_interfaces/share/mycobot_interfaces/cmake/export_mycobot_interfaces__rosidl_typesupport_fastrtps_cExport.cmake
-- Installing: /home/laptop5/mycobot_ros2/install/mycobot_interfaces/share/mycobot_interfaces/cmake/export_mycobot_interfaces__rosidl_typesupport_fastrtps_cExport-noconfig.cmake
-- Installing: /home/laptop5/mycobot_ros2/install/mycobot_interfaces/share/mycobot_interfaces/cmake/mycobot_interfaces__rosidl_typesupport_introspection_cExport.cmake
-- Installing: /home/laptop5/mycobot_ros2/install/mycobot_interfaces/share/mycobot_interfaces/cmake/mycobot_interfaces__rosidl_typesupport_introspection_cExport-noconfig.cmake
-- Installing: /home/laptop5/mycobot_ros2/install/mycobot_interfaces/share/mycobot_interfaces/cmake/mycobot_interfaces__rosidl_typesupport_cExport.cmake
-- Installing: /home/laptop5/mycobot_ros2/install/mycobot_interfaces/share/mycobot_interfaces/cmake/mycobot_interfaces__rosidl_typesupport_cExport-noconfig.cmake
-- Installing: /home/laptop5/mycobot_ros2/install/mycobot_interfaces/share/mycobot_interfaces/cmake/export_mycobot_interfaces__rosidl_generator_cppExport.cmake
-- Installing: /home/laptop5/mycobot_ros2/install/mycobot_interfaces/share/mycobot_interfaces/cmake/export_mycobot_interfaces__rosidl_typesupport_fastrtps_cppExport.cmake
-- Installing: /home/laptop5/mycobot_ros2/install/mycobot_interfaces/share/mycobot_interfaces/cmake/export_mycobot_interfaces__rosidl_typesupport_fastrtps_cppExport-noconfig.cmake
-- Installing: /home/laptop5/mycobot_ros2/install/mycobot_interfaces/share/mycobot_interfaces/cmake/mycobot_interfaces__rosidl_typesupport_introspection_cppExport.cmake
-- Installing: /home/laptop5/mycobot_ros2/install/mycobot_interfaces/share/mycobot_interfaces/cmake/mycobot_interfaces__rosidl_typesupport_introspection_cppExport-noconfig.cmake
-- Installing: /home/laptop5/mycobot_ros2/install/mycobot_interfaces/share/mycobot_interfaces/cmake/mycobot_interfaces__rosidl_typesupport_cppExport.cmake
-- Installing: /home/laptop5/mycobot_ros2/install/mycobot_interfaces/share/mycobot_interfaces/cmake/mycobot_interfaces__rosidl_typesupport_cppExport-noconfig.cmake
-- Installing: /home/laptop5/mycobot_ros2/install/mycobot_interfaces/share/mycobot_interfaces/cmake/export_mycobot_interfaces__rosidl_generator_pyExport.cmake
-- Installing: /home/laptop5/mycobot_ros2/install/mycobot_interfaces/share/mycobot_interfaces/cmake/export_mycobot_interfaces__rosidl_generator_pyExport-noconfig.cmake
-- Installing: /home/laptop5/mycobot_ros2/install/mycobot_interfaces/share/mycobot_interfaces/cmake/rosidl_cmake-extras.cmake
-- Installing: /home/laptop5/mycobot_ros2/install/mycobot_interfaces/share/mycobot_interfaces/cmake/ament_cmake_export_dependencies-extras.cmake
-- Installing: /home/laptop5/mycobot_ros2/install/mycobot_interfaces/share/mycobot_interfaces/cmake/ament_cmake_export_include_directories-extras.cmake
-- Installing: /home/laptop5/mycobot_ros2/install/mycobot_interfaces/share/mycobot_interfaces/cmake/ament_cmake_export_libraries-extras.cmake
-- Installing: /home/laptop5/mycobot_ros2/install/mycobot_interfaces/share/mycobot_interfaces/cmake/ament_cmake_export_targets-extras.cmake
-- Installing: /home/laptop5/mycobot_ros2/install/mycobot_interfaces/share/mycobot_interfaces/cmake/rosidl_cmake_export_typesupport_targets-extras.cmake
-- Installing: /home/laptop5/mycobot_ros2/install/mycobot_interfaces/share/mycobot_interfaces/cmake/rosidl_cmake_export_typesupport_libraries-extras.cmake
-- Installing: /home/laptop5/mycobot_ros2/install/mycobot_interfaces/share/mycobot_interfaces/cmake/mycobot_interfacesConfig.cmake
-- Installing: /home/laptop5/mycobot_ros2/install/mycobot_interfaces/share/mycobot_interfaces/cmake/mycobot_interfacesConfig-version.cmake
-- Installing: /home/laptop5/mycobot_ros2/install/mycobot_interfaces/share/mycobot_interfaces/package.xml
