[2.586s] Invoking command in '/home/laptop5/mycobot_ros2/build/mycobot_280_moveit2': AMENT_PREFIX_PATH=/home/laptop5/mycobot_ros2/install/mycobot_description:${AMENT_PREFIX_PATH} CMAKE_PREFIX_PATH=${CMAKE_PREFIX_PATH}:/home/laptop5/elephant_ws_two/install/mycobot_280pi:/home/laptop5/elephant_arm_ws/install/mycobot_description:/opt/ros/jazzy DEBUGINFOD_URLS=https://debuginfod.ubuntu.com PYTHONPATH=/home/laptop5/mycobot_ros2/install/mycobot_description/lib/python3.12/site-packages:${PYTHONPATH} /usr/bin/cmake /home/laptop5/mycobot_ros2/mycobot_280/mycobot_280_moveit2 -DCMAKE_INSTALL_PREFIX=/home/laptop5/mycobot_ros2/install/mycobot_280_moveit2
[2.707s] -- The C compiler identification is GNU 13.3.0
[2.828s] -- The CXX compiler identification is GNU 13.3.0
[2.861s] -- Detecting C compiler ABI info
[3.038s] -- Detecting C compiler ABI info - done
[3.051s] -- Check for working C compiler: /usr/bin/cc - skipped
[3.051s] -- Detecting C compile features
[3.051s] -- Detecting C compile features - done
[3.074s] -- Detecting CXX compiler ABI info
[3.535s] -- Detecting CXX compiler ABI info - done
[3.611s] -- Check for working CXX compiler: /usr/bin/c++ - skipped
[3.611s] -- Detecting CXX compile features
[3.611s] -- Detecting CXX compile features - done
[3.635s] -- Found ament_cmake: 2.5.4 (/opt/ros/jazzy/share/ament_cmake/cmake)
[4.134s] -- Found Python3: /usr/bin/python3 (found version "3.12.3") found components: Interpreter 
[5.025s] -- Configuring done (2.4s)
[5.043s] -- Generating done (0.0s)
[5.060s] -- Build files have been written to: /home/laptop5/mycobot_ros2/build/mycobot_280_moveit2
[5.085s] Invoked command in '/home/laptop5/mycobot_ros2/build/mycobot_280_moveit2' returned '0': AMENT_PREFIX_PATH=/home/laptop5/mycobot_ros2/install/mycobot_description:${AMENT_PREFIX_PATH} CMAKE_PREFIX_PATH=${CMAKE_PREFIX_PATH}:/home/laptop5/elephant_ws_two/install/mycobot_280pi:/home/laptop5/elephant_arm_ws/install/mycobot_description:/opt/ros/jazzy DEBUGINFOD_URLS=https://debuginfod.ubuntu.com PYTHONPATH=/home/laptop5/mycobot_ros2/install/mycobot_description/lib/python3.12/site-packages:${PYTHONPATH} /usr/bin/cmake /home/laptop5/mycobot_ros2/mycobot_280/mycobot_280_moveit2 -DCMAKE_INSTALL_PREFIX=/home/laptop5/mycobot_ros2/install/mycobot_280_moveit2
[5.092s] Invoking command in '/home/laptop5/mycobot_ros2/build/mycobot_280_moveit2': AMENT_PREFIX_PATH=/home/laptop5/mycobot_ros2/install/mycobot_description:${AMENT_PREFIX_PATH} CMAKE_PREFIX_PATH=${CMAKE_PREFIX_PATH}:/home/laptop5/elephant_ws_two/install/mycobot_280pi:/home/laptop5/elephant_arm_ws/install/mycobot_description:/opt/ros/jazzy DEBUGINFOD_URLS=https://debuginfod.ubuntu.com PYTHONPATH=/home/laptop5/mycobot_ros2/install/mycobot_description/lib/python3.12/site-packages:${PYTHONPATH} /usr/bin/cmake --build /home/laptop5/mycobot_ros2/build/mycobot_280_moveit2 -- -j12 -l12
[5.334s] Invoked command in '/home/laptop5/mycobot_ros2/build/mycobot_280_moveit2' returned '0': AMENT_PREFIX_PATH=/home/laptop5/mycobot_ros2/install/mycobot_description:${AMENT_PREFIX_PATH} CMAKE_PREFIX_PATH=${CMAKE_PREFIX_PATH}:/home/laptop5/elephant_ws_two/install/mycobot_280pi:/home/laptop5/elephant_arm_ws/install/mycobot_description:/opt/ros/jazzy DEBUGINFOD_URLS=https://debuginfod.ubuntu.com PYTHONPATH=/home/laptop5/mycobot_ros2/install/mycobot_description/lib/python3.12/site-packages:${PYTHONPATH} /usr/bin/cmake --build /home/laptop5/mycobot_ros2/build/mycobot_280_moveit2 -- -j12 -l12
[5.411s] Invoking command in '/home/laptop5/mycobot_ros2/build/mycobot_280_moveit2': AMENT_PREFIX_PATH=/home/laptop5/mycobot_ros2/install/mycobot_description:${AMENT_PREFIX_PATH} CMAKE_PREFIX_PATH=${CMAKE_PREFIX_PATH}:/home/laptop5/elephant_ws_two/install/mycobot_280pi:/home/laptop5/elephant_arm_ws/install/mycobot_description:/opt/ros/jazzy DEBUGINFOD_URLS=https://debuginfod.ubuntu.com PYTHONPATH=/home/laptop5/mycobot_ros2/install/mycobot_description/lib/python3.12/site-packages:${PYTHONPATH} /usr/bin/cmake --install /home/laptop5/mycobot_ros2/build/mycobot_280_moveit2
[5.457s] -- Install configuration: ""
[5.461s] -- Installing: /home/laptop5/mycobot_ros2/install/mycobot_280_moveit2/share/ament_index/resource_index/package_run_dependencies/mycobot_280_moveit2
[5.461s] -- Installing: /home/laptop5/mycobot_ros2/install/mycobot_280_moveit2/share/ament_index/resource_index/parent_prefix_path/mycobot_280_moveit2
[5.464s] -- Installing: /home/laptop5/mycobot_ros2/install/mycobot_280_moveit2/share/mycobot_280_moveit2/environment/ament_prefix_path.sh
[5.465s] -- Installing: /home/laptop5/mycobot_ros2/install/mycobot_280_moveit2/share/mycobot_280_moveit2/environment/ament_prefix_path.dsv
[5.465s] -- Installing: /home/laptop5/mycobot_ros2/install/mycobot_280_moveit2/share/mycobot_280_moveit2/environment/path.sh
[5.466s] -- Installing: /home/laptop5/mycobot_ros2/install/mycobot_280_moveit2/share/mycobot_280_moveit2/environment/path.dsv
[5.470s] -- Installing: /home/laptop5/mycobot_ros2/install/mycobot_280_moveit2/share/mycobot_280_moveit2/local_setup.bash
[5.470s] -- Installing: /home/laptop5/mycobot_ros2/install/mycobot_280_moveit2/share/mycobot_280_moveit2/local_setup.sh
[5.470s] -- Installing: /home/laptop5/mycobot_ros2/install/mycobot_280_moveit2/share/mycobot_280_moveit2/local_setup.zsh
[5.471s] -- Installing: /home/laptop5/mycobot_ros2/install/mycobot_280_moveit2/share/mycobot_280_moveit2/local_setup.dsv
[5.471s] -- Installing: /home/laptop5/mycobot_ros2/install/mycobot_280_moveit2/share/mycobot_280_moveit2/package.dsv
[5.471s] -- Installing: /home/laptop5/mycobot_ros2/install/mycobot_280_moveit2/share/ament_index/resource_index/packages/mycobot_280_moveit2
[5.471s] -- Installing: /home/laptop5/mycobot_ros2/install/mycobot_280_moveit2/share/mycobot_280_moveit2/cmake/mycobot_280_moveit2Config.cmake
[5.471s] -- Installing: /home/laptop5/mycobot_ros2/install/mycobot_280_moveit2/share/mycobot_280_moveit2/cmake/mycobot_280_moveit2Config-version.cmake
[5.472s] -- Installing: /home/laptop5/mycobot_ros2/install/mycobot_280_moveit2/share/mycobot_280_moveit2/package.xml
[5.472s] -- Installing: /home/laptop5/mycobot_ros2/install/mycobot_280_moveit2/share/mycobot_280_moveit2/launch
[5.473s] -- Installing: /home/laptop5/mycobot_ros2/install/mycobot_280_moveit2/share/mycobot_280_moveit2/launch/demo.launch.py
[5.473s] -- Installing: /home/laptop5/mycobot_ros2/install/mycobot_280_moveit2/share/mycobot_280_moveit2/launch/moveit_rviz.launch.py
[5.473s] -- Installing: /home/laptop5/mycobot_ros2/install/mycobot_280_moveit2/share/mycobot_280_moveit2/launch/move_group.launch.py
[5.473s] -- Installing: /home/laptop5/mycobot_ros2/install/mycobot_280_moveit2/share/mycobot_280_moveit2/launch/warehouse_db.launch.py
[5.473s] -- Installing: /home/laptop5/mycobot_ros2/install/mycobot_280_moveit2/share/mycobot_280_moveit2/launch/rsp.launch.py
[5.474s] -- Installing: /home/laptop5/mycobot_ros2/install/mycobot_280_moveit2/share/mycobot_280_moveit2/launch/setup_assistant.launch.py
[5.474s] -- Installing: /home/laptop5/mycobot_ros2/install/mycobot_280_moveit2/share/mycobot_280_moveit2/launch/static_virtual_joint_tfs.launch.py
[5.474s] -- Installing: /home/laptop5/mycobot_ros2/install/mycobot_280_moveit2/share/mycobot_280_moveit2/launch/spawn_controllers.launch.py
[5.474s] -- Installing: /home/laptop5/mycobot_ros2/install/mycobot_280_moveit2/share/mycobot_280_moveit2/config
[5.474s] -- Installing: /home/laptop5/mycobot_ros2/install/mycobot_280_moveit2/share/mycobot_280_moveit2/config/pilz_cartesian_limits.yaml
[5.475s] -- Installing: /home/laptop5/mycobot_ros2/install/mycobot_280_moveit2/share/mycobot_280_moveit2/config/ros2_controllers.yaml
[5.475s] -- Installing: /home/laptop5/mycobot_ros2/install/mycobot_280_moveit2/share/mycobot_280_moveit2/config/kinematics.yaml
[5.479s] -- Installing: /home/laptop5/mycobot_ros2/install/mycobot_280_moveit2/share/mycobot_280_moveit2/config/moveit.rviz
[5.479s] -- Installing: /home/laptop5/mycobot_ros2/install/mycobot_280_moveit2/share/mycobot_280_moveit2/config/moveit_controllers.yaml
[5.480s] -- Installing: /home/laptop5/mycobot_ros2/install/mycobot_280_moveit2/share/mycobot_280_moveit2/config/initial_positions.yaml
[5.480s] -- Installing: /home/laptop5/mycobot_ros2/install/mycobot_280_moveit2/share/mycobot_280_moveit2/config/joint_limits.yaml
[5.480s] -- Installing: /home/laptop5/mycobot_ros2/install/mycobot_280_moveit2/share/mycobot_280_moveit2/config/firefighter.srdf
[5.480s] -- Installing: /home/laptop5/mycobot_ros2/install/mycobot_280_moveit2/share/mycobot_280_moveit2/config/firefighter.urdf.xacro
[5.481s] -- Installing: /home/laptop5/mycobot_ros2/install/mycobot_280_moveit2/share/mycobot_280_moveit2/config/firefighter.ros2_control.xacro
[5.481s] -- Installing: /home/laptop5/mycobot_ros2/install/mycobot_280_moveit2/share/mycobot_280_moveit2/.setup_assistant
[5.500s] Invoked command in '/home/laptop5/mycobot_ros2/build/mycobot_280_moveit2' returned '0': AMENT_PREFIX_PATH=/home/laptop5/mycobot_ros2/install/mycobot_description:${AMENT_PREFIX_PATH} CMAKE_PREFIX_PATH=${CMAKE_PREFIX_PATH}:/home/laptop5/elephant_ws_two/install/mycobot_280pi:/home/laptop5/elephant_arm_ws/install/mycobot_description:/opt/ros/jazzy DEBUGINFOD_URLS=https://debuginfod.ubuntu.com PYTHONPATH=/home/laptop5/mycobot_ros2/install/mycobot_description/lib/python3.12/site-packages:${PYTHONPATH} /usr/bin/cmake --install /home/laptop5/mycobot_ros2/build/mycobot_280_moveit2
