[5.521s] Invoking command in '/home/laptop5/mycobot_ros2/myArm/myarm_300': AMENT_PREFIX_PATH=/home/laptop5/mycobot_ros2/install/mycobot_description:${AMENT_PREFIX_PATH} DEBUGINFOD_URLS=https://debuginfod.ubuntu.com PYTHONPATH=/home/laptop5/mycobot_ros2/build/myarm_300/prefix_override:/usr/lib/python3/dist-packages/colcon_core/task/python/colcon_distutils_commands:/home/laptop5/mycobot_ros2/install/myarm_300/lib/python3.12/site-packages:/home/laptop5/mycobot_ros2/install/mycobot_description/lib/python3.12/site-packages:${PYTHONPATH} /usr/bin/python3 -W ignore:setup.py install is deprecated -W ignore:easy_install command is deprecated setup.py egg_info --egg-base ../../build/myarm_300 build --build-base /home/laptop5/mycobot_ros2/build/myarm_300/build install --record /home/laptop5/mycobot_ros2/build/myarm_300/install.log --single-version-externally-managed install_data
[8.013s] running egg_info
[8.014s] creating ../../build/myarm_300/myarm_300.egg-info
[8.014s] writing ../../build/myarm_300/myarm_300.egg-info/PKG-INFO
[8.014s] writing dependency_links to ../../build/myarm_300/myarm_300.egg-info/dependency_links.txt
[8.014s] writing entry points to ../../build/myarm_300/myarm_300.egg-info/entry_points.txt
[8.015s] writing requirements to ../../build/myarm_300/myarm_300.egg-info/requires.txt
[8.016s] writing top-level names to ../../build/myarm_300/myarm_300.egg-info/top_level.txt
[8.016s] writing manifest file '../../build/myarm_300/myarm_300.egg-info/SOURCES.txt'
[8.016s] reading manifest file '../../build/myarm_300/myarm_300.egg-info/SOURCES.txt'
[8.017s] adding license file 'LICENSE'
[8.017s] writing manifest file '../../build/myarm_300/myarm_300.egg-info/SOURCES.txt'
[8.017s] running build
[8.017s] running build_py
[8.020s] creating /home/laptop5/mycobot_ros2/build/myarm_300/build
[8.023s] creating /home/laptop5/mycobot_ros2/build/myarm_300/build/lib
[8.023s] creating /home/laptop5/mycobot_ros2/build/myarm_300/build/lib/myarm_300
[8.023s] copying myarm_300/__init__.py -> /home/laptop5/mycobot_ros2/build/myarm_300/build/lib/myarm_300
[8.024s] copying myarm_300/teleop_keyboard.py -> /home/laptop5/mycobot_ros2/build/myarm_300/build/lib/myarm_300
[8.025s] copying myarm_300/follow_display.py -> /home/laptop5/mycobot_ros2/build/myarm_300/build/lib/myarm_300
[8.026s] copying myarm_300/simple_gui.py -> /home/laptop5/mycobot_ros2/build/myarm_300/build/lib/myarm_300
[8.026s] copying myarm_300/slider_control.py -> /home/laptop5/mycobot_ros2/build/myarm_300/build/lib/myarm_300
[8.026s] running install
[8.026s] running install_lib
[8.028s] creating /home/laptop5/mycobot_ros2/install/myarm_300/lib/python3.12/site-packages/myarm_300
[8.029s] copying /home/laptop5/mycobot_ros2/build/myarm_300/build/lib/myarm_300/__init__.py -> /home/laptop5/mycobot_ros2/install/myarm_300/lib/python3.12/site-packages/myarm_300
[8.029s] copying /home/laptop5/mycobot_ros2/build/myarm_300/build/lib/myarm_300/teleop_keyboard.py -> /home/laptop5/mycobot_ros2/install/myarm_300/lib/python3.12/site-packages/myarm_300
[8.029s] copying /home/laptop5/mycobot_ros2/build/myarm_300/build/lib/myarm_300/follow_display.py -> /home/laptop5/mycobot_ros2/install/myarm_300/lib/python3.12/site-packages/myarm_300
[8.029s] copying /home/laptop5/mycobot_ros2/build/myarm_300/build/lib/myarm_300/simple_gui.py -> /home/laptop5/mycobot_ros2/install/myarm_300/lib/python3.12/site-packages/myarm_300
[8.030s] copying /home/laptop5/mycobot_ros2/build/myarm_300/build/lib/myarm_300/slider_control.py -> /home/laptop5/mycobot_ros2/install/myarm_300/lib/python3.12/site-packages/myarm_300
[8.030s] byte-compiling /home/laptop5/mycobot_ros2/install/myarm_300/lib/python3.12/site-packages/myarm_300/__init__.py to __init__.cpython-312.pyc
[8.030s] byte-compiling /home/laptop5/mycobot_ros2/install/myarm_300/lib/python3.12/site-packages/myarm_300/teleop_keyboard.py to teleop_keyboard.cpython-312.pyc
[8.030s] byte-compiling /home/laptop5/mycobot_ros2/install/myarm_300/lib/python3.12/site-packages/myarm_300/follow_display.py to follow_display.cpython-312.pyc
[8.030s] byte-compiling /home/laptop5/mycobot_ros2/install/myarm_300/lib/python3.12/site-packages/myarm_300/simple_gui.py to simple_gui.cpython-312.pyc
[8.031s] byte-compiling /home/laptop5/mycobot_ros2/install/myarm_300/lib/python3.12/site-packages/myarm_300/slider_control.py to slider_control.cpython-312.pyc
[8.031s] running install_data
[8.031s] creating /home/laptop5/mycobot_ros2/install/myarm_300/share/ament_index
[8.031s] creating /home/laptop5/mycobot_ros2/install/myarm_300/share/ament_index/resource_index
[8.031s] creating /home/laptop5/mycobot_ros2/install/myarm_300/share/ament_index/resource_index/packages
[8.035s] copying resource/myarm_300 -> /home/laptop5/mycobot_ros2/install/myarm_300/share/ament_index/resource_index/packages
[8.036s] copying package.xml -> /home/laptop5/mycobot_ros2/install/myarm_300/share/myarm_300
[8.036s] creating /home/laptop5/mycobot_ros2/install/myarm_300/share/myarm_300/launch
[8.037s] copying launch/slider_control.launch.py -> /home/laptop5/mycobot_ros2/install/myarm_300/share/myarm_300/launch
[8.040s] copying launch/mycobot_follow.launch.py -> /home/laptop5/mycobot_ros2/install/myarm_300/share/myarm_300/launch
[8.041s] copying launch/simple_gui.launch.py -> /home/laptop5/mycobot_ros2/install/myarm_300/share/myarm_300/launch
[8.041s] copying launch/test.launch.py -> /home/laptop5/mycobot_ros2/install/myarm_300/share/myarm_300/launch
[8.041s] copying launch/teleop_keyboard.launch.py -> /home/laptop5/mycobot_ros2/install/myarm_300/share/myarm_300/launch
[8.042s] creating /home/laptop5/mycobot_ros2/install/myarm_300/share/myarm_300/config
[8.043s] copying config/myarm_300.rviz -> /home/laptop5/mycobot_ros2/install/myarm_300/share/myarm_300/config
[8.043s] running install_egg_info
[8.043s] Copying ../../build/myarm_300/myarm_300.egg-info to /home/laptop5/mycobot_ros2/install/myarm_300/lib/python3.12/site-packages/myarm_300-0.0.0-py3.12.egg-info
[8.043s] running install_scripts
[8.046s] Installing follow_display script to /home/laptop5/mycobot_ros2/install/myarm_300/lib/myarm_300
[8.047s] Installing simple_gui script to /home/laptop5/mycobot_ros2/install/myarm_300/lib/myarm_300
[8.047s] Installing slider_control script to /home/laptop5/mycobot_ros2/install/myarm_300/lib/myarm_300
[8.047s] Installing teleop_keyboard script to /home/laptop5/mycobot_ros2/install/myarm_300/lib/myarm_300
[8.047s] writing list of installed files to '/home/laptop5/mycobot_ros2/build/myarm_300/install.log'
[8.952s] Invoked command in '/home/laptop5/mycobot_ros2/myArm/myarm_300' returned '0': AMENT_PREFIX_PATH=/home/laptop5/mycobot_ros2/install/mycobot_description:${AMENT_PREFIX_PATH} DEBUGINFOD_URLS=https://debuginfod.ubuntu.com PYTHONPATH=/home/laptop5/mycobot_ros2/build/myarm_300/prefix_override:/usr/lib/python3/dist-packages/colcon_core/task/python/colcon_distutils_commands:/home/laptop5/mycobot_ros2/install/myarm_300/lib/python3.12/site-packages:/home/laptop5/mycobot_ros2/install/mycobot_description/lib/python3.12/site-packages:${PYTHONPATH} /usr/bin/python3 -W ignore:setup.py install is deprecated -W ignore:easy_install command is deprecated setup.py egg_info --egg-base ../../build/myarm_300 build --build-base /home/laptop5/mycobot_ros2/build/myarm_300/build install --record /home/laptop5/mycobot_ros2/build/myarm_300/install.log --single-version-externally-managed install_data
