[2.338s] Invoking command in '/home/laptop5/mycobot_ros2/mycobot_280/mycobot_280': AMENT_PREFIX_PATH=/home/laptop5/mycobot_ros2/install/mycobot_description:/home/laptop5/mycobot_ros2/install/mycobot_communication:/home/laptop5/mycobot_ros2/install/mycobot_interfaces:/home/laptop5/mycobot_ros2/install/mycobot_320pi:/home/laptop5/mycobot_ros2/install/mycobot_320:/home/laptop5/mycobot_ros2/install/mycobot_280rdkx5_moveit2:/home/laptop5/mycobot_ros2/install/mycobot_280pi:/home/laptop5/mycobot_ros2/install/mycobot_280jn:/home/laptop5/mycobot_ros2/install/mycobot_280arduino_moveit2:/home/laptop5/mycobot_ros2/install/mycobot_280_x3pi:/home/laptop5/mycobot_ros2/install/mycobot_280_riscv:/home/laptop5/mycobot_ros2/install/mycobot_280_moveit2_control:/home/laptop5/mycobot_ros2/install/mycobot_280_moveit2:/home/laptop5/mycobot_ros2/install/mycobot_280_arduino:/home/laptop5/mycobot_ros2/install/mycobot_280:/home/laptop5/mycobot_ros2/install/mybuddy:/home/laptop5/mycobot_ros2/install/myarm_300:/home/laptop5/mycobot_ros2/install/mecharm_pi:/home/laptop5/mycobot_ros2/install/mecharm:/opt/ros/jazzy DEBUGINFOD_URLS=https://debuginfod.ubuntu.com PYTHONPATH=/home/laptop5/mycobot_ros2/build/mycobot_280/prefix_override:/usr/lib/python3/dist-packages/colcon_core/task/python/colcon_distutils_commands:/home/laptop5/mycobot_ros2/install/mycobot_280/lib/python3.12/site-packages:/home/laptop5/mycobot_ros2/install/mycobot_description/lib/python3.12/site-packages:/home/laptop5/mycobot_ros2/install/mycobot_communication/lib/python3.12/site-packages:/home/laptop5/mycobot_ros2/install/mycobot_interfaces/lib/python3.12/site-packages:/home/laptop5/mycobot_ros2/install/mycobot_320pi/lib/python3.12/site-packages:/home/laptop5/mycobot_ros2/install/mycobot_320/lib/python3.12/site-packages:/home/laptop5/mycobot_ros2/install/mycobot_280pi/lib/python3.12/site-packages:/home/laptop5/mycobot_ros2/install/mycobot_280jn/lib/python3.12/site-packages:/home/laptop5/mycobot_ros2/install/mycobot_280_x3pi/lib/python3.12/site-packages:/home/laptop5/mycobot_ros2/install/mycobot_280_riscv/lib/python3.12/site-packages:/home/laptop5/mycobot_ros2/install/mycobot_280_moveit2_control/lib/python3.12/site-packages:/home/laptop5/mycobot_ros2/install/mycobot_280_arduino/lib/python3.12/site-packages:/home/laptop5/mycobot_ros2/install/mycobot_280/lib/python3.12/site-packages:/home/laptop5/mycobot_ros2/install/mybuddy/lib/python3.12/site-packages:/home/laptop5/mycobot_ros2/install/myarm_300/lib/python3.12/site-packages:/home/laptop5/mycobot_ros2/install/mecharm_pi/lib/python3.12/site-packages:/home/laptop5/mycobot_ros2/install/mecharm/lib/python3.12/site-packages:/opt/ros/jazzy/lib/python3.12/site-packages /usr/bin/python3 -W ignore:setup.py install is deprecated -W ignore:easy_install command is deprecated setup.py egg_info --egg-base ../../build/mycobot_280 build --build-base /home/laptop5/mycobot_ros2/build/mycobot_280/build install --record /home/laptop5/mycobot_ros2/build/mycobot_280/install.log --single-version-externally-managed install_data
[2.819s] running egg_info
[2.857s] writing ../../build/mycobot_280/mycobot_280.egg-info/PKG-INFO
[2.858s] writing dependency_links to ../../build/mycobot_280/mycobot_280.egg-info/dependency_links.txt
[2.858s] writing entry points to ../../build/mycobot_280/mycobot_280.egg-info/entry_points.txt
[2.859s] writing requirements to ../../build/mycobot_280/mycobot_280.egg-info/requires.txt
[2.859s] writing top-level names to ../../build/mycobot_280/mycobot_280.egg-info/top_level.txt
[2.915s] reading manifest file '../../build/mycobot_280/mycobot_280.egg-info/SOURCES.txt'
[2.916s] adding license file 'LICENSE'
[2.916s] writing manifest file '../../build/mycobot_280/mycobot_280.egg-info/SOURCES.txt'
[2.916s] running build
[2.916s] running build_py
[2.917s] running install
[2.924s] running install_lib
[2.948s] creating /home/laptop5/mycobot_ros2/install/mycobot_280/lib/python3.12/site-packages/mycobot_280
[2.948s] copying /home/laptop5/mycobot_ros2/build/mycobot_280/build/lib/mycobot_280/__init__.py -> /home/laptop5/mycobot_ros2/install/mycobot_280/lib/python3.12/site-packages/mycobot_280
[2.949s] copying /home/laptop5/mycobot_ros2/build/mycobot_280/build/lib/mycobot_280/opencv_camera.py -> /home/laptop5/mycobot_ros2/install/mycobot_280/lib/python3.12/site-packages/mycobot_280
[2.949s] copying /home/laptop5/mycobot_ros2/build/mycobot_280/build/lib/mycobot_280/camera_display.py -> /home/laptop5/mycobot_ros2/install/mycobot_280/lib/python3.12/site-packages/mycobot_280
[2.949s] copying /home/laptop5/mycobot_ros2/build/mycobot_280/build/lib/mycobot_280/listen_real_of_topic.py -> /home/laptop5/mycobot_ros2/install/mycobot_280/lib/python3.12/site-packages/mycobot_280
[2.949s] copying /home/laptop5/mycobot_ros2/build/mycobot_280/build/lib/mycobot_280/listen_real_service.py -> /home/laptop5/mycobot_ros2/install/mycobot_280/lib/python3.12/site-packages/mycobot_280
[2.950s] copying /home/laptop5/mycobot_ros2/build/mycobot_280/build/lib/mycobot_280/teleop_keyboard.py -> /home/laptop5/mycobot_ros2/install/mycobot_280/lib/python3.12/site-packages/mycobot_280
[2.950s] copying /home/laptop5/mycobot_ros2/build/mycobot_280/build/lib/mycobot_280/follow_display.py -> /home/laptop5/mycobot_ros2/install/mycobot_280/lib/python3.12/site-packages/mycobot_280
[2.950s] copying /home/laptop5/mycobot_ros2/build/mycobot_280/build/lib/mycobot_280/simple_gui.py -> /home/laptop5/mycobot_ros2/install/mycobot_280/lib/python3.12/site-packages/mycobot_280
[2.950s] copying /home/laptop5/mycobot_ros2/build/mycobot_280/build/lib/mycobot_280/listen_real.py -> /home/laptop5/mycobot_ros2/install/mycobot_280/lib/python3.12/site-packages/mycobot_280
[2.950s] copying /home/laptop5/mycobot_ros2/build/mycobot_280/build/lib/mycobot_280/slider_control_adaptive_gripper.py -> /home/laptop5/mycobot_ros2/install/mycobot_280/lib/python3.12/site-packages/mycobot_280
[2.951s] copying /home/laptop5/mycobot_ros2/build/mycobot_280/build/lib/mycobot_280/slider_control.py -> /home/laptop5/mycobot_ros2/install/mycobot_280/lib/python3.12/site-packages/mycobot_280
[2.951s] byte-compiling /home/laptop5/mycobot_ros2/install/mycobot_280/lib/python3.12/site-packages/mycobot_280/__init__.py to __init__.cpython-312.pyc
[2.951s] byte-compiling /home/laptop5/mycobot_ros2/install/mycobot_280/lib/python3.12/site-packages/mycobot_280/opencv_camera.py to opencv_camera.cpython-312.pyc
[2.952s] byte-compiling /home/laptop5/mycobot_ros2/install/mycobot_280/lib/python3.12/site-packages/mycobot_280/camera_display.py to camera_display.cpython-312.pyc
[2.952s] byte-compiling /home/laptop5/mycobot_ros2/install/mycobot_280/lib/python3.12/site-packages/mycobot_280/listen_real_of_topic.py to listen_real_of_topic.cpython-312.pyc
[2.952s] byte-compiling /home/laptop5/mycobot_ros2/install/mycobot_280/lib/python3.12/site-packages/mycobot_280/listen_real_service.py to listen_real_service.cpython-312.pyc
[2.955s] byte-compiling /home/laptop5/mycobot_ros2/install/mycobot_280/lib/python3.12/site-packages/mycobot_280/teleop_keyboard.py to teleop_keyboard.cpython-312.pyc
[2.959s] byte-compiling /home/laptop5/mycobot_ros2/install/mycobot_280/lib/python3.12/site-packages/mycobot_280/follow_display.py to follow_display.cpython-312.pyc
[2.961s] byte-compiling /home/laptop5/mycobot_ros2/install/mycobot_280/lib/python3.12/site-packages/mycobot_280/simple_gui.py to simple_gui.cpython-312.pyc
[2.969s] byte-compiling /home/laptop5/mycobot_ros2/install/mycobot_280/lib/python3.12/site-packages/mycobot_280/listen_real.py to listen_real.cpython-312.pyc
[2.970s] byte-compiling /home/laptop5/mycobot_ros2/install/mycobot_280/lib/python3.12/site-packages/mycobot_280/slider_control_adaptive_gripper.py to slider_control_adaptive_gripper.cpython-312.pyc
[2.971s] byte-compiling /home/laptop5/mycobot_ros2/install/mycobot_280/lib/python3.12/site-packages/mycobot_280/slider_control.py to slider_control.cpython-312.pyc
[2.973s] running install_data
[2.973s] creating /home/laptop5/mycobot_ros2/install/mycobot_280/share/ament_index
[2.973s] creating /home/laptop5/mycobot_ros2/install/mycobot_280/share/ament_index/resource_index
[2.973s] creating /home/laptop5/mycobot_ros2/install/mycobot_280/share/ament_index/resource_index/packages
[2.974s] copying resource/mycobot_280 -> /home/laptop5/mycobot_ros2/install/mycobot_280/share/ament_index/resource_index/packages
[2.974s] copying package.xml -> /home/laptop5/mycobot_ros2/install/mycobot_280/share/mycobot_280
[2.974s] creating /home/laptop5/mycobot_ros2/install/mycobot_280/share/mycobot_280/launch
[2.974s] copying launch/test_gripper.launch.py -> /home/laptop5/mycobot_ros2/install/mycobot_280/share/mycobot_280/launch
[2.974s] copying launch/slider_control.launch.py -> /home/laptop5/mycobot_ros2/install/mycobot_280/share/mycobot_280/launch
[2.975s] copying launch/mycobot_follow.launch.py -> /home/laptop5/mycobot_ros2/install/mycobot_280/share/mycobot_280/launch
[2.975s] copying launch/test_pump.launch.py -> /home/laptop5/mycobot_ros2/install/mycobot_280/share/mycobot_280/launch
[2.975s] copying launch/slider_control_adaptive_gripper.launch.py -> /home/laptop5/mycobot_ros2/install/mycobot_280/share/mycobot_280/launch
[2.975s] copying launch/simple_gui.launch.py -> /home/laptop5/mycobot_ros2/install/mycobot_280/share/mycobot_280/launch
[2.975s] copying launch/test_camera_flange.launch.py -> /home/laptop5/mycobot_ros2/install/mycobot_280/share/mycobot_280/launch
[2.975s] copying launch/test.launch.py -> /home/laptop5/mycobot_ros2/install/mycobot_280/share/mycobot_280/launch
[2.975s] copying launch/slider_control_pump.launch.py -> /home/laptop5/mycobot_ros2/install/mycobot_280/share/mycobot_280/launch
[2.976s] copying launch/test_camera_flange_pump.launch.py -> /home/laptop5/mycobot_ros2/install/mycobot_280/share/mycobot_280/launch
[2.976s] copying launch/teleop_keyboard.launch.py -> /home/laptop5/mycobot_ros2/install/mycobot_280/share/mycobot_280/launch
[2.976s] copying launch/slider_control_camera_flange.launch.py -> /home/laptop5/mycobot_ros2/install/mycobot_280/share/mycobot_280/launch
[2.976s] copying launch/simple_gui_pump.launch.py -> /home/laptop5/mycobot_ros2/install/mycobot_280/share/mycobot_280/launch
[2.976s] creating /home/laptop5/mycobot_ros2/install/mycobot_280/share/mycobot_280/config
[2.976s] copying config/mycobot.rviz -> /home/laptop5/mycobot_ros2/install/mycobot_280/share/mycobot_280/config
[2.976s] copying config/mycobot_with_marker.rviz -> /home/laptop5/mycobot_ros2/install/mycobot_280/share/mycobot_280/config
[2.977s] running install_egg_info
[3.002s] Copying ../../build/mycobot_280/mycobot_280.egg-info to /home/laptop5/mycobot_ros2/install/mycobot_280/lib/python3.12/site-packages/mycobot_280-0.0.0-py3.12.egg-info
[3.002s] running install_scripts
[3.151s] Installing camera_display script to /home/laptop5/mycobot_ros2/install/mycobot_280/lib/mycobot_280
[3.152s] Installing follow_display script to /home/laptop5/mycobot_ros2/install/mycobot_280/lib/mycobot_280
[3.152s] Installing listen_real script to /home/laptop5/mycobot_ros2/install/mycobot_280/lib/mycobot_280
[3.152s] Installing listen_real_of_topic script to /home/laptop5/mycobot_ros2/install/mycobot_280/lib/mycobot_280
[3.152s] Installing listen_real_service script to /home/laptop5/mycobot_ros2/install/mycobot_280/lib/mycobot_280
[3.152s] Installing opencv_camera script to /home/laptop5/mycobot_ros2/install/mycobot_280/lib/mycobot_280
[3.152s] Installing simple_gui script to /home/laptop5/mycobot_ros2/install/mycobot_280/lib/mycobot_280
[3.152s] Installing slider_control script to /home/laptop5/mycobot_ros2/install/mycobot_280/lib/mycobot_280
[3.153s] Installing slider_control_adaptive_gripper script to /home/laptop5/mycobot_ros2/install/mycobot_280/lib/mycobot_280
[3.153s] Installing teleop_keyboard script to /home/laptop5/mycobot_ros2/install/mycobot_280/lib/mycobot_280
[3.153s] writing list of installed files to '/home/laptop5/mycobot_ros2/build/mycobot_280/install.log'
[3.182s] Invoked command in '/home/laptop5/mycobot_ros2/mycobot_280/mycobot_280' returned '0': AMENT_PREFIX_PATH=/home/laptop5/mycobot_ros2/install/mycobot_description:/home/laptop5/mycobot_ros2/install/mycobot_communication:/home/laptop5/mycobot_ros2/install/mycobot_interfaces:/home/laptop5/mycobot_ros2/install/mycobot_320pi:/home/laptop5/mycobot_ros2/install/mycobot_320:/home/laptop5/mycobot_ros2/install/mycobot_280rdkx5_moveit2:/home/laptop5/mycobot_ros2/install/mycobot_280pi:/home/laptop5/mycobot_ros2/install/mycobot_280jn:/home/laptop5/mycobot_ros2/install/mycobot_280arduino_moveit2:/home/laptop5/mycobot_ros2/install/mycobot_280_x3pi:/home/laptop5/mycobot_ros2/install/mycobot_280_riscv:/home/laptop5/mycobot_ros2/install/mycobot_280_moveit2_control:/home/laptop5/mycobot_ros2/install/mycobot_280_moveit2:/home/laptop5/mycobot_ros2/install/mycobot_280_arduino:/home/laptop5/mycobot_ros2/install/mycobot_280:/home/laptop5/mycobot_ros2/install/mybuddy:/home/laptop5/mycobot_ros2/install/myarm_300:/home/laptop5/mycobot_ros2/install/mecharm_pi:/home/laptop5/mycobot_ros2/install/mecharm:/opt/ros/jazzy DEBUGINFOD_URLS=https://debuginfod.ubuntu.com PYTHONPATH=/home/laptop5/mycobot_ros2/build/mycobot_280/prefix_override:/usr/lib/python3/dist-packages/colcon_core/task/python/colcon_distutils_commands:/home/laptop5/mycobot_ros2/install/mycobot_280/lib/python3.12/site-packages:/home/laptop5/mycobot_ros2/install/mycobot_description/lib/python3.12/site-packages:/home/laptop5/mycobot_ros2/install/mycobot_communication/lib/python3.12/site-packages:/home/laptop5/mycobot_ros2/install/mycobot_interfaces/lib/python3.12/site-packages:/home/laptop5/mycobot_ros2/install/mycobot_320pi/lib/python3.12/site-packages:/home/laptop5/mycobot_ros2/install/mycobot_320/lib/python3.12/site-packages:/home/laptop5/mycobot_ros2/install/mycobot_280pi/lib/python3.12/site-packages:/home/laptop5/mycobot_ros2/install/mycobot_280jn/lib/python3.12/site-packages:/home/laptop5/mycobot_ros2/install/mycobot_280_x3pi/lib/python3.12/site-packages:/home/laptop5/mycobot_ros2/install/mycobot_280_riscv/lib/python3.12/site-packages:/home/laptop5/mycobot_ros2/install/mycobot_280_moveit2_control/lib/python3.12/site-packages:/home/laptop5/mycobot_ros2/install/mycobot_280_arduino/lib/python3.12/site-packages:/home/laptop5/mycobot_ros2/install/mycobot_280/lib/python3.12/site-packages:/home/laptop5/mycobot_ros2/install/mybuddy/lib/python3.12/site-packages:/home/laptop5/mycobot_ros2/install/myarm_300/lib/python3.12/site-packages:/home/laptop5/mycobot_ros2/install/mecharm_pi/lib/python3.12/site-packages:/home/laptop5/mycobot_ros2/install/mecharm/lib/python3.12/site-packages:/opt/ros/jazzy/lib/python3.12/site-packages /usr/bin/python3 -W ignore:setup.py install is deprecated -W ignore:easy_install command is deprecated setup.py egg_info --egg-base ../../build/mycobot_280 build --build-base /home/laptop5/mycobot_ros2/build/mycobot_280/build install --record /home/laptop5/mycobot_ros2/build/mycobot_280/install.log --single-version-externally-managed install_data
