[1.642s] Invoking command in '/home/laptop5/mycobot_ros2/mycobot_communication': AMENT_PREFIX_PATH=/home/laptop5/mycobot_ros2/install/mycobot_interfaces:${AMENT_PREFIX_PATH} CMAKE_PREFIX_PATH=/home/laptop5/mycobot_ros2/install/mycobot_interfaces:${CMAKE_PREFIX_PATH} DEBUGINFOD_URLS=https://debuginfod.ubuntu.com LD_LIBRARY_PATH=/home/laptop5/mycobot_ros2/install/mycobot_interfaces/lib:${LD_LIBRARY_PATH} PYTHONPATH=/home/laptop5/mycobot_ros2/build/mycobot_communication/prefix_override:/usr/lib/python3/dist-packages/colcon_core/task/python/colcon_distutils_commands:/home/laptop5/mycobot_ros2/install/mycobot_communication/lib/python3.12/site-packages:/home/laptop5/mycobot_ros2/install/mycobot_interfaces/lib/python3.12/site-packages:${PYTHONPATH} /usr/bin/python3 -W ignore:setup.py install is deprecated -W ignore:easy_install command is deprecated setup.py egg_info --egg-base ../build/mycobot_communication build --build-base /home/laptop5/mycobot_ros2/build/mycobot_communication/build install --record /home/laptop5/mycobot_ros2/build/mycobot_communication/install.log --single-version-externally-managed install_data
[2.039s] running egg_info
[2.039s] creating ../build/mycobot_communication/mycobot_communication.egg-info
[2.061s] writing ../build/mycobot_communication/mycobot_communication.egg-info/PKG-INFO
[2.061s] writing dependency_links to ../build/mycobot_communication/mycobot_communication.egg-info/dependency_links.txt
[2.061s] writing entry points to ../build/mycobot_communication/mycobot_communication.egg-info/entry_points.txt
[2.062s] writing requirements to ../build/mycobot_communication/mycobot_communication.egg-info/requires.txt
[2.062s] writing top-level names to ../build/mycobot_communication/mycobot_communication.egg-info/top_level.txt
[2.062s] writing manifest file '../build/mycobot_communication/mycobot_communication.egg-info/SOURCES.txt'
[2.110s] reading manifest file '../build/mycobot_communication/mycobot_communication.egg-info/SOURCES.txt'
[2.110s] adding license file 'LICENSE'
[2.111s] writing manifest file '../build/mycobot_communication/mycobot_communication.egg-info/SOURCES.txt'
[2.111s] running build
[2.111s] running build_py
[2.111s] creating /home/laptop5/mycobot_ros2/build/mycobot_communication/build
[2.111s] creating /home/laptop5/mycobot_ros2/build/mycobot_communication/build/lib
[2.111s] creating /home/laptop5/mycobot_ros2/build/mycobot_communication/build/lib/mycobot_communication
[2.112s] copying mycobot_communication/__init__.py -> /home/laptop5/mycobot_ros2/build/mycobot_communication/build/lib/mycobot_communication
[2.112s] copying mycobot_communication/mycobot_topics.py -> /home/laptop5/mycobot_ros2/build/mycobot_communication/build/lib/mycobot_communication
[2.112s] copying mycobot_communication/mycobot_topics_seeed.py -> /home/laptop5/mycobot_ros2/build/mycobot_communication/build/lib/mycobot_communication
[2.112s] copying mycobot_communication/mycobot_services.py -> /home/laptop5/mycobot_ros2/build/mycobot_communication/build/lib/mycobot_communication
[2.112s] copying mycobot_communication/mycobot_topics_pi.py -> /home/laptop5/mycobot_ros2/build/mycobot_communication/build/lib/mycobot_communication
[2.112s] copying mycobot_communication/mycobot_topics_jsnn.py -> /home/laptop5/mycobot_ros2/build/mycobot_communication/build/lib/mycobot_communication
[2.113s] running install
[2.120s] running install_lib
[2.143s] creating /home/laptop5/mycobot_ros2/install/mycobot_communication/lib/python3.12/site-packages/mycobot_communication
[2.143s] copying /home/laptop5/mycobot_ros2/build/mycobot_communication/build/lib/mycobot_communication/__init__.py -> /home/laptop5/mycobot_ros2/install/mycobot_communication/lib/python3.12/site-packages/mycobot_communication
[2.143s] copying /home/laptop5/mycobot_ros2/build/mycobot_communication/build/lib/mycobot_communication/mycobot_topics.py -> /home/laptop5/mycobot_ros2/install/mycobot_communication/lib/python3.12/site-packages/mycobot_communication
[2.143s] copying /home/laptop5/mycobot_ros2/build/mycobot_communication/build/lib/mycobot_communication/mycobot_topics_seeed.py -> /home/laptop5/mycobot_ros2/install/mycobot_communication/lib/python3.12/site-packages/mycobot_communication
[2.143s] copying /home/laptop5/mycobot_ros2/build/mycobot_communication/build/lib/mycobot_communication/mycobot_services.py -> /home/laptop5/mycobot_ros2/install/mycobot_communication/lib/python3.12/site-packages/mycobot_communication
[2.144s] copying /home/laptop5/mycobot_ros2/build/mycobot_communication/build/lib/mycobot_communication/mycobot_topics_pi.py -> /home/laptop5/mycobot_ros2/install/mycobot_communication/lib/python3.12/site-packages/mycobot_communication
[2.144s] copying /home/laptop5/mycobot_ros2/build/mycobot_communication/build/lib/mycobot_communication/mycobot_topics_jsnn.py -> /home/laptop5/mycobot_ros2/install/mycobot_communication/lib/python3.12/site-packages/mycobot_communication
[2.144s] byte-compiling /home/laptop5/mycobot_ros2/install/mycobot_communication/lib/python3.12/site-packages/mycobot_communication/__init__.py to __init__.cpython-312.pyc
[2.144s] byte-compiling /home/laptop5/mycobot_ros2/install/mycobot_communication/lib/python3.12/site-packages/mycobot_communication/mycobot_topics.py to mycobot_topics.cpython-312.pyc
[2.147s] byte-compiling /home/laptop5/mycobot_ros2/install/mycobot_communication/lib/python3.12/site-packages/mycobot_communication/mycobot_topics_seeed.py to mycobot_topics_seeed.cpython-312.pyc
[2.149s] byte-compiling /home/laptop5/mycobot_ros2/install/mycobot_communication/lib/python3.12/site-packages/mycobot_communication/mycobot_services.py to mycobot_services.cpython-312.pyc
[2.150s] byte-compiling /home/laptop5/mycobot_ros2/install/mycobot_communication/lib/python3.12/site-packages/mycobot_communication/mycobot_topics_pi.py to mycobot_topics_pi.cpython-312.pyc
[2.152s] byte-compiling /home/laptop5/mycobot_ros2/install/mycobot_communication/lib/python3.12/site-packages/mycobot_communication/mycobot_topics_jsnn.py to mycobot_topics_jsnn.cpython-312.pyc
[2.154s] running install_data
[2.154s] creating /home/laptop5/mycobot_ros2/install/mycobot_communication/share/ament_index
[2.155s] creating /home/laptop5/mycobot_ros2/install/mycobot_communication/share/ament_index/resource_index
[2.155s] creating /home/laptop5/mycobot_ros2/install/mycobot_communication/share/ament_index/resource_index/packages
[2.155s] copying resource/mycobot_communication -> /home/laptop5/mycobot_ros2/install/mycobot_communication/share/ament_index/resource_index/packages
[2.155s] copying package.xml -> /home/laptop5/mycobot_ros2/install/mycobot_communication/share/mycobot_communication
[2.155s] creating /home/laptop5/mycobot_ros2/install/mycobot_communication/share/mycobot_communication/launch
[2.155s] copying launch/communication_seeed.launch.py -> /home/laptop5/mycobot_ros2/install/mycobot_communication/share/mycobot_communication/launch
[2.156s] copying launch/communication_topic.launch.py -> /home/laptop5/mycobot_ros2/install/mycobot_communication/share/mycobot_communication/launch
[2.156s] copying launch/communication_service.launch.py -> /home/laptop5/mycobot_ros2/install/mycobot_communication/share/mycobot_communication/launch
[2.156s] copying launch/communication_jsnn.launch.py -> /home/laptop5/mycobot_ros2/install/mycobot_communication/share/mycobot_communication/launch
[2.156s] copying launch/communication_topic_pi.launch.py -> /home/laptop5/mycobot_ros2/install/mycobot_communication/share/mycobot_communication/launch
[2.156s] running install_egg_info
[2.179s] Copying ../build/mycobot_communication/mycobot_communication.egg-info to /home/laptop5/mycobot_ros2/install/mycobot_communication/lib/python3.12/site-packages/mycobot_communication-0.0.0-py3.12.egg-info
[2.180s] running install_scripts
[2.334s] Installing mycobot_services script to /home/laptop5/mycobot_ros2/install/mycobot_communication/lib/mycobot_communication
[2.334s] Installing mycobot_topics script to /home/laptop5/mycobot_ros2/install/mycobot_communication/lib/mycobot_communication
[2.334s] Installing mycobot_topics_jsnn script to /home/laptop5/mycobot_ros2/install/mycobot_communication/lib/mycobot_communication
[2.334s] Installing mycobot_topics_pi script to /home/laptop5/mycobot_ros2/install/mycobot_communication/lib/mycobot_communication
[2.335s] Installing mycobot_topics_seeed script to /home/laptop5/mycobot_ros2/install/mycobot_communication/lib/mycobot_communication
[2.335s] writing list of installed files to '/home/laptop5/mycobot_ros2/build/mycobot_communication/install.log'
[2.374s] Invoked command in '/home/laptop5/mycobot_ros2/mycobot_communication' returned '0': AMENT_PREFIX_PATH=/home/laptop5/mycobot_ros2/install/mycobot_interfaces:${AMENT_PREFIX_PATH} CMAKE_PREFIX_PATH=/home/laptop5/mycobot_ros2/install/mycobot_interfaces:${CMAKE_PREFIX_PATH} DEBUGINFOD_URLS=https://debuginfod.ubuntu.com LD_LIBRARY_PATH=/home/laptop5/mycobot_ros2/install/mycobot_interfaces/lib:${LD_LIBRARY_PATH} PYTHONPATH=/home/laptop5/mycobot_ros2/build/mycobot_communication/prefix_override:/usr/lib/python3/dist-packages/colcon_core/task/python/colcon_distutils_commands:/home/laptop5/mycobot_ros2/install/mycobot_communication/lib/python3.12/site-packages:/home/laptop5/mycobot_ros2/install/mycobot_interfaces/lib/python3.12/site-packages:${PYTHONPATH} /usr/bin/python3 -W ignore:setup.py install is deprecated -W ignore:easy_install command is deprecated setup.py egg_info --egg-base ../build/mycobot_communication build --build-base /home/laptop5/mycobot_ros2/build/mycobot_communication/build install --record /home/laptop5/mycobot_ros2/build/mycobot_communication/install.log --single-version-externally-managed install_data
