[18.466s] Invoking command in '/home/laptop5/mycobot_ros2/mycobot_320/mycobot_320_riscv': AMENT_PREFIX_PATH=/home/laptop5/mycobot_ros2/install/mycobot_description:${AMENT_PREFIX_PATH} DEBUGINFOD_URLS=https://debuginfod.ubuntu.com PYTHONPATH=/home/laptop5/mycobot_ros2/build/mycobot_320_riscv/prefix_override:/usr/lib/python3/dist-packages/colcon_core/task/python/colcon_distutils_commands:/home/laptop5/mycobot_ros2/install/mycobot_320_riscv/lib/python3.12/site-packages:/home/laptop5/mycobot_ros2/install/mycobot_description/lib/python3.12/site-packages:${PYTHONPATH} /usr/bin/python3 -W ignore:setup.py install is deprecated -W ignore:easy_install command is deprecated setup.py egg_info --egg-base ../../build/mycobot_320_riscv build --build-base /home/laptop5/mycobot_ros2/build/mycobot_320_riscv/build install --record /home/laptop5/mycobot_ros2/build/mycobot_320_riscv/install.log --single-version-externally-managed install_data
[20.846s] running egg_info
[20.857s] creating ../../build/mycobot_320_riscv/mycobot_320_riscv.egg-info
[21.098s] writing ../../build/mycobot_320_riscv/mycobot_320_riscv.egg-info/PKG-INFO
[21.100s] writing dependency_links to ../../build/mycobot_320_riscv/mycobot_320_riscv.egg-info/dependency_links.txt
[21.100s] writing entry points to ../../build/mycobot_320_riscv/mycobot_320_riscv.egg-info/entry_points.txt
[21.100s] writing requirements to ../../build/mycobot_320_riscv/mycobot_320_riscv.egg-info/requires.txt
[21.112s] writing top-level names to ../../build/mycobot_320_riscv/mycobot_320_riscv.egg-info/top_level.txt
[21.113s] writing manifest file '../../build/mycobot_320_riscv/mycobot_320_riscv.egg-info/SOURCES.txt'
[21.588s] reading manifest file '../../build/mycobot_320_riscv/mycobot_320_riscv.egg-info/SOURCES.txt'
[21.588s] adding license file 'LICENSE'
[21.595s] writing manifest file '../../build/mycobot_320_riscv/mycobot_320_riscv.egg-info/SOURCES.txt'
[21.597s] running build
[21.602s] running build_py
[21.604s] creating /home/laptop5/mycobot_ros2/build/mycobot_320_riscv/build
[21.604s] creating /home/laptop5/mycobot_ros2/build/mycobot_320_riscv/build/lib
[21.605s] creating /home/laptop5/mycobot_ros2/build/mycobot_320_riscv/build/lib/mycobot_320_riscv
[21.605s] copying mycobot_320_riscv/__init__.py -> /home/laptop5/mycobot_ros2/build/mycobot_320_riscv/build/lib/mycobot_320_riscv
[21.605s] copying mycobot_320_riscv/listen_real_of_topic.py -> /home/laptop5/mycobot_ros2/build/mycobot_320_riscv/build/lib/mycobot_320_riscv
[21.606s] copying mycobot_320_riscv/teleop_keyboard.py -> /home/laptop5/mycobot_ros2/build/mycobot_320_riscv/build/lib/mycobot_320_riscv
[21.606s] copying mycobot_320_riscv/follow_display.py -> /home/laptop5/mycobot_ros2/build/mycobot_320_riscv/build/lib/mycobot_320_riscv
[21.606s] copying mycobot_320_riscv/simple_gui.py -> /home/laptop5/mycobot_ros2/build/mycobot_320_riscv/build/lib/mycobot_320_riscv
[21.606s] copying mycobot_320_riscv/listen_real.py -> /home/laptop5/mycobot_ros2/build/mycobot_320_riscv/build/lib/mycobot_320_riscv
[21.610s] copying mycobot_320_riscv/slider_control.py -> /home/laptop5/mycobot_ros2/build/mycobot_320_riscv/build/lib/mycobot_320_riscv
[21.610s] running install
[21.647s] running install_lib
[21.825s] creating /home/laptop5/mycobot_ros2/install/mycobot_320_riscv/lib/python3.12/site-packages/mycobot_320_riscv
[21.825s] copying /home/laptop5/mycobot_ros2/build/mycobot_320_riscv/build/lib/mycobot_320_riscv/__init__.py -> /home/laptop5/mycobot_ros2/install/mycobot_320_riscv/lib/python3.12/site-packages/mycobot_320_riscv
[21.825s] copying /home/laptop5/mycobot_ros2/build/mycobot_320_riscv/build/lib/mycobot_320_riscv/listen_real_of_topic.py -> /home/laptop5/mycobot_ros2/install/mycobot_320_riscv/lib/python3.12/site-packages/mycobot_320_riscv
[21.825s] copying /home/laptop5/mycobot_ros2/build/mycobot_320_riscv/build/lib/mycobot_320_riscv/teleop_keyboard.py -> /home/laptop5/mycobot_ros2/install/mycobot_320_riscv/lib/python3.12/site-packages/mycobot_320_riscv
[21.826s] copying /home/laptop5/mycobot_ros2/build/mycobot_320_riscv/build/lib/mycobot_320_riscv/follow_display.py -> /home/laptop5/mycobot_ros2/install/mycobot_320_riscv/lib/python3.12/site-packages/mycobot_320_riscv
[21.834s] copying /home/laptop5/mycobot_ros2/build/mycobot_320_riscv/build/lib/mycobot_320_riscv/simple_gui.py -> /home/laptop5/mycobot_ros2/install/mycobot_320_riscv/lib/python3.12/site-packages/mycobot_320_riscv
[21.835s] copying /home/laptop5/mycobot_ros2/build/mycobot_320_riscv/build/lib/mycobot_320_riscv/listen_real.py -> /home/laptop5/mycobot_ros2/install/mycobot_320_riscv/lib/python3.12/site-packages/mycobot_320_riscv
[21.835s] copying /home/laptop5/mycobot_ros2/build/mycobot_320_riscv/build/lib/mycobot_320_riscv/slider_control.py -> /home/laptop5/mycobot_ros2/install/mycobot_320_riscv/lib/python3.12/site-packages/mycobot_320_riscv
[21.835s] byte-compiling /home/laptop5/mycobot_ros2/install/mycobot_320_riscv/lib/python3.12/site-packages/mycobot_320_riscv/__init__.py to __init__.cpython-312.pyc
[21.844s] byte-compiling /home/laptop5/mycobot_ros2/install/mycobot_320_riscv/lib/python3.12/site-packages/mycobot_320_riscv/listen_real_of_topic.py to listen_real_of_topic.cpython-312.pyc
[21.844s] byte-compiling /home/laptop5/mycobot_ros2/install/mycobot_320_riscv/lib/python3.12/site-packages/mycobot_320_riscv/teleop_keyboard.py to teleop_keyboard.cpython-312.pyc
[21.866s] byte-compiling /home/laptop5/mycobot_ros2/install/mycobot_320_riscv/lib/python3.12/site-packages/mycobot_320_riscv/follow_display.py to follow_display.cpython-312.pyc
[21.879s] byte-compiling /home/laptop5/mycobot_ros2/install/mycobot_320_riscv/lib/python3.12/site-packages/mycobot_320_riscv/simple_gui.py to simple_gui.cpython-312.pyc
[21.916s] byte-compiling /home/laptop5/mycobot_ros2/install/mycobot_320_riscv/lib/python3.12/site-packages/mycobot_320_riscv/listen_real.py to listen_real.cpython-312.pyc
[21.932s] byte-compiling /home/laptop5/mycobot_ros2/install/mycobot_320_riscv/lib/python3.12/site-packages/mycobot_320_riscv/slider_control.py to slider_control.cpython-312.pyc
[21.933s] running install_data
[21.934s] creating /home/laptop5/mycobot_ros2/install/mycobot_320_riscv/share/ament_index
[21.934s] creating /home/laptop5/mycobot_ros2/install/mycobot_320_riscv/share/ament_index/resource_index
[21.934s] creating /home/laptop5/mycobot_ros2/install/mycobot_320_riscv/share/ament_index/resource_index/packages
[21.934s] copying resource/mycobot_320_riscv -> /home/laptop5/mycobot_ros2/install/mycobot_320_riscv/share/ament_index/resource_index/packages
[21.937s] copying package.xml -> /home/laptop5/mycobot_ros2/install/mycobot_320_riscv/share/mycobot_320_riscv
[21.937s] creating /home/laptop5/mycobot_ros2/install/mycobot_320_riscv/share/mycobot_320_riscv/launch
[21.937s] copying launch/slider_control.launch.py -> /home/laptop5/mycobot_ros2/install/mycobot_320_riscv/share/mycobot_320_riscv/launch
[21.937s] copying launch/mycobot_follow.launch.py -> /home/laptop5/mycobot_ros2/install/mycobot_320_riscv/share/mycobot_320_riscv/launch
[21.946s] copying launch/simple_gui.launch.py -> /home/laptop5/mycobot_ros2/install/mycobot_320_riscv/share/mycobot_320_riscv/launch
[21.946s] copying launch/test.launch.py -> /home/laptop5/mycobot_ros2/install/mycobot_320_riscv/share/mycobot_320_riscv/launch
[21.946s] copying launch/teleop_keyboard.launch.py -> /home/laptop5/mycobot_ros2/install/mycobot_320_riscv/share/mycobot_320_riscv/launch
[21.947s] creating /home/laptop5/mycobot_ros2/install/mycobot_320_riscv/share/mycobot_320_riscv/config
[21.947s] copying config/mycobot_320_riscv.rviz -> /home/laptop5/mycobot_ros2/install/mycobot_320_riscv/share/mycobot_320_riscv/config
[21.947s] running install_egg_info
[22.163s] Copying ../../build/mycobot_320_riscv/mycobot_320_riscv.egg-info to /home/laptop5/mycobot_ros2/install/mycobot_320_riscv/lib/python3.12/site-packages/mycobot_320_riscv-0.0.0-py3.12.egg-info
[22.187s] running install_scripts
[23.530s] Installing follow_display script to /home/laptop5/mycobot_ros2/install/mycobot_320_riscv/lib/mycobot_320_riscv
[23.530s] Installing listen_real script to /home/laptop5/mycobot_ros2/install/mycobot_320_riscv/lib/mycobot_320_riscv
[23.531s] Installing listen_real_of_topic script to /home/laptop5/mycobot_ros2/install/mycobot_320_riscv/lib/mycobot_320_riscv
[23.531s] Installing simple_gui script to /home/laptop5/mycobot_ros2/install/mycobot_320_riscv/lib/mycobot_320_riscv
[23.531s] Installing slider_control script to /home/laptop5/mycobot_ros2/install/mycobot_320_riscv/lib/mycobot_320_riscv
[23.531s] Installing teleop_keyboard script to /home/laptop5/mycobot_ros2/install/mycobot_320_riscv/lib/mycobot_320_riscv
[23.532s] writing list of installed files to '/home/laptop5/mycobot_ros2/build/mycobot_320_riscv/install.log'
