/home/laptop5/mycobot_ros2/install/mycobot_320/lib/python3.12/site-packages/mycobot_320/__init__.py
/home/laptop5/mycobot_ros2/install/mycobot_320/lib/python3.12/site-packages/mycobot_320/listen_real_of_topic.py
/home/laptop5/mycobot_ros2/install/mycobot_320/lib/python3.12/site-packages/mycobot_320/listen_real_service.py
/home/laptop5/mycobot_ros2/install/mycobot_320/lib/python3.12/site-packages/mycobot_320/teleop_keyboard.py
/home/laptop5/mycobot_ros2/install/mycobot_320/lib/python3.12/site-packages/mycobot_320/follow_display.py
/home/laptop5/mycobot_ros2/install/mycobot_320/lib/python3.12/site-packages/mycobot_320/simple_gui.py
/home/laptop5/mycobot_ros2/install/mycobot_320/lib/python3.12/site-packages/mycobot_320/slider_control_force_gripper.py
/home/laptop5/mycobot_ros2/install/mycobot_320/lib/python3.12/site-packages/mycobot_320/listen_real.py
/home/laptop5/mycobot_ros2/install/mycobot_320/lib/python3.12/site-packages/mycobot_320/slider_control_adaptive_gripper.py
/home/laptop5/mycobot_ros2/install/mycobot_320/lib/python3.12/site-packages/mycobot_320/slider_control.py
/home/laptop5/mycobot_ros2/install/mycobot_320/lib/python3.12/site-packages/mycobot_320/__pycache__/__init__.cpython-312.pyc
/home/laptop5/mycobot_ros2/install/mycobot_320/lib/python3.12/site-packages/mycobot_320/__pycache__/listen_real_of_topic.cpython-312.pyc
/home/laptop5/mycobot_ros2/install/mycobot_320/lib/python3.12/site-packages/mycobot_320/__pycache__/listen_real_service.cpython-312.pyc
/home/laptop5/mycobot_ros2/install/mycobot_320/lib/python3.12/site-packages/mycobot_320/__pycache__/teleop_keyboard.cpython-312.pyc
/home/laptop5/mycobot_ros2/install/mycobot_320/lib/python3.12/site-packages/mycobot_320/__pycache__/follow_display.cpython-312.pyc
/home/laptop5/mycobot_ros2/install/mycobot_320/lib/python3.12/site-packages/mycobot_320/__pycache__/simple_gui.cpython-312.pyc
/home/laptop5/mycobot_ros2/install/mycobot_320/lib/python3.12/site-packages/mycobot_320/__pycache__/slider_control_force_gripper.cpython-312.pyc
/home/laptop5/mycobot_ros2/install/mycobot_320/lib/python3.12/site-packages/mycobot_320/__pycache__/listen_real.cpython-312.pyc
/home/laptop5/mycobot_ros2/install/mycobot_320/lib/python3.12/site-packages/mycobot_320/__pycache__/slider_control_adaptive_gripper.cpython-312.pyc
/home/laptop5/mycobot_ros2/install/mycobot_320/lib/python3.12/site-packages/mycobot_320/__pycache__/slider_control.cpython-312.pyc
/home/laptop5/mycobot_ros2/install/mycobot_320/share/ament_index/resource_index/packages/mycobot_320
/home/laptop5/mycobot_ros2/install/mycobot_320/share/mycobot_320/package.xml
/home/laptop5/mycobot_ros2/install/mycobot_320/share/mycobot_320/launch/slider_control_force_gripper.launch.py
/home/laptop5/mycobot_ros2/install/mycobot_320/share/mycobot_320/launch/slider_control.launch.py
/home/laptop5/mycobot_ros2/install/mycobot_320/share/mycobot_320/launch/mycobot_follow.launch.py
/home/laptop5/mycobot_ros2/install/mycobot_320/share/mycobot_320/launch/slider_control_adaptive_gripper.launch.py
/home/laptop5/mycobot_ros2/install/mycobot_320/share/mycobot_320/launch/simple_gui.launch.py
/home/laptop5/mycobot_ros2/install/mycobot_320/share/mycobot_320/launch/test.launch.py
/home/laptop5/mycobot_ros2/install/mycobot_320/share/mycobot_320/launch/test_force_gripper.launch.py
/home/laptop5/mycobot_ros2/install/mycobot_320/share/mycobot_320/launch/teleop_keyboard.launch.py
/home/laptop5/mycobot_ros2/install/mycobot_320/share/mycobot_320/launch/test_adaptive_gripper.launch.py
/home/laptop5/mycobot_ros2/install/mycobot_320/share/mycobot_320/config/mycobot_pro_320.rviz
/home/laptop5/mycobot_ros2/install/mycobot_320/lib/python3.12/site-packages/mycobot_320-0.0.0-py3.12.egg-info/dependency_links.txt
/home/laptop5/mycobot_ros2/install/mycobot_320/lib/python3.12/site-packages/mycobot_320-0.0.0-py3.12.egg-info/PKG-INFO
/home/laptop5/mycobot_ros2/install/mycobot_320/lib/python3.12/site-packages/mycobot_320-0.0.0-py3.12.egg-info/SOURCES.txt
/home/laptop5/mycobot_ros2/install/mycobot_320/lib/python3.12/site-packages/mycobot_320-0.0.0-py3.12.egg-info/entry_points.txt
/home/laptop5/mycobot_ros2/install/mycobot_320/lib/python3.12/site-packages/mycobot_320-0.0.0-py3.12.egg-info/requires.txt
/home/laptop5/mycobot_ros2/install/mycobot_320/lib/python3.12/site-packages/mycobot_320-0.0.0-py3.12.egg-info/top_level.txt
/home/laptop5/mycobot_ros2/install/mycobot_320/lib/python3.12/site-packages/mycobot_320-0.0.0-py3.12.egg-info/zip-safe
/home/laptop5/mycobot_ros2/install/mycobot_320/lib/mycobot_320/camera_display
/home/laptop5/mycobot_ros2/install/mycobot_320/lib/mycobot_320/follow_display
/home/laptop5/mycobot_ros2/install/mycobot_320/lib/mycobot_320/listen_real
/home/laptop5/mycobot_ros2/install/mycobot_320/lib/mycobot_320/listen_real_of_topic
/home/laptop5/mycobot_ros2/install/mycobot_320/lib/mycobot_320/listen_real_service
/home/laptop5/mycobot_ros2/install/mycobot_320/lib/mycobot_320/simple_gui
/home/laptop5/mycobot_ros2/install/mycobot_320/lib/mycobot_320/slider_control
/home/laptop5/mycobot_ros2/install/mycobot_320/lib/mycobot_320/slider_control_adaptive_gripper
/home/laptop5/mycobot_ros2/install/mycobot_320/lib/mycobot_320/slider_control_force_gripper
/home/laptop5/mycobot_ros2/install/mycobot_320/lib/mycobot_320/teleop_keyboard
