[0.284s] Invoking command in '/home/laptop5/mycobot_ros2/build/mycobot_interfaces': CMAKE_PREFIX_PATH=${CMAKE_PREFIX_PATH}:/home/laptop5/mycobot_ros2/install/mycobot_communication:/home/laptop5/mycobot_ros2/install/mycobot_320pi:/home/laptop5/mycobot_ros2/install/mycobot_320:/home/laptop5/mycobot_ros2/install/mycobot_280pi:/home/laptop5/mycobot_ros2/install/mycobot_280jn:/home/laptop5/mycobot_ros2/install/mycobot_280_x3pi:/home/laptop5/mycobot_ros2/install/mycobot_280_riscv:/home/laptop5/mycobot_ros2/install/mycobot_280_moveit2_control:/home/laptop5/mycobot_ros2/install/mycobot_280_arduino:/home/laptop5/mycobot_ros2/install/mycobot_280:/home/laptop5/mycobot_ros2/install/mybuddy:/home/laptop5/mycobot_ros2/install/myarm_300:/home/laptop5/mycobot_ros2/install/mecharm_pi:/home/laptop5/mycobot_ros2/install/mecharm:/home/laptop5/mycobot_ros2/install/mycobot_description:/opt/ros/jazzy DEBUGINFOD_URLS=https://debuginfod.ubuntu.com PS1=(elephant) \[\e]0;\u@\h: \w\a\]${debian_chroot:+($debian_chroot)}\[\033[01;32m\]\u@\h\[\033[00m\]:\[\033[01;34m\]\w\[\033[00m\]\$ /usr/bin/cmake --build /home/laptop5/mycobot_ros2/build/mycobot_interfaces -- -j12 -l12
[0.385s] [  1%] Built target mycobot_interfaces__rosidl_generator_type_description
[0.394s] [  1%] Built target ament_cmake_python_copy_mycobot_interfaces
[0.432s] [  1%] Built target mycobot_interfaces__cpp
[0.441s] [ 27%] Built target mycobot_interfaces__rosidl_generator_c
[0.494s] [ 36%] Built target mycobot_interfaces__rosidl_typesupport_introspection_cpp
[0.497s] [ 46%] Built target mycobot_interfaces__rosidl_typesupport_c
[0.503s] [ 55%] Built target mycobot_interfaces__rosidl_typesupport_cpp
[0.504s] [ 65%] Built target mycobot_interfaces__rosidl_typesupport_introspection_c
[0.506s] [ 75%] Built target mycobot_interfaces__rosidl_typesupport_fastrtps_cpp
[0.511s] [ 85%] Built target mycobot_interfaces__rosidl_typesupport_fastrtps_c
[0.544s] [ 85%] Built target mycobot_interfaces
[0.582s] [ 86%] Built target mycobot_interfaces__py
[0.630s] [ 95%] Built target mycobot_interfaces__rosidl_generator_py
[0.667s] [ 97%] Built target mycobot_interfaces_s__rosidl_typesupport_introspection_c
[0.674s] [ 98%] Built target mycobot_interfaces_s__rosidl_typesupport_fastrtps_c
[0.677s] [100%] Built target mycobot_interfaces_s__rosidl_typesupport_c
[0.812s] running egg_info
[0.837s] writing mycobot_interfaces.egg-info/PKG-INFO
[0.837s] writing dependency_links to mycobot_interfaces.egg-info/dependency_links.txt
[0.837s] writing top-level names to mycobot_interfaces.egg-info/top_level.txt
[0.905s] reading manifest file 'mycobot_interfaces.egg-info/SOURCES.txt'
[0.906s] writing manifest file 'mycobot_interfaces.egg-info/SOURCES.txt'
[0.946s] [100%] Built target ament_cmake_python_build_mycobot_interfaces_egg
[0.966s] Invoked command in '/home/laptop5/mycobot_ros2/build/mycobot_interfaces' returned '0': CMAKE_PREFIX_PATH=${CMAKE_PREFIX_PATH}:/home/laptop5/mycobot_ros2/install/mycobot_communication:/home/laptop5/mycobot_ros2/install/mycobot_320pi:/home/laptop5/mycobot_ros2/install/mycobot_320:/home/laptop5/mycobot_ros2/install/mycobot_280pi:/home/laptop5/mycobot_ros2/install/mycobot_280jn:/home/laptop5/mycobot_ros2/install/mycobot_280_x3pi:/home/laptop5/mycobot_ros2/install/mycobot_280_riscv:/home/laptop5/mycobot_ros2/install/mycobot_280_moveit2_control:/home/laptop5/mycobot_ros2/install/mycobot_280_arduino:/home/laptop5/mycobot_ros2/install/mycobot_280:/home/laptop5/mycobot_ros2/install/mybuddy:/home/laptop5/mycobot_ros2/install/myarm_300:/home/laptop5/mycobot_ros2/install/mecharm_pi:/home/laptop5/mycobot_ros2/install/mecharm:/home/laptop5/mycobot_ros2/install/mycobot_description:/opt/ros/jazzy DEBUGINFOD_URLS=https://debuginfod.ubuntu.com PS1=(elephant) \[\e]0;\u@\h: \w\a\]${debian_chroot:+($debian_chroot)}\[\033[01;32m\]\u@\h\[\033[00m\]:\[\033[01;34m\]\w\[\033[00m\]\$ /usr/bin/cmake --build /home/laptop5/mycobot_ros2/build/mycobot_interfaces -- -j12 -l12
[0.987s] Invoking command in '/home/laptop5/mycobot_ros2/build/mycobot_interfaces': CMAKE_PREFIX_PATH=${CMAKE_PREFIX_PATH}:/home/laptop5/mycobot_ros2/install/mycobot_communication:/home/laptop5/mycobot_ros2/install/mycobot_320pi:/home/laptop5/mycobot_ros2/install/mycobot_320:/home/laptop5/mycobot_ros2/install/mycobot_280pi:/home/laptop5/mycobot_ros2/install/mycobot_280jn:/home/laptop5/mycobot_ros2/install/mycobot_280_x3pi:/home/laptop5/mycobot_ros2/install/mycobot_280_riscv:/home/laptop5/mycobot_ros2/install/mycobot_280_moveit2_control:/home/laptop5/mycobot_ros2/install/mycobot_280_arduino:/home/laptop5/mycobot_ros2/install/mycobot_280:/home/laptop5/mycobot_ros2/install/mybuddy:/home/laptop5/mycobot_ros2/install/myarm_300:/home/laptop5/mycobot_ros2/install/mecharm_pi:/home/laptop5/mycobot_ros2/install/mecharm:/home/laptop5/mycobot_ros2/install/mycobot_description:/opt/ros/jazzy DEBUGINFOD_URLS=https://debuginfod.ubuntu.com PS1=(elephant) \[\e]0;\u@\h: \w\a\]${debian_chroot:+($debian_chroot)}\[\033[01;32m\]\u@\h\[\033[00m\]:\[\033[01;34m\]\w\[\033[00m\]\$ /usr/bin/cmake --install /home/laptop5/mycobot_ros2/build/mycobot_interfaces
[1.006s] -- Install configuration: ""
[1.007s] -- Up-to-date: /home/laptop5/mycobot_ros2/install/mycobot_interfaces/share/ament_index/resource_index/rosidl_interfaces/mycobot_interfaces
[1.007s] -- Up-to-date: /home/laptop5/mycobot_ros2/install/mycobot_interfaces/share/mycobot_interfaces/msg/MycobotAngles.json
[1.008s] -- Up-to-date: /home/laptop5/mycobot_ros2/install/mycobot_interfaces/share/mycobot_interfaces/msg/MycobotCoords.json
[1.008s] -- Up-to-date: /home/laptop5/mycobot_ros2/install/mycobot_interfaces/share/mycobot_interfaces/msg/MycobotSetAngles.json
[1.008s] -- Up-to-date: /home/laptop5/mycobot_ros2/install/mycobot_interfaces/share/mycobot_interfaces/msg/MycobotSetCoords.json
[1.009s] -- Up-to-date: /home/laptop5/mycobot_ros2/install/mycobot_interfaces/share/mycobot_interfaces/msg/MycobotGripperStatus.json
[1.009s] -- Up-to-date: /home/laptop5/mycobot_ros2/install/mycobot_interfaces/share/mycobot_interfaces/msg/MycobotPumpStatus.json
[1.009s] -- Up-to-date: /home/laptop5/mycobot_ros2/install/mycobot_interfaces/share/mycobot_interfaces/srv/GetAngles.json
[1.009s] -- Up-to-date: /home/laptop5/mycobot_ros2/install/mycobot_interfaces/share/mycobot_interfaces/srv/SetAngles.json
[1.010s] -- Up-to-date: /home/laptop5/mycobot_ros2/install/mycobot_interfaces/share/mycobot_interfaces/srv/GetCoords.json
[1.010s] -- Up-to-date: /home/laptop5/mycobot_ros2/install/mycobot_interfaces/share/mycobot_interfaces/srv/SetCoords.json
[1.010s] -- Up-to-date: /home/laptop5/mycobot_ros2/install/mycobot_interfaces/share/mycobot_interfaces/srv/GripperStatus.json
[1.010s] -- Up-to-date: /home/laptop5/mycobot_ros2/install/mycobot_interfaces/share/mycobot_interfaces/srv/PumpStatus.json
[1.011s] -- Up-to-date: /home/laptop5/mycobot_ros2/install/mycobot_interfaces/include/mycobot_interfaces/mycobot_interfaces
[1.011s] -- Up-to-date: /home/laptop5/mycobot_ros2/install/mycobot_interfaces/include/mycobot_interfaces/mycobot_interfaces/msg
[1.011s] -- Up-to-date: /home/laptop5/mycobot_ros2/install/mycobot_interfaces/include/mycobot_interfaces/mycobot_interfaces/msg/detail
[1.011s] -- Up-to-date: /home/laptop5/mycobot_ros2/install/mycobot_interfaces/include/mycobot_interfaces/mycobot_interfaces/msg/detail/mycobot_angles__struct.h
[1.012s] -- Up-to-date: /home/laptop5/mycobot_ros2/install/mycobot_interfaces/include/mycobot_interfaces/mycobot_interfaces/msg/detail/mycobot_angles__functions.h
[1.012s] -- Up-to-date: /home/laptop5/mycobot_ros2/install/mycobot_interfaces/include/mycobot_interfaces/mycobot_interfaces/msg/detail/mycobot_pump_status__description.c
[1.012s] -- Up-to-date: /home/laptop5/mycobot_ros2/install/mycobot_interfaces/include/mycobot_interfaces/mycobot_interfaces/msg/detail/mycobot_coords__struct.h
[1.013s] -- Up-to-date: /home/laptop5/mycobot_ros2/install/mycobot_interfaces/include/mycobot_interfaces/mycobot_interfaces/msg/detail/mycobot_gripper_status__functions.h
[1.013s] -- Up-to-date: /home/laptop5/mycobot_ros2/install/mycobot_interfaces/include/mycobot_interfaces/mycobot_interfaces/msg/detail/mycobot_gripper_status__type_support.h
[1.013s] -- Up-to-date: /home/laptop5/mycobot_ros2/install/mycobot_interfaces/include/mycobot_interfaces/mycobot_interfaces/msg/detail/mycobot_angles__type_support.h
[1.013s] -- Up-to-date: /home/laptop5/mycobot_ros2/install/mycobot_interfaces/include/mycobot_interfaces/mycobot_interfaces/msg/detail/mycobot_pump_status__type_support.h
[1.013s] -- Up-to-date: /home/laptop5/mycobot_ros2/install/mycobot_interfaces/include/mycobot_interfaces/mycobot_interfaces/msg/detail/mycobot_coords__functions.h
[1.014s] -- Up-to-date: /home/laptop5/mycobot_ros2/install/mycobot_interfaces/include/mycobot_interfaces/mycobot_interfaces/msg/detail/mycobot_pump_status__functions.h
[1.014s] -- Installing: /home/laptop5/mycobot_ros2/install/mycobot_interfaces/include/mycobot_interfaces/mycobot_interfaces/msg/detail/mycobot_pump_status__type_support.c
[1.014s] -- Installing: /home/laptop5/mycobot_ros2/install/mycobot_interfaces/include/mycobot_interfaces/mycobot_interfaces/msg/detail/mycobot_set_angles__type_support.c
[1.014s] -- Up-to-date: /home/laptop5/mycobot_ros2/install/mycobot_interfaces/include/mycobot_interfaces/mycobot_interfaces/msg/detail/mycobot_angles__description.c
[1.014s] -- Up-to-date: /home/laptop5/mycobot_ros2/install/mycobot_interfaces/include/mycobot_interfaces/mycobot_interfaces/msg/detail/mycobot_coords__description.c
[1.015s] -- Up-to-date: /home/laptop5/mycobot_ros2/install/mycobot_interfaces/include/mycobot_interfaces/mycobot_interfaces/msg/detail/mycobot_gripper_status__description.c
[1.015s] -- Installing: /home/laptop5/mycobot_ros2/install/mycobot_interfaces/include/mycobot_interfaces/mycobot_interfaces/msg/detail/mycobot_gripper_status__type_support.c
[1.015s] -- Installing: /home/laptop5/mycobot_ros2/install/mycobot_interfaces/include/mycobot_interfaces/mycobot_interfaces/msg/detail/mycobot_angles__type_support.c
[1.015s] -- Up-to-date: /home/laptop5/mycobot_ros2/install/mycobot_interfaces/include/mycobot_interfaces/mycobot_interfaces/msg/detail/mycobot_set_angles__struct.h
[1.016s] -- Up-to-date: /home/laptop5/mycobot_ros2/install/mycobot_interfaces/include/mycobot_interfaces/mycobot_interfaces/msg/detail/mycobot_pump_status__functions.c
[1.016s] -- Up-to-date: /home/laptop5/mycobot_ros2/install/mycobot_interfaces/include/mycobot_interfaces/mycobot_interfaces/msg/detail/mycobot_coords__functions.c
[1.016s] -- Up-to-date: /home/laptop5/mycobot_ros2/install/mycobot_interfaces/include/mycobot_interfaces/mycobot_interfaces/msg/detail/mycobot_set_coords__type_support.h
[1.016s] -- Up-to-date: /home/laptop5/mycobot_ros2/install/mycobot_interfaces/include/mycobot_interfaces/mycobot_interfaces/msg/detail/mycobot_set_coords__struct.h
[1.016s] -- Up-to-date: /home/laptop5/mycobot_ros2/install/mycobot_interfaces/include/mycobot_interfaces/mycobot_interfaces/msg/detail/mycobot_set_angles__description.c
[1.017s] -- Up-to-date: /home/laptop5/mycobot_ros2/install/mycobot_interfaces/include/mycobot_interfaces/mycobot_interfaces/msg/detail/mycobot_set_coords__functions.h
[1.017s] -- Up-to-date: /home/laptop5/mycobot_ros2/install/mycobot_interfaces/include/mycobot_interfaces/mycobot_interfaces/msg/detail/mycobot_coords__type_support.h
[1.017s] -- Up-to-date: /home/laptop5/mycobot_ros2/install/mycobot_interfaces/include/mycobot_interfaces/mycobot_interfaces/msg/detail/mycobot_set_angles__functions.h
[1.017s] -- Up-to-date: /home/laptop5/mycobot_ros2/install/mycobot_interfaces/include/mycobot_interfaces/mycobot_interfaces/msg/detail/mycobot_pump_status__struct.h
[1.017s] -- Up-to-date: /home/laptop5/mycobot_ros2/install/mycobot_interfaces/include/mycobot_interfaces/mycobot_interfaces/msg/detail/mycobot_set_coords__functions.c
[1.018s] -- Up-to-date: /home/laptop5/mycobot_ros2/install/mycobot_interfaces/include/mycobot_interfaces/mycobot_interfaces/msg/detail/mycobot_set_angles__functions.c
[1.018s] -- Up-to-date: /home/laptop5/mycobot_ros2/install/mycobot_interfaces/include/mycobot_interfaces/mycobot_interfaces/msg/detail/mycobot_gripper_status__functions.c
[1.018s] -- Installing: /home/laptop5/mycobot_ros2/install/mycobot_interfaces/include/mycobot_interfaces/mycobot_interfaces/msg/detail/mycobot_coords__type_support.c
[1.018s] -- Up-to-date: /home/laptop5/mycobot_ros2/install/mycobot_interfaces/include/mycobot_interfaces/mycobot_interfaces/msg/detail/mycobot_set_angles__type_support.h
[1.019s] -- Up-to-date: /home/laptop5/mycobot_ros2/install/mycobot_interfaces/include/mycobot_interfaces/mycobot_interfaces/msg/detail/mycobot_gripper_status__struct.h
[1.019s] -- Installing: /home/laptop5/mycobot_ros2/install/mycobot_interfaces/include/mycobot_interfaces/mycobot_interfaces/msg/detail/mycobot_set_coords__type_support.c
[1.019s] -- Up-to-date: /home/laptop5/mycobot_ros2/install/mycobot_interfaces/include/mycobot_interfaces/mycobot_interfaces/msg/detail/mycobot_set_coords__description.c
[1.019s] -- Up-to-date: /home/laptop5/mycobot_ros2/install/mycobot_interfaces/include/mycobot_interfaces/mycobot_interfaces/msg/detail/mycobot_angles__functions.c
[1.019s] -- Up-to-date: /home/laptop5/mycobot_ros2/install/mycobot_interfaces/include/mycobot_interfaces/mycobot_interfaces/msg/mycobot_angles.h
[1.020s] -- Up-to-date: /home/laptop5/mycobot_ros2/install/mycobot_interfaces/include/mycobot_interfaces/mycobot_interfaces/msg/mycobot_gripper_status.h
[1.020s] -- Up-to-date: /home/laptop5/mycobot_ros2/install/mycobot_interfaces/include/mycobot_interfaces/mycobot_interfaces/msg/mycobot_pump_status.h
[1.020s] -- Up-to-date: /home/laptop5/mycobot_ros2/install/mycobot_interfaces/include/mycobot_interfaces/mycobot_interfaces/msg/rosidl_generator_c__visibility_control.h
[1.020s] -- Up-to-date: /home/laptop5/mycobot_ros2/install/mycobot_interfaces/include/mycobot_interfaces/mycobot_interfaces/msg/mycobot_set_angles.h
[1.021s] -- Up-to-date: /home/laptop5/mycobot_ros2/install/mycobot_interfaces/include/mycobot_interfaces/mycobot_interfaces/msg/mycobot_coords.h
[1.021s] -- Up-to-date: /home/laptop5/mycobot_ros2/install/mycobot_interfaces/include/mycobot_interfaces/mycobot_interfaces/msg/mycobot_set_coords.h
[1.022s] -- Up-to-date: /home/laptop5/mycobot_ros2/install/mycobot_interfaces/include/mycobot_interfaces/mycobot_interfaces/srv
[1.022s] -- Up-to-date: /home/laptop5/mycobot_ros2/install/mycobot_interfaces/include/mycobot_interfaces/mycobot_interfaces/srv/get_coords.h
[1.022s] -- Up-to-date: /home/laptop5/mycobot_ros2/install/mycobot_interfaces/include/mycobot_interfaces/mycobot_interfaces/srv/pump_status.h
[1.022s] -- Up-to-date: /home/laptop5/mycobot_ros2/install/mycobot_interfaces/include/mycobot_interfaces/mycobot_interfaces/srv/detail
[1.023s] -- Up-to-date: /home/laptop5/mycobot_ros2/install/mycobot_interfaces/include/mycobot_interfaces/mycobot_interfaces/srv/detail/gripper_status__description.c
[1.023s] -- Up-to-date: /home/laptop5/mycobot_ros2/install/mycobot_interfaces/include/mycobot_interfaces/mycobot_interfaces/srv/detail/get_coords__description.c
[1.023s] -- Up-to-date: /home/laptop5/mycobot_ros2/install/mycobot_interfaces/include/mycobot_interfaces/mycobot_interfaces/srv/detail/get_angles__functions.h
[1.024s] -- Up-to-date: /home/laptop5/mycobot_ros2/install/mycobot_interfaces/include/mycobot_interfaces/mycobot_interfaces/srv/detail/pump_status__struct.h
[1.024s] -- Up-to-date: /home/laptop5/mycobot_ros2/install/mycobot_interfaces/include/mycobot_interfaces/mycobot_interfaces/srv/detail/set_angles__functions.h
[1.025s] -- Up-to-date: /home/laptop5/mycobot_ros2/install/mycobot_interfaces/include/mycobot_interfaces/mycobot_interfaces/srv/detail/gripper_status__functions.h
[1.025s] -- Up-to-date: /home/laptop5/mycobot_ros2/install/mycobot_interfaces/include/mycobot_interfaces/mycobot_interfaces/srv/detail/get_angles__functions.c
[1.025s] -- Up-to-date: /home/laptop5/mycobot_ros2/install/mycobot_interfaces/include/mycobot_interfaces/mycobot_interfaces/srv/detail/pump_status__functions.h
[1.025s] -- Up-to-date: /home/laptop5/mycobot_ros2/install/mycobot_interfaces/include/mycobot_interfaces/mycobot_interfaces/srv/detail/pump_status__description.c
[1.026s] -- Up-to-date: /home/laptop5/mycobot_ros2/install/mycobot_interfaces/include/mycobot_interfaces/mycobot_interfaces/srv/detail/gripper_status__type_support.h
[1.026s] -- Up-to-date: /home/laptop5/mycobot_ros2/install/mycobot_interfaces/include/mycobot_interfaces/mycobot_interfaces/srv/detail/get_angles__description.c
[1.026s] -- Installing: /home/laptop5/mycobot_ros2/install/mycobot_interfaces/include/mycobot_interfaces/mycobot_interfaces/srv/detail/get_coords__type_support.c
[1.026s] -- Up-to-date: /home/laptop5/mycobot_ros2/install/mycobot_interfaces/include/mycobot_interfaces/mycobot_interfaces/srv/detail/set_angles__struct.h
[1.027s] -- Up-to-date: /home/laptop5/mycobot_ros2/install/mycobot_interfaces/include/mycobot_interfaces/mycobot_interfaces/srv/detail/set_coords__type_support.h
[1.027s] -- Up-to-date: /home/laptop5/mycobot_ros2/install/mycobot_interfaces/include/mycobot_interfaces/mycobot_interfaces/srv/detail/set_coords__functions.c
[1.027s] -- Up-to-date: /home/laptop5/mycobot_ros2/install/mycobot_interfaces/include/mycobot_interfaces/mycobot_interfaces/srv/detail/gripper_status__functions.c
[1.027s] -- Up-to-date: /home/laptop5/mycobot_ros2/install/mycobot_interfaces/include/mycobot_interfaces/mycobot_interfaces/srv/detail/gripper_status__struct.h
[1.028s] -- Up-to-date: /home/laptop5/mycobot_ros2/install/mycobot_interfaces/include/mycobot_interfaces/mycobot_interfaces/srv/detail/get_angles__type_support.h
[1.028s] -- Up-to-date: /home/laptop5/mycobot_ros2/install/mycobot_interfaces/include/mycobot_interfaces/mycobot_interfaces/srv/detail/pump_status__functions.c
[1.028s] -- Up-to-date: /home/laptop5/mycobot_ros2/install/mycobot_interfaces/include/mycobot_interfaces/mycobot_interfaces/srv/detail/set_coords__struct.h
[1.028s] -- Up-to-date: /home/laptop5/mycobot_ros2/install/mycobot_interfaces/include/mycobot_interfaces/mycobot_interfaces/srv/detail/set_coords__functions.h
[1.028s] -- Up-to-date: /home/laptop5/mycobot_ros2/install/mycobot_interfaces/include/mycobot_interfaces/mycobot_interfaces/srv/detail/get_coords__functions.c
[1.028s] -- Up-to-date: /home/laptop5/mycobot_ros2/install/mycobot_interfaces/include/mycobot_interfaces/mycobot_interfaces/srv/detail/pump_status__type_support.h
[1.029s] -- Installing: /home/laptop5/mycobot_ros2/install/mycobot_interfaces/include/mycobot_interfaces/mycobot_interfaces/srv/detail/gripper_status__type_support.c
[1.029s] -- Up-to-date: /home/laptop5/mycobot_ros2/install/mycobot_interfaces/include/mycobot_interfaces/mycobot_interfaces/srv/detail/set_angles__type_support.h
[1.029s] -- Up-to-date: /home/laptop5/mycobot_ros2/install/mycobot_interfaces/include/mycobot_interfaces/mycobot_interfaces/srv/detail/get_angles__struct.h
[1.029s] -- Up-to-date: /home/laptop5/mycobot_ros2/install/mycobot_interfaces/include/mycobot_interfaces/mycobot_interfaces/srv/detail/set_angles__functions.c
[1.029s] -- Installing: /home/laptop5/mycobot_ros2/install/mycobot_interfaces/include/mycobot_interfaces/mycobot_interfaces/srv/detail/pump_status__type_support.c
[1.030s] -- Installing: /home/laptop5/mycobot_ros2/install/mycobot_interfaces/include/mycobot_interfaces/mycobot_interfaces/srv/detail/set_angles__type_support.c
[1.030s] -- Up-to-date: /home/laptop5/mycobot_ros2/install/mycobot_interfaces/include/mycobot_interfaces/mycobot_interfaces/srv/detail/set_angles__description.c
[1.030s] -- Installing: /home/laptop5/mycobot_ros2/install/mycobot_interfaces/include/mycobot_interfaces/mycobot_interfaces/srv/detail/get_angles__type_support.c
[1.031s] -- Installing: /home/laptop5/mycobot_ros2/install/mycobot_interfaces/include/mycobot_interfaces/mycobot_interfaces/srv/detail/set_coords__type_support.c
[1.031s] -- Up-to-date: /home/laptop5/mycobot_ros2/install/mycobot_interfaces/include/mycobot_interfaces/mycobot_interfaces/srv/detail/get_coords__functions.h
[1.031s] -- Up-to-date: /home/laptop5/mycobot_ros2/install/mycobot_interfaces/include/mycobot_interfaces/mycobot_interfaces/srv/detail/get_coords__type_support.h
[1.031s] -- Up-to-date: /home/laptop5/mycobot_ros2/install/mycobot_interfaces/include/mycobot_interfaces/mycobot_interfaces/srv/detail/get_coords__struct.h
[1.031s] -- Up-to-date: /home/laptop5/mycobot_ros2/install/mycobot_interfaces/include/mycobot_interfaces/mycobot_interfaces/srv/detail/set_coords__description.c
[1.032s] -- Up-to-date: /home/laptop5/mycobot_ros2/install/mycobot_interfaces/include/mycobot_interfaces/mycobot_interfaces/srv/gripper_status.h
[1.032s] -- Up-to-date: /home/laptop5/mycobot_ros2/install/mycobot_interfaces/include/mycobot_interfaces/mycobot_interfaces/srv/set_angles.h
[1.032s] -- Up-to-date: /home/laptop5/mycobot_ros2/install/mycobot_interfaces/include/mycobot_interfaces/mycobot_interfaces/srv/get_angles.h
[1.032s] -- Up-to-date: /home/laptop5/mycobot_ros2/install/mycobot_interfaces/include/mycobot_interfaces/mycobot_interfaces/srv/set_coords.h
[1.032s] -- Up-to-date: /home/laptop5/mycobot_ros2/install/mycobot_interfaces/share/mycobot_interfaces/environment/library_path.sh
[1.032s] -- Up-to-date: /home/laptop5/mycobot_ros2/install/mycobot_interfaces/share/mycobot_interfaces/environment/library_path.dsv
[1.033s] -- Up-to-date: /home/laptop5/mycobot_ros2/install/mycobot_interfaces/lib/libmycobot_interfaces__rosidl_generator_c.so
[1.033s] -- Up-to-date: /home/laptop5/mycobot_ros2/install/mycobot_interfaces/include/mycobot_interfaces/mycobot_interfaces
[1.033s] -- Up-to-date: /home/laptop5/mycobot_ros2/install/mycobot_interfaces/include/mycobot_interfaces/mycobot_interfaces/msg
[1.033s] -- Up-to-date: /home/laptop5/mycobot_ros2/install/mycobot_interfaces/include/mycobot_interfaces/mycobot_interfaces/msg/detail
[1.033s] -- Up-to-date: /home/laptop5/mycobot_ros2/install/mycobot_interfaces/include/mycobot_interfaces/mycobot_interfaces/msg/detail/mycobot_gripper_status__rosidl_typesupport_fastrtps_c.h
[1.033s] -- Up-to-date: /home/laptop5/mycobot_ros2/install/mycobot_interfaces/include/mycobot_interfaces/mycobot_interfaces/msg/detail/mycobot_set_angles__rosidl_typesupport_fastrtps_c.h
[1.034s] -- Up-to-date: /home/laptop5/mycobot_ros2/install/mycobot_interfaces/include/mycobot_interfaces/mycobot_interfaces/msg/detail/mycobot_pump_status__rosidl_typesupport_fastrtps_c.h
[1.034s] -- Up-to-date: /home/laptop5/mycobot_ros2/install/mycobot_interfaces/include/mycobot_interfaces/mycobot_interfaces/msg/detail/mycobot_set_coords__rosidl_typesupport_fastrtps_c.h
[1.034s] -- Up-to-date: /home/laptop5/mycobot_ros2/install/mycobot_interfaces/include/mycobot_interfaces/mycobot_interfaces/msg/detail/mycobot_coords__rosidl_typesupport_fastrtps_c.h
[1.034s] -- Up-to-date: /home/laptop5/mycobot_ros2/install/mycobot_interfaces/include/mycobot_interfaces/mycobot_interfaces/msg/detail/mycobot_angles__rosidl_typesupport_fastrtps_c.h
[1.034s] -- Up-to-date: /home/laptop5/mycobot_ros2/install/mycobot_interfaces/include/mycobot_interfaces/mycobot_interfaces/msg/rosidl_typesupport_fastrtps_c__visibility_control.h
[1.034s] -- Up-to-date: /home/laptop5/mycobot_ros2/install/mycobot_interfaces/include/mycobot_interfaces/mycobot_interfaces/srv
[1.035s] -- Up-to-date: /home/laptop5/mycobot_ros2/install/mycobot_interfaces/include/mycobot_interfaces/mycobot_interfaces/srv/detail
[1.035s] -- Up-to-date: /home/laptop5/mycobot_ros2/install/mycobot_interfaces/include/mycobot_interfaces/mycobot_interfaces/srv/detail/set_coords__rosidl_typesupport_fastrtps_c.h
[1.035s] -- Up-to-date: /home/laptop5/mycobot_ros2/install/mycobot_interfaces/include/mycobot_interfaces/mycobot_interfaces/srv/detail/get_angles__rosidl_typesupport_fastrtps_c.h
[1.035s] -- Up-to-date: /home/laptop5/mycobot_ros2/install/mycobot_interfaces/include/mycobot_interfaces/mycobot_interfaces/srv/detail/set_angles__rosidl_typesupport_fastrtps_c.h
[1.035s] -- Up-to-date: /home/laptop5/mycobot_ros2/install/mycobot_interfaces/include/mycobot_interfaces/mycobot_interfaces/srv/detail/gripper_status__rosidl_typesupport_fastrtps_c.h
[1.035s] -- Up-to-date: /home/laptop5/mycobot_ros2/install/mycobot_interfaces/include/mycobot_interfaces/mycobot_interfaces/srv/detail/get_coords__rosidl_typesupport_fastrtps_c.h
[1.035s] -- Up-to-date: /home/laptop5/mycobot_ros2/install/mycobot_interfaces/include/mycobot_interfaces/mycobot_interfaces/srv/detail/pump_status__rosidl_typesupport_fastrtps_c.h
[1.036s] -- Up-to-date: /home/laptop5/mycobot_ros2/install/mycobot_interfaces/lib/libmycobot_interfaces__rosidl_typesupport_fastrtps_c.so
[1.036s] -- Up-to-date: /home/laptop5/mycobot_ros2/install/mycobot_interfaces/include/mycobot_interfaces/mycobot_interfaces
[1.036s] -- Up-to-date: /home/laptop5/mycobot_ros2/install/mycobot_interfaces/include/mycobot_interfaces/mycobot_interfaces/msg
[1.036s] -- Up-to-date: /home/laptop5/mycobot_ros2/install/mycobot_interfaces/include/mycobot_interfaces/mycobot_interfaces/msg/rosidl_typesupport_introspection_c__visibility_control.h
[1.036s] -- Up-to-date: /home/laptop5/mycobot_ros2/install/mycobot_interfaces/include/mycobot_interfaces/mycobot_interfaces/msg/detail
[1.037s] -- Up-to-date: /home/laptop5/mycobot_ros2/install/mycobot_interfaces/include/mycobot_interfaces/mycobot_interfaces/msg/detail/mycobot_coords__rosidl_typesupport_introspection_c.h
[1.037s] -- Installing: /home/laptop5/mycobot_ros2/install/mycobot_interfaces/include/mycobot_interfaces/mycobot_interfaces/msg/detail/mycobot_pump_status__type_support.c
[1.037s] -- Installing: /home/laptop5/mycobot_ros2/install/mycobot_interfaces/include/mycobot_interfaces/mycobot_interfaces/msg/detail/mycobot_set_angles__type_support.c
[1.037s] -- Up-to-date: /home/laptop5/mycobot_ros2/install/mycobot_interfaces/include/mycobot_interfaces/mycobot_interfaces/msg/detail/mycobot_gripper_status__rosidl_typesupport_introspection_c.h
[1.037s] -- Installing: /home/laptop5/mycobot_ros2/install/mycobot_interfaces/include/mycobot_interfaces/mycobot_interfaces/msg/detail/mycobot_gripper_status__type_support.c
[1.037s] -- Up-to-date: /home/laptop5/mycobot_ros2/install/mycobot_interfaces/include/mycobot_interfaces/mycobot_interfaces/msg/detail/mycobot_angles__rosidl_typesupport_introspection_c.h
[1.037s] -- Up-to-date: /home/laptop5/mycobot_ros2/install/mycobot_interfaces/include/mycobot_interfaces/mycobot_interfaces/msg/detail/mycobot_set_coords__rosidl_typesupport_introspection_c.h
[1.038s] -- Installing: /home/laptop5/mycobot_ros2/install/mycobot_interfaces/include/mycobot_interfaces/mycobot_interfaces/msg/detail/mycobot_angles__type_support.c
[1.038s] -- Up-to-date: /home/laptop5/mycobot_ros2/install/mycobot_interfaces/include/mycobot_interfaces/mycobot_interfaces/msg/detail/mycobot_pump_status__rosidl_typesupport_introspection_c.h
[1.038s] -- Up-to-date: /home/laptop5/mycobot_ros2/install/mycobot_interfaces/include/mycobot_interfaces/mycobot_interfaces/msg/detail/mycobot_set_angles__rosidl_typesupport_introspection_c.h
[1.038s] -- Installing: /home/laptop5/mycobot_ros2/install/mycobot_interfaces/include/mycobot_interfaces/mycobot_interfaces/msg/detail/mycobot_coords__type_support.c
[1.038s] -- Installing: /home/laptop5/mycobot_ros2/install/mycobot_interfaces/include/mycobot_interfaces/mycobot_interfaces/msg/detail/mycobot_set_coords__type_support.c
[1.038s] -- Up-to-date: /home/laptop5/mycobot_ros2/install/mycobot_interfaces/include/mycobot_interfaces/mycobot_interfaces/srv
[1.039s] -- Up-to-date: /home/laptop5/mycobot_ros2/install/mycobot_interfaces/include/mycobot_interfaces/mycobot_interfaces/srv/detail
[1.039s] -- Up-to-date: /home/laptop5/mycobot_ros2/install/mycobot_interfaces/include/mycobot_interfaces/mycobot_interfaces/srv/detail/set_angles__rosidl_typesupport_introspection_c.h
[1.039s] -- Up-to-date: /home/laptop5/mycobot_ros2/install/mycobot_interfaces/include/mycobot_interfaces/mycobot_interfaces/srv/detail/pump_status__rosidl_typesupport_introspection_c.h
[1.039s] -- Up-to-date: /home/laptop5/mycobot_ros2/install/mycobot_interfaces/include/mycobot_interfaces/mycobot_interfaces/srv/detail/get_angles__rosidl_typesupport_introspection_c.h
[1.039s] -- Installing: /home/laptop5/mycobot_ros2/install/mycobot_interfaces/include/mycobot_interfaces/mycobot_interfaces/srv/detail/get_coords__type_support.c
[1.039s] -- Installing: /home/laptop5/mycobot_ros2/install/mycobot_interfaces/include/mycobot_interfaces/mycobot_interfaces/srv/detail/gripper_status__type_support.c
[1.040s] -- Up-to-date: /home/laptop5/mycobot_ros2/install/mycobot_interfaces/include/mycobot_interfaces/mycobot_interfaces/srv/detail/get_coords__rosidl_typesupport_introspection_c.h
[1.040s] -- Installing: /home/laptop5/mycobot_ros2/install/mycobot_interfaces/include/mycobot_interfaces/mycobot_interfaces/srv/detail/pump_status__type_support.c
[1.040s] -- Up-to-date: /home/laptop5/mycobot_ros2/install/mycobot_interfaces/include/mycobot_interfaces/mycobot_interfaces/srv/detail/set_coords__rosidl_typesupport_introspection_c.h
[1.040s] -- Installing: /home/laptop5/mycobot_ros2/install/mycobot_interfaces/include/mycobot_interfaces/mycobot_interfaces/srv/detail/set_angles__type_support.c
[1.040s] -- Installing: /home/laptop5/mycobot_ros2/install/mycobot_interfaces/include/mycobot_interfaces/mycobot_interfaces/srv/detail/get_angles__type_support.c
[1.040s] -- Installing: /home/laptop5/mycobot_ros2/install/mycobot_interfaces/include/mycobot_interfaces/mycobot_interfaces/srv/detail/set_coords__type_support.c
[1.041s] -- Up-to-date: /home/laptop5/mycobot_ros2/install/mycobot_interfaces/include/mycobot_interfaces/mycobot_interfaces/srv/detail/gripper_status__rosidl_typesupport_introspection_c.h
[1.041s] -- Up-to-date: /home/laptop5/mycobot_ros2/install/mycobot_interfaces/lib/libmycobot_interfaces__rosidl_typesupport_introspection_c.so
[1.041s] -- Up-to-date: /home/laptop5/mycobot_ros2/install/mycobot_interfaces/lib/libmycobot_interfaces__rosidl_typesupport_c.so
[1.041s] -- Up-to-date: /home/laptop5/mycobot_ros2/install/mycobot_interfaces/include/mycobot_interfaces/mycobot_interfaces
[1.041s] -- Up-to-date: /home/laptop5/mycobot_ros2/install/mycobot_interfaces/include/mycobot_interfaces/mycobot_interfaces/msg
[1.041s] -- Up-to-date: /home/laptop5/mycobot_ros2/install/mycobot_interfaces/include/mycobot_interfaces/mycobot_interfaces/msg/mycobot_set_angles.hpp
[1.042s] -- Up-to-date: /home/laptop5/mycobot_ros2/install/mycobot_interfaces/include/mycobot_interfaces/mycobot_interfaces/msg/mycobot_gripper_status.hpp
[1.042s] -- Up-to-date: /home/laptop5/mycobot_ros2/install/mycobot_interfaces/include/mycobot_interfaces/mycobot_interfaces/msg/detail
[1.042s] -- Up-to-date: /home/laptop5/mycobot_ros2/install/mycobot_interfaces/include/mycobot_interfaces/mycobot_interfaces/msg/detail/mycobot_angles__traits.hpp
[1.042s] -- Up-to-date: /home/laptop5/mycobot_ros2/install/mycobot_interfaces/include/mycobot_interfaces/mycobot_interfaces/msg/detail/mycobot_set_angles__traits.hpp
[1.042s] -- Up-to-date: /home/laptop5/mycobot_ros2/install/mycobot_interfaces/include/mycobot_interfaces/mycobot_interfaces/msg/detail/mycobot_set_angles__struct.hpp
[1.042s] -- Up-to-date: /home/laptop5/mycobot_ros2/install/mycobot_interfaces/include/mycobot_interfaces/mycobot_interfaces/msg/detail/mycobot_set_angles__type_support.hpp
[1.043s] -- Up-to-date: /home/laptop5/mycobot_ros2/install/mycobot_interfaces/include/mycobot_interfaces/mycobot_interfaces/msg/detail/mycobot_set_coords__traits.hpp
[1.043s] -- Up-to-date: /home/laptop5/mycobot_ros2/install/mycobot_interfaces/include/mycobot_interfaces/mycobot_interfaces/msg/detail/mycobot_angles__type_support.hpp
[1.043s] -- Up-to-date: /home/laptop5/mycobot_ros2/install/mycobot_interfaces/include/mycobot_interfaces/mycobot_interfaces/msg/detail/mycobot_set_coords__builder.hpp
[1.043s] -- Up-to-date: /home/laptop5/mycobot_ros2/install/mycobot_interfaces/include/mycobot_interfaces/mycobot_interfaces/msg/detail/mycobot_coords__traits.hpp
[1.043s] -- Up-to-date: /home/laptop5/mycobot_ros2/install/mycobot_interfaces/include/mycobot_interfaces/mycobot_interfaces/msg/detail/mycobot_set_coords__struct.hpp
[1.043s] -- Up-to-date: /home/laptop5/mycobot_ros2/install/mycobot_interfaces/include/mycobot_interfaces/mycobot_interfaces/msg/detail/mycobot_gripper_status__type_support.hpp
[1.044s] -- Up-to-date: /home/laptop5/mycobot_ros2/install/mycobot_interfaces/include/mycobot_interfaces/mycobot_interfaces/msg/detail/mycobot_gripper_status__traits.hpp
[1.044s] -- Up-to-date: /home/laptop5/mycobot_ros2/install/mycobot_interfaces/include/mycobot_interfaces/mycobot_interfaces/msg/detail/mycobot_gripper_status__builder.hpp
[1.044s] -- Up-to-date: /home/laptop5/mycobot_ros2/install/mycobot_interfaces/include/mycobot_interfaces/mycobot_interfaces/msg/detail/mycobot_pump_status__type_support.hpp
[1.044s] -- Up-to-date: /home/laptop5/mycobot_ros2/install/mycobot_interfaces/include/mycobot_interfaces/mycobot_interfaces/msg/detail/mycobot_set_coords__type_support.hpp
[1.044s] -- Up-to-date: /home/laptop5/mycobot_ros2/install/mycobot_interfaces/include/mycobot_interfaces/mycobot_interfaces/msg/detail/mycobot_set_angles__builder.hpp
[1.044s] -- Up-to-date: /home/laptop5/mycobot_ros2/install/mycobot_interfaces/include/mycobot_interfaces/mycobot_interfaces/msg/detail/mycobot_pump_status__traits.hpp
[1.045s] -- Up-to-date: /home/laptop5/mycobot_ros2/install/mycobot_interfaces/include/mycobot_interfaces/mycobot_interfaces/msg/detail/mycobot_gripper_status__struct.hpp
[1.045s] -- Up-to-date: /home/laptop5/mycobot_ros2/install/mycobot_interfaces/include/mycobot_interfaces/mycobot_interfaces/msg/detail/mycobot_pump_status__struct.hpp
[1.045s] -- Up-to-date: /home/laptop5/mycobot_ros2/install/mycobot_interfaces/include/mycobot_interfaces/mycobot_interfaces/msg/detail/mycobot_angles__struct.hpp
[1.045s] -- Up-to-date: /home/laptop5/mycobot_ros2/install/mycobot_interfaces/include/mycobot_interfaces/mycobot_interfaces/msg/detail/mycobot_pump_status__builder.hpp
[1.045s] -- Up-to-date: /home/laptop5/mycobot_ros2/install/mycobot_interfaces/include/mycobot_interfaces/mycobot_interfaces/msg/detail/mycobot_coords__builder.hpp
[1.045s] -- Up-to-date: /home/laptop5/mycobot_ros2/install/mycobot_interfaces/include/mycobot_interfaces/mycobot_interfaces/msg/detail/mycobot_coords__struct.hpp
[1.046s] -- Up-to-date: /home/laptop5/mycobot_ros2/install/mycobot_interfaces/include/mycobot_interfaces/mycobot_interfaces/msg/detail/mycobot_coords__type_support.hpp
[1.046s] -- Up-to-date: /home/laptop5/mycobot_ros2/install/mycobot_interfaces/include/mycobot_interfaces/mycobot_interfaces/msg/detail/mycobot_angles__builder.hpp
[1.046s] -- Up-to-date: /home/laptop5/mycobot_ros2/install/mycobot_interfaces/include/mycobot_interfaces/mycobot_interfaces/msg/mycobot_set_coords.hpp
[1.046s] -- Up-to-date: /home/laptop5/mycobot_ros2/install/mycobot_interfaces/include/mycobot_interfaces/mycobot_interfaces/msg/mycobot_angles.hpp
[1.046s] -- Up-to-date: /home/laptop5/mycobot_ros2/install/mycobot_interfaces/include/mycobot_interfaces/mycobot_interfaces/msg/mycobot_coords.hpp
[1.047s] -- Up-to-date: /home/laptop5/mycobot_ros2/install/mycobot_interfaces/include/mycobot_interfaces/mycobot_interfaces/msg/rosidl_generator_cpp__visibility_control.hpp
[1.047s] -- Up-to-date: /home/laptop5/mycobot_ros2/install/mycobot_interfaces/include/mycobot_interfaces/mycobot_interfaces/msg/mycobot_pump_status.hpp
[1.047s] -- Up-to-date: /home/laptop5/mycobot_ros2/install/mycobot_interfaces/include/mycobot_interfaces/mycobot_interfaces/srv
[1.047s] -- Up-to-date: /home/laptop5/mycobot_ros2/install/mycobot_interfaces/include/mycobot_interfaces/mycobot_interfaces/srv/get_coords.hpp
[1.047s] -- Up-to-date: /home/laptop5/mycobot_ros2/install/mycobot_interfaces/include/mycobot_interfaces/mycobot_interfaces/srv/set_angles.hpp
[1.047s] -- Up-to-date: /home/laptop5/mycobot_ros2/install/mycobot_interfaces/include/mycobot_interfaces/mycobot_interfaces/srv/set_coords.hpp
[1.048s] -- Up-to-date: /home/laptop5/mycobot_ros2/install/mycobot_interfaces/include/mycobot_interfaces/mycobot_interfaces/srv/detail
[1.048s] -- Up-to-date: /home/laptop5/mycobot_ros2/install/mycobot_interfaces/include/mycobot_interfaces/mycobot_interfaces/srv/detail/gripper_status__type_support.hpp
[1.048s] -- Up-to-date: /home/laptop5/mycobot_ros2/install/mycobot_interfaces/include/mycobot_interfaces/mycobot_interfaces/srv/detail/set_coords__builder.hpp
[1.048s] -- Up-to-date: /home/laptop5/mycobot_ros2/install/mycobot_interfaces/include/mycobot_interfaces/mycobot_interfaces/srv/detail/set_coords__struct.hpp
[1.048s] -- Up-to-date: /home/laptop5/mycobot_ros2/install/mycobot_interfaces/include/mycobot_interfaces/mycobot_interfaces/srv/detail/set_angles__builder.hpp
[1.048s] -- Up-to-date: /home/laptop5/mycobot_ros2/install/mycobot_interfaces/include/mycobot_interfaces/mycobot_interfaces/srv/detail/get_angles__struct.hpp
[1.049s] -- Up-to-date: /home/laptop5/mycobot_ros2/install/mycobot_interfaces/include/mycobot_interfaces/mycobot_interfaces/srv/detail/pump_status__traits.hpp
[1.049s] -- Up-to-date: /home/laptop5/mycobot_ros2/install/mycobot_interfaces/include/mycobot_interfaces/mycobot_interfaces/srv/detail/gripper_status__builder.hpp
[1.049s] -- Up-to-date: /home/laptop5/mycobot_ros2/install/mycobot_interfaces/include/mycobot_interfaces/mycobot_interfaces/srv/detail/get_coords__struct.hpp
[1.049s] -- Up-to-date: /home/laptop5/mycobot_ros2/install/mycobot_interfaces/include/mycobot_interfaces/mycobot_interfaces/srv/detail/pump_status__struct.hpp
[1.049s] -- Up-to-date: /home/laptop5/mycobot_ros2/install/mycobot_interfaces/include/mycobot_interfaces/mycobot_interfaces/srv/detail/get_angles__traits.hpp
[1.049s] -- Up-to-date: /home/laptop5/mycobot_ros2/install/mycobot_interfaces/include/mycobot_interfaces/mycobot_interfaces/srv/detail/gripper_status__struct.hpp
[1.050s] -- Up-to-date: /home/laptop5/mycobot_ros2/install/mycobot_interfaces/include/mycobot_interfaces/mycobot_interfaces/srv/detail/get_coords__traits.hpp
[1.050s] -- Up-to-date: /home/laptop5/mycobot_ros2/install/mycobot_interfaces/include/mycobot_interfaces/mycobot_interfaces/srv/detail/set_angles__traits.hpp
[1.050s] -- Up-to-date: /home/laptop5/mycobot_ros2/install/mycobot_interfaces/include/mycobot_interfaces/mycobot_interfaces/srv/detail/get_coords__type_support.hpp
[1.050s] -- Up-to-date: /home/laptop5/mycobot_ros2/install/mycobot_interfaces/include/mycobot_interfaces/mycobot_interfaces/srv/detail/set_coords__type_support.hpp
[1.050s] -- Up-to-date: /home/laptop5/mycobot_ros2/install/mycobot_interfaces/include/mycobot_interfaces/mycobot_interfaces/srv/detail/gripper_status__traits.hpp
[1.050s] -- Up-to-date: /home/laptop5/mycobot_ros2/install/mycobot_interfaces/include/mycobot_interfaces/mycobot_interfaces/srv/detail/get_coords__builder.hpp
[1.051s] -- Up-to-date: /home/laptop5/mycobot_ros2/install/mycobot_interfaces/include/mycobot_interfaces/mycobot_interfaces/srv/detail/set_angles__struct.hpp
[1.051s] -- Up-to-date: /home/laptop5/mycobot_ros2/install/mycobot_interfaces/include/mycobot_interfaces/mycobot_interfaces/srv/detail/pump_status__type_support.hpp
[1.051s] -- Up-to-date: /home/laptop5/mycobot_ros2/install/mycobot_interfaces/include/mycobot_interfaces/mycobot_interfaces/srv/detail/get_angles__type_support.hpp
[1.051s] -- Up-to-date: /home/laptop5/mycobot_ros2/install/mycobot_interfaces/include/mycobot_interfaces/mycobot_interfaces/srv/detail/set_angles__type_support.hpp
[1.051s] -- Up-to-date: /home/laptop5/mycobot_ros2/install/mycobot_interfaces/include/mycobot_interfaces/mycobot_interfaces/srv/detail/get_angles__builder.hpp
[1.051s] -- Up-to-date: /home/laptop5/mycobot_ros2/install/mycobot_interfaces/include/mycobot_interfaces/mycobot_interfaces/srv/detail/set_coords__traits.hpp
[1.052s] -- Up-to-date: /home/laptop5/mycobot_ros2/install/mycobot_interfaces/include/mycobot_interfaces/mycobot_interfaces/srv/detail/pump_status__builder.hpp
[1.052s] -- Up-to-date: /home/laptop5/mycobot_ros2/install/mycobot_interfaces/include/mycobot_interfaces/mycobot_interfaces/srv/get_angles.hpp
[1.052s] -- Up-to-date: /home/laptop5/mycobot_ros2/install/mycobot_interfaces/include/mycobot_interfaces/mycobot_interfaces/srv/gripper_status.hpp
[1.052s] -- Up-to-date: /home/laptop5/mycobot_ros2/install/mycobot_interfaces/include/mycobot_interfaces/mycobot_interfaces/srv/pump_status.hpp
[1.052s] -- Up-to-date: /home/laptop5/mycobot_ros2/install/mycobot_interfaces/include/mycobot_interfaces/mycobot_interfaces
[1.052s] -- Up-to-date: /home/laptop5/mycobot_ros2/install/mycobot_interfaces/include/mycobot_interfaces/mycobot_interfaces/msg
[1.053s] -- Up-to-date: /home/laptop5/mycobot_ros2/install/mycobot_interfaces/include/mycobot_interfaces/mycobot_interfaces/msg/detail
[1.053s] -- Up-to-date: /home/laptop5/mycobot_ros2/install/mycobot_interfaces/include/mycobot_interfaces/mycobot_interfaces/msg/detail/dds_fastrtps
[1.053s] -- Up-to-date: /home/laptop5/mycobot_ros2/install/mycobot_interfaces/include/mycobot_interfaces/mycobot_interfaces/msg/detail/mycobot_pump_status__rosidl_typesupport_fastrtps_cpp.hpp
[1.053s] -- Up-to-date: /home/laptop5/mycobot_ros2/install/mycobot_interfaces/include/mycobot_interfaces/mycobot_interfaces/msg/detail/mycobot_coords__rosidl_typesupport_fastrtps_cpp.hpp
[1.053s] -- Up-to-date: /home/laptop5/mycobot_ros2/install/mycobot_interfaces/include/mycobot_interfaces/mycobot_interfaces/msg/detail/mycobot_set_coords__rosidl_typesupport_fastrtps_cpp.hpp
[1.053s] -- Up-to-date: /home/laptop5/mycobot_ros2/install/mycobot_interfaces/include/mycobot_interfaces/mycobot_interfaces/msg/detail/mycobot_set_angles__rosidl_typesupport_fastrtps_cpp.hpp
[1.054s] -- Up-to-date: /home/laptop5/mycobot_ros2/install/mycobot_interfaces/include/mycobot_interfaces/mycobot_interfaces/msg/detail/mycobot_gripper_status__rosidl_typesupport_fastrtps_cpp.hpp
[1.054s] -- Up-to-date: /home/laptop5/mycobot_ros2/install/mycobot_interfaces/include/mycobot_interfaces/mycobot_interfaces/msg/detail/mycobot_angles__rosidl_typesupport_fastrtps_cpp.hpp
[1.054s] -- Up-to-date: /home/laptop5/mycobot_ros2/install/mycobot_interfaces/include/mycobot_interfaces/mycobot_interfaces/msg/rosidl_typesupport_fastrtps_cpp__visibility_control.h
[1.054s] -- Up-to-date: /home/laptop5/mycobot_ros2/install/mycobot_interfaces/include/mycobot_interfaces/mycobot_interfaces/srv
[1.054s] -- Up-to-date: /home/laptop5/mycobot_ros2/install/mycobot_interfaces/include/mycobot_interfaces/mycobot_interfaces/srv/detail
[1.054s] -- Up-to-date: /home/laptop5/mycobot_ros2/install/mycobot_interfaces/include/mycobot_interfaces/mycobot_interfaces/srv/detail/pump_status__rosidl_typesupport_fastrtps_cpp.hpp
[1.055s] -- Up-to-date: /home/laptop5/mycobot_ros2/install/mycobot_interfaces/include/mycobot_interfaces/mycobot_interfaces/srv/detail/set_angles__rosidl_typesupport_fastrtps_cpp.hpp
[1.055s] -- Up-to-date: /home/laptop5/mycobot_ros2/install/mycobot_interfaces/include/mycobot_interfaces/mycobot_interfaces/srv/detail/set_coords__rosidl_typesupport_fastrtps_cpp.hpp
[1.055s] -- Up-to-date: /home/laptop5/mycobot_ros2/install/mycobot_interfaces/include/mycobot_interfaces/mycobot_interfaces/srv/detail/dds_fastrtps
[1.055s] -- Up-to-date: /home/laptop5/mycobot_ros2/install/mycobot_interfaces/include/mycobot_interfaces/mycobot_interfaces/srv/detail/get_angles__rosidl_typesupport_fastrtps_cpp.hpp
[1.055s] -- Up-to-date: /home/laptop5/mycobot_ros2/install/mycobot_interfaces/include/mycobot_interfaces/mycobot_interfaces/srv/detail/gripper_status__rosidl_typesupport_fastrtps_cpp.hpp
[1.055s] -- Up-to-date: /home/laptop5/mycobot_ros2/install/mycobot_interfaces/include/mycobot_interfaces/mycobot_interfaces/srv/detail/get_coords__rosidl_typesupport_fastrtps_cpp.hpp
[1.056s] -- Up-to-date: /home/laptop5/mycobot_ros2/install/mycobot_interfaces/lib/libmycobot_interfaces__rosidl_typesupport_fastrtps_cpp.so
[1.056s] -- Up-to-date: /home/laptop5/mycobot_ros2/install/mycobot_interfaces/include/mycobot_interfaces/mycobot_interfaces
[1.056s] -- Up-to-date: /home/laptop5/mycobot_ros2/install/mycobot_interfaces/include/mycobot_interfaces/mycobot_interfaces/msg
[1.056s] -- Up-to-date: /home/laptop5/mycobot_ros2/install/mycobot_interfaces/include/mycobot_interfaces/mycobot_interfaces/msg/detail
[1.056s] -- Up-to-date: /home/laptop5/mycobot_ros2/install/mycobot_interfaces/include/mycobot_interfaces/mycobot_interfaces/msg/detail/mycobot_gripper_status__rosidl_typesupport_introspection_cpp.hpp
[1.056s] -- Up-to-date: /home/laptop5/mycobot_ros2/install/mycobot_interfaces/include/mycobot_interfaces/mycobot_interfaces/msg/detail/mycobot_set_coords__rosidl_typesupport_introspection_cpp.hpp
[1.057s] -- Up-to-date: /home/laptop5/mycobot_ros2/install/mycobot_interfaces/include/mycobot_interfaces/mycobot_interfaces/msg/detail/mycobot_set_coords__type_support.cpp
[1.057s] -- Up-to-date: /home/laptop5/mycobot_ros2/install/mycobot_interfaces/include/mycobot_interfaces/mycobot_interfaces/msg/detail/mycobot_angles__type_support.cpp
[1.057s] -- Up-to-date: /home/laptop5/mycobot_ros2/install/mycobot_interfaces/include/mycobot_interfaces/mycobot_interfaces/msg/detail/mycobot_set_angles__type_support.cpp
[1.057s] -- Up-to-date: /home/laptop5/mycobot_ros2/install/mycobot_interfaces/include/mycobot_interfaces/mycobot_interfaces/msg/detail/mycobot_pump_status__type_support.cpp
[1.057s] -- Up-to-date: /home/laptop5/mycobot_ros2/install/mycobot_interfaces/include/mycobot_interfaces/mycobot_interfaces/msg/detail/mycobot_pump_status__rosidl_typesupport_introspection_cpp.hpp
[1.057s] -- Up-to-date: /home/laptop5/mycobot_ros2/install/mycobot_interfaces/include/mycobot_interfaces/mycobot_interfaces/msg/detail/mycobot_coords__type_support.cpp
[1.058s] -- Up-to-date: /home/laptop5/mycobot_ros2/install/mycobot_interfaces/include/mycobot_interfaces/mycobot_interfaces/msg/detail/mycobot_gripper_status__type_support.cpp
[1.058s] -- Up-to-date: /home/laptop5/mycobot_ros2/install/mycobot_interfaces/include/mycobot_interfaces/mycobot_interfaces/msg/detail/mycobot_set_angles__rosidl_typesupport_introspection_cpp.hpp
[1.058s] -- Up-to-date: /home/laptop5/mycobot_ros2/install/mycobot_interfaces/include/mycobot_interfaces/mycobot_interfaces/msg/detail/mycobot_coords__rosidl_typesupport_introspection_cpp.hpp
[1.058s] -- Up-to-date: /home/laptop5/mycobot_ros2/install/mycobot_interfaces/include/mycobot_interfaces/mycobot_interfaces/msg/detail/mycobot_angles__rosidl_typesupport_introspection_cpp.hpp
[1.058s] -- Up-to-date: /home/laptop5/mycobot_ros2/install/mycobot_interfaces/include/mycobot_interfaces/mycobot_interfaces/srv
[1.058s] -- Up-to-date: /home/laptop5/mycobot_ros2/install/mycobot_interfaces/include/mycobot_interfaces/mycobot_interfaces/srv/detail
[1.059s] -- Up-to-date: /home/laptop5/mycobot_ros2/install/mycobot_interfaces/include/mycobot_interfaces/mycobot_interfaces/srv/detail/gripper_status__type_support.cpp
[1.059s] -- Up-to-date: /home/laptop5/mycobot_ros2/install/mycobot_interfaces/include/mycobot_interfaces/mycobot_interfaces/srv/detail/get_angles__rosidl_typesupport_introspection_cpp.hpp
[1.059s] -- Up-to-date: /home/laptop5/mycobot_ros2/install/mycobot_interfaces/include/mycobot_interfaces/mycobot_interfaces/srv/detail/pump_status__rosidl_typesupport_introspection_cpp.hpp
[1.059s] -- Up-to-date: /home/laptop5/mycobot_ros2/install/mycobot_interfaces/include/mycobot_interfaces/mycobot_interfaces/srv/detail/gripper_status__rosidl_typesupport_introspection_cpp.hpp
[1.059s] -- Up-to-date: /home/laptop5/mycobot_ros2/install/mycobot_interfaces/include/mycobot_interfaces/mycobot_interfaces/srv/detail/set_angles__type_support.cpp
[1.060s] -- Up-to-date: /home/laptop5/mycobot_ros2/install/mycobot_interfaces/include/mycobot_interfaces/mycobot_interfaces/srv/detail/set_angles__rosidl_typesupport_introspection_cpp.hpp
[1.060s] -- Up-to-date: /home/laptop5/mycobot_ros2/install/mycobot_interfaces/include/mycobot_interfaces/mycobot_interfaces/srv/detail/pump_status__type_support.cpp
[1.060s] -- Up-to-date: /home/laptop5/mycobot_ros2/install/mycobot_interfaces/include/mycobot_interfaces/mycobot_interfaces/srv/detail/get_coords__type_support.cpp
[1.060s] -- Up-to-date: /home/laptop5/mycobot_ros2/install/mycobot_interfaces/include/mycobot_interfaces/mycobot_interfaces/srv/detail/set_coords__type_support.cpp
[1.060s] -- Up-to-date: /home/laptop5/mycobot_ros2/install/mycobot_interfaces/include/mycobot_interfaces/mycobot_interfaces/srv/detail/set_coords__rosidl_typesupport_introspection_cpp.hpp
[1.060s] -- Up-to-date: /home/laptop5/mycobot_ros2/install/mycobot_interfaces/include/mycobot_interfaces/mycobot_interfaces/srv/detail/get_angles__type_support.cpp
[1.061s] -- Up-to-date: /home/laptop5/mycobot_ros2/install/mycobot_interfaces/include/mycobot_interfaces/mycobot_interfaces/srv/detail/get_coords__rosidl_typesupport_introspection_cpp.hpp
[1.061s] -- Up-to-date: /home/laptop5/mycobot_ros2/install/mycobot_interfaces/lib/libmycobot_interfaces__rosidl_typesupport_introspection_cpp.so
[1.061s] -- Up-to-date: /home/laptop5/mycobot_ros2/install/mycobot_interfaces/lib/libmycobot_interfaces__rosidl_typesupport_cpp.so
[1.061s] -- Up-to-date: /home/laptop5/mycobot_ros2/install/mycobot_interfaces/share/mycobot_interfaces/environment/pythonpath.sh
[1.061s] -- Up-to-date: /home/laptop5/mycobot_ros2/install/mycobot_interfaces/share/mycobot_interfaces/environment/pythonpath.dsv
[1.061s] -- Up-to-date: /home/laptop5/mycobot_ros2/install/mycobot_interfaces/lib/python3.12/site-packages/mycobot_interfaces-0.0.0-py3.12.egg-info
[1.062s] -- Installing: /home/laptop5/mycobot_ros2/install/mycobot_interfaces/lib/python3.12/site-packages/mycobot_interfaces-0.0.0-py3.12.egg-info/dependency_links.txt
[1.062s] -- Installing: /home/laptop5/mycobot_ros2/install/mycobot_interfaces/lib/python3.12/site-packages/mycobot_interfaces-0.0.0-py3.12.egg-info/PKG-INFO
[1.062s] -- Installing: /home/laptop5/mycobot_ros2/install/mycobot_interfaces/lib/python3.12/site-packages/mycobot_interfaces-0.0.0-py3.12.egg-info/SOURCES.txt
[1.062s] -- Installing: /home/laptop5/mycobot_ros2/install/mycobot_interfaces/lib/python3.12/site-packages/mycobot_interfaces-0.0.0-py3.12.egg-info/top_level.txt
[1.062s] -- Up-to-date: /home/laptop5/mycobot_ros2/install/mycobot_interfaces/lib/python3.12/site-packages/mycobot_interfaces
[1.062s] -- Up-to-date: /home/laptop5/mycobot_ros2/install/mycobot_interfaces/lib/python3.12/site-packages/mycobot_interfaces/__init__.py
[1.063s] -- Up-to-date: /home/laptop5/mycobot_ros2/install/mycobot_interfaces/lib/python3.12/site-packages/mycobot_interfaces/mycobot_interfaces_s__rosidl_typesupport_introspection_c.so
[1.063s] -- Up-to-date: /home/laptop5/mycobot_ros2/install/mycobot_interfaces/lib/python3.12/site-packages/mycobot_interfaces/_mycobot_interfaces_s.ep.rosidl_typesupport_introspection_c.c
[1.063s] -- Up-to-date: /home/laptop5/mycobot_ros2/install/mycobot_interfaces/lib/python3.12/site-packages/mycobot_interfaces/mycobot_interfaces_s__rosidl_typesupport_fastrtps_c.so
[1.063s] -- Up-to-date: /home/laptop5/mycobot_ros2/install/mycobot_interfaces/lib/python3.12/site-packages/mycobot_interfaces/msg
[1.063s] -- Up-to-date: /home/laptop5/mycobot_ros2/install/mycobot_interfaces/lib/python3.12/site-packages/mycobot_interfaces/msg/_mycobot_gripper_status_s.c
[1.063s] -- Up-to-date: /home/laptop5/mycobot_ros2/install/mycobot_interfaces/lib/python3.12/site-packages/mycobot_interfaces/msg/__init__.py
[1.064s] -- Up-to-date: /home/laptop5/mycobot_ros2/install/mycobot_interfaces/lib/python3.12/site-packages/mycobot_interfaces/msg/_mycobot_coords_s.c
[1.064s] -- Up-to-date: /home/laptop5/mycobot_ros2/install/mycobot_interfaces/lib/python3.12/site-packages/mycobot_interfaces/msg/_mycobot_angles.py
[1.064s] -- Up-to-date: /home/laptop5/mycobot_ros2/install/mycobot_interfaces/lib/python3.12/site-packages/mycobot_interfaces/msg/_mycobot_pump_status.py
[1.064s] -- Up-to-date: /home/laptop5/mycobot_ros2/install/mycobot_interfaces/lib/python3.12/site-packages/mycobot_interfaces/msg/_mycobot_set_coords_s.c
[1.064s] -- Up-to-date: /home/laptop5/mycobot_ros2/install/mycobot_interfaces/lib/python3.12/site-packages/mycobot_interfaces/msg/_mycobot_gripper_status.py
[1.064s] -- Up-to-date: /home/laptop5/mycobot_ros2/install/mycobot_interfaces/lib/python3.12/site-packages/mycobot_interfaces/msg/_mycobot_coords.py
[1.065s] -- Up-to-date: /home/laptop5/mycobot_ros2/install/mycobot_interfaces/lib/python3.12/site-packages/mycobot_interfaces/msg/_mycobot_set_coords.py
[1.065s] -- Up-to-date: /home/laptop5/mycobot_ros2/install/mycobot_interfaces/lib/python3.12/site-packages/mycobot_interfaces/msg/_mycobot_set_angles.py
[1.065s] -- Up-to-date: /home/laptop5/mycobot_ros2/install/mycobot_interfaces/lib/python3.12/site-packages/mycobot_interfaces/msg/_mycobot_set_angles_s.c
[1.065s] -- Up-to-date: /home/laptop5/mycobot_ros2/install/mycobot_interfaces/lib/python3.12/site-packages/mycobot_interfaces/msg/_mycobot_angles_s.c
[1.065s] -- Up-to-date: /home/laptop5/mycobot_ros2/install/mycobot_interfaces/lib/python3.12/site-packages/mycobot_interfaces/msg/_mycobot_pump_status_s.c
[1.065s] -- Up-to-date: /home/laptop5/mycobot_ros2/install/mycobot_interfaces/lib/python3.12/site-packages/mycobot_interfaces/_mycobot_interfaces_s.ep.rosidl_typesupport_fastrtps_c.c
[1.066s] -- Up-to-date: /home/laptop5/mycobot_ros2/install/mycobot_interfaces/lib/python3.12/site-packages/mycobot_interfaces/mycobot_interfaces_s__rosidl_typesupport_c.so
[1.066s] -- Up-to-date: /home/laptop5/mycobot_ros2/install/mycobot_interfaces/lib/python3.12/site-packages/mycobot_interfaces/_mycobot_interfaces_s.ep.rosidl_typesupport_c.c
[1.066s] -- Up-to-date: /home/laptop5/mycobot_ros2/install/mycobot_interfaces/lib/python3.12/site-packages/mycobot_interfaces/srv
[1.066s] -- Up-to-date: /home/laptop5/mycobot_ros2/install/mycobot_interfaces/lib/python3.12/site-packages/mycobot_interfaces/srv/_set_coords_s.c
[1.066s] -- Up-to-date: /home/laptop5/mycobot_ros2/install/mycobot_interfaces/lib/python3.12/site-packages/mycobot_interfaces/srv/_gripper_status.py
[1.066s] -- Up-to-date: /home/laptop5/mycobot_ros2/install/mycobot_interfaces/lib/python3.12/site-packages/mycobot_interfaces/srv/__init__.py
[1.066s] -- Up-to-date: /home/laptop5/mycobot_ros2/install/mycobot_interfaces/lib/python3.12/site-packages/mycobot_interfaces/srv/_pump_status.py
[1.067s] -- Up-to-date: /home/laptop5/mycobot_ros2/install/mycobot_interfaces/lib/python3.12/site-packages/mycobot_interfaces/srv/_set_coords.py
[1.067s] -- Up-to-date: /home/laptop5/mycobot_ros2/install/mycobot_interfaces/lib/python3.12/site-packages/mycobot_interfaces/srv/_get_coords_s.c
[1.067s] -- Up-to-date: /home/laptop5/mycobot_ros2/install/mycobot_interfaces/lib/python3.12/site-packages/mycobot_interfaces/srv/_set_angles_s.c
[1.067s] -- Up-to-date: /home/laptop5/mycobot_ros2/install/mycobot_interfaces/lib/python3.12/site-packages/mycobot_interfaces/srv/_pump_status_s.c
[1.067s] -- Up-to-date: /home/laptop5/mycobot_ros2/install/mycobot_interfaces/lib/python3.12/site-packages/mycobot_interfaces/srv/_set_angles.py
[1.067s] -- Up-to-date: /home/laptop5/mycobot_ros2/install/mycobot_interfaces/lib/python3.12/site-packages/mycobot_interfaces/srv/_get_angles_s.c
[1.068s] -- Up-to-date: /home/laptop5/mycobot_ros2/install/mycobot_interfaces/lib/python3.12/site-packages/mycobot_interfaces/srv/_get_coords.py
[1.068s] -- Up-to-date: /home/laptop5/mycobot_ros2/install/mycobot_interfaces/lib/python3.12/site-packages/mycobot_interfaces/srv/_gripper_status_s.c
[1.068s] -- Up-to-date: /home/laptop5/mycobot_ros2/install/mycobot_interfaces/lib/python3.12/site-packages/mycobot_interfaces/srv/_get_angles.py
[1.128s] Listing '/home/laptop5/mycobot_ros2/install/mycobot_interfaces/lib/python3.12/site-packages/mycobot_interfaces'...
[1.128s] Listing '/home/laptop5/mycobot_ros2/install/mycobot_interfaces/lib/python3.12/site-packages/mycobot_interfaces/msg'...
[1.128s] Listing '/home/laptop5/mycobot_ros2/install/mycobot_interfaces/lib/python3.12/site-packages/mycobot_interfaces/srv'...
[1.139s] -- Up-to-date: /home/laptop5/mycobot_ros2/install/mycobot_interfaces/lib/python3.12/site-packages/mycobot_interfaces/mycobot_interfaces_s__rosidl_typesupport_fastrtps_c.so
[1.140s] -- Up-to-date: /home/laptop5/mycobot_ros2/install/mycobot_interfaces/lib/python3.12/site-packages/mycobot_interfaces/mycobot_interfaces_s__rosidl_typesupport_introspection_c.so
[1.140s] -- Up-to-date: /home/laptop5/mycobot_ros2/install/mycobot_interfaces/lib/python3.12/site-packages/mycobot_interfaces/mycobot_interfaces_s__rosidl_typesupport_c.so
[1.141s] -- Up-to-date: /home/laptop5/mycobot_ros2/install/mycobot_interfaces/lib/libmycobot_interfaces__rosidl_generator_py.so
[1.141s] -- Up-to-date: /home/laptop5/mycobot_ros2/install/mycobot_interfaces/share/mycobot_interfaces/msg/MycobotAngles.idl
[1.142s] -- Up-to-date: /home/laptop5/mycobot_ros2/install/mycobot_interfaces/share/mycobot_interfaces/msg/MycobotCoords.idl
[1.142s] -- Up-to-date: /home/laptop5/mycobot_ros2/install/mycobot_interfaces/share/mycobot_interfaces/msg/MycobotSetAngles.idl
[1.142s] -- Up-to-date: /home/laptop5/mycobot_ros2/install/mycobot_interfaces/share/mycobot_interfaces/msg/MycobotSetCoords.idl
[1.142s] -- Up-to-date: /home/laptop5/mycobot_ros2/install/mycobot_interfaces/share/mycobot_interfaces/msg/MycobotGripperStatus.idl
[1.143s] -- Up-to-date: /home/laptop5/mycobot_ros2/install/mycobot_interfaces/share/mycobot_interfaces/msg/MycobotPumpStatus.idl
[1.143s] -- Up-to-date: /home/laptop5/mycobot_ros2/install/mycobot_interfaces/share/mycobot_interfaces/srv/GetAngles.idl
[1.143s] -- Up-to-date: /home/laptop5/mycobot_ros2/install/mycobot_interfaces/share/mycobot_interfaces/srv/SetAngles.idl
[1.143s] -- Up-to-date: /home/laptop5/mycobot_ros2/install/mycobot_interfaces/share/mycobot_interfaces/srv/GetCoords.idl
[1.143s] -- Up-to-date: /home/laptop5/mycobot_ros2/install/mycobot_interfaces/share/mycobot_interfaces/srv/SetCoords.idl
[1.144s] -- Up-to-date: /home/laptop5/mycobot_ros2/install/mycobot_interfaces/share/mycobot_interfaces/srv/GripperStatus.idl
[1.144s] -- Up-to-date: /home/laptop5/mycobot_ros2/install/mycobot_interfaces/share/mycobot_interfaces/srv/PumpStatus.idl
[1.144s] -- Up-to-date: /home/laptop5/mycobot_ros2/install/mycobot_interfaces/share/mycobot_interfaces/msg/MycobotAngles.msg
[1.144s] -- Up-to-date: /home/laptop5/mycobot_ros2/install/mycobot_interfaces/share/mycobot_interfaces/msg/MycobotCoords.msg
[1.145s] -- Up-to-date: /home/laptop5/mycobot_ros2/install/mycobot_interfaces/share/mycobot_interfaces/msg/MycobotSetAngles.msg
[1.145s] -- Up-to-date: /home/laptop5/mycobot_ros2/install/mycobot_interfaces/share/mycobot_interfaces/msg/MycobotSetCoords.msg
[1.145s] -- Up-to-date: /home/laptop5/mycobot_ros2/install/mycobot_interfaces/share/mycobot_interfaces/msg/MycobotGripperStatus.msg
[1.145s] -- Up-to-date: /home/laptop5/mycobot_ros2/install/mycobot_interfaces/share/mycobot_interfaces/msg/MycobotPumpStatus.msg
[1.145s] -- Up-to-date: /home/laptop5/mycobot_ros2/install/mycobot_interfaces/share/mycobot_interfaces/srv/GetAngles.srv
[1.146s] -- Up-to-date: /home/laptop5/mycobot_ros2/install/mycobot_interfaces/share/mycobot_interfaces/srv/SetAngles.srv
[1.146s] -- Up-to-date: /home/laptop5/mycobot_ros2/install/mycobot_interfaces/share/mycobot_interfaces/srv/GetCoords.srv
[1.146s] -- Up-to-date: /home/laptop5/mycobot_ros2/install/mycobot_interfaces/share/mycobot_interfaces/srv/SetCoords.srv
[1.146s] -- Up-to-date: /home/laptop5/mycobot_ros2/install/mycobot_interfaces/share/mycobot_interfaces/srv/GripperStatus.srv
[1.146s] -- Up-to-date: /home/laptop5/mycobot_ros2/install/mycobot_interfaces/share/mycobot_interfaces/srv/PumpStatus.srv
[1.147s] -- Up-to-date: /home/laptop5/mycobot_ros2/install/mycobot_interfaces/share/ament_index/resource_index/package_run_dependencies/mycobot_interfaces
[1.147s] -- Up-to-date: /home/laptop5/mycobot_ros2/install/mycobot_interfaces/share/ament_index/resource_index/parent_prefix_path/mycobot_interfaces
[1.147s] -- Up-to-date: /home/laptop5/mycobot_ros2/install/mycobot_interfaces/share/mycobot_interfaces/environment/ament_prefix_path.sh
[1.147s] -- Up-to-date: /home/laptop5/mycobot_ros2/install/mycobot_interfaces/share/mycobot_interfaces/environment/ament_prefix_path.dsv
[1.147s] -- Up-to-date: /home/laptop5/mycobot_ros2/install/mycobot_interfaces/share/mycobot_interfaces/environment/path.sh
[1.148s] -- Up-to-date: /home/laptop5/mycobot_ros2/install/mycobot_interfaces/share/mycobot_interfaces/environment/path.dsv
[1.148s] -- Up-to-date: /home/laptop5/mycobot_ros2/install/mycobot_interfaces/share/mycobot_interfaces/local_setup.bash
[1.148s] -- Up-to-date: /home/laptop5/mycobot_ros2/install/mycobot_interfaces/share/mycobot_interfaces/local_setup.sh
[1.148s] -- Up-to-date: /home/laptop5/mycobot_ros2/install/mycobot_interfaces/share/mycobot_interfaces/local_setup.zsh
[1.149s] -- Up-to-date: /home/laptop5/mycobot_ros2/install/mycobot_interfaces/share/mycobot_interfaces/local_setup.dsv
[1.149s] -- Installing: /home/laptop5/mycobot_ros2/install/mycobot_interfaces/share/mycobot_interfaces/package.dsv
[1.149s] -- Up-to-date: /home/laptop5/mycobot_ros2/install/mycobot_interfaces/share/ament_index/resource_index/packages/mycobot_interfaces
[1.149s] -- Up-to-date: /home/laptop5/mycobot_ros2/install/mycobot_interfaces/share/mycobot_interfaces/cmake/export_mycobot_interfaces__rosidl_generator_cExport.cmake
[1.150s] -- Up-to-date: /home/laptop5/mycobot_ros2/install/mycobot_interfaces/share/mycobot_interfaces/cmake/export_mycobot_interfaces__rosidl_generator_cExport-noconfig.cmake
[1.150s] -- Up-to-date: /home/laptop5/mycobot_ros2/install/mycobot_interfaces/share/mycobot_interfaces/cmake/export_mycobot_interfaces__rosidl_typesupport_fastrtps_cExport.cmake
[1.150s] -- Up-to-date: /home/laptop5/mycobot_ros2/install/mycobot_interfaces/share/mycobot_interfaces/cmake/export_mycobot_interfaces__rosidl_typesupport_fastrtps_cExport-noconfig.cmake
[1.150s] -- Up-to-date: /home/laptop5/mycobot_ros2/install/mycobot_interfaces/share/mycobot_interfaces/cmake/mycobot_interfaces__rosidl_typesupport_introspection_cExport.cmake
[1.150s] -- Up-to-date: /home/laptop5/mycobot_ros2/install/mycobot_interfaces/share/mycobot_interfaces/cmake/mycobot_interfaces__rosidl_typesupport_introspection_cExport-noconfig.cmake
[1.151s] -- Up-to-date: /home/laptop5/mycobot_ros2/install/mycobot_interfaces/share/mycobot_interfaces/cmake/mycobot_interfaces__rosidl_typesupport_cExport.cmake
[1.151s] -- Up-to-date: /home/laptop5/mycobot_ros2/install/mycobot_interfaces/share/mycobot_interfaces/cmake/mycobot_interfaces__rosidl_typesupport_cExport-noconfig.cmake
[1.151s] -- Up-to-date: /home/laptop5/mycobot_ros2/install/mycobot_interfaces/share/mycobot_interfaces/cmake/export_mycobot_interfaces__rosidl_generator_cppExport.cmake
[1.151s] -- Up-to-date: /home/laptop5/mycobot_ros2/install/mycobot_interfaces/share/mycobot_interfaces/cmake/export_mycobot_interfaces__rosidl_typesupport_fastrtps_cppExport.cmake
[1.151s] -- Up-to-date: /home/laptop5/mycobot_ros2/install/mycobot_interfaces/share/mycobot_interfaces/cmake/export_mycobot_interfaces__rosidl_typesupport_fastrtps_cppExport-noconfig.cmake
[1.151s] -- Up-to-date: /home/laptop5/mycobot_ros2/install/mycobot_interfaces/share/mycobot_interfaces/cmake/mycobot_interfaces__rosidl_typesupport_introspection_cppExport.cmake
[1.152s] -- Up-to-date: /home/laptop5/mycobot_ros2/install/mycobot_interfaces/share/mycobot_interfaces/cmake/mycobot_interfaces__rosidl_typesupport_introspection_cppExport-noconfig.cmake
[1.152s] -- Up-to-date: /home/laptop5/mycobot_ros2/install/mycobot_interfaces/share/mycobot_interfaces/cmake/mycobot_interfaces__rosidl_typesupport_cppExport.cmake
[1.152s] -- Up-to-date: /home/laptop5/mycobot_ros2/install/mycobot_interfaces/share/mycobot_interfaces/cmake/mycobot_interfaces__rosidl_typesupport_cppExport-noconfig.cmake
[1.152s] -- Up-to-date: /home/laptop5/mycobot_ros2/install/mycobot_interfaces/share/mycobot_interfaces/cmake/export_mycobot_interfaces__rosidl_generator_pyExport.cmake
[1.152s] -- Up-to-date: /home/laptop5/mycobot_ros2/install/mycobot_interfaces/share/mycobot_interfaces/cmake/export_mycobot_interfaces__rosidl_generator_pyExport-noconfig.cmake
[1.153s] -- Up-to-date: /home/laptop5/mycobot_ros2/install/mycobot_interfaces/share/mycobot_interfaces/cmake/rosidl_cmake-extras.cmake
[1.153s] -- Up-to-date: /home/laptop5/mycobot_ros2/install/mycobot_interfaces/share/mycobot_interfaces/cmake/ament_cmake_export_dependencies-extras.cmake
[1.154s] -- Up-to-date: /home/laptop5/mycobot_ros2/install/mycobot_interfaces/share/mycobot_interfaces/cmake/ament_cmake_export_include_directories-extras.cmake
[1.154s] -- Up-to-date: /home/laptop5/mycobot_ros2/install/mycobot_interfaces/share/mycobot_interfaces/cmake/ament_cmake_export_libraries-extras.cmake
[1.155s] -- Up-to-date: /home/laptop5/mycobot_ros2/install/mycobot_interfaces/share/mycobot_interfaces/cmake/ament_cmake_export_targets-extras.cmake
[1.155s] -- Up-to-date: /home/laptop5/mycobot_ros2/install/mycobot_interfaces/share/mycobot_interfaces/cmake/rosidl_cmake_export_typesupport_targets-extras.cmake
[1.156s] -- Up-to-date: /home/laptop5/mycobot_ros2/install/mycobot_interfaces/share/mycobot_interfaces/cmake/rosidl_cmake_export_typesupport_libraries-extras.cmake
[1.156s] -- Up-to-date: /home/laptop5/mycobot_ros2/install/mycobot_interfaces/share/mycobot_interfaces/cmake/mycobot_interfacesConfig.cmake
[1.157s] -- Up-to-date: /home/laptop5/mycobot_ros2/install/mycobot_interfaces/share/mycobot_interfaces/cmake/mycobot_interfacesConfig-version.cmake
[1.158s] -- Up-to-date: /home/laptop5/mycobot_ros2/install/mycobot_interfaces/share/mycobot_interfaces/package.xml
[1.158s] Invoked command in '/home/laptop5/mycobot_ros2/build/mycobot_interfaces' returned '0': CMAKE_PREFIX_PATH=${CMAKE_PREFIX_PATH}:/home/laptop5/mycobot_ros2/install/mycobot_communication:/home/laptop5/mycobot_ros2/install/mycobot_320pi:/home/laptop5/mycobot_ros2/install/mycobot_320:/home/laptop5/mycobot_ros2/install/mycobot_280pi:/home/laptop5/mycobot_ros2/install/mycobot_280jn:/home/laptop5/mycobot_ros2/install/mycobot_280_x3pi:/home/laptop5/mycobot_ros2/install/mycobot_280_riscv:/home/laptop5/mycobot_ros2/install/mycobot_280_moveit2_control:/home/laptop5/mycobot_ros2/install/mycobot_280_arduino:/home/laptop5/mycobot_ros2/install/mycobot_280:/home/laptop5/mycobot_ros2/install/mybuddy:/home/laptop5/mycobot_ros2/install/myarm_300:/home/laptop5/mycobot_ros2/install/mecharm_pi:/home/laptop5/mycobot_ros2/install/mecharm:/home/laptop5/mycobot_ros2/install/mycobot_description:/opt/ros/jazzy DEBUGINFOD_URLS=https://debuginfod.ubuntu.com PS1=(elephant) \[\e]0;\u@\h: \w\a\]${debian_chroot:+($debian_chroot)}\[\033[01;32m\]\u@\h\[\033[00m\]:\[\033[01;34m\]\w\[\033[00m\]\$ /usr/bin/cmake --install /home/laptop5/mycobot_ros2/build/mycobot_interfaces
