[1.725s] Invoking command in '/home/laptop5/mycobot_ros2/mycobot_communication': DEBUGINFOD_URLS=https://debuginfod.ubuntu.com PS1=(elephant) \[\e]0;\u@\h: \w\a\]${debian_chroot:+($debian_chroot)}\[\033[01;32m\]\u@\h\[\033[00m\]:\[\033[01;34m\]\w\[\033[00m\]\$ PYTHONPATH=/home/laptop5/mycobot_ros2/build/mycobot_communication/prefix_override:/usr/lib/python3/dist-packages/colcon_core/task/python/colcon_distutils_commands:/home/laptop5/mycobot_ros2/install/mycobot_communication/lib/python3.12/site-packages:/home/laptop5/mycobot_ros2/install/mycobot_interfaces/lib/python3.12/site-packages:/home/laptop5/mycobot_ros2/install/mycobot_communication/lib/python3.12/site-packages:/home/laptop5/mycobot_ros2/install/mycobot_320pi/lib/python3.12/site-packages:/home/laptop5/mycobot_ros2/install/mycobot_320/lib/python3.12/site-packages:/home/laptop5/mycobot_ros2/install/mycobot_280pi/lib/python3.12/site-packages:/home/laptop5/mycobot_ros2/install/mycobot_280jn/lib/python3.12/site-packages:/home/laptop5/mycobot_ros2/install/mycobot_280_x3pi/lib/python3.12/site-packages:/home/laptop5/mycobot_ros2/install/mycobot_280_riscv/lib/python3.12/site-packages:/home/laptop5/mycobot_ros2/install/mycobot_280_moveit2_control/lib/python3.12/site-packages:/home/laptop5/mycobot_ros2/install/mycobot_280_arduino/lib/python3.12/site-packages:/home/laptop5/mycobot_ros2/install/mycobot_280/lib/python3.12/site-packages:/home/laptop5/mycobot_ros2/install/mybuddy/lib/python3.12/site-packages:/home/laptop5/mycobot_ros2/install/myarm_300/lib/python3.12/site-packages:/home/laptop5/mycobot_ros2/install/mecharm_pi/lib/python3.12/site-packages:/home/laptop5/mycobot_ros2/install/mecharm/lib/python3.12/site-packages:/home/laptop5/mycobot_ros2/install/mycobot_description/lib/python3.12/site-packages:/opt/ros/jazzy/lib/python3.12/site-packages /usr/bin/python3 -W ignore:setup.py install is deprecated -W ignore:easy_install command is deprecated setup.py egg_info --egg-base ../build/mycobot_communication build --build-base /home/laptop5/mycobot_ros2/build/mycobot_communication/build install --record /home/laptop5/mycobot_ros2/build/mycobot_communication/install.log --single-version-externally-managed install_data
[2.451s] running egg_info
[2.502s] writing ../build/mycobot_communication/mycobot_communication.egg-info/PKG-INFO
[2.503s] writing dependency_links to ../build/mycobot_communication/mycobot_communication.egg-info/dependency_links.txt
[2.504s] writing entry points to ../build/mycobot_communication/mycobot_communication.egg-info/entry_points.txt
[2.504s] writing requirements to ../build/mycobot_communication/mycobot_communication.egg-info/requires.txt
[2.504s] writing top-level names to ../build/mycobot_communication/mycobot_communication.egg-info/top_level.txt
[2.622s] reading manifest file '../build/mycobot_communication/mycobot_communication.egg-info/SOURCES.txt'
[2.623s] adding license file 'LICENSE'
[2.624s] writing manifest file '../build/mycobot_communication/mycobot_communication.egg-info/SOURCES.txt'
[2.625s] running build
[2.625s] running build_py
[2.626s] running install
[2.639s] running install_lib
[2.691s] running install_data
[2.692s] running install_egg_info
[2.747s] removing '/home/laptop5/mycobot_ros2/install/mycobot_communication/lib/python3.12/site-packages/mycobot_communication-0.0.0-py3.12.egg-info' (and everything under it)
[2.748s] Copying ../build/mycobot_communication/mycobot_communication.egg-info to /home/laptop5/mycobot_ros2/install/mycobot_communication/lib/python3.12/site-packages/mycobot_communication-0.0.0-py3.12.egg-info
[2.750s] running install_scripts
[3.088s] Installing mycobot_services script to /home/laptop5/mycobot_ros2/install/mycobot_communication/lib/mycobot_communication
[3.089s] Installing mycobot_topics script to /home/laptop5/mycobot_ros2/install/mycobot_communication/lib/mycobot_communication
[3.089s] Installing mycobot_topics_jsnn script to /home/laptop5/mycobot_ros2/install/mycobot_communication/lib/mycobot_communication
[3.089s] Installing mycobot_topics_pi script to /home/laptop5/mycobot_ros2/install/mycobot_communication/lib/mycobot_communication
[3.090s] Installing mycobot_topics_seeed script to /home/laptop5/mycobot_ros2/install/mycobot_communication/lib/mycobot_communication
[3.090s] writing list of installed files to '/home/laptop5/mycobot_ros2/build/mycobot_communication/install.log'
[3.152s] Invoked command in '/home/laptop5/mycobot_ros2/mycobot_communication' returned '0': DEBUGINFOD_URLS=https://debuginfod.ubuntu.com PS1=(elephant) \[\e]0;\u@\h: \w\a\]${debian_chroot:+($debian_chroot)}\[\033[01;32m\]\u@\h\[\033[00m\]:\[\033[01;34m\]\w\[\033[00m\]\$ PYTHONPATH=/home/laptop5/mycobot_ros2/build/mycobot_communication/prefix_override:/usr/lib/python3/dist-packages/colcon_core/task/python/colcon_distutils_commands:/home/laptop5/mycobot_ros2/install/mycobot_communication/lib/python3.12/site-packages:/home/laptop5/mycobot_ros2/install/mycobot_interfaces/lib/python3.12/site-packages:/home/laptop5/mycobot_ros2/install/mycobot_communication/lib/python3.12/site-packages:/home/laptop5/mycobot_ros2/install/mycobot_320pi/lib/python3.12/site-packages:/home/laptop5/mycobot_ros2/install/mycobot_320/lib/python3.12/site-packages:/home/laptop5/mycobot_ros2/install/mycobot_280pi/lib/python3.12/site-packages:/home/laptop5/mycobot_ros2/install/mycobot_280jn/lib/python3.12/site-packages:/home/laptop5/mycobot_ros2/install/mycobot_280_x3pi/lib/python3.12/site-packages:/home/laptop5/mycobot_ros2/install/mycobot_280_riscv/lib/python3.12/site-packages:/home/laptop5/mycobot_ros2/install/mycobot_280_moveit2_control/lib/python3.12/site-packages:/home/laptop5/mycobot_ros2/install/mycobot_280_arduino/lib/python3.12/site-packages:/home/laptop5/mycobot_ros2/install/mycobot_280/lib/python3.12/site-packages:/home/laptop5/mycobot_ros2/install/mybuddy/lib/python3.12/site-packages:/home/laptop5/mycobot_ros2/install/myarm_300/lib/python3.12/site-packages:/home/laptop5/mycobot_ros2/install/mecharm_pi/lib/python3.12/site-packages:/home/laptop5/mycobot_ros2/install/mecharm/lib/python3.12/site-packages:/home/laptop5/mycobot_ros2/install/mycobot_description/lib/python3.12/site-packages:/opt/ros/jazzy/lib/python3.12/site-packages /usr/bin/python3 -W ignore:setup.py install is deprecated -W ignore:easy_install command is deprecated setup.py egg_info --egg-base ../build/mycobot_communication build --build-base /home/laptop5/mycobot_ros2/build/mycobot_communication/build install --record /home/laptop5/mycobot_ros2/build/mycobot_communication/install.log --single-version-externally-managed install_data
