[2.493s] Invoking command in '/home/laptop5/mycobot_ros2/mycobot_280/mycobot_280_moveit2_control': AMENT_PREFIX_PATH=/home/laptop5/mycobot_ros2/install/mycobot_description:${AMENT_PREFIX_PATH} DEBUGINFOD_URLS=https://debuginfod.ubuntu.com PYTHONPATH=/home/laptop5/mycobot_ros2/build/mycobot_280_moveit2_control/prefix_override:/usr/lib/python3/dist-packages/colcon_core/task/python/colcon_distutils_commands:/home/laptop5/mycobot_ros2/install/mycobot_280_moveit2_control/lib/python3.12/site-packages:/home/laptop5/mycobot_ros2/install/mycobot_description/lib/python3.12/site-packages:${PYTHONPATH} /usr/bin/python3 -W ignore:setup.py install is deprecated -W ignore:easy_install command is deprecated setup.py egg_info --egg-base ../../build/mycobot_280_moveit2_control build --build-base /home/laptop5/mycobot_ros2/build/mycobot_280_moveit2_control/build install --record /home/laptop5/mycobot_ros2/build/mycobot_280_moveit2_control/install.log --single-version-externally-managed install_data
[2.818s] running egg_info
[2.840s] writing ../../build/mycobot_280_moveit2_control/mycobot_280_moveit2_control.egg-info/PKG-INFO
[2.841s] writing dependency_links to ../../build/mycobot_280_moveit2_control/mycobot_280_moveit2_control.egg-info/dependency_links.txt
[2.841s] writing entry points to ../../build/mycobot_280_moveit2_control/mycobot_280_moveit2_control.egg-info/entry_points.txt
[2.841s] writing requirements to ../../build/mycobot_280_moveit2_control/mycobot_280_moveit2_control.egg-info/requires.txt
[2.841s] writing top-level names to ../../build/mycobot_280_moveit2_control/mycobot_280_moveit2_control.egg-info/top_level.txt
[2.886s] reading manifest file '../../build/mycobot_280_moveit2_control/mycobot_280_moveit2_control.egg-info/SOURCES.txt'
[2.887s] adding license file 'LICENSE'
[2.888s] writing manifest file '../../build/mycobot_280_moveit2_control/mycobot_280_moveit2_control.egg-info/SOURCES.txt'
[2.888s] running build
[2.888s] running build_py
[2.888s] running install
[2.897s] running install_lib
[2.920s] running install_data
[2.921s] running install_egg_info
[2.944s] removing '/home/laptop5/mycobot_ros2/install/mycobot_280_moveit2_control/lib/python3.12/site-packages/mycobot_280_moveit2_control-0.0.0-py3.12.egg-info' (and everything under it)
[2.944s] Copying ../../build/mycobot_280_moveit2_control/mycobot_280_moveit2_control.egg-info to /home/laptop5/mycobot_ros2/install/mycobot_280_moveit2_control/lib/python3.12/site-packages/mycobot_280_moveit2_control-0.0.0-py3.12.egg-info
[2.945s] running install_scripts
[3.104s] Installing sync_plan script to /home/laptop5/mycobot_ros2/install/mycobot_280_moveit2_control/lib/mycobot_280_moveit2_control
[3.104s] Installing sync_plan_arduino script to /home/laptop5/mycobot_ros2/install/mycobot_280_moveit2_control/lib/mycobot_280_moveit2_control
[3.104s] Installing sync_plan_rdkx5 script to /home/laptop5/mycobot_ros2/install/mycobot_280_moveit2_control/lib/mycobot_280_moveit2_control
[3.105s] writing list of installed files to '/home/laptop5/mycobot_ros2/build/mycobot_280_moveit2_control/install.log'
[3.140s] Invoked command in '/home/laptop5/mycobot_ros2/mycobot_280/mycobot_280_moveit2_control' returned '0': AMENT_PREFIX_PATH=/home/laptop5/mycobot_ros2/install/mycobot_description:${AMENT_PREFIX_PATH} DEBUGINFOD_URLS=https://debuginfod.ubuntu.com PYTHONPATH=/home/laptop5/mycobot_ros2/build/mycobot_280_moveit2_control/prefix_override:/usr/lib/python3/dist-packages/colcon_core/task/python/colcon_distutils_commands:/home/laptop5/mycobot_ros2/install/mycobot_280_moveit2_control/lib/python3.12/site-packages:/home/laptop5/mycobot_ros2/install/mycobot_description/lib/python3.12/site-packages:${PYTHONPATH} /usr/bin/python3 -W ignore:setup.py install is deprecated -W ignore:easy_install command is deprecated setup.py egg_info --egg-base ../../build/mycobot_280_moveit2_control build --build-base /home/laptop5/mycobot_ros2/build/mycobot_280_moveit2_control/build install --record /home/laptop5/mycobot_ros2/build/mycobot_280_moveit2_control/install.log --single-version-externally-managed install_data
