[5.351s] Invoking command in '/home/laptop5/mycobot_ros2/mecharm/mecharm': AMENT_PREFIX_PATH=/home/laptop5/mycobot_ros2/install/mycobot_description:${AMENT_PREFIX_PATH} DEBUGINFOD_URLS=https://debuginfod.ubuntu.com PYTHONPATH=/home/laptop5/mycobot_ros2/build/mecharm/prefix_override:/usr/lib/python3/dist-packages/colcon_core/task/python/colcon_distutils_commands:/home/laptop5/mycobot_ros2/install/mecharm/lib/python3.12/site-packages:/home/laptop5/mycobot_ros2/install/mycobot_description/lib/python3.12/site-packages:${PYTHONPATH} /usr/bin/python3 -W ignore:setup.py install is deprecated -W ignore:easy_install command is deprecated setup.py egg_info --egg-base ../../build/mecharm build --build-base /home/laptop5/mycobot_ros2/build/mecharm/build install --record /home/laptop5/mycobot_ros2/build/mecharm/install.log --single-version-externally-managed install_data
[7.096s] running egg_info
[7.096s] creating ../../build/mecharm/mecharm.egg-info
[7.167s] writing ../../build/mecharm/mecharm.egg-info/PKG-INFO
[7.169s] writing dependency_links to ../../build/mecharm/mecharm.egg-info/dependency_links.txt
[7.170s] writing entry points to ../../build/mecharm/mecharm.egg-info/entry_points.txt
[7.170s] writing requirements to ../../build/mecharm/mecharm.egg-info/requires.txt
[7.171s] writing top-level names to ../../build/mecharm/mecharm.egg-info/top_level.txt
[7.174s] writing manifest file '../../build/mecharm/mecharm.egg-info/SOURCES.txt'
[7.313s] reading manifest file '../../build/mecharm/mecharm.egg-info/SOURCES.txt'
[7.313s] adding license file 'LICENSE'
[7.315s] writing manifest file '../../build/mecharm/mecharm.egg-info/SOURCES.txt'
[7.315s] running build
[7.318s] running build_py
[7.318s] creating /home/laptop5/mycobot_ros2/build/mecharm/build
[7.318s] creating /home/laptop5/mycobot_ros2/build/mecharm/build/lib
[7.318s] creating /home/laptop5/mycobot_ros2/build/mecharm/build/lib/mecharm
[7.319s] copying mecharm/__init__.py -> /home/laptop5/mycobot_ros2/build/mecharm/build/lib/mecharm
[7.319s] copying mecharm/listen_real_of_topic.py -> /home/laptop5/mycobot_ros2/build/mecharm/build/lib/mecharm
[7.319s] copying mecharm/listen_real_service.py -> /home/laptop5/mycobot_ros2/build/mecharm/build/lib/mecharm
[7.319s] copying mecharm/teleop_keyboard.py -> /home/laptop5/mycobot_ros2/build/mecharm/build/lib/mecharm
[7.319s] copying mecharm/follow_display.py -> /home/laptop5/mycobot_ros2/build/mecharm/build/lib/mecharm
[7.319s] copying mecharm/simple_gui.py -> /home/laptop5/mycobot_ros2/build/mecharm/build/lib/mecharm
[7.320s] copying mecharm/listen_real.py -> /home/laptop5/mycobot_ros2/build/mecharm/build/lib/mecharm
[7.320s] copying mecharm/slider_control_adaptive_gripper.py -> /home/laptop5/mycobot_ros2/build/mecharm/build/lib/mecharm
[7.320s] copying mecharm/slider_control.py -> /home/laptop5/mycobot_ros2/build/mecharm/build/lib/mecharm
[7.321s] running install
[7.357s] running install_lib
[7.453s] creating /home/laptop5/mycobot_ros2/install/mecharm/lib/python3.12/site-packages/mecharm
[7.453s] copying /home/laptop5/mycobot_ros2/build/mecharm/build/lib/mecharm/__init__.py -> /home/laptop5/mycobot_ros2/install/mecharm/lib/python3.12/site-packages/mecharm
[7.454s] copying /home/laptop5/mycobot_ros2/build/mecharm/build/lib/mecharm/listen_real_of_topic.py -> /home/laptop5/mycobot_ros2/install/mecharm/lib/python3.12/site-packages/mecharm
[7.454s] copying /home/laptop5/mycobot_ros2/build/mecharm/build/lib/mecharm/listen_real_service.py -> /home/laptop5/mycobot_ros2/install/mecharm/lib/python3.12/site-packages/mecharm
[7.454s] copying /home/laptop5/mycobot_ros2/build/mecharm/build/lib/mecharm/teleop_keyboard.py -> /home/laptop5/mycobot_ros2/install/mecharm/lib/python3.12/site-packages/mecharm
[7.454s] copying /home/laptop5/mycobot_ros2/build/mecharm/build/lib/mecharm/follow_display.py -> /home/laptop5/mycobot_ros2/install/mecharm/lib/python3.12/site-packages/mecharm
[7.454s] copying /home/laptop5/mycobot_ros2/build/mecharm/build/lib/mecharm/simple_gui.py -> /home/laptop5/mycobot_ros2/install/mecharm/lib/python3.12/site-packages/mecharm
[7.455s] copying /home/laptop5/mycobot_ros2/build/mecharm/build/lib/mecharm/listen_real.py -> /home/laptop5/mycobot_ros2/install/mecharm/lib/python3.12/site-packages/mecharm
[7.456s] copying /home/laptop5/mycobot_ros2/build/mecharm/build/lib/mecharm/slider_control_adaptive_gripper.py -> /home/laptop5/mycobot_ros2/install/mecharm/lib/python3.12/site-packages/mecharm
[7.456s] copying /home/laptop5/mycobot_ros2/build/mecharm/build/lib/mecharm/slider_control.py -> /home/laptop5/mycobot_ros2/install/mecharm/lib/python3.12/site-packages/mecharm
[7.457s] byte-compiling /home/laptop5/mycobot_ros2/install/mecharm/lib/python3.12/site-packages/mecharm/__init__.py to __init__.cpython-312.pyc
[7.461s] byte-compiling /home/laptop5/mycobot_ros2/install/mecharm/lib/python3.12/site-packages/mecharm/listen_real_of_topic.py to listen_real_of_topic.cpython-312.pyc
[7.461s] byte-compiling /home/laptop5/mycobot_ros2/install/mecharm/lib/python3.12/site-packages/mecharm/listen_real_service.py to listen_real_service.cpython-312.pyc
[7.469s] byte-compiling /home/laptop5/mycobot_ros2/install/mecharm/lib/python3.12/site-packages/mecharm/teleop_keyboard.py to teleop_keyboard.cpython-312.pyc
[7.477s] byte-compiling /home/laptop5/mycobot_ros2/install/mecharm/lib/python3.12/site-packages/mecharm/follow_display.py to follow_display.cpython-312.pyc
[7.477s] byte-compiling /home/laptop5/mycobot_ros2/install/mecharm/lib/python3.12/site-packages/mecharm/simple_gui.py to simple_gui.cpython-312.pyc
[7.485s] byte-compiling /home/laptop5/mycobot_ros2/install/mecharm/lib/python3.12/site-packages/mecharm/listen_real.py to listen_real.cpython-312.pyc
[7.488s] byte-compiling /home/laptop5/mycobot_ros2/install/mecharm/lib/python3.12/site-packages/mecharm/slider_control_adaptive_gripper.py to slider_control_adaptive_gripper.cpython-312.pyc
[7.491s] byte-compiling /home/laptop5/mycobot_ros2/install/mecharm/lib/python3.12/site-packages/mecharm/slider_control.py to slider_control.cpython-312.pyc
[7.492s] running install_data
[7.496s] creating /home/laptop5/mycobot_ros2/install/mecharm/share/ament_index
[7.496s] creating /home/laptop5/mycobot_ros2/install/mecharm/share/ament_index/resource_index
[7.497s] creating /home/laptop5/mycobot_ros2/install/mecharm/share/ament_index/resource_index/packages
[7.497s] copying resource/mecharm -> /home/laptop5/mycobot_ros2/install/mecharm/share/ament_index/resource_index/packages
[7.497s] copying package.xml -> /home/laptop5/mycobot_ros2/install/mecharm/share/mecharm
[7.497s] creating /home/laptop5/mycobot_ros2/install/mecharm/share/mecharm/launch
[7.497s] copying launch/slider_control.launch.py -> /home/laptop5/mycobot_ros2/install/mecharm/share/mecharm/launch
[7.498s] copying launch/slider_control_adaptive_gripper.launch.py -> /home/laptop5/mycobot_ros2/install/mecharm/share/mecharm/launch
[7.498s] copying launch/simple_gui.launch.py -> /home/laptop5/mycobot_ros2/install/mecharm/share/mecharm/launch
[7.498s] copying launch/test.launch.py -> /home/laptop5/mycobot_ros2/install/mecharm/share/mecharm/launch
[7.498s] copying launch/follow.launch.py -> /home/laptop5/mycobot_ros2/install/mecharm/share/mecharm/launch
[7.498s] copying launch/teleop_keyboard.launch.py -> /home/laptop5/mycobot_ros2/install/mecharm/share/mecharm/launch
[7.499s] copying launch/test_adaptive_gripper.launch.py -> /home/laptop5/mycobot_ros2/install/mecharm/share/mecharm/launch
[7.499s] creating /home/laptop5/mycobot_ros2/install/mecharm/share/mecharm/config
[7.499s] copying config/mecharm.rviz -> /home/laptop5/mycobot_ros2/install/mecharm/share/mecharm/config
[7.499s] copying config/mycobot_with_marker.rviz -> /home/laptop5/mycobot_ros2/install/mecharm/share/mecharm/config
[7.499s] running install_egg_info
[7.572s] Copying ../../build/mecharm/mecharm.egg-info to /home/laptop5/mycobot_ros2/install/mecharm/lib/python3.12/site-packages/mecharm-0.0.0-py3.12.egg-info
[7.574s] running install_scripts
[8.017s] Installing follow_display script to /home/laptop5/mycobot_ros2/install/mecharm/lib/mecharm
[8.021s] Installing listen_real script to /home/laptop5/mycobot_ros2/install/mecharm/lib/mecharm
[8.021s] Installing listen_real_of_topic script to /home/laptop5/mycobot_ros2/install/mecharm/lib/mecharm
[8.021s] Installing listen_real_service script to /home/laptop5/mycobot_ros2/install/mecharm/lib/mecharm
[8.022s] Installing simple_gui script to /home/laptop5/mycobot_ros2/install/mecharm/lib/mecharm
[8.022s] Installing slider_control script to /home/laptop5/mycobot_ros2/install/mecharm/lib/mecharm
[8.022s] Installing slider_control_adaptive_gripper script to /home/laptop5/mycobot_ros2/install/mecharm/lib/mecharm
[8.022s] Installing teleop_keyboard script to /home/laptop5/mycobot_ros2/install/mecharm/lib/mecharm
[8.023s] writing list of installed files to '/home/laptop5/mycobot_ros2/build/mecharm/install.log'
[8.978s] Invoked command in '/home/laptop5/mycobot_ros2/mecharm/mecharm' returned '0': AMENT_PREFIX_PATH=/home/laptop5/mycobot_ros2/install/mycobot_description:${AMENT_PREFIX_PATH} DEBUGINFOD_URLS=https://debuginfod.ubuntu.com PYTHONPATH=/home/laptop5/mycobot_ros2/build/mecharm/prefix_override:/usr/lib/python3/dist-packages/colcon_core/task/python/colcon_distutils_commands:/home/laptop5/mycobot_ros2/install/mecharm/lib/python3.12/site-packages:/home/laptop5/mycobot_ros2/install/mycobot_description/lib/python3.12/site-packages:${PYTHONPATH} /usr/bin/python3 -W ignore:setup.py install is deprecated -W ignore:easy_install command is deprecated setup.py egg_info --egg-base ../../build/mecharm build --build-base /home/laptop5/mycobot_ros2/build/mecharm/build install --record /home/laptop5/mycobot_ros2/build/mecharm/install.log --single-version-externally-managed install_data
