[5.659s] Invoking command in '/home/laptop5/mycobot_ros2/mycobot_280/mycobot_280_moveit2_control': AMENT_PREFIX_PATH=/home/laptop5/mycobot_ros2/install/mycobot_description:${AMENT_PREFIX_PATH} DEBUGINFOD_URLS=https://debuginfod.ubuntu.com PYTHONPATH=/home/laptop5/mycobot_ros2/build/mycobot_280_moveit2_control/prefix_override:/usr/lib/python3/dist-packages/colcon_core/task/python/colcon_distutils_commands:/home/laptop5/mycobot_ros2/install/mycobot_280_moveit2_control/lib/python3.12/site-packages:/home/laptop5/mycobot_ros2/install/mycobot_description/lib/python3.12/site-packages:${PYTHONPATH} /usr/bin/python3 -W ignore:setup.py install is deprecated -W ignore:easy_install command is deprecated setup.py egg_info --egg-base ../../build/mycobot_280_moveit2_control build --build-base /home/laptop5/mycobot_ros2/build/mycobot_280_moveit2_control/build install --record /home/laptop5/mycobot_ros2/build/mycobot_280_moveit2_control/install.log --single-version-externally-managed install_data
[8.836s] running egg_info
[8.836s] creating ../../build/mycobot_280_moveit2_control/mycobot_280_moveit2_control.egg-info
[8.836s] writing ../../build/mycobot_280_moveit2_control/mycobot_280_moveit2_control.egg-info/PKG-INFO
[8.836s] writing dependency_links to ../../build/mycobot_280_moveit2_control/mycobot_280_moveit2_control.egg-info/dependency_links.txt
[8.837s] writing entry points to ../../build/mycobot_280_moveit2_control/mycobot_280_moveit2_control.egg-info/entry_points.txt
[8.837s] writing requirements to ../../build/mycobot_280_moveit2_control/mycobot_280_moveit2_control.egg-info/requires.txt
[8.837s] writing top-level names to ../../build/mycobot_280_moveit2_control/mycobot_280_moveit2_control.egg-info/top_level.txt
[8.837s] writing manifest file '../../build/mycobot_280_moveit2_control/mycobot_280_moveit2_control.egg-info/SOURCES.txt'
[8.837s] reading manifest file '../../build/mycobot_280_moveit2_control/mycobot_280_moveit2_control.egg-info/SOURCES.txt'
[8.837s] adding license file 'LICENSE'
[8.837s] writing manifest file '../../build/mycobot_280_moveit2_control/mycobot_280_moveit2_control.egg-info/SOURCES.txt'
[8.838s] running build
[8.838s] running build_py
[8.838s] creating /home/laptop5/mycobot_ros2/build/mycobot_280_moveit2_control/build
[8.838s] creating /home/laptop5/mycobot_ros2/build/mycobot_280_moveit2_control/build/lib
[8.838s] creating /home/laptop5/mycobot_ros2/build/mycobot_280_moveit2_control/build/lib/mycobot_280_moveit2_control
[8.838s] copying mycobot_280_moveit2_control/__init__.py -> /home/laptop5/mycobot_ros2/build/mycobot_280_moveit2_control/build/lib/mycobot_280_moveit2_control
[8.838s] copying mycobot_280_moveit2_control/sync_plan_arduino.py -> /home/laptop5/mycobot_ros2/build/mycobot_280_moveit2_control/build/lib/mycobot_280_moveit2_control
[8.838s] copying mycobot_280_moveit2_control/sync_plan.py -> /home/laptop5/mycobot_ros2/build/mycobot_280_moveit2_control/build/lib/mycobot_280_moveit2_control
[8.839s] copying mycobot_280_moveit2_control/sync_plan_rdkx5.py -> /home/laptop5/mycobot_ros2/build/mycobot_280_moveit2_control/build/lib/mycobot_280_moveit2_control
[8.839s] copying mycobot_280_moveit2_control/test.py -> /home/laptop5/mycobot_ros2/build/mycobot_280_moveit2_control/build/lib/mycobot_280_moveit2_control
[8.839s] running install
[8.839s] running install_lib
[8.839s] creating /home/laptop5/mycobot_ros2/install/mycobot_280_moveit2_control/lib/python3.12/site-packages/mycobot_280_moveit2_control
[8.839s] copying /home/laptop5/mycobot_ros2/build/mycobot_280_moveit2_control/build/lib/mycobot_280_moveit2_control/__init__.py -> /home/laptop5/mycobot_ros2/install/mycobot_280_moveit2_control/lib/python3.12/site-packages/mycobot_280_moveit2_control
[8.843s] copying /home/laptop5/mycobot_ros2/build/mycobot_280_moveit2_control/build/lib/mycobot_280_moveit2_control/sync_plan_arduino.py -> /home/laptop5/mycobot_ros2/install/mycobot_280_moveit2_control/lib/python3.12/site-packages/mycobot_280_moveit2_control
[8.843s] copying /home/laptop5/mycobot_ros2/build/mycobot_280_moveit2_control/build/lib/mycobot_280_moveit2_control/sync_plan.py -> /home/laptop5/mycobot_ros2/install/mycobot_280_moveit2_control/lib/python3.12/site-packages/mycobot_280_moveit2_control
[8.843s] copying /home/laptop5/mycobot_ros2/build/mycobot_280_moveit2_control/build/lib/mycobot_280_moveit2_control/sync_plan_rdkx5.py -> /home/laptop5/mycobot_ros2/install/mycobot_280_moveit2_control/lib/python3.12/site-packages/mycobot_280_moveit2_control
[8.843s] copying /home/laptop5/mycobot_ros2/build/mycobot_280_moveit2_control/build/lib/mycobot_280_moveit2_control/test.py -> /home/laptop5/mycobot_ros2/install/mycobot_280_moveit2_control/lib/python3.12/site-packages/mycobot_280_moveit2_control
[8.844s] byte-compiling /home/laptop5/mycobot_ros2/install/mycobot_280_moveit2_control/lib/python3.12/site-packages/mycobot_280_moveit2_control/__init__.py to __init__.cpython-312.pyc
[8.844s] byte-compiling /home/laptop5/mycobot_ros2/install/mycobot_280_moveit2_control/lib/python3.12/site-packages/mycobot_280_moveit2_control/sync_plan_arduino.py to sync_plan_arduino.cpython-312.pyc
[8.844s] byte-compiling /home/laptop5/mycobot_ros2/install/mycobot_280_moveit2_control/lib/python3.12/site-packages/mycobot_280_moveit2_control/sync_plan.py to sync_plan.cpython-312.pyc
[8.861s] byte-compiling /home/laptop5/mycobot_ros2/install/mycobot_280_moveit2_control/lib/python3.12/site-packages/mycobot_280_moveit2_control/sync_plan_rdkx5.py to sync_plan_rdkx5.cpython-312.pyc
[8.861s] byte-compiling /home/laptop5/mycobot_ros2/install/mycobot_280_moveit2_control/lib/python3.12/site-packages/mycobot_280_moveit2_control/test.py to test.cpython-312.pyc
[8.861s] running install_data
[8.861s] creating /home/laptop5/mycobot_ros2/install/mycobot_280_moveit2_control/share/ament_index
[8.862s] creating /home/laptop5/mycobot_ros2/install/mycobot_280_moveit2_control/share/ament_index/resource_index
[8.862s] creating /home/laptop5/mycobot_ros2/install/mycobot_280_moveit2_control/share/ament_index/resource_index/packages
[8.862s] copying resource/mycobot_280_moveit2_control -> /home/laptop5/mycobot_ros2/install/mycobot_280_moveit2_control/share/ament_index/resource_index/packages
[8.868s] copying package.xml -> /home/laptop5/mycobot_ros2/install/mycobot_280_moveit2_control/share/mycobot_280_moveit2_control
[8.868s] creating /home/laptop5/mycobot_ros2/install/mycobot_280_moveit2_control/share/mycobot_280_moveit2_control/launch
[8.868s] creating /home/laptop5/mycobot_ros2/install/mycobot_280_moveit2_control/share/mycobot_280_moveit2_control/config
[8.868s] running install_egg_info
[8.868s] Copying ../../build/mycobot_280_moveit2_control/mycobot_280_moveit2_control.egg-info to /home/laptop5/mycobot_ros2/install/mycobot_280_moveit2_control/lib/python3.12/site-packages/mycobot_280_moveit2_control-0.0.0-py3.12.egg-info
[8.868s] running install_scripts
[8.869s] Installing sync_plan script to /home/laptop5/mycobot_ros2/install/mycobot_280_moveit2_control/lib/mycobot_280_moveit2_control
[8.869s] Installing sync_plan_arduino script to /home/laptop5/mycobot_ros2/install/mycobot_280_moveit2_control/lib/mycobot_280_moveit2_control
[8.869s] Installing sync_plan_rdkx5 script to /home/laptop5/mycobot_ros2/install/mycobot_280_moveit2_control/lib/mycobot_280_moveit2_control
[8.869s] writing list of installed files to '/home/laptop5/mycobot_ros2/build/mycobot_280_moveit2_control/install.log'
[8.916s] Invoked command in '/home/laptop5/mycobot_ros2/mycobot_280/mycobot_280_moveit2_control' returned '0': AMENT_PREFIX_PATH=/home/laptop5/mycobot_ros2/install/mycobot_description:${AMENT_PREFIX_PATH} DEBUGINFOD_URLS=https://debuginfod.ubuntu.com PYTHONPATH=/home/laptop5/mycobot_ros2/build/mycobot_280_moveit2_control/prefix_override:/usr/lib/python3/dist-packages/colcon_core/task/python/colcon_distutils_commands:/home/laptop5/mycobot_ros2/install/mycobot_280_moveit2_control/lib/python3.12/site-packages:/home/laptop5/mycobot_ros2/install/mycobot_description/lib/python3.12/site-packages:${PYTHONPATH} /usr/bin/python3 -W ignore:setup.py install is deprecated -W ignore:easy_install command is deprecated setup.py egg_info --egg-base ../../build/mycobot_280_moveit2_control build --build-base /home/laptop5/mycobot_ros2/build/mycobot_280_moveit2_control/build install --record /home/laptop5/mycobot_ros2/build/mycobot_280_moveit2_control/install.log --single-version-externally-managed install_data
