[1.020s] Invoking command in '/home/laptop5/mycobot_ros2/mycobot_communication': AMENT_PREFIX_PATH=/home/laptop5/mycobot_ros2/install/mycobot_interfaces:${AMENT_PREFIX_PATH} CMAKE_PREFIX_PATH=/home/laptop5/mycobot_ros2/install/mycobot_interfaces:${CMAKE_PREFIX_PATH} DEBUGINFOD_URLS=https://debuginfod.ubuntu.com LD_LIBRARY_PATH=/home/laptop5/mycobot_ros2/install/mycobot_interfaces/lib:${LD_LIBRARY_PATH} PYTHONPATH=/home/laptop5/mycobot_ros2/build/mycobot_communication/prefix_override:/usr/lib/python3/dist-packages/colcon_core/task/python/colcon_distutils_commands:/home/laptop5/mycobot_ros2/install/mycobot_communication/lib/python3.12/site-packages:/home/laptop5/mycobot_ros2/install/mycobot_interfaces/lib/python3.12/site-packages:${PYTHONPATH} /usr/bin/python3 -W ignore:setup.py install is deprecated -W ignore:easy_install command is deprecated setup.py egg_info --egg-base ../build/mycobot_communication build --build-base /home/laptop5/mycobot_ros2/build/mycobot_communication/build install --record /home/laptop5/mycobot_ros2/build/mycobot_communication/install.log --single-version-externally-managed install_data
[1.348s] running egg_info
[1.369s] writing ../build/mycobot_communication/mycobot_communication.egg-info/PKG-INFO
[1.370s] writing dependency_links to ../build/mycobot_communication/mycobot_communication.egg-info/dependency_links.txt
[1.370s] writing entry points to ../build/mycobot_communication/mycobot_communication.egg-info/entry_points.txt
[1.370s] writing requirements to ../build/mycobot_communication/mycobot_communication.egg-info/requires.txt
[1.370s] writing top-level names to ../build/mycobot_communication/mycobot_communication.egg-info/top_level.txt
[1.415s] reading manifest file '../build/mycobot_communication/mycobot_communication.egg-info/SOURCES.txt'
[1.415s] adding license file 'LICENSE'
[1.416s] writing manifest file '../build/mycobot_communication/mycobot_communication.egg-info/SOURCES.txt'
[1.416s] running build
[1.417s] running build_py
[1.417s] running install
[1.426s] running install_lib
[1.448s] running install_data
[1.448s] running install_egg_info
[1.471s] removing '/home/laptop5/mycobot_ros2/install/mycobot_communication/lib/python3.12/site-packages/mycobot_communication-0.0.0-py3.12.egg-info' (and everything under it)
[1.471s] Copying ../build/mycobot_communication/mycobot_communication.egg-info to /home/laptop5/mycobot_ros2/install/mycobot_communication/lib/python3.12/site-packages/mycobot_communication-0.0.0-py3.12.egg-info
[1.472s] running install_scripts
[1.625s] Installing mycobot_services script to /home/laptop5/mycobot_ros2/install/mycobot_communication/lib/mycobot_communication
[1.625s] Installing mycobot_topics script to /home/laptop5/mycobot_ros2/install/mycobot_communication/lib/mycobot_communication
[1.626s] Installing mycobot_topics_jsnn script to /home/laptop5/mycobot_ros2/install/mycobot_communication/lib/mycobot_communication
[1.626s] Installing mycobot_topics_pi script to /home/laptop5/mycobot_ros2/install/mycobot_communication/lib/mycobot_communication
[1.626s] Installing mycobot_topics_seeed script to /home/laptop5/mycobot_ros2/install/mycobot_communication/lib/mycobot_communication
[1.626s] writing list of installed files to '/home/laptop5/mycobot_ros2/build/mycobot_communication/install.log'
[2.041s] Invoked command in '/home/laptop5/mycobot_ros2/mycobot_communication' returned '0': AMENT_PREFIX_PATH=/home/laptop5/mycobot_ros2/install/mycobot_interfaces:${AMENT_PREFIX_PATH} CMAKE_PREFIX_PATH=/home/laptop5/mycobot_ros2/install/mycobot_interfaces:${CMAKE_PREFIX_PATH} DEBUGINFOD_URLS=https://debuginfod.ubuntu.com LD_LIBRARY_PATH=/home/laptop5/mycobot_ros2/install/mycobot_interfaces/lib:${LD_LIBRARY_PATH} PYTHONPATH=/home/laptop5/mycobot_ros2/build/mycobot_communication/prefix_override:/usr/lib/python3/dist-packages/colcon_core/task/python/colcon_distutils_commands:/home/laptop5/mycobot_ros2/install/mycobot_communication/lib/python3.12/site-packages:/home/laptop5/mycobot_ros2/install/mycobot_interfaces/lib/python3.12/site-packages:${PYTHONPATH} /usr/bin/python3 -W ignore:setup.py install is deprecated -W ignore:easy_install command is deprecated setup.py egg_info --egg-base ../build/mycobot_communication build --build-base /home/laptop5/mycobot_ros2/build/mycobot_communication/build install --record /home/laptop5/mycobot_ros2/build/mycobot_communication/install.log --single-version-externally-managed install_data
