[0.123s] Invoking command in '/home/laptop5/mycobot_ros2/build/mycobot_280arduino_moveit2': AMENT_PREFIX_PATH=/home/laptop5/mycobot_ros2/install/mycobot_description:${AMENT_PREFIX_PATH} CMAKE_PREFIX_PATH=${CMAKE_PREFIX_PATH}:/home/laptop5/elephant_ws_two/install/mycobot_280pi:/home/laptop5/elephant_arm_ws/install/mycobot_description:/opt/ros/jazzy DEBUGINFOD_URLS=https://debuginfod.ubuntu.com PYTHONPATH=/home/laptop5/mycobot_ros2/install/mycobot_description/lib/python3.12/site-packages:${PYTHONPATH} /usr/bin/cmake /home/laptop5/mycobot_ros2/mycobot_280/mycobot_280arduino_moveit2 -DCMAKE_INSTALL_PREFIX=/home/laptop5/mycobot_ros2/install/mycobot_280arduino_moveit2
[2.105s] -- The C compiler identification is GNU 13.3.0
[2.105s] -- The CXX compiler identification is GNU 13.3.0
[2.105s] -- Detecting C compiler ABI info
[2.113s] -- Detecting C compiler ABI info - done
[2.114s] -- Check for working C compiler: /usr/bin/cc - skipped
[2.114s] -- Detecting C compile features
[2.114s] -- Detecting C compile features - done
[2.114s] -- Detecting CXX compiler ABI info
[2.115s] -- Detecting CXX compiler ABI info - done
[2.115s] -- Check for working CXX compiler: /usr/bin/c++ - skipped
[2.115s] -- Detecting CXX compile features
[2.115s] -- Detecting CXX compile features - done
[2.115s] -- Found ament_cmake: 2.5.4 (/opt/ros/jazzy/share/ament_cmake/cmake)
[3.779s] -- Found Python3: /usr/bin/python3 (found version "3.12.3") found components: Interpreter 
[4.948s] -- Configuring done (4.8s)
[4.962s] -- Generating done (0.0s)
[4.980s] -- Build files have been written to: /home/laptop5/mycobot_ros2/build/mycobot_280arduino_moveit2
[13.882s] Invoked command in '/home/laptop5/mycobot_ros2/build/mycobot_280arduino_moveit2' returned '0': AMENT_PREFIX_PATH=/home/laptop5/mycobot_ros2/install/mycobot_description:${AMENT_PREFIX_PATH} CMAKE_PREFIX_PATH=${CMAKE_PREFIX_PATH}:/home/laptop5/elephant_ws_two/install/mycobot_280pi:/home/laptop5/elephant_arm_ws/install/mycobot_description:/opt/ros/jazzy DEBUGINFOD_URLS=https://debuginfod.ubuntu.com PYTHONPATH=/home/laptop5/mycobot_ros2/install/mycobot_description/lib/python3.12/site-packages:${PYTHONPATH} /usr/bin/cmake /home/laptop5/mycobot_ros2/mycobot_280/mycobot_280arduino_moveit2 -DCMAKE_INSTALL_PREFIX=/home/laptop5/mycobot_ros2/install/mycobot_280arduino_moveit2
[13.884s] Invoking command in '/home/laptop5/mycobot_ros2/build/mycobot_280arduino_moveit2': AMENT_PREFIX_PATH=/home/laptop5/mycobot_ros2/install/mycobot_description:${AMENT_PREFIX_PATH} CMAKE_PREFIX_PATH=${CMAKE_PREFIX_PATH}:/home/laptop5/elephant_ws_two/install/mycobot_280pi:/home/laptop5/elephant_arm_ws/install/mycobot_description:/opt/ros/jazzy DEBUGINFOD_URLS=https://debuginfod.ubuntu.com PYTHONPATH=/home/laptop5/mycobot_ros2/install/mycobot_description/lib/python3.12/site-packages:${PYTHONPATH} /usr/bin/cmake --build /home/laptop5/mycobot_ros2/build/mycobot_280arduino_moveit2 -- -j12 -l12
[18.412s] Invoked command in '/home/laptop5/mycobot_ros2/build/mycobot_280arduino_moveit2' returned '0': AMENT_PREFIX_PATH=/home/laptop5/mycobot_ros2/install/mycobot_description:${AMENT_PREFIX_PATH} CMAKE_PREFIX_PATH=${CMAKE_PREFIX_PATH}:/home/laptop5/elephant_ws_two/install/mycobot_280pi:/home/laptop5/elephant_arm_ws/install/mycobot_description:/opt/ros/jazzy DEBUGINFOD_URLS=https://debuginfod.ubuntu.com PYTHONPATH=/home/laptop5/mycobot_ros2/install/mycobot_description/lib/python3.12/site-packages:${PYTHONPATH} /usr/bin/cmake --build /home/laptop5/mycobot_ros2/build/mycobot_280arduino_moveit2 -- -j12 -l12
[18.413s] Invoking command in '/home/laptop5/mycobot_ros2/build/mycobot_280arduino_moveit2': AMENT_PREFIX_PATH=/home/laptop5/mycobot_ros2/install/mycobot_description:${AMENT_PREFIX_PATH} CMAKE_PREFIX_PATH=${CMAKE_PREFIX_PATH}:/home/laptop5/elephant_ws_two/install/mycobot_280pi:/home/laptop5/elephant_arm_ws/install/mycobot_description:/opt/ros/jazzy DEBUGINFOD_URLS=https://debuginfod.ubuntu.com PYTHONPATH=/home/laptop5/mycobot_ros2/install/mycobot_description/lib/python3.12/site-packages:${PYTHONPATH} /usr/bin/cmake --install /home/laptop5/mycobot_ros2/build/mycobot_280arduino_moveit2
[18.467s] -- Install configuration: ""
[18.467s] -- Installing: /home/laptop5/mycobot_ros2/install/mycobot_280arduino_moveit2/share/ament_index/resource_index/package_run_dependencies/mycobot_280arduino_moveit2
[18.467s] -- Installing: /home/laptop5/mycobot_ros2/install/mycobot_280arduino_moveit2/share/ament_index/resource_index/parent_prefix_path/mycobot_280arduino_moveit2
[18.475s] -- Installing: /home/laptop5/mycobot_ros2/install/mycobot_280arduino_moveit2/share/mycobot_280arduino_moveit2/environment/ament_prefix_path.sh
[18.475s] -- Installing: /home/laptop5/mycobot_ros2/install/mycobot_280arduino_moveit2/share/mycobot_280arduino_moveit2/environment/ament_prefix_path.dsv
[18.475s] -- Installing: /home/laptop5/mycobot_ros2/install/mycobot_280arduino_moveit2/share/mycobot_280arduino_moveit2/environment/path.sh
[18.475s] -- Installing: /home/laptop5/mycobot_ros2/install/mycobot_280arduino_moveit2/share/mycobot_280arduino_moveit2/environment/path.dsv
[18.476s] -- Installing: /home/laptop5/mycobot_ros2/install/mycobot_280arduino_moveit2/share/mycobot_280arduino_moveit2/local_setup.bash
[18.476s] -- Installing: /home/laptop5/mycobot_ros2/install/mycobot_280arduino_moveit2/share/mycobot_280arduino_moveit2/local_setup.sh
[18.476s] -- Installing: /home/laptop5/mycobot_ros2/install/mycobot_280arduino_moveit2/share/mycobot_280arduino_moveit2/local_setup.zsh
[18.476s] -- Installing: /home/laptop5/mycobot_ros2/install/mycobot_280arduino_moveit2/share/mycobot_280arduino_moveit2/local_setup.dsv
[18.476s] -- Installing: /home/laptop5/mycobot_ros2/install/mycobot_280arduino_moveit2/share/mycobot_280arduino_moveit2/package.dsv
[18.477s] -- Installing: /home/laptop5/mycobot_ros2/install/mycobot_280arduino_moveit2/share/ament_index/resource_index/packages/mycobot_280arduino_moveit2
[18.477s] -- Installing: /home/laptop5/mycobot_ros2/install/mycobot_280arduino_moveit2/share/mycobot_280arduino_moveit2/cmake/mycobot_280arduino_moveit2Config.cmake
[18.477s] -- Installing: /home/laptop5/mycobot_ros2/install/mycobot_280arduino_moveit2/share/mycobot_280arduino_moveit2/cmake/mycobot_280arduino_moveit2Config-version.cmake
[18.477s] -- Installing: /home/laptop5/mycobot_ros2/install/mycobot_280arduino_moveit2/share/mycobot_280arduino_moveit2/package.xml
[18.477s] -- Installing: /home/laptop5/mycobot_ros2/install/mycobot_280arduino_moveit2/share/mycobot_280arduino_moveit2/launch
[18.481s] -- Installing: /home/laptop5/mycobot_ros2/install/mycobot_280arduino_moveit2/share/mycobot_280arduino_moveit2/launch/demo.launch.py
[18.481s] -- Installing: /home/laptop5/mycobot_ros2/install/mycobot_280arduino_moveit2/share/mycobot_280arduino_moveit2/launch/moveit_rviz.launch.py
[18.481s] -- Installing: /home/laptop5/mycobot_ros2/install/mycobot_280arduino_moveit2/share/mycobot_280arduino_moveit2/launch/move_group.launch.py
[18.482s] -- Installing: /home/laptop5/mycobot_ros2/install/mycobot_280arduino_moveit2/share/mycobot_280arduino_moveit2/launch/warehouse_db.launch.py
[18.482s] -- Installing: /home/laptop5/mycobot_ros2/install/mycobot_280arduino_moveit2/share/mycobot_280arduino_moveit2/launch/rsp.launch.py
[18.482s] -- Installing: /home/laptop5/mycobot_ros2/install/mycobot_280arduino_moveit2/share/mycobot_280arduino_moveit2/launch/setup_assistant.launch.py
[18.482s] -- Installing: /home/laptop5/mycobot_ros2/install/mycobot_280arduino_moveit2/share/mycobot_280arduino_moveit2/launch/static_virtual_joint_tfs.launch.py
[18.483s] -- Installing: /home/laptop5/mycobot_ros2/install/mycobot_280arduino_moveit2/share/mycobot_280arduino_moveit2/launch/spawn_controllers.launch.py
[18.483s] -- Installing: /home/laptop5/mycobot_ros2/install/mycobot_280arduino_moveit2/share/mycobot_280arduino_moveit2/config
[18.483s] -- Installing: /home/laptop5/mycobot_ros2/install/mycobot_280arduino_moveit2/share/mycobot_280arduino_moveit2/config/pilz_cartesian_limits.yaml
[18.483s] -- Installing: /home/laptop5/mycobot_ros2/install/mycobot_280arduino_moveit2/share/mycobot_280arduino_moveit2/config/ros2_controllers.yaml
[18.486s] -- Installing: /home/laptop5/mycobot_ros2/install/mycobot_280arduino_moveit2/share/mycobot_280arduino_moveit2/config/kinematics.yaml
[18.497s] -- Installing: /home/laptop5/mycobot_ros2/install/mycobot_280arduino_moveit2/share/mycobot_280arduino_moveit2/config/moveit.rviz
[18.497s] -- Installing: /home/laptop5/mycobot_ros2/install/mycobot_280arduino_moveit2/share/mycobot_280arduino_moveit2/config/moveit_controllers.yaml
[18.497s] -- Installing: /home/laptop5/mycobot_ros2/install/mycobot_280arduino_moveit2/share/mycobot_280arduino_moveit2/config/initial_positions.yaml
[18.497s] -- Installing: /home/laptop5/mycobot_ros2/install/mycobot_280arduino_moveit2/share/mycobot_280arduino_moveit2/config/joint_limits.yaml
[18.498s] -- Installing: /home/laptop5/mycobot_ros2/install/mycobot_280arduino_moveit2/share/mycobot_280arduino_moveit2/config/firefighter.srdf
[18.498s] -- Installing: /home/laptop5/mycobot_ros2/install/mycobot_280arduino_moveit2/share/mycobot_280arduino_moveit2/config/firefighter.urdf.xacro
[18.498s] -- Installing: /home/laptop5/mycobot_ros2/install/mycobot_280arduino_moveit2/share/mycobot_280arduino_moveit2/config/firefighter.ros2_control.xacro
[18.498s] -- Installing: /home/laptop5/mycobot_ros2/install/mycobot_280arduino_moveit2/share/mycobot_280arduino_moveit2/.setup_assistant
[18.660s] Invoked command in '/home/laptop5/mycobot_ros2/build/mycobot_280arduino_moveit2' returned '0': AMENT_PREFIX_PATH=/home/laptop5/mycobot_ros2/install/mycobot_description:${AMENT_PREFIX_PATH} CMAKE_PREFIX_PATH=${CMAKE_PREFIX_PATH}:/home/laptop5/elephant_ws_two/install/mycobot_280pi:/home/laptop5/elephant_arm_ws/install/mycobot_description:/opt/ros/jazzy DEBUGINFOD_URLS=https://debuginfod.ubuntu.com PYTHONPATH=/home/laptop5/mycobot_ros2/install/mycobot_description/lib/python3.12/site-packages:${PYTHONPATH} /usr/bin/cmake --install /home/laptop5/mycobot_ros2/build/mycobot_280arduino_moveit2
