[2.385s] Invoking command in '/home/laptop5/mycobot_ros2/mycobot_280/mycobot_280_x3pi': AMENT_PREFIX_PATH=/home/laptop5/mycobot_ros2/install/mycobot_description:${AMENT_PREFIX_PATH} DEBUGINFOD_URLS=https://debuginfod.ubuntu.com PYTHONPATH=/home/laptop5/mycobot_ros2/build/mycobot_280_x3pi/prefix_override:/usr/lib/python3/dist-packages/colcon_core/task/python/colcon_distutils_commands:/home/laptop5/mycobot_ros2/install/mycobot_280_x3pi/lib/python3.12/site-packages:/home/laptop5/mycobot_ros2/install/mycobot_description/lib/python3.12/site-packages:${PYTHONPATH} /usr/bin/python3 -W ignore:setup.py install is deprecated -W ignore:easy_install command is deprecated setup.py egg_info --egg-base ../../build/mycobot_280_x3pi build --build-base /home/laptop5/mycobot_ros2/build/mycobot_280_x3pi/build install --record /home/laptop5/mycobot_ros2/build/mycobot_280_x3pi/install.log --single-version-externally-managed install_data
[2.706s] running egg_info
[2.728s] writing ../../build/mycobot_280_x3pi/mycobot_280_x3pi.egg-info/PKG-INFO
[2.729s] writing dependency_links to ../../build/mycobot_280_x3pi/mycobot_280_x3pi.egg-info/dependency_links.txt
[2.729s] writing entry points to ../../build/mycobot_280_x3pi/mycobot_280_x3pi.egg-info/entry_points.txt
[2.730s] writing requirements to ../../build/mycobot_280_x3pi/mycobot_280_x3pi.egg-info/requires.txt
[2.730s] writing top-level names to ../../build/mycobot_280_x3pi/mycobot_280_x3pi.egg-info/top_level.txt
[2.777s] reading manifest file '../../build/mycobot_280_x3pi/mycobot_280_x3pi.egg-info/SOURCES.txt'
[2.777s] adding license file 'LICENSE'
[2.778s] writing manifest file '../../build/mycobot_280_x3pi/mycobot_280_x3pi.egg-info/SOURCES.txt'
[2.778s] running build
[2.778s] running build_py
[2.779s] running install
[2.787s] running install_lib
[2.812s] running install_data
[2.812s] running install_egg_info
[2.836s] removing '/home/laptop5/mycobot_ros2/install/mycobot_280_x3pi/lib/python3.12/site-packages/mycobot_280_x3pi-0.0.0-py3.12.egg-info' (and everything under it)
[2.836s] Copying ../../build/mycobot_280_x3pi/mycobot_280_x3pi.egg-info to /home/laptop5/mycobot_ros2/install/mycobot_280_x3pi/lib/python3.12/site-packages/mycobot_280_x3pi-0.0.0-py3.12.egg-info
[2.837s] running install_scripts
[2.989s] Installing camera_display script to /home/laptop5/mycobot_ros2/install/mycobot_280_x3pi/lib/mycobot_280_x3pi
[2.990s] Installing follow_display script to /home/laptop5/mycobot_ros2/install/mycobot_280_x3pi/lib/mycobot_280_x3pi
[2.990s] Installing listen_real script to /home/laptop5/mycobot_ros2/install/mycobot_280_x3pi/lib/mycobot_280_x3pi
[2.990s] Installing listen_real_of_topic script to /home/laptop5/mycobot_ros2/install/mycobot_280_x3pi/lib/mycobot_280_x3pi
[2.991s] Installing opencv_camera script to /home/laptop5/mycobot_ros2/install/mycobot_280_x3pi/lib/mycobot_280_x3pi
[2.991s] Installing simple_gui script to /home/laptop5/mycobot_ros2/install/mycobot_280_x3pi/lib/mycobot_280_x3pi
[2.991s] Installing slider_control script to /home/laptop5/mycobot_ros2/install/mycobot_280_x3pi/lib/mycobot_280_x3pi
[2.991s] Installing teleop_keyboard script to /home/laptop5/mycobot_ros2/install/mycobot_280_x3pi/lib/mycobot_280_x3pi
[2.991s] writing list of installed files to '/home/laptop5/mycobot_ros2/build/mycobot_280_x3pi/install.log'
[3.027s] Invoked command in '/home/laptop5/mycobot_ros2/mycobot_280/mycobot_280_x3pi' returned '0': AMENT_PREFIX_PATH=/home/laptop5/mycobot_ros2/install/mycobot_description:${AMENT_PREFIX_PATH} DEBUGINFOD_URLS=https://debuginfod.ubuntu.com PYTHONPATH=/home/laptop5/mycobot_ros2/build/mycobot_280_x3pi/prefix_override:/usr/lib/python3/dist-packages/colcon_core/task/python/colcon_distutils_commands:/home/laptop5/mycobot_ros2/install/mycobot_280_x3pi/lib/python3.12/site-packages:/home/laptop5/mycobot_ros2/install/mycobot_description/lib/python3.12/site-packages:${PYTHONPATH} /usr/bin/python3 -W ignore:setup.py install is deprecated -W ignore:easy_install command is deprecated setup.py egg_info --egg-base ../../build/mycobot_280_x3pi build --build-base /home/laptop5/mycobot_ros2/build/mycobot_280_x3pi/build install --record /home/laptop5/mycobot_ros2/build/mycobot_280_x3pi/install.log --single-version-externally-managed install_data
