[1.953s] Invoking command in '/home/laptop5/mycobot_ros2/mycobot_280/mycobot_280_x3pi': AMENT_PREFIX_PATH=/home/laptop5/mycobot_ros2/install/mycobot_description:${AMENT_PREFIX_PATH} DEBUGINFOD_URLS=https://debuginfod.ubuntu.com PYTHONPATH=/home/laptop5/mycobot_ros2/build/mycobot_280_x3pi/prefix_override:/usr/lib/python3/dist-packages/colcon_core/task/python/colcon_distutils_commands:/home/laptop5/mycobot_ros2/install/mycobot_280_x3pi/lib/python3.12/site-packages:/home/laptop5/mycobot_ros2/install/mycobot_description/lib/python3.12/site-packages:${PYTHONPATH} /usr/bin/python3 -W ignore:setup.py install is deprecated -W ignore:easy_install command is deprecated setup.py egg_info --egg-base ../../build/mycobot_280_x3pi build --build-base /home/laptop5/mycobot_ros2/build/mycobot_280_x3pi/build install --record /home/laptop5/mycobot_ros2/build/mycobot_280_x3pi/install.log --single-version-externally-managed install_data
[2.328s] running egg_info
[2.355s] writing ../../build/mycobot_280_x3pi/mycobot_280_x3pi.egg-info/PKG-INFO
[2.355s] writing dependency_links to ../../build/mycobot_280_x3pi/mycobot_280_x3pi.egg-info/dependency_links.txt
[2.356s] writing entry points to ../../build/mycobot_280_x3pi/mycobot_280_x3pi.egg-info/entry_points.txt
[2.356s] writing requirements to ../../build/mycobot_280_x3pi/mycobot_280_x3pi.egg-info/requires.txt
[2.357s] writing top-level names to ../../build/mycobot_280_x3pi/mycobot_280_x3pi.egg-info/top_level.txt
[2.416s] reading manifest file '../../build/mycobot_280_x3pi/mycobot_280_x3pi.egg-info/SOURCES.txt'
[2.416s] adding license file 'LICENSE'
[2.417s] writing manifest file '../../build/mycobot_280_x3pi/mycobot_280_x3pi.egg-info/SOURCES.txt'
[2.417s] running build
[2.417s] running build_py
[2.418s] running install
[2.427s] running install_lib
[2.458s] running install_data
[2.458s] running install_egg_info
[2.488s] removing '/home/laptop5/mycobot_ros2/install/mycobot_280_x3pi/lib/python3.12/site-packages/mycobot_280_x3pi-0.0.0-py3.12.egg-info' (and everything under it)
[2.489s] Copying ../../build/mycobot_280_x3pi/mycobot_280_x3pi.egg-info to /home/laptop5/mycobot_ros2/install/mycobot_280_x3pi/lib/python3.12/site-packages/mycobot_280_x3pi-0.0.0-py3.12.egg-info
[2.490s] running install_scripts
[2.671s] Installing camera_display script to /home/laptop5/mycobot_ros2/install/mycobot_280_x3pi/lib/mycobot_280_x3pi
[2.672s] Installing follow_display script to /home/laptop5/mycobot_ros2/install/mycobot_280_x3pi/lib/mycobot_280_x3pi
[2.672s] Installing listen_real script to /home/laptop5/mycobot_ros2/install/mycobot_280_x3pi/lib/mycobot_280_x3pi
[2.673s] Installing listen_real_of_topic script to /home/laptop5/mycobot_ros2/install/mycobot_280_x3pi/lib/mycobot_280_x3pi
[2.673s] Installing opencv_camera script to /home/laptop5/mycobot_ros2/install/mycobot_280_x3pi/lib/mycobot_280_x3pi
[2.673s] Installing simple_gui script to /home/laptop5/mycobot_ros2/install/mycobot_280_x3pi/lib/mycobot_280_x3pi
[2.674s] Installing slider_control script to /home/laptop5/mycobot_ros2/install/mycobot_280_x3pi/lib/mycobot_280_x3pi
[2.674s] Installing teleop_keyboard script to /home/laptop5/mycobot_ros2/install/mycobot_280_x3pi/lib/mycobot_280_x3pi
[2.674s] writing list of installed files to '/home/laptop5/mycobot_ros2/build/mycobot_280_x3pi/install.log'
[2.733s] Invoked command in '/home/laptop5/mycobot_ros2/mycobot_280/mycobot_280_x3pi' returned '0': AMENT_PREFIX_PATH=/home/laptop5/mycobot_ros2/install/mycobot_description:${AMENT_PREFIX_PATH} DEBUGINFOD_URLS=https://debuginfod.ubuntu.com PYTHONPATH=/home/laptop5/mycobot_ros2/build/mycobot_280_x3pi/prefix_override:/usr/lib/python3/dist-packages/colcon_core/task/python/colcon_distutils_commands:/home/laptop5/mycobot_ros2/install/mycobot_280_x3pi/lib/python3.12/site-packages:/home/laptop5/mycobot_ros2/install/mycobot_description/lib/python3.12/site-packages:${PYTHONPATH} /usr/bin/python3 -W ignore:setup.py install is deprecated -W ignore:easy_install command is deprecated setup.py egg_info --egg-base ../../build/mycobot_280_x3pi build --build-base /home/laptop5/mycobot_ros2/build/mycobot_280_x3pi/build install --record /home/laptop5/mycobot_ros2/build/mycobot_280_x3pi/install.log --single-version-externally-managed install_data
