[2.117s] Invoking command in '/home/laptop5/mycobot_ros2/mycobot_280/mycobot_280': AMENT_PREFIX_PATH=/home/laptop5/mycobot_ros2/install/mycobot_description:${AMENT_PREFIX_PATH} DEBUGINFOD_URLS=https://debuginfod.ubuntu.com PYTHONPATH=/home/laptop5/mycobot_ros2/build/mycobot_280/prefix_override:/usr/lib/python3/dist-packages/colcon_core/task/python/colcon_distutils_commands:/home/laptop5/mycobot_ros2/install/mycobot_280/lib/python3.12/site-packages:/home/laptop5/mycobot_ros2/install/mycobot_description/lib/python3.12/site-packages:${PYTHONPATH} /usr/bin/python3 -W ignore:setup.py install is deprecated -W ignore:easy_install command is deprecated setup.py egg_info --egg-base ../../build/mycobot_280 build --build-base /home/laptop5/mycobot_ros2/build/mycobot_280/build install --record /home/laptop5/mycobot_ros2/build/mycobot_280/install.log --single-version-externally-managed install_data
[2.659s] running egg_info
[2.681s] writing ../../build/mycobot_280/mycobot_280.egg-info/PKG-INFO
[2.682s] writing dependency_links to ../../build/mycobot_280/mycobot_280.egg-info/dependency_links.txt
[2.682s] writing entry points to ../../build/mycobot_280/mycobot_280.egg-info/entry_points.txt
[2.682s] writing requirements to ../../build/mycobot_280/mycobot_280.egg-info/requires.txt
[2.682s] writing top-level names to ../../build/mycobot_280/mycobot_280.egg-info/top_level.txt
[2.725s] reading manifest file '../../build/mycobot_280/mycobot_280.egg-info/SOURCES.txt'
[2.725s] adding license file 'LICENSE'
[2.726s] writing manifest file '../../build/mycobot_280/mycobot_280.egg-info/SOURCES.txt'
[2.726s] running build
[2.727s] running build_py
[2.727s] running install
[2.735s] running install_lib
[2.758s] running install_data
[2.758s] running install_egg_info
[2.781s] removing '/home/laptop5/mycobot_ros2/install/mycobot_280/lib/python3.12/site-packages/mycobot_280-0.0.0-py3.12.egg-info' (and everything under it)
[2.782s] Copying ../../build/mycobot_280/mycobot_280.egg-info to /home/laptop5/mycobot_ros2/install/mycobot_280/lib/python3.12/site-packages/mycobot_280-0.0.0-py3.12.egg-info
[2.782s] running install_scripts
[2.931s] Installing camera_display script to /home/laptop5/mycobot_ros2/install/mycobot_280/lib/mycobot_280
[2.931s] Installing follow_display script to /home/laptop5/mycobot_ros2/install/mycobot_280/lib/mycobot_280
[2.931s] Installing listen_real script to /home/laptop5/mycobot_ros2/install/mycobot_280/lib/mycobot_280
[2.931s] Installing listen_real_of_topic script to /home/laptop5/mycobot_ros2/install/mycobot_280/lib/mycobot_280
[2.932s] Installing listen_real_service script to /home/laptop5/mycobot_ros2/install/mycobot_280/lib/mycobot_280
[2.932s] Installing opencv_camera script to /home/laptop5/mycobot_ros2/install/mycobot_280/lib/mycobot_280
[2.932s] Installing simple_gui script to /home/laptop5/mycobot_ros2/install/mycobot_280/lib/mycobot_280
[2.932s] Installing slider_control script to /home/laptop5/mycobot_ros2/install/mycobot_280/lib/mycobot_280
[2.932s] Installing slider_control_adaptive_gripper script to /home/laptop5/mycobot_ros2/install/mycobot_280/lib/mycobot_280
[2.932s] Installing teleop_keyboard script to /home/laptop5/mycobot_ros2/install/mycobot_280/lib/mycobot_280
[2.933s] writing list of installed files to '/home/laptop5/mycobot_ros2/build/mycobot_280/install.log'
[2.971s] Invoked command in '/home/laptop5/mycobot_ros2/mycobot_280/mycobot_280' returned '0': AMENT_PREFIX_PATH=/home/laptop5/mycobot_ros2/install/mycobot_description:${AMENT_PREFIX_PATH} DEBUGINFOD_URLS=https://debuginfod.ubuntu.com PYTHONPATH=/home/laptop5/mycobot_ros2/build/mycobot_280/prefix_override:/usr/lib/python3/dist-packages/colcon_core/task/python/colcon_distutils_commands:/home/laptop5/mycobot_ros2/install/mycobot_280/lib/python3.12/site-packages:/home/laptop5/mycobot_ros2/install/mycobot_description/lib/python3.12/site-packages:${PYTHONPATH} /usr/bin/python3 -W ignore:setup.py install is deprecated -W ignore:easy_install command is deprecated setup.py egg_info --egg-base ../../build/mycobot_280 build --build-base /home/laptop5/mycobot_ros2/build/mycobot_280/build install --record /home/laptop5/mycobot_ros2/build/mycobot_280/install.log --single-version-externally-managed install_data
