[13.831s] Invoking command in '/home/laptop5/mycobot_ros2/mycobot_280/mycobot_280pi': AMENT_PREFIX_PATH=/home/laptop5/mycobot_ros2/install/mycobot_description:${AMENT_PREFIX_PATH} DEBUGINFOD_URLS=https://debuginfod.ubuntu.com PYTHONPATH=/home/laptop5/mycobot_ros2/build/mycobot_280pi/prefix_override:/usr/lib/python3/dist-packages/colcon_core/task/python/colcon_distutils_commands:/home/laptop5/mycobot_ros2/install/mycobot_280pi/lib/python3.12/site-packages:/home/laptop5/mycobot_ros2/install/mycobot_description/lib/python3.12/site-packages:${PYTHONPATH} /usr/bin/python3 -W ignore:setup.py install is deprecated -W ignore:easy_install command is deprecated setup.py egg_info --egg-base ../../build/mycobot_280pi build --build-base /home/laptop5/mycobot_ros2/build/mycobot_280pi/build install --record /home/laptop5/mycobot_ros2/build/mycobot_280pi/install.log --single-version-externally-managed install_data
[14.833s] running egg_info
[14.834s] creating ../../build/mycobot_280pi/mycobot_280pi.egg-info
[14.908s] writing ../../build/mycobot_280pi/mycobot_280pi.egg-info/PKG-INFO
[14.908s] writing dependency_links to ../../build/mycobot_280pi/mycobot_280pi.egg-info/dependency_links.txt
[14.909s] writing entry points to ../../build/mycobot_280pi/mycobot_280pi.egg-info/entry_points.txt
[14.909s] writing requirements to ../../build/mycobot_280pi/mycobot_280pi.egg-info/requires.txt
[14.909s] writing top-level names to ../../build/mycobot_280pi/mycobot_280pi.egg-info/top_level.txt
[14.910s] writing manifest file '../../build/mycobot_280pi/mycobot_280pi.egg-info/SOURCES.txt'
[15.056s] reading manifest file '../../build/mycobot_280pi/mycobot_280pi.egg-info/SOURCES.txt'
[15.057s] adding license file 'LICENSE'
[15.060s] writing manifest file '../../build/mycobot_280pi/mycobot_280pi.egg-info/SOURCES.txt'
[15.061s] running build
[15.061s] running build_py
[15.062s] creating /home/laptop5/mycobot_ros2/build/mycobot_280pi/build
[15.063s] creating /home/laptop5/mycobot_ros2/build/mycobot_280pi/build/lib
[15.063s] creating /home/laptop5/mycobot_ros2/build/mycobot_280pi/build/lib/mycobot_280pi
[15.064s] copying mycobot_280pi/__init__.py -> /home/laptop5/mycobot_ros2/build/mycobot_280pi/build/lib/mycobot_280pi
[15.064s] copying mycobot_280pi/opencv_camera.py -> /home/laptop5/mycobot_ros2/build/mycobot_280pi/build/lib/mycobot_280pi
[15.065s] copying mycobot_280pi/camera_display.py -> /home/laptop5/mycobot_ros2/build/mycobot_280pi/build/lib/mycobot_280pi
[15.065s] copying mycobot_280pi/listen_real_of_topic.py -> /home/laptop5/mycobot_ros2/build/mycobot_280pi/build/lib/mycobot_280pi
[15.067s] copying mycobot_280pi/listen_real_service.py -> /home/laptop5/mycobot_ros2/build/mycobot_280pi/build/lib/mycobot_280pi
[15.067s] copying mycobot_280pi/teleop_keyboard.py -> /home/laptop5/mycobot_ros2/build/mycobot_280pi/build/lib/mycobot_280pi
[15.067s] copying mycobot_280pi/follow_display.py -> /home/laptop5/mycobot_ros2/build/mycobot_280pi/build/lib/mycobot_280pi
[15.067s] copying mycobot_280pi/simple_gui.py -> /home/laptop5/mycobot_ros2/build/mycobot_280pi/build/lib/mycobot_280pi
[15.070s] copying mycobot_280pi/listen_real.py -> /home/laptop5/mycobot_ros2/build/mycobot_280pi/build/lib/mycobot_280pi
[15.070s] copying mycobot_280pi/slider_control_adaptive_gripper.py -> /home/laptop5/mycobot_ros2/build/mycobot_280pi/build/lib/mycobot_280pi
[15.070s] copying mycobot_280pi/slider_control.py -> /home/laptop5/mycobot_ros2/build/mycobot_280pi/build/lib/mycobot_280pi
[15.071s] running install
[15.084s] running install_lib
[15.153s] creating /home/laptop5/mycobot_ros2/install/mycobot_280pi/lib/python3.12/site-packages/mycobot_280pi
[15.154s] copying /home/laptop5/mycobot_ros2/build/mycobot_280pi/build/lib/mycobot_280pi/__init__.py -> /home/laptop5/mycobot_ros2/install/mycobot_280pi/lib/python3.12/site-packages/mycobot_280pi
[15.154s] copying /home/laptop5/mycobot_ros2/build/mycobot_280pi/build/lib/mycobot_280pi/opencv_camera.py -> /home/laptop5/mycobot_ros2/install/mycobot_280pi/lib/python3.12/site-packages/mycobot_280pi
[15.155s] copying /home/laptop5/mycobot_ros2/build/mycobot_280pi/build/lib/mycobot_280pi/camera_display.py -> /home/laptop5/mycobot_ros2/install/mycobot_280pi/lib/python3.12/site-packages/mycobot_280pi
[15.155s] copying /home/laptop5/mycobot_ros2/build/mycobot_280pi/build/lib/mycobot_280pi/listen_real_of_topic.py -> /home/laptop5/mycobot_ros2/install/mycobot_280pi/lib/python3.12/site-packages/mycobot_280pi
[15.157s] copying /home/laptop5/mycobot_ros2/build/mycobot_280pi/build/lib/mycobot_280pi/listen_real_service.py -> /home/laptop5/mycobot_ros2/install/mycobot_280pi/lib/python3.12/site-packages/mycobot_280pi
[15.157s] copying /home/laptop5/mycobot_ros2/build/mycobot_280pi/build/lib/mycobot_280pi/teleop_keyboard.py -> /home/laptop5/mycobot_ros2/install/mycobot_280pi/lib/python3.12/site-packages/mycobot_280pi
[15.157s] copying /home/laptop5/mycobot_ros2/build/mycobot_280pi/build/lib/mycobot_280pi/follow_display.py -> /home/laptop5/mycobot_ros2/install/mycobot_280pi/lib/python3.12/site-packages/mycobot_280pi
[15.157s] copying /home/laptop5/mycobot_ros2/build/mycobot_280pi/build/lib/mycobot_280pi/simple_gui.py -> /home/laptop5/mycobot_ros2/install/mycobot_280pi/lib/python3.12/site-packages/mycobot_280pi
[15.158s] copying /home/laptop5/mycobot_ros2/build/mycobot_280pi/build/lib/mycobot_280pi/listen_real.py -> /home/laptop5/mycobot_ros2/install/mycobot_280pi/lib/python3.12/site-packages/mycobot_280pi
[15.159s] copying /home/laptop5/mycobot_ros2/build/mycobot_280pi/build/lib/mycobot_280pi/slider_control_adaptive_gripper.py -> /home/laptop5/mycobot_ros2/install/mycobot_280pi/lib/python3.12/site-packages/mycobot_280pi
[15.159s] copying /home/laptop5/mycobot_ros2/build/mycobot_280pi/build/lib/mycobot_280pi/slider_control.py -> /home/laptop5/mycobot_ros2/install/mycobot_280pi/lib/python3.12/site-packages/mycobot_280pi
[15.160s] byte-compiling /home/laptop5/mycobot_ros2/install/mycobot_280pi/lib/python3.12/site-packages/mycobot_280pi/__init__.py to __init__.cpython-312.pyc
[15.160s] byte-compiling /home/laptop5/mycobot_ros2/install/mycobot_280pi/lib/python3.12/site-packages/mycobot_280pi/opencv_camera.py to opencv_camera.cpython-312.pyc
[15.162s] byte-compiling /home/laptop5/mycobot_ros2/install/mycobot_280pi/lib/python3.12/site-packages/mycobot_280pi/camera_display.py to camera_display.cpython-312.pyc
[15.163s] byte-compiling /home/laptop5/mycobot_ros2/install/mycobot_280pi/lib/python3.12/site-packages/mycobot_280pi/listen_real_of_topic.py to listen_real_of_topic.cpython-312.pyc
[15.164s] byte-compiling /home/laptop5/mycobot_ros2/install/mycobot_280pi/lib/python3.12/site-packages/mycobot_280pi/listen_real_service.py to listen_real_service.cpython-312.pyc
[15.170s] byte-compiling /home/laptop5/mycobot_ros2/install/mycobot_280pi/lib/python3.12/site-packages/mycobot_280pi/teleop_keyboard.py to teleop_keyboard.cpython-312.pyc
[15.176s] byte-compiling /home/laptop5/mycobot_ros2/install/mycobot_280pi/lib/python3.12/site-packages/mycobot_280pi/follow_display.py to follow_display.cpython-312.pyc
[15.182s] byte-compiling /home/laptop5/mycobot_ros2/install/mycobot_280pi/lib/python3.12/site-packages/mycobot_280pi/simple_gui.py to simple_gui.cpython-312.pyc
[15.192s] byte-compiling /home/laptop5/mycobot_ros2/install/mycobot_280pi/lib/python3.12/site-packages/mycobot_280pi/listen_real.py to listen_real.cpython-312.pyc
[15.195s] byte-compiling /home/laptop5/mycobot_ros2/install/mycobot_280pi/lib/python3.12/site-packages/mycobot_280pi/slider_control_adaptive_gripper.py to slider_control_adaptive_gripper.cpython-312.pyc
[15.197s] byte-compiling /home/laptop5/mycobot_ros2/install/mycobot_280pi/lib/python3.12/site-packages/mycobot_280pi/slider_control.py to slider_control.cpython-312.pyc
[15.198s] running install_data
[15.199s] creating /home/laptop5/mycobot_ros2/install/mycobot_280pi/share/ament_index
[15.200s] creating /home/laptop5/mycobot_ros2/install/mycobot_280pi/share/ament_index/resource_index
[15.201s] creating /home/laptop5/mycobot_ros2/install/mycobot_280pi/share/ament_index/resource_index/packages
[15.202s] copying resource/mycobot_280pi -> /home/laptop5/mycobot_ros2/install/mycobot_280pi/share/ament_index/resource_index/packages
[15.203s] copying package.xml -> /home/laptop5/mycobot_ros2/install/mycobot_280pi/share/mycobot_280pi
[15.203s] creating /home/laptop5/mycobot_ros2/install/mycobot_280pi/share/mycobot_280pi/launch
[15.204s] copying launch/test_gripper.launch.py -> /home/laptop5/mycobot_ros2/install/mycobot_280pi/share/mycobot_280pi/launch
[15.208s] copying launch/slider_control.launch.py -> /home/laptop5/mycobot_ros2/install/mycobot_280pi/share/mycobot_280pi/launch
[15.208s] copying launch/mycobot_follow.launch.py -> /home/laptop5/mycobot_ros2/install/mycobot_280pi/share/mycobot_280pi/launch
[15.208s] copying launch/test_pump.launch.py -> /home/laptop5/mycobot_ros2/install/mycobot_280pi/share/mycobot_280pi/launch
[15.209s] copying launch/slider_control_adaptive_gripper.launch.py -> /home/laptop5/mycobot_ros2/install/mycobot_280pi/share/mycobot_280pi/launch
[15.209s] copying launch/simple_gui.launch.py -> /home/laptop5/mycobot_ros2/install/mycobot_280pi/share/mycobot_280pi/launch
[15.209s] copying launch/test_camera_flange.launch.py -> /home/laptop5/mycobot_ros2/install/mycobot_280pi/share/mycobot_280pi/launch
[15.209s] copying launch/test.launch.py -> /home/laptop5/mycobot_ros2/install/mycobot_280pi/share/mycobot_280pi/launch
[15.209s] copying launch/slider_control_pump.launch.py -> /home/laptop5/mycobot_ros2/install/mycobot_280pi/share/mycobot_280pi/launch
[15.210s] copying launch/test_camera_flange_pump.launch.py -> /home/laptop5/mycobot_ros2/install/mycobot_280pi/share/mycobot_280pi/launch
[15.210s] copying launch/teleop_keyboard.launch.py -> /home/laptop5/mycobot_ros2/install/mycobot_280pi/share/mycobot_280pi/launch
[15.210s] copying launch/slider_control_camera_flange.launch.py -> /home/laptop5/mycobot_ros2/install/mycobot_280pi/share/mycobot_280pi/launch
[15.210s] creating /home/laptop5/mycobot_ros2/install/mycobot_280pi/share/mycobot_280pi/config
[15.210s] copying config/mycobot_pi.rviz -> /home/laptop5/mycobot_ros2/install/mycobot_280pi/share/mycobot_280pi/config
[15.214s] copying config/mycobot_with_marker.rviz -> /home/laptop5/mycobot_ros2/install/mycobot_280pi/share/mycobot_280pi/config
[15.214s] running install_egg_info
[15.280s] Copying ../../build/mycobot_280pi/mycobot_280pi.egg-info to /home/laptop5/mycobot_ros2/install/mycobot_280pi/lib/python3.12/site-packages/mycobot_280pi-0.0.0-py3.12.egg-info
[15.283s] running install_scripts
[15.752s] Installing camera_display script to /home/laptop5/mycobot_ros2/install/mycobot_280pi/lib/mycobot_280pi
[15.753s] Installing follow_display script to /home/laptop5/mycobot_ros2/install/mycobot_280pi/lib/mycobot_280pi
[15.753s] Installing listen_real script to /home/laptop5/mycobot_ros2/install/mycobot_280pi/lib/mycobot_280pi
[15.753s] Installing listen_real_of_topic script to /home/laptop5/mycobot_ros2/install/mycobot_280pi/lib/mycobot_280pi
[15.754s] Installing listen_real_service script to /home/laptop5/mycobot_ros2/install/mycobot_280pi/lib/mycobot_280pi
[15.757s] Installing opencv_camera script to /home/laptop5/mycobot_ros2/install/mycobot_280pi/lib/mycobot_280pi
[15.757s] Installing simple_gui script to /home/laptop5/mycobot_ros2/install/mycobot_280pi/lib/mycobot_280pi
[15.758s] Installing slider_control script to /home/laptop5/mycobot_ros2/install/mycobot_280pi/lib/mycobot_280pi
[15.758s] Installing slider_control_adaptive_gripper script to /home/laptop5/mycobot_ros2/install/mycobot_280pi/lib/mycobot_280pi
[15.758s] Installing teleop_keyboard script to /home/laptop5/mycobot_ros2/install/mycobot_280pi/lib/mycobot_280pi
[15.758s] writing list of installed files to '/home/laptop5/mycobot_ros2/build/mycobot_280pi/install.log'
[18.376s] Invoked command in '/home/laptop5/mycobot_ros2/mycobot_280/mycobot_280pi' returned '0': AMENT_PREFIX_PATH=/home/laptop5/mycobot_ros2/install/mycobot_description:${AMENT_PREFIX_PATH} DEBUGINFOD_URLS=https://debuginfod.ubuntu.com PYTHONPATH=/home/laptop5/mycobot_ros2/build/mycobot_280pi/prefix_override:/usr/lib/python3/dist-packages/colcon_core/task/python/colcon_distutils_commands:/home/laptop5/mycobot_ros2/install/mycobot_280pi/lib/python3.12/site-packages:/home/laptop5/mycobot_ros2/install/mycobot_description/lib/python3.12/site-packages:${PYTHONPATH} /usr/bin/python3 -W ignore:setup.py install is deprecated -W ignore:easy_install command is deprecated setup.py egg_info --egg-base ../../build/mycobot_280pi build --build-base /home/laptop5/mycobot_ros2/build/mycobot_280pi/build install --record /home/laptop5/mycobot_ros2/build/mycobot_280pi/install.log --single-version-externally-managed install_data
