[2.328s] Invoking command in '/home/laptop5/mycobot_ros2/mycobot_280/mycobot_280': AMENT_PREFIX_PATH=/home/laptop5/mycobot_ros2/install/mycobot_description:/home/laptop5/mycobot_ros2/install/mycobot_communication:/home/laptop5/mycobot_ros2/install/mycobot_interfaces:/home/laptop5/mycobot_ros2/install/mycobot_320pi:/home/laptop5/mycobot_ros2/install/mycobot_320:/home/laptop5/mycobot_ros2/install/mycobot_280rdkx5_moveit2:/home/laptop5/mycobot_ros2/install/mycobot_280pi:/home/laptop5/mycobot_ros2/install/mycobot_280jn:/home/laptop5/mycobot_ros2/install/mycobot_280arduino_moveit2:/home/laptop5/mycobot_ros2/install/mycobot_280_x3pi:/home/laptop5/mycobot_ros2/install/mycobot_280_riscv:/home/laptop5/mycobot_ros2/install/mycobot_280_moveit2_control:/home/laptop5/mycobot_ros2/install/mycobot_280_moveit2:/home/laptop5/mycobot_ros2/install/mycobot_280_arduino:/home/laptop5/mycobot_ros2/install/mycobot_280:/home/laptop5/mycobot_ros2/install/mybuddy:/home/laptop5/mycobot_ros2/install/myarm_300:/home/laptop5/mycobot_ros2/install/mecharm_pi:/home/laptop5/mycobot_ros2/install/mecharm:/opt/ros/jazzy DEBUGINFOD_URLS=https://debuginfod.ubuntu.com PS1=(elephant) \[\e]0;\u@\h: \w\a\]${debian_chroot:+($debian_chroot)}\[\033[01;32m\]\u@\h\[\033[00m\]:\[\033[01;34m\]\w\[\033[00m\]\$ PYTHONPATH=/home/laptop5/mycobot_ros2/build/mycobot_280/prefix_override:/usr/lib/python3/dist-packages/colcon_core/task/python/colcon_distutils_commands:/home/laptop5/mycobot_ros2/install/mycobot_280/lib/python3.12/site-packages:/home/laptop5/mycobot_ros2/install/mycobot_description/lib/python3.12/site-packages:/home/laptop5/mycobot_ros2/install/mycobot_communication/lib/python3.12/site-packages:/home/laptop5/mycobot_ros2/install/mycobot_interfaces/lib/python3.12/site-packages:/home/laptop5/mycobot_ros2/install/mycobot_320pi/lib/python3.12/site-packages:/home/laptop5/mycobot_ros2/install/mycobot_320/lib/python3.12/site-packages:/home/laptop5/mycobot_ros2/install/mycobot_280pi/lib/python3.12/site-packages:/home/laptop5/mycobot_ros2/install/mycobot_280jn/lib/python3.12/site-packages:/home/laptop5/mycobot_ros2/install/mycobot_280_x3pi/lib/python3.12/site-packages:/home/laptop5/mycobot_ros2/install/mycobot_280_riscv/lib/python3.12/site-packages:/home/laptop5/mycobot_ros2/install/mycobot_280_moveit2_control/lib/python3.12/site-packages:/home/laptop5/mycobot_ros2/install/mycobot_280_arduino/lib/python3.12/site-packages:/home/laptop5/mycobot_ros2/install/mycobot_280/lib/python3.12/site-packages:/home/laptop5/mycobot_ros2/install/mybuddy/lib/python3.12/site-packages:/home/laptop5/mycobot_ros2/install/myarm_300/lib/python3.12/site-packages:/home/laptop5/mycobot_ros2/install/mecharm_pi/lib/python3.12/site-packages:/home/laptop5/mycobot_ros2/install/mecharm/lib/python3.12/site-packages:/opt/ros/jazzy/lib/python3.12/site-packages /usr/bin/python3 -W ignore:setup.py install is deprecated -W ignore:easy_install command is deprecated setup.py egg_info --egg-base ../../build/mycobot_280 build --build-base /home/laptop5/mycobot_ros2/build/mycobot_280/build install --record /home/laptop5/mycobot_ros2/build/mycobot_280/install.log --single-version-externally-managed install_data
[2.730s] running egg_info
[2.790s] writing ../../build/mycobot_280/mycobot_280.egg-info/PKG-INFO
[2.791s] writing dependency_links to ../../build/mycobot_280/mycobot_280.egg-info/dependency_links.txt
[2.791s] writing entry points to ../../build/mycobot_280/mycobot_280.egg-info/entry_points.txt
[2.791s] writing requirements to ../../build/mycobot_280/mycobot_280.egg-info/requires.txt
[2.792s] writing top-level names to ../../build/mycobot_280/mycobot_280.egg-info/top_level.txt
[2.908s] reading manifest file '../../build/mycobot_280/mycobot_280.egg-info/SOURCES.txt'
[2.908s] adding license file 'LICENSE'
[2.910s] writing manifest file '../../build/mycobot_280/mycobot_280.egg-info/SOURCES.txt'
[2.911s] running build
[2.911s] running build_py
[2.913s] running install
[2.924s] running install_lib
[2.953s] running install_data
[2.953s] running install_egg_info
[2.981s] removing '/home/laptop5/mycobot_ros2/install/mycobot_280/lib/python3.12/site-packages/mycobot_280-0.0.0-py3.12.egg-info' (and everything under it)
[2.981s] Copying ../../build/mycobot_280/mycobot_280.egg-info to /home/laptop5/mycobot_ros2/install/mycobot_280/lib/python3.12/site-packages/mycobot_280-0.0.0-py3.12.egg-info
[2.982s] running install_scripts
[3.209s] Installing camera_display script to /home/laptop5/mycobot_ros2/install/mycobot_280/lib/mycobot_280
[3.209s] Installing follow_display script to /home/laptop5/mycobot_ros2/install/mycobot_280/lib/mycobot_280
[3.210s] Installing listen_real script to /home/laptop5/mycobot_ros2/install/mycobot_280/lib/mycobot_280
[3.211s] Installing listen_real_of_topic script to /home/laptop5/mycobot_ros2/install/mycobot_280/lib/mycobot_280
[3.212s] Installing listen_real_service script to /home/laptop5/mycobot_ros2/install/mycobot_280/lib/mycobot_280
[3.212s] Installing opencv_camera script to /home/laptop5/mycobot_ros2/install/mycobot_280/lib/mycobot_280
[3.212s] Installing simple_gui script to /home/laptop5/mycobot_ros2/install/mycobot_280/lib/mycobot_280
[3.212s] Installing slider_control script to /home/laptop5/mycobot_ros2/install/mycobot_280/lib/mycobot_280
[3.213s] Installing slider_control_adaptive_gripper script to /home/laptop5/mycobot_ros2/install/mycobot_280/lib/mycobot_280
[3.213s] Installing teleop_keyboard script to /home/laptop5/mycobot_ros2/install/mycobot_280/lib/mycobot_280
[3.214s] writing list of installed files to '/home/laptop5/mycobot_ros2/build/mycobot_280/install.log'
[3.298s] Invoked command in '/home/laptop5/mycobot_ros2/mycobot_280/mycobot_280' returned '0': AMENT_PREFIX_PATH=/home/laptop5/mycobot_ros2/install/mycobot_description:/home/laptop5/mycobot_ros2/install/mycobot_communication:/home/laptop5/mycobot_ros2/install/mycobot_interfaces:/home/laptop5/mycobot_ros2/install/mycobot_320pi:/home/laptop5/mycobot_ros2/install/mycobot_320:/home/laptop5/mycobot_ros2/install/mycobot_280rdkx5_moveit2:/home/laptop5/mycobot_ros2/install/mycobot_280pi:/home/laptop5/mycobot_ros2/install/mycobot_280jn:/home/laptop5/mycobot_ros2/install/mycobot_280arduino_moveit2:/home/laptop5/mycobot_ros2/install/mycobot_280_x3pi:/home/laptop5/mycobot_ros2/install/mycobot_280_riscv:/home/laptop5/mycobot_ros2/install/mycobot_280_moveit2_control:/home/laptop5/mycobot_ros2/install/mycobot_280_moveit2:/home/laptop5/mycobot_ros2/install/mycobot_280_arduino:/home/laptop5/mycobot_ros2/install/mycobot_280:/home/laptop5/mycobot_ros2/install/mybuddy:/home/laptop5/mycobot_ros2/install/myarm_300:/home/laptop5/mycobot_ros2/install/mecharm_pi:/home/laptop5/mycobot_ros2/install/mecharm:/opt/ros/jazzy DEBUGINFOD_URLS=https://debuginfod.ubuntu.com PS1=(elephant) \[\e]0;\u@\h: \w\a\]${debian_chroot:+($debian_chroot)}\[\033[01;32m\]\u@\h\[\033[00m\]:\[\033[01;34m\]\w\[\033[00m\]\$ PYTHONPATH=/home/laptop5/mycobot_ros2/build/mycobot_280/prefix_override:/usr/lib/python3/dist-packages/colcon_core/task/python/colcon_distutils_commands:/home/laptop5/mycobot_ros2/install/mycobot_280/lib/python3.12/site-packages:/home/laptop5/mycobot_ros2/install/mycobot_description/lib/python3.12/site-packages:/home/laptop5/mycobot_ros2/install/mycobot_communication/lib/python3.12/site-packages:/home/laptop5/mycobot_ros2/install/mycobot_interfaces/lib/python3.12/site-packages:/home/laptop5/mycobot_ros2/install/mycobot_320pi/lib/python3.12/site-packages:/home/laptop5/mycobot_ros2/install/mycobot_320/lib/python3.12/site-packages:/home/laptop5/mycobot_ros2/install/mycobot_280pi/lib/python3.12/site-packages:/home/laptop5/mycobot_ros2/install/mycobot_280jn/lib/python3.12/site-packages:/home/laptop5/mycobot_ros2/install/mycobot_280_x3pi/lib/python3.12/site-packages:/home/laptop5/mycobot_ros2/install/mycobot_280_riscv/lib/python3.12/site-packages:/home/laptop5/mycobot_ros2/install/mycobot_280_moveit2_control/lib/python3.12/site-packages:/home/laptop5/mycobot_ros2/install/mycobot_280_arduino/lib/python3.12/site-packages:/home/laptop5/mycobot_ros2/install/mycobot_280/lib/python3.12/site-packages:/home/laptop5/mycobot_ros2/install/mybuddy/lib/python3.12/site-packages:/home/laptop5/mycobot_ros2/install/myarm_300/lib/python3.12/site-packages:/home/laptop5/mycobot_ros2/install/mecharm_pi/lib/python3.12/site-packages:/home/laptop5/mycobot_ros2/install/mecharm/lib/python3.12/site-packages:/opt/ros/jazzy/lib/python3.12/site-packages /usr/bin/python3 -W ignore:setup.py install is deprecated -W ignore:easy_install command is deprecated setup.py egg_info --egg-base ../../build/mycobot_280 build --build-base /home/laptop5/mycobot_ros2/build/mycobot_280/build install --record /home/laptop5/mycobot_ros2/build/mycobot_280/install.log --single-version-externally-managed install_data
