[0.275s] Invoking command in '/home/laptop5/mycobot_ros2/build/mycobot_pro450_interfaces': CMAKE_PREFIX_PATH=${CMAKE_PREFIX_PATH}:/home/laptop5/elephant_ws_two/install/mycobot_280pi:/home/laptop5/elephant_arm_ws/install/mycobot_description:/opt/ros/jazzy DEBUGINFOD_URLS=https://debuginfod.ubuntu.com /usr/bin/cmake /home/laptop5/mycobot_ros2/mycobot_pro/mycobot_pro450_interfaces -DCMAKE_INSTALL_PREFIX=/home/laptop5/mycobot_ros2/install/mycobot_pro450_interfaces
[0.454s] -- The C compiler identification is GNU 13.3.0
[0.610s] -- The CXX compiler identification is GNU 13.3.0
[0.642s] -- Detecting C compiler ABI info
[0.811s] -- Detecting C compiler ABI info - done
[0.827s] -- Check for working C compiler: /usr/bin/cc - skipped
[0.828s] -- Detecting C compile features
[0.829s] -- Detecting C compile features - done
[0.849s] -- Detecting CXX compiler ABI info
[1.069s] -- Detecting CXX compiler ABI info - done
[1.094s] -- Check for working CXX compiler: /usr/bin/c++ - skipped
[1.095s] -- Detecting CXX compile features
[1.096s] -- Detecting CXX compile features - done
[1.108s] -- Found ament_cmake: 2.5.4 (/opt/ros/jazzy/share/ament_cmake/cmake)
[1.476s] -- Found Python3: /usr/bin/python3 (found version "3.12.3") found components: Interpreter 
[1.777s] -- Found rosidl_default_generators: 1.6.0 (/opt/ros/jazzy/share/rosidl_default_generators/cmake)
[1.799s] -- Using all available rosidl_typesupport_c: rosidl_typesupport_fastrtps_c;rosidl_typesupport_introspection_c
[1.989s] -- Using all available rosidl_typesupport_cpp: rosidl_typesupport_fastrtps_cpp;rosidl_typesupport_introspection_cpp
[2.165s] -- Found rosidl_adapter: 4.6.6 (/opt/ros/jazzy/share/rosidl_adapter/cmake)
[2.180s] -- Found rclpy: 7.1.5 (/opt/ros/jazzy/share/rclpy/cmake)
[2.190s] -- Found std_msgs: 5.3.6 (/opt/ros/jazzy/share/std_msgs/cmake)
[3.830s] -- Found ament_cmake_ros: 0.12.0 (/opt/ros/jazzy/share/ament_cmake_ros/cmake)
[4.685s] -- Using all available rosidl_typesupport_c: rosidl_typesupport_fastrtps_c;rosidl_typesupport_introspection_c
[5.967s] -- Using all available rosidl_typesupport_cpp: rosidl_typesupport_fastrtps_cpp;rosidl_typesupport_introspection_cpp
[5.977s] -- Found python_cmake_module: 0.11.1 (/opt/ros/jazzy/share/python_cmake_module/cmake)
[6.279s] -- Found PythonExtra: /usr/bin/python3  
[7.580s] -- Found Python3: /usr/bin/python3 (found version "3.12.3") found components: Interpreter Development NumPy Development.Module Development.Embed 
[7.987s] -- Found ament_lint_auto: 0.17.3 (/opt/ros/jazzy/share/ament_lint_auto/cmake)
[8.161s] -- Added test 'copyright' to check source files copyright and LICENSE
[8.171s] -- Added test 'lint_cmake' to check CMake code style
[8.176s] -- Added test 'xmllint' to check XML markup files
[8.185s] -- Configuring done (7.9s)
[8.439s] -- Generating done (0.2s)
[8.483s] -- Build files have been written to: /home/laptop5/mycobot_ros2/build/mycobot_pro450_interfaces
[8.519s] Invoked command in '/home/laptop5/mycobot_ros2/build/mycobot_pro450_interfaces' returned '0': CMAKE_PREFIX_PATH=${CMAKE_PREFIX_PATH}:/home/laptop5/elephant_ws_two/install/mycobot_280pi:/home/laptop5/elephant_arm_ws/install/mycobot_description:/opt/ros/jazzy DEBUGINFOD_URLS=https://debuginfod.ubuntu.com /usr/bin/cmake /home/laptop5/mycobot_ros2/mycobot_pro/mycobot_pro450_interfaces -DCMAKE_INSTALL_PREFIX=/home/laptop5/mycobot_ros2/install/mycobot_pro450_interfaces
[8.525s] Invoking command in '/home/laptop5/mycobot_ros2/build/mycobot_pro450_interfaces': CMAKE_PREFIX_PATH=${CMAKE_PREFIX_PATH}:/home/laptop5/elephant_ws_two/install/mycobot_280pi:/home/laptop5/elephant_arm_ws/install/mycobot_description:/opt/ros/jazzy DEBUGINFOD_URLS=https://debuginfod.ubuntu.com /usr/bin/cmake --build /home/laptop5/mycobot_ros2/build/mycobot_pro450_interfaces -- -j12 -l12
[8.876s] [  1%] [34m[1mGenerating type hashes for ROS interfaces[0m
[8.986s] [  1%] Built target ament_cmake_python_copy_mycobot_pro450_interfaces
[10.172s] [  1%] Built target mycobot_pro450_interfaces__rosidl_generator_type_description
[10.260s] [  2%] [34m[1mGenerating C code for ROS interfaces[0m
[10.329s] [  2%] [34m[1mGenerating C++ code for ROS interfaces[0m
[10.944s] running egg_info
[10.945s] creating mycobot_pro450_interfaces.egg-info
[11.082s] writing mycobot_pro450_interfaces.egg-info/PKG-INFO
[11.083s] writing dependency_links to mycobot_pro450_interfaces.egg-info/dependency_links.txt
[11.089s] writing top-level names to mycobot_pro450_interfaces.egg-info/top_level.txt
[11.089s] writing manifest file 'mycobot_pro450_interfaces.egg-info/SOURCES.txt'
[11.528s] reading manifest file 'mycobot_pro450_interfaces.egg-info/SOURCES.txt'
[11.529s] writing manifest file 'mycobot_pro450_interfaces.egg-info/SOURCES.txt'
[11.645s] [  2%] Built target ament_cmake_python_build_mycobot_pro450_interfaces_egg
[14.185s] [  2%] Built target mycobot_pro450_interfaces__cpp
[14.795s] [  3%] [32mBuilding C object CMakeFiles/mycobot_pro450_interfaces__rosidl_generator_c.dir/rosidl_generator_c/mycobot_pro450_interfaces/msg/detail/mycobot_angles__functions.c.o[0m
[14.808s] [  3%] [32mBuilding C object CMakeFiles/mycobot_pro450_interfaces__rosidl_generator_c.dir/rosidl_generator_c/mycobot_pro450_interfaces/msg/detail/mycobot_angles__description.c.o[0m
[14.808s] [  3%] [32mBuilding C object CMakeFiles/mycobot_pro450_interfaces__rosidl_generator_c.dir/rosidl_generator_c/mycobot_pro450_interfaces/msg/detail/mycobot_coords__functions.c.o[0m
[14.808s] [  4%] [32mBuilding C object CMakeFiles/mycobot_pro450_interfaces__rosidl_generator_c.dir/rosidl_generator_c/mycobot_pro450_interfaces/msg/detail/mycobot_angles__type_support.c.o[0m
[14.811s] [  5%] [32mBuilding C object CMakeFiles/mycobot_pro450_interfaces__rosidl_generator_c.dir/rosidl_generator_c/mycobot_pro450_interfaces/msg/detail/mycobot_set_angles__functions.c.o[0m
[14.817s] [  6%] [32mBuilding C object CMakeFiles/mycobot_pro450_interfaces__rosidl_generator_c.dir/rosidl_generator_c/mycobot_pro450_interfaces/msg/detail/mycobot_set_coords__functions.c.o[0m
[14.819s] [  7%] [32mBuilding C object CMakeFiles/mycobot_pro450_interfaces__rosidl_generator_c.dir/rosidl_generator_c/mycobot_pro450_interfaces/msg/detail/mycobot_set_angles__description.c.o[0m
[14.865s] [  8%] [32mBuilding C object CMakeFiles/mycobot_pro450_interfaces__rosidl_generator_c.dir/rosidl_generator_c/mycobot_pro450_interfaces/msg/detail/mycobot_set_coords__description.c.o[0m
[14.883s] [  9%] [32mBuilding C object CMakeFiles/mycobot_pro450_interfaces__rosidl_generator_c.dir/rosidl_generator_c/mycobot_pro450_interfaces/msg/detail/mycobot_coords__type_support.c.o[0m
[14.884s] [ 10%] [32mBuilding C object CMakeFiles/mycobot_pro450_interfaces__rosidl_generator_c.dir/rosidl_generator_c/mycobot_pro450_interfaces/msg/detail/mycobot_set_coords__type_support.c.o[0m
[14.931s] [ 10%] [32mBuilding C object CMakeFiles/mycobot_pro450_interfaces__rosidl_generator_c.dir/rosidl_generator_c/mycobot_pro450_interfaces/msg/detail/mycobot_set_angles__type_support.c.o[0m
[14.937s] [ 11%] [32mBuilding C object CMakeFiles/mycobot_pro450_interfaces__rosidl_generator_c.dir/rosidl_generator_c/mycobot_pro450_interfaces/msg/detail/mycobot_coords__description.c.o[0m
[15.138s] [ 12%] [32mBuilding C object CMakeFiles/mycobot_pro450_interfaces__rosidl_generator_c.dir/rosidl_generator_c/mycobot_pro450_interfaces/msg/detail/mycobot_gripper_status__functions.c.o[0m
[15.146s] [ 12%] [32mBuilding C object CMakeFiles/mycobot_pro450_interfaces__rosidl_generator_c.dir/rosidl_generator_c/mycobot_pro450_interfaces/msg/detail/mycobot_gripper_status__description.c.o[0m
[15.215s] [ 12%] [32mBuilding C object CMakeFiles/mycobot_pro450_interfaces__rosidl_generator_c.dir/rosidl_generator_c/mycobot_pro450_interfaces/srv/detail/get_angles__functions.c.o[0m
[15.223s] [ 13%] [32mBuilding C object CMakeFiles/mycobot_pro450_interfaces__rosidl_generator_c.dir/rosidl_generator_c/mycobot_pro450_interfaces/msg/detail/mycobot_gripper_status__type_support.c.o[0m
[15.223s] [ 14%] [32mBuilding C object CMakeFiles/mycobot_pro450_interfaces__rosidl_generator_c.dir/rosidl_generator_c/mycobot_pro450_interfaces/srv/detail/get_angles__description.c.o[0m
[15.262s] [ 15%] [32mBuilding C object CMakeFiles/mycobot_pro450_interfaces__rosidl_generator_c.dir/rosidl_generator_c/mycobot_pro450_interfaces/srv/detail/set_angles__description.c.o[0m
[15.292s] [ 16%] [32mBuilding C object CMakeFiles/mycobot_pro450_interfaces__rosidl_generator_c.dir/rosidl_generator_c/mycobot_pro450_interfaces/srv/detail/get_angles__type_support.c.o[0m
[15.319s] [ 17%] [32mBuilding C object CMakeFiles/mycobot_pro450_interfaces__rosidl_generator_c.dir/rosidl_generator_c/mycobot_pro450_interfaces/srv/detail/set_angles__functions.c.o[0m
[15.319s] [ 17%] [32mBuilding C object CMakeFiles/mycobot_pro450_interfaces__rosidl_generator_c.dir/rosidl_generator_c/mycobot_pro450_interfaces/srv/detail/set_angles__type_support.c.o[0m
[15.426s] [ 18%] [32mBuilding C object CMakeFiles/mycobot_pro450_interfaces__rosidl_generator_c.dir/rosidl_generator_c/mycobot_pro450_interfaces/srv/detail/get_coords__description.c.o[0m
[15.458s] [ 18%] [32mBuilding C object CMakeFiles/mycobot_pro450_interfaces__rosidl_generator_c.dir/rosidl_generator_c/mycobot_pro450_interfaces/srv/detail/set_coords__description.c.o[0m
[15.466s] [ 19%] [32mBuilding C object CMakeFiles/mycobot_pro450_interfaces__rosidl_generator_c.dir/rosidl_generator_c/mycobot_pro450_interfaces/srv/detail/get_coords__functions.c.o[0m
[15.487s] [ 20%] [32mBuilding C object CMakeFiles/mycobot_pro450_interfaces__rosidl_generator_c.dir/rosidl_generator_c/mycobot_pro450_interfaces/srv/detail/get_coords__type_support.c.o[0m
[15.524s] [ 21%] [32mBuilding C object CMakeFiles/mycobot_pro450_interfaces__rosidl_generator_c.dir/rosidl_generator_c/mycobot_pro450_interfaces/srv/detail/set_coords__functions.c.o[0m
[15.567s] [ 22%] [32mBuilding C object CMakeFiles/mycobot_pro450_interfaces__rosidl_generator_c.dir/rosidl_generator_c/mycobot_pro450_interfaces/srv/detail/set_coords__type_support.c.o[0m
[15.627s] [ 23%] [32mBuilding C object CMakeFiles/mycobot_pro450_interfaces__rosidl_generator_c.dir/rosidl_generator_c/mycobot_pro450_interfaces/srv/detail/gripper_status__description.c.o[0m
[15.669s] [ 23%] [32mBuilding C object CMakeFiles/mycobot_pro450_interfaces__rosidl_generator_c.dir/rosidl_generator_c/mycobot_pro450_interfaces/srv/detail/gripper_status__functions.c.o[0m
[15.731s] [ 24%] [32mBuilding C object CMakeFiles/mycobot_pro450_interfaces__rosidl_generator_c.dir/rosidl_generator_c/mycobot_pro450_interfaces/srv/detail/gripper_status__type_support.c.o[0m
[15.759s] [ 25%] [32mBuilding C object CMakeFiles/mycobot_pro450_interfaces__rosidl_generator_c.dir/rosidl_generator_c/mycobot_pro450_interfaces/srv/detail/get_gripper_value__description.c.o[0m
[15.893s] [ 26%] [32mBuilding C object CMakeFiles/mycobot_pro450_interfaces__rosidl_generator_c.dir/rosidl_generator_c/mycobot_pro450_interfaces/srv/detail/get_gripper_value__functions.c.o[0m
[16.030s] [ 26%] [32mBuilding C object CMakeFiles/mycobot_pro450_interfaces__rosidl_generator_c.dir/rosidl_generator_c/mycobot_pro450_interfaces/srv/detail/get_gripper_value__type_support.c.o[0m
[16.811s] [ 27%] [32m[1mLinking C shared library libmycobot_pro450_interfaces__rosidl_generator_c.so[0m
[17.011s] [ 27%] Built target mycobot_pro450_interfaces__rosidl_generator_c
[17.043s] [ 27%] [34m[1mGenerating C++ type support dispatch for ROS interfaces[0m
[17.053s] [ 28%] [34m[1mGenerating C type support for eProsima Fast-RTPS[0m
[17.054s] [ 29%] [34m[1mGenerating C++ introspection for ROS interfaces[0m
[17.054s] [ 30%] [34m[1mGenerating C++ type support for eProsima Fast-RTPS[0m
[17.058s] [ 31%] [34m[1mGenerating C type support dispatch for ROS interfaces[0m
[17.068s] [ 31%] [34m[1mGenerating C introspection for ROS interfaces[0m
[22.166s] [ 32%] [32mBuilding CXX object CMakeFiles/mycobot_pro450_interfaces__rosidl_typesupport_fastrtps_cpp.dir/rosidl_typesupport_fastrtps_cpp/mycobot_pro450_interfaces/msg/detail/dds_fastrtps/mycobot_coords__type_support.cpp.o[0m
[22.198s] [ 32%] [32mBuilding CXX object CMakeFiles/mycobot_pro450_interfaces__rosidl_typesupport_fastrtps_cpp.dir/rosidl_typesupport_fastrtps_cpp/mycobot_pro450_interfaces/msg/detail/dds_fastrtps/mycobot_angles__type_support.cpp.o[0m
[22.262s] [ 32%] [32mBuilding CXX object CMakeFiles/mycobot_pro450_interfaces__rosidl_typesupport_fastrtps_cpp.dir/rosidl_typesupport_fastrtps_cpp/mycobot_pro450_interfaces/msg/detail/dds_fastrtps/mycobot_gripper_status__type_support.cpp.o[0m
[22.268s] [ 33%] [32mBuilding CXX object CMakeFiles/mycobot_pro450_interfaces__rosidl_typesupport_fastrtps_cpp.dir/rosidl_typesupport_fastrtps_cpp/mycobot_pro450_interfaces/msg/detail/dds_fastrtps/mycobot_set_angles__type_support.cpp.o[0m
[22.319s] [ 34%] [32mBuilding CXX object CMakeFiles/mycobot_pro450_interfaces__rosidl_typesupport_fastrtps_cpp.dir/rosidl_typesupport_fastrtps_cpp/mycobot_pro450_interfaces/srv/detail/dds_fastrtps/get_angles__type_support.cpp.o[0m
[22.322s] [ 35%] [32mBuilding CXX object CMakeFiles/mycobot_pro450_interfaces__rosidl_typesupport_fastrtps_cpp.dir/rosidl_typesupport_fastrtps_cpp/mycobot_pro450_interfaces/msg/detail/dds_fastrtps/mycobot_set_coords__type_support.cpp.o[0m
[23.397s] [ 36%] [32mBuilding CXX object CMakeFiles/mycobot_pro450_interfaces__rosidl_typesupport_fastrtps_cpp.dir/rosidl_typesupport_fastrtps_cpp/mycobot_pro450_interfaces/srv/detail/dds_fastrtps/set_angles__type_support.cpp.o[0m
[23.513s] [ 36%] [32mBuilding CXX object CMakeFiles/mycobot_pro450_interfaces__rosidl_typesupport_c.dir/rosidl_typesupport_c/mycobot_pro450_interfaces/msg/mycobot_angles__type_support.cpp.o[0m
[24.082s] [ 37%] [32mBuilding CXX object CMakeFiles/mycobot_pro450_interfaces__rosidl_typesupport_c.dir/rosidl_typesupport_c/mycobot_pro450_interfaces/msg/mycobot_coords__type_support.cpp.o[0m
[24.933s] [ 38%] [32mBuilding CXX object CMakeFiles/mycobot_pro450_interfaces__rosidl_typesupport_c.dir/rosidl_typesupport_c/mycobot_pro450_interfaces/msg/mycobot_set_angles__type_support.cpp.o[0m
[25.728s] [ 39%] [32mBuilding CXX object CMakeFiles/mycobot_pro450_interfaces__rosidl_typesupport_cpp.dir/rosidl_typesupport_cpp/mycobot_pro450_interfaces/msg/mycobot_angles__type_support.cpp.o[0m
[25.836s] [ 40%] [32mBuilding CXX object CMakeFiles/mycobot_pro450_interfaces__rosidl_typesupport_c.dir/rosidl_typesupport_c/mycobot_pro450_interfaces/msg/mycobot_set_coords__type_support.cpp.o[0m
[25.923s] [ 40%] [32mBuilding CXX object CMakeFiles/mycobot_pro450_interfaces__rosidl_typesupport_c.dir/rosidl_typesupport_c/mycobot_pro450_interfaces/msg/mycobot_gripper_status__type_support.cpp.o[0m
[26.302s] [ 41%] [32mBuilding CXX object CMakeFiles/mycobot_pro450_interfaces__rosidl_typesupport_introspection_cpp.dir/rosidl_typesupport_introspection_cpp/mycobot_pro450_interfaces/msg/detail/mycobot_angles__type_support.cpp.o[0m
[26.904s] [ 42%] [32mBuilding CXX object CMakeFiles/mycobot_pro450_interfaces__rosidl_typesupport_c.dir/rosidl_typesupport_c/mycobot_pro450_interfaces/srv/get_angles__type_support.cpp.o[0m
[27.340s] [ 43%] [32mBuilding CXX object CMakeFiles/mycobot_pro450_interfaces__rosidl_typesupport_c.dir/rosidl_typesupport_c/mycobot_pro450_interfaces/srv/set_angles__type_support.cpp.o[0m
[27.650s] [ 44%] [32mBuilding CXX object CMakeFiles/mycobot_pro450_interfaces__rosidl_typesupport_c.dir/rosidl_typesupport_c/mycobot_pro450_interfaces/srv/get_coords__type_support.cpp.o[0m
[28.208s] [ 44%] [32mBuilding CXX object CMakeFiles/mycobot_pro450_interfaces__rosidl_typesupport_c.dir/rosidl_typesupport_c/mycobot_pro450_interfaces/srv/set_coords__type_support.cpp.o[0m
[28.818s] [ 45%] [32mBuilding CXX object CMakeFiles/mycobot_pro450_interfaces__rosidl_typesupport_c.dir/rosidl_typesupport_c/mycobot_pro450_interfaces/srv/gripper_status__type_support.cpp.o[0m
[29.242s] [ 46%] [32mBuilding CXX object CMakeFiles/mycobot_pro450_interfaces__rosidl_typesupport_fastrtps_c.dir/rosidl_typesupport_fastrtps_c/mycobot_pro450_interfaces/msg/detail/mycobot_angles__type_support_c.cpp.o[0m
[29.349s] [ 47%] [32mBuilding CXX object CMakeFiles/mycobot_pro450_interfaces__rosidl_typesupport_c.dir/rosidl_typesupport_c/mycobot_pro450_interfaces/srv/get_gripper_value__type_support.cpp.o[0m
[29.490s] [ 48%] [32mBuilding CXX object CMakeFiles/mycobot_pro450_interfaces__rosidl_typesupport_introspection_cpp.dir/rosidl_typesupport_introspection_cpp/mycobot_pro450_interfaces/msg/detail/mycobot_set_coords__type_support.cpp.o[0m
[29.697s] [ 49%] [32m[1mLinking CXX shared library libmycobot_pro450_interfaces__rosidl_typesupport_c.so[0m
[29.985s] [ 49%] Built target mycobot_pro450_interfaces__rosidl_typesupport_c
[30.103s] [ 50%] [32mBuilding C object CMakeFiles/mycobot_pro450_interfaces__rosidl_typesupport_introspection_c.dir/rosidl_typesupport_introspection_c/mycobot_pro450_interfaces/msg/detail/mycobot_angles__type_support.c.o[0m
[30.347s] [ 51%] [32mBuilding C object CMakeFiles/mycobot_pro450_interfaces__rosidl_typesupport_introspection_c.dir/rosidl_typesupport_introspection_c/mycobot_pro450_interfaces/msg/detail/mycobot_coords__type_support.c.o[0m
[30.585s] [ 52%] [32mBuilding C object CMakeFiles/mycobot_pro450_interfaces__rosidl_typesupport_introspection_c.dir/rosidl_typesupport_introspection_c/mycobot_pro450_interfaces/msg/detail/mycobot_set_angles__type_support.c.o[0m
[30.911s] [ 52%] [32mBuilding C object CMakeFiles/mycobot_pro450_interfaces__rosidl_typesupport_introspection_c.dir/rosidl_typesupport_introspection_c/mycobot_pro450_interfaces/msg/detail/mycobot_set_coords__type_support.c.o[0m
[30.912s] [ 52%] [32mBuilding CXX object CMakeFiles/mycobot_pro450_interfaces__rosidl_typesupport_cpp.dir/rosidl_typesupport_cpp/mycobot_pro450_interfaces/msg/mycobot_set_coords__type_support.cpp.o[0m
[31.041s] [ 53%] [32mBuilding C object CMakeFiles/mycobot_pro450_interfaces__rosidl_typesupport_introspection_c.dir/rosidl_typesupport_introspection_c/mycobot_pro450_interfaces/msg/detail/mycobot_gripper_status__type_support.c.o[0m
[31.419s] [ 54%] [32mBuilding C object CMakeFiles/mycobot_pro450_interfaces__rosidl_typesupport_introspection_c.dir/rosidl_typesupport_introspection_c/mycobot_pro450_interfaces/srv/detail/get_angles__type_support.c.o[0m
[31.457s] [ 54%] [32mBuilding CXX object CMakeFiles/mycobot_pro450_interfaces__rosidl_typesupport_fastrtps_cpp.dir/rosidl_typesupport_fastrtps_cpp/mycobot_pro450_interfaces/srv/detail/dds_fastrtps/set_coords__type_support.cpp.o[0m
[31.542s] [ 55%] [32mBuilding CXX object CMakeFiles/mycobot_pro450_interfaces__rosidl_typesupport_introspection_cpp.dir/rosidl_typesupport_introspection_cpp/mycobot_pro450_interfaces/msg/detail/mycobot_gripper_status__type_support.cpp.o[0m
[31.715s] [ 56%] [32mBuilding C object CMakeFiles/mycobot_pro450_interfaces__rosidl_typesupport_introspection_c.dir/rosidl_typesupport_introspection_c/mycobot_pro450_interfaces/srv/detail/set_angles__type_support.c.o[0m
[32.055s] [ 56%] [32mBuilding C object CMakeFiles/mycobot_pro450_interfaces__rosidl_typesupport_introspection_c.dir/rosidl_typesupport_introspection_c/mycobot_pro450_interfaces/srv/detail/get_coords__type_support.c.o[0m
[32.137s] [ 57%] [32mBuilding CXX object CMakeFiles/mycobot_pro450_interfaces__rosidl_typesupport_cpp.dir/rosidl_typesupport_cpp/mycobot_pro450_interfaces/msg/mycobot_set_angles__type_support.cpp.o[0m
[32.332s] [ 58%] [32mBuilding CXX object CMakeFiles/mycobot_pro450_interfaces__rosidl_typesupport_fastrtps_c.dir/rosidl_typesupport_fastrtps_c/mycobot_pro450_interfaces/msg/detail/mycobot_set_angles__type_support_c.cpp.o[0m
[32.346s] [ 59%] [32mBuilding C object CMakeFiles/mycobot_pro450_interfaces__rosidl_typesupport_introspection_c.dir/rosidl_typesupport_introspection_c/mycobot_pro450_interfaces/srv/detail/set_coords__type_support.c.o[0m
[32.704s] [ 60%] [32mBuilding C object CMakeFiles/mycobot_pro450_interfaces__rosidl_typesupport_introspection_c.dir/rosidl_typesupport_introspection_c/mycobot_pro450_interfaces/srv/detail/gripper_status__type_support.c.o[0m
[33.061s] [ 61%] [32mBuilding C object CMakeFiles/mycobot_pro450_interfaces__rosidl_typesupport_introspection_c.dir/rosidl_typesupport_introspection_c/mycobot_pro450_interfaces/srv/detail/get_gripper_value__type_support.c.o[0m
[33.396s] [ 61%] [32m[1mLinking C shared library libmycobot_pro450_interfaces__rosidl_typesupport_introspection_c.so[0m
[33.494s] [ 62%] [32mBuilding CXX object CMakeFiles/mycobot_pro450_interfaces__rosidl_typesupport_cpp.dir/rosidl_typesupport_cpp/mycobot_pro450_interfaces/msg/mycobot_coords__type_support.cpp.o[0m
[33.541s] [ 63%] [32mBuilding CXX object CMakeFiles/mycobot_pro450_interfaces__rosidl_typesupport_introspection_cpp.dir/rosidl_typesupport_introspection_cpp/mycobot_pro450_interfaces/srv/detail/get_angles__type_support.cpp.o[0m
[33.608s] [ 63%] Built target mycobot_pro450_interfaces__rosidl_typesupport_introspection_c
[33.987s] [ 64%] [32mBuilding CXX object CMakeFiles/mycobot_pro450_interfaces__rosidl_typesupport_fastrtps_c.dir/rosidl_typesupport_fastrtps_c/mycobot_pro450_interfaces/msg/detail/mycobot_gripper_status__type_support_c.cpp.o[0m
[34.883s] [ 64%] [32mBuilding CXX object CMakeFiles/mycobot_pro450_interfaces__rosidl_typesupport_introspection_cpp.dir/rosidl_typesupport_introspection_cpp/mycobot_pro450_interfaces/msg/detail/mycobot_set_angles__type_support.cpp.o[0m
[34.976s] [ 65%] [32mBuilding CXX object CMakeFiles/mycobot_pro450_interfaces__rosidl_typesupport_cpp.dir/rosidl_typesupport_cpp/mycobot_pro450_interfaces/srv/get_angles__type_support.cpp.o[0m
[35.007s] [ 66%] [32mBuilding CXX object CMakeFiles/mycobot_pro450_interfaces__rosidl_typesupport_fastrtps_cpp.dir/rosidl_typesupport_fastrtps_cpp/mycobot_pro450_interfaces/srv/detail/dds_fastrtps/get_gripper_value__type_support.cpp.o[0m
[36.031s] [ 66%] [32mBuilding CXX object CMakeFiles/mycobot_pro450_interfaces__rosidl_typesupport_fastrtps_c.dir/rosidl_typesupport_fastrtps_c/mycobot_pro450_interfaces/srv/detail/get_angles__type_support_c.cpp.o[0m
[36.997s] [ 67%] [32mBuilding CXX object CMakeFiles/mycobot_pro450_interfaces__rosidl_typesupport_introspection_cpp.dir/rosidl_typesupport_introspection_cpp/mycobot_pro450_interfaces/srv/detail/get_coords__type_support.cpp.o[0m
[37.897s] [ 67%] [32mBuilding CXX object CMakeFiles/mycobot_pro450_interfaces__rosidl_typesupport_cpp.dir/rosidl_typesupport_cpp/mycobot_pro450_interfaces/srv/set_angles__type_support.cpp.o[0m
[38.510s] [ 68%] [32mBuilding CXX object CMakeFiles/mycobot_pro450_interfaces__rosidl_typesupport_fastrtps_c.dir/rosidl_typesupport_fastrtps_c/mycobot_pro450_interfaces/srv/detail/set_angles__type_support_c.cpp.o[0m
[39.042s] [ 69%] [32mBuilding CXX object CMakeFiles/mycobot_pro450_interfaces__rosidl_typesupport_fastrtps_cpp.dir/rosidl_typesupport_fastrtps_cpp/mycobot_pro450_interfaces/srv/detail/dds_fastrtps/gripper_status__type_support.cpp.o[0m
[39.210s] [ 70%] [32mBuilding CXX object CMakeFiles/mycobot_pro450_interfaces__rosidl_typesupport_introspection_cpp.dir/rosidl_typesupport_introspection_cpp/mycobot_pro450_interfaces/srv/detail/set_coords__type_support.cpp.o[0m
[41.009s] [ 71%] [32mBuilding CXX object CMakeFiles/mycobot_pro450_interfaces__rosidl_typesupport_cpp.dir/rosidl_typesupport_cpp/mycobot_pro450_interfaces/srv/get_coords__type_support.cpp.o[0m
[41.228s] [ 72%] [32mBuilding CXX object CMakeFiles/mycobot_pro450_interfaces__rosidl_typesupport_fastrtps_c.dir/rosidl_typesupport_fastrtps_c/mycobot_pro450_interfaces/srv/detail/get_coords__type_support_c.cpp.o[0m
[41.337s] [ 73%] [32mBuilding CXX object CMakeFiles/mycobot_pro450_interfaces__rosidl_typesupport_fastrtps_cpp.dir/rosidl_typesupport_fastrtps_cpp/mycobot_pro450_interfaces/srv/detail/dds_fastrtps/get_coords__type_support.cpp.o[0m
[41.577s] [ 73%] [32mBuilding CXX object CMakeFiles/mycobot_pro450_interfaces__rosidl_typesupport_introspection_cpp.dir/rosidl_typesupport_introspection_cpp/mycobot_pro450_interfaces/srv/detail/get_gripper_value__type_support.cpp.o[0m
[42.385s] [ 74%] [32mBuilding CXX object CMakeFiles/mycobot_pro450_interfaces__rosidl_typesupport_cpp.dir/rosidl_typesupport_cpp/mycobot_pro450_interfaces/srv/set_coords__type_support.cpp.o[0m
[42.816s] [ 75%] [32mBuilding CXX object CMakeFiles/mycobot_pro450_interfaces__rosidl_typesupport_introspection_cpp.dir/rosidl_typesupport_introspection_cpp/mycobot_pro450_interfaces/srv/detail/gripper_status__type_support.cpp.o[0m
[42.891s] [ 76%] [32mBuilding CXX object CMakeFiles/mycobot_pro450_interfaces__rosidl_typesupport_fastrtps_c.dir/rosidl_typesupport_fastrtps_c/mycobot_pro450_interfaces/srv/detail/get_gripper_value__type_support_c.cpp.o[0m
[43.198s] [ 77%] [32m[1mLinking CXX shared library libmycobot_pro450_interfaces__rosidl_typesupport_fastrtps_cpp.so[0m
[43.641s] [ 77%] Built target mycobot_pro450_interfaces__rosidl_typesupport_fastrtps_cpp
[43.692s] [ 77%] [32mBuilding CXX object CMakeFiles/mycobot_pro450_interfaces__rosidl_typesupport_cpp.dir/rosidl_typesupport_cpp/mycobot_pro450_interfaces/srv/get_gripper_value__type_support.cpp.o[0m
[43.982s] [ 77%] [32mBuilding CXX object CMakeFiles/mycobot_pro450_interfaces__rosidl_typesupport_introspection_cpp.dir/rosidl_typesupport_introspection_cpp/mycobot_pro450_interfaces/srv/detail/set_angles__type_support.cpp.o[0m
[44.491s] [ 77%] [32mBuilding CXX object CMakeFiles/mycobot_pro450_interfaces__rosidl_typesupport_fastrtps_c.dir/rosidl_typesupport_fastrtps_c/mycobot_pro450_interfaces/srv/detail/gripper_status__type_support_c.cpp.o[0m
[44.970s] [ 78%] [32mBuilding CXX object CMakeFiles/mycobot_pro450_interfaces__rosidl_typesupport_cpp.dir/rosidl_typesupport_cpp/mycobot_pro450_interfaces/srv/gripper_status__type_support.cpp.o[0m
[45.099s] [ 79%] [32mBuilding CXX object CMakeFiles/mycobot_pro450_interfaces__rosidl_typesupport_introspection_cpp.dir/rosidl_typesupport_introspection_cpp/mycobot_pro450_interfaces/msg/detail/mycobot_coords__type_support.cpp.o[0m
[45.834s] [ 80%] [32mBuilding CXX object CMakeFiles/mycobot_pro450_interfaces__rosidl_typesupport_fastrtps_c.dir/rosidl_typesupport_fastrtps_c/mycobot_pro450_interfaces/srv/detail/set_coords__type_support_c.cpp.o[0m
[45.906s] [ 81%] [32m[1mLinking CXX shared library libmycobot_pro450_interfaces__rosidl_typesupport_introspection_cpp.so[0m
[46.100s] [ 81%] Built target mycobot_pro450_interfaces__rosidl_typesupport_introspection_cpp
[46.125s] [ 82%] [32mBuilding CXX object CMakeFiles/mycobot_pro450_interfaces__rosidl_typesupport_cpp.dir/rosidl_typesupport_cpp/mycobot_pro450_interfaces/msg/mycobot_gripper_status__type_support.cpp.o[0m
[46.967s] [ 83%] [32m[1mLinking CXX shared library libmycobot_pro450_interfaces__rosidl_typesupport_cpp.so[0m
[47.207s] [ 83%] Built target mycobot_pro450_interfaces__rosidl_typesupport_cpp
[47.249s] [ 84%] [32mBuilding CXX object CMakeFiles/mycobot_pro450_interfaces__rosidl_typesupport_fastrtps_c.dir/rosidl_typesupport_fastrtps_c/mycobot_pro450_interfaces/msg/detail/mycobot_set_coords__type_support_c.cpp.o[0m
[48.430s] [ 84%] [32mBuilding CXX object CMakeFiles/mycobot_pro450_interfaces__rosidl_typesupport_fastrtps_c.dir/rosidl_typesupport_fastrtps_c/mycobot_pro450_interfaces/msg/detail/mycobot_coords__type_support_c.cpp.o[0m
[49.259s] [ 85%] [32m[1mLinking CXX shared library libmycobot_pro450_interfaces__rosidl_typesupport_fastrtps_c.so[0m
[49.394s] [ 85%] Built target mycobot_pro450_interfaces__rosidl_typesupport_fastrtps_c
[49.429s] gmake[2]: *** No rule to make target '/home/laptop5/mycobot_ros2/mycobot_pro/mycobot_pro450_interfaces/msg/MycobotAngles.msg', needed by 'CMakeFiles/mycobot_pro450_interfaces'. Stop.
[49.430s] gmake[1]: *** [CMakeFiles/Makefile2:189: CMakeFiles/mycobot_pro450_interfaces.dir/all] Error 2
[49.431s] gmake: *** [Makefile:146: all] Error 2
