[5.530s] Invoking command in '/home/laptop5/mycobot_ros2/mycobot_280/mycobot_280_x3pi': AMENT_PREFIX_PATH=/home/laptop5/mycobot_ros2/install/mycobot_description:${AMENT_PREFIX_PATH} DEBUGINFOD_URLS=https://debuginfod.ubuntu.com PYTHONPATH=/home/laptop5/mycobot_ros2/build/mycobot_280_x3pi/prefix_override:/usr/lib/python3/dist-packages/colcon_core/task/python/colcon_distutils_commands:/home/laptop5/mycobot_ros2/install/mycobot_280_x3pi/lib/python3.12/site-packages:/home/laptop5/mycobot_ros2/install/mycobot_description/lib/python3.12/site-packages:${PYTHONPATH} /usr/bin/python3 -W ignore:setup.py install is deprecated -W ignore:easy_install command is deprecated setup.py egg_info --egg-base ../../build/mycobot_280_x3pi build --build-base /home/laptop5/mycobot_ros2/build/mycobot_280_x3pi/build install --record /home/laptop5/mycobot_ros2/build/mycobot_280_x3pi/install.log --single-version-externally-managed install_data
[8.596s] running egg_info
[8.603s] creating ../../build/mycobot_280_x3pi/mycobot_280_x3pi.egg-info
[8.945s] writing ../../build/mycobot_280_x3pi/mycobot_280_x3pi.egg-info/PKG-INFO
[8.955s] writing dependency_links to ../../build/mycobot_280_x3pi/mycobot_280_x3pi.egg-info/dependency_links.txt
[8.956s] writing entry points to ../../build/mycobot_280_x3pi/mycobot_280_x3pi.egg-info/entry_points.txt
[8.956s] writing requirements to ../../build/mycobot_280_x3pi/mycobot_280_x3pi.egg-info/requires.txt
[8.956s] writing top-level names to ../../build/mycobot_280_x3pi/mycobot_280_x3pi.egg-info/top_level.txt
[8.957s] writing manifest file '../../build/mycobot_280_x3pi/mycobot_280_x3pi.egg-info/SOURCES.txt'
[9.492s] reading manifest file '../../build/mycobot_280_x3pi/mycobot_280_x3pi.egg-info/SOURCES.txt'
[9.492s] adding license file 'LICENSE'
[9.499s] writing manifest file '../../build/mycobot_280_x3pi/mycobot_280_x3pi.egg-info/SOURCES.txt'
[9.500s] running build
[9.500s] running build_py
[9.501s] creating /home/laptop5/mycobot_ros2/build/mycobot_280_x3pi/build
[9.502s] creating /home/laptop5/mycobot_ros2/build/mycobot_280_x3pi/build/lib
[9.503s] creating /home/laptop5/mycobot_ros2/build/mycobot_280_x3pi/build/lib/mycobot_280_x3pi
[9.505s] copying mycobot_280_x3pi/__init__.py -> /home/laptop5/mycobot_ros2/build/mycobot_280_x3pi/build/lib/mycobot_280_x3pi
[9.507s] copying mycobot_280_x3pi/opencv_camera.py -> /home/laptop5/mycobot_ros2/build/mycobot_280_x3pi/build/lib/mycobot_280_x3pi
[9.512s] copying mycobot_280_x3pi/camera_display.py -> /home/laptop5/mycobot_ros2/build/mycobot_280_x3pi/build/lib/mycobot_280_x3pi
[9.515s] copying mycobot_280_x3pi/listen_real_of_topic.py -> /home/laptop5/mycobot_ros2/build/mycobot_280_x3pi/build/lib/mycobot_280_x3pi
[9.517s] copying mycobot_280_x3pi/teleop_keyboard.py -> /home/laptop5/mycobot_ros2/build/mycobot_280_x3pi/build/lib/mycobot_280_x3pi
[9.517s] copying mycobot_280_x3pi/follow_display.py -> /home/laptop5/mycobot_ros2/build/mycobot_280_x3pi/build/lib/mycobot_280_x3pi
[9.518s] copying mycobot_280_x3pi/simple_gui.py -> /home/laptop5/mycobot_ros2/build/mycobot_280_x3pi/build/lib/mycobot_280_x3pi
[9.530s] copying mycobot_280_x3pi/listen_real.py -> /home/laptop5/mycobot_ros2/build/mycobot_280_x3pi/build/lib/mycobot_280_x3pi
[9.530s] copying mycobot_280_x3pi/slider_control.py -> /home/laptop5/mycobot_ros2/build/mycobot_280_x3pi/build/lib/mycobot_280_x3pi
[9.530s] running install
[9.562s] running install_lib
[9.900s] creating /home/laptop5/mycobot_ros2/install/mycobot_280_x3pi/lib/python3.12/site-packages/mycobot_280_x3pi
[9.900s] copying /home/laptop5/mycobot_ros2/build/mycobot_280_x3pi/build/lib/mycobot_280_x3pi/__init__.py -> /home/laptop5/mycobot_ros2/install/mycobot_280_x3pi/lib/python3.12/site-packages/mycobot_280_x3pi
[9.900s] copying /home/laptop5/mycobot_ros2/build/mycobot_280_x3pi/build/lib/mycobot_280_x3pi/opencv_camera.py -> /home/laptop5/mycobot_ros2/install/mycobot_280_x3pi/lib/python3.12/site-packages/mycobot_280_x3pi
[9.901s] copying /home/laptop5/mycobot_ros2/build/mycobot_280_x3pi/build/lib/mycobot_280_x3pi/camera_display.py -> /home/laptop5/mycobot_ros2/install/mycobot_280_x3pi/lib/python3.12/site-packages/mycobot_280_x3pi
[9.921s] copying /home/laptop5/mycobot_ros2/build/mycobot_280_x3pi/build/lib/mycobot_280_x3pi/listen_real_of_topic.py -> /home/laptop5/mycobot_ros2/install/mycobot_280_x3pi/lib/python3.12/site-packages/mycobot_280_x3pi
[9.921s] copying /home/laptop5/mycobot_ros2/build/mycobot_280_x3pi/build/lib/mycobot_280_x3pi/teleop_keyboard.py -> /home/laptop5/mycobot_ros2/install/mycobot_280_x3pi/lib/python3.12/site-packages/mycobot_280_x3pi
[9.922s] copying /home/laptop5/mycobot_ros2/build/mycobot_280_x3pi/build/lib/mycobot_280_x3pi/follow_display.py -> /home/laptop5/mycobot_ros2/install/mycobot_280_x3pi/lib/python3.12/site-packages/mycobot_280_x3pi
[9.922s] copying /home/laptop5/mycobot_ros2/build/mycobot_280_x3pi/build/lib/mycobot_280_x3pi/simple_gui.py -> /home/laptop5/mycobot_ros2/install/mycobot_280_x3pi/lib/python3.12/site-packages/mycobot_280_x3pi
[9.922s] copying /home/laptop5/mycobot_ros2/build/mycobot_280_x3pi/build/lib/mycobot_280_x3pi/listen_real.py -> /home/laptop5/mycobot_ros2/install/mycobot_280_x3pi/lib/python3.12/site-packages/mycobot_280_x3pi
[9.922s] copying /home/laptop5/mycobot_ros2/build/mycobot_280_x3pi/build/lib/mycobot_280_x3pi/slider_control.py -> /home/laptop5/mycobot_ros2/install/mycobot_280_x3pi/lib/python3.12/site-packages/mycobot_280_x3pi
[9.936s] byte-compiling /home/laptop5/mycobot_ros2/install/mycobot_280_x3pi/lib/python3.12/site-packages/mycobot_280_x3pi/__init__.py to __init__.cpython-312.pyc
[9.937s] byte-compiling /home/laptop5/mycobot_ros2/install/mycobot_280_x3pi/lib/python3.12/site-packages/mycobot_280_x3pi/opencv_camera.py to opencv_camera.cpython-312.pyc
[9.960s] byte-compiling /home/laptop5/mycobot_ros2/install/mycobot_280_x3pi/lib/python3.12/site-packages/mycobot_280_x3pi/camera_display.py to camera_display.cpython-312.pyc
[9.960s] byte-compiling /home/laptop5/mycobot_ros2/install/mycobot_280_x3pi/lib/python3.12/site-packages/mycobot_280_x3pi/listen_real_of_topic.py to listen_real_of_topic.cpython-312.pyc
[9.971s] byte-compiling /home/laptop5/mycobot_ros2/install/mycobot_280_x3pi/lib/python3.12/site-packages/mycobot_280_x3pi/teleop_keyboard.py to teleop_keyboard.cpython-312.pyc
[10.012s] byte-compiling /home/laptop5/mycobot_ros2/install/mycobot_280_x3pi/lib/python3.12/site-packages/mycobot_280_x3pi/follow_display.py to follow_display.cpython-312.pyc
[10.028s] byte-compiling /home/laptop5/mycobot_ros2/install/mycobot_280_x3pi/lib/python3.12/site-packages/mycobot_280_x3pi/simple_gui.py to simple_gui.cpython-312.pyc
[10.088s] byte-compiling /home/laptop5/mycobot_ros2/install/mycobot_280_x3pi/lib/python3.12/site-packages/mycobot_280_x3pi/listen_real.py to listen_real.cpython-312.pyc
[10.090s] byte-compiling /home/laptop5/mycobot_ros2/install/mycobot_280_x3pi/lib/python3.12/site-packages/mycobot_280_x3pi/slider_control.py to slider_control.cpython-312.pyc
[10.091s] running install_data
[10.092s] creating /home/laptop5/mycobot_ros2/install/mycobot_280_x3pi/share/ament_index
[10.092s] creating /home/laptop5/mycobot_ros2/install/mycobot_280_x3pi/share/ament_index/resource_index
[10.105s] creating /home/laptop5/mycobot_ros2/install/mycobot_280_x3pi/share/ament_index/resource_index/packages
[10.105s] copying resource/mycobot_280_x3pi -> /home/laptop5/mycobot_ros2/install/mycobot_280_x3pi/share/ament_index/resource_index/packages
[10.105s] copying package.xml -> /home/laptop5/mycobot_ros2/install/mycobot_280_x3pi/share/mycobot_280_x3pi
[10.106s] creating /home/laptop5/mycobot_ros2/install/mycobot_280_x3pi/share/mycobot_280_x3pi/launch
[10.106s] copying launch/slider_control.launch.py -> /home/laptop5/mycobot_ros2/install/mycobot_280_x3pi/share/mycobot_280_x3pi/launch
[10.107s] copying launch/mycobot_follow.launch.py -> /home/laptop5/mycobot_ros2/install/mycobot_280_x3pi/share/mycobot_280_x3pi/launch
[10.110s] copying launch/simple_gui.launch.py -> /home/laptop5/mycobot_ros2/install/mycobot_280_x3pi/share/mycobot_280_x3pi/launch
[10.110s] copying launch/test.launch.py -> /home/laptop5/mycobot_ros2/install/mycobot_280_x3pi/share/mycobot_280_x3pi/launch
[10.110s] copying launch/teleop_keyboard.launch.py -> /home/laptop5/mycobot_ros2/install/mycobot_280_x3pi/share/mycobot_280_x3pi/launch
[10.110s] creating /home/laptop5/mycobot_ros2/install/mycobot_280_x3pi/share/mycobot_280_x3pi/config
[10.111s] copying config/mycobot_x3pi.rviz -> /home/laptop5/mycobot_ros2/install/mycobot_280_x3pi/share/mycobot_280_x3pi/config
[10.111s] copying config/mycobot_with_marker.rviz -> /home/laptop5/mycobot_ros2/install/mycobot_280_x3pi/share/mycobot_280_x3pi/config
[10.121s] running install_egg_info
[10.588s] Copying ../../build/mycobot_280_x3pi/mycobot_280_x3pi.egg-info to /home/laptop5/mycobot_ros2/install/mycobot_280_x3pi/lib/python3.12/site-packages/mycobot_280_x3pi-0.0.0-py3.12.egg-info
[10.590s] running install_scripts
[11.148s] Installing camera_display script to /home/laptop5/mycobot_ros2/install/mycobot_280_x3pi/lib/mycobot_280_x3pi
[11.151s] Installing follow_display script to /home/laptop5/mycobot_ros2/install/mycobot_280_x3pi/lib/mycobot_280_x3pi
[11.152s] Installing listen_real script to /home/laptop5/mycobot_ros2/install/mycobot_280_x3pi/lib/mycobot_280_x3pi
[11.153s] Installing listen_real_of_topic script to /home/laptop5/mycobot_ros2/install/mycobot_280_x3pi/lib/mycobot_280_x3pi
[11.154s] Installing opencv_camera script to /home/laptop5/mycobot_ros2/install/mycobot_280_x3pi/lib/mycobot_280_x3pi
[11.155s] Installing simple_gui script to /home/laptop5/mycobot_ros2/install/mycobot_280_x3pi/lib/mycobot_280_x3pi
[11.156s] Installing slider_control script to /home/laptop5/mycobot_ros2/install/mycobot_280_x3pi/lib/mycobot_280_x3pi
[11.157s] Installing teleop_keyboard script to /home/laptop5/mycobot_ros2/install/mycobot_280_x3pi/lib/mycobot_280_x3pi
[11.158s] writing list of installed files to '/home/laptop5/mycobot_ros2/build/mycobot_280_x3pi/install.log'
[14.896s] Invoked command in '/home/laptop5/mycobot_ros2/mycobot_280/mycobot_280_x3pi' returned '0': AMENT_PREFIX_PATH=/home/laptop5/mycobot_ros2/install/mycobot_description:${AMENT_PREFIX_PATH} DEBUGINFOD_URLS=https://debuginfod.ubuntu.com PYTHONPATH=/home/laptop5/mycobot_ros2/build/mycobot_280_x3pi/prefix_override:/usr/lib/python3/dist-packages/colcon_core/task/python/colcon_distutils_commands:/home/laptop5/mycobot_ros2/install/mycobot_280_x3pi/lib/python3.12/site-packages:/home/laptop5/mycobot_ros2/install/mycobot_description/lib/python3.12/site-packages:${PYTHONPATH} /usr/bin/python3 -W ignore:setup.py install is deprecated -W ignore:easy_install command is deprecated setup.py egg_info --egg-base ../../build/mycobot_280_x3pi build --build-base /home/laptop5/mycobot_ros2/build/mycobot_280_x3pi/build install --record /home/laptop5/mycobot_ros2/build/mycobot_280_x3pi/install.log --single-version-externally-managed install_data
