[1.963s] Invoking command in '/home/laptop5/mycobot_ros2/mycobot_280/mycobot_280_moveit2_control': AMENT_PREFIX_PATH=/home/laptop5/mycobot_ros2/install/mycobot_description:/home/laptop5/mycobot_ros2/install/mycobot_communication:/home/laptop5/mycobot_ros2/install/mycobot_interfaces:/home/laptop5/mycobot_ros2/install/mycobot_320pi:/home/laptop5/mycobot_ros2/install/mycobot_320:/home/laptop5/mycobot_ros2/install/mycobot_280rdkx5_moveit2:/home/laptop5/mycobot_ros2/install/mycobot_280pi:/home/laptop5/mycobot_ros2/install/mycobot_280jn:/home/laptop5/mycobot_ros2/install/mycobot_280arduino_moveit2:/home/laptop5/mycobot_ros2/install/mycobot_280_x3pi:/home/laptop5/mycobot_ros2/install/mycobot_280_riscv:/home/laptop5/mycobot_ros2/install/mycobot_280_moveit2_control:/home/laptop5/mycobot_ros2/install/mycobot_280_moveit2:/home/laptop5/mycobot_ros2/install/mycobot_280_arduino:/home/laptop5/mycobot_ros2/install/mycobot_280:/home/laptop5/mycobot_ros2/install/mybuddy:/home/laptop5/mycobot_ros2/install/myarm_300:/home/laptop5/mycobot_ros2/install/mecharm_pi:/home/laptop5/mycobot_ros2/install/mecharm:/opt/ros/jazzy DEBUGINFOD_URLS=https://debuginfod.ubuntu.com PYTHONPATH=/home/laptop5/mycobot_ros2/build/mycobot_280_moveit2_control/prefix_override:/usr/lib/python3/dist-packages/colcon_core/task/python/colcon_distutils_commands:/home/laptop5/mycobot_ros2/install/mycobot_280_moveit2_control/lib/python3.12/site-packages:/home/laptop5/mycobot_ros2/install/mycobot_description/lib/python3.12/site-packages:/home/laptop5/mycobot_ros2/install/mycobot_communication/lib/python3.12/site-packages:/home/laptop5/mycobot_ros2/install/mycobot_interfaces/lib/python3.12/site-packages:/home/laptop5/mycobot_ros2/install/mycobot_320pi/lib/python3.12/site-packages:/home/laptop5/mycobot_ros2/install/mycobot_320/lib/python3.12/site-packages:/home/laptop5/mycobot_ros2/install/mycobot_280pi/lib/python3.12/site-packages:/home/laptop5/mycobot_ros2/install/mycobot_280jn/lib/python3.12/site-packages:/home/laptop5/mycobot_ros2/install/mycobot_280_x3pi/lib/python3.12/site-packages:/home/laptop5/mycobot_ros2/install/mycobot_280_riscv/lib/python3.12/site-packages:/home/laptop5/mycobot_ros2/install/mycobot_280_moveit2_control/lib/python3.12/site-packages:/home/laptop5/mycobot_ros2/install/mycobot_280_arduino/lib/python3.12/site-packages:/home/laptop5/mycobot_ros2/install/mycobot_280/lib/python3.12/site-packages:/home/laptop5/mycobot_ros2/install/mybuddy/lib/python3.12/site-packages:/home/laptop5/mycobot_ros2/install/myarm_300/lib/python3.12/site-packages:/home/laptop5/mycobot_ros2/install/mecharm_pi/lib/python3.12/site-packages:/home/laptop5/mycobot_ros2/install/mecharm/lib/python3.12/site-packages:/opt/ros/jazzy/lib/python3.12/site-packages /usr/bin/python3 -W ignore:setup.py install is deprecated -W ignore:easy_install command is deprecated setup.py egg_info --egg-base ../../build/mycobot_280_moveit2_control build --build-base /home/laptop5/mycobot_ros2/build/mycobot_280_moveit2_control/build install --record /home/laptop5/mycobot_ros2/build/mycobot_280_moveit2_control/install.log --single-version-externally-managed install_data
[2.431s] running egg_info
[2.490s] writing ../../build/mycobot_280_moveit2_control/mycobot_280_moveit2_control.egg-info/PKG-INFO
[2.490s] writing dependency_links to ../../build/mycobot_280_moveit2_control/mycobot_280_moveit2_control.egg-info/dependency_links.txt
[2.492s] writing entry points to ../../build/mycobot_280_moveit2_control/mycobot_280_moveit2_control.egg-info/entry_points.txt
[2.492s] writing requirements to ../../build/mycobot_280_moveit2_control/mycobot_280_moveit2_control.egg-info/requires.txt
[2.493s] writing top-level names to ../../build/mycobot_280_moveit2_control/mycobot_280_moveit2_control.egg-info/top_level.txt
[2.582s] reading manifest file '../../build/mycobot_280_moveit2_control/mycobot_280_moveit2_control.egg-info/SOURCES.txt'
[2.582s] adding license file 'LICENSE'
[2.583s] writing manifest file '../../build/mycobot_280_moveit2_control/mycobot_280_moveit2_control.egg-info/SOURCES.txt'
[2.584s] running build
[2.584s] running build_py
[2.584s] running install
[2.598s] running install_lib
[2.629s] creating /home/laptop5/mycobot_ros2/install/mycobot_280_moveit2_control/lib/python3.12/site-packages/mycobot_280_moveit2_control
[2.629s] copying /home/laptop5/mycobot_ros2/build/mycobot_280_moveit2_control/build/lib/mycobot_280_moveit2_control/__init__.py -> /home/laptop5/mycobot_ros2/install/mycobot_280_moveit2_control/lib/python3.12/site-packages/mycobot_280_moveit2_control
[2.630s] copying /home/laptop5/mycobot_ros2/build/mycobot_280_moveit2_control/build/lib/mycobot_280_moveit2_control/sync_plan_arduino.py -> /home/laptop5/mycobot_ros2/install/mycobot_280_moveit2_control/lib/python3.12/site-packages/mycobot_280_moveit2_control
[2.630s] copying /home/laptop5/mycobot_ros2/build/mycobot_280_moveit2_control/build/lib/mycobot_280_moveit2_control/sync_plan.py -> /home/laptop5/mycobot_ros2/install/mycobot_280_moveit2_control/lib/python3.12/site-packages/mycobot_280_moveit2_control
[2.630s] copying /home/laptop5/mycobot_ros2/build/mycobot_280_moveit2_control/build/lib/mycobot_280_moveit2_control/sync_plan_rdkx5.py -> /home/laptop5/mycobot_ros2/install/mycobot_280_moveit2_control/lib/python3.12/site-packages/mycobot_280_moveit2_control
[2.631s] copying /home/laptop5/mycobot_ros2/build/mycobot_280_moveit2_control/build/lib/mycobot_280_moveit2_control/test.py -> /home/laptop5/mycobot_ros2/install/mycobot_280_moveit2_control/lib/python3.12/site-packages/mycobot_280_moveit2_control
[2.631s] byte-compiling /home/laptop5/mycobot_ros2/install/mycobot_280_moveit2_control/lib/python3.12/site-packages/mycobot_280_moveit2_control/__init__.py to __init__.cpython-312.pyc
[2.631s] byte-compiling /home/laptop5/mycobot_ros2/install/mycobot_280_moveit2_control/lib/python3.12/site-packages/mycobot_280_moveit2_control/sync_plan_arduino.py to sync_plan_arduino.cpython-312.pyc
[2.633s] byte-compiling /home/laptop5/mycobot_ros2/install/mycobot_280_moveit2_control/lib/python3.12/site-packages/mycobot_280_moveit2_control/sync_plan.py to sync_plan.cpython-312.pyc
[2.635s] byte-compiling /home/laptop5/mycobot_ros2/install/mycobot_280_moveit2_control/lib/python3.12/site-packages/mycobot_280_moveit2_control/sync_plan_rdkx5.py to sync_plan_rdkx5.cpython-312.pyc
[2.636s] byte-compiling /home/laptop5/mycobot_ros2/install/mycobot_280_moveit2_control/lib/python3.12/site-packages/mycobot_280_moveit2_control/test.py to test.cpython-312.pyc
[2.637s] running install_data
[2.639s] creating /home/laptop5/mycobot_ros2/install/mycobot_280_moveit2_control/share/ament_index
[2.639s] creating /home/laptop5/mycobot_ros2/install/mycobot_280_moveit2_control/share/ament_index/resource_index
[2.640s] creating /home/laptop5/mycobot_ros2/install/mycobot_280_moveit2_control/share/ament_index/resource_index/packages
[2.640s] copying resource/mycobot_280_moveit2_control -> /home/laptop5/mycobot_ros2/install/mycobot_280_moveit2_control/share/ament_index/resource_index/packages
[2.640s] copying package.xml -> /home/laptop5/mycobot_ros2/install/mycobot_280_moveit2_control/share/mycobot_280_moveit2_control
[2.640s] creating /home/laptop5/mycobot_ros2/install/mycobot_280_moveit2_control/share/mycobot_280_moveit2_control/launch
[2.641s] creating /home/laptop5/mycobot_ros2/install/mycobot_280_moveit2_control/share/mycobot_280_moveit2_control/config
[2.641s] running install_egg_info
[2.681s] Copying ../../build/mycobot_280_moveit2_control/mycobot_280_moveit2_control.egg-info to /home/laptop5/mycobot_ros2/install/mycobot_280_moveit2_control/lib/python3.12/site-packages/mycobot_280_moveit2_control-0.0.0-py3.12.egg-info
[2.681s] running install_scripts
[2.849s] Installing sync_plan script to /home/laptop5/mycobot_ros2/install/mycobot_280_moveit2_control/lib/mycobot_280_moveit2_control
[2.850s] Installing sync_plan_arduino script to /home/laptop5/mycobot_ros2/install/mycobot_280_moveit2_control/lib/mycobot_280_moveit2_control
[2.850s] Installing sync_plan_rdkx5 script to /home/laptop5/mycobot_ros2/install/mycobot_280_moveit2_control/lib/mycobot_280_moveit2_control
[2.850s] writing list of installed files to '/home/laptop5/mycobot_ros2/build/mycobot_280_moveit2_control/install.log'
[2.885s] Invoked command in '/home/laptop5/mycobot_ros2/mycobot_280/mycobot_280_moveit2_control' returned '0': AMENT_PREFIX_PATH=/home/laptop5/mycobot_ros2/install/mycobot_description:/home/laptop5/mycobot_ros2/install/mycobot_communication:/home/laptop5/mycobot_ros2/install/mycobot_interfaces:/home/laptop5/mycobot_ros2/install/mycobot_320pi:/home/laptop5/mycobot_ros2/install/mycobot_320:/home/laptop5/mycobot_ros2/install/mycobot_280rdkx5_moveit2:/home/laptop5/mycobot_ros2/install/mycobot_280pi:/home/laptop5/mycobot_ros2/install/mycobot_280jn:/home/laptop5/mycobot_ros2/install/mycobot_280arduino_moveit2:/home/laptop5/mycobot_ros2/install/mycobot_280_x3pi:/home/laptop5/mycobot_ros2/install/mycobot_280_riscv:/home/laptop5/mycobot_ros2/install/mycobot_280_moveit2_control:/home/laptop5/mycobot_ros2/install/mycobot_280_moveit2:/home/laptop5/mycobot_ros2/install/mycobot_280_arduino:/home/laptop5/mycobot_ros2/install/mycobot_280:/home/laptop5/mycobot_ros2/install/mybuddy:/home/laptop5/mycobot_ros2/install/myarm_300:/home/laptop5/mycobot_ros2/install/mecharm_pi:/home/laptop5/mycobot_ros2/install/mecharm:/opt/ros/jazzy DEBUGINFOD_URLS=https://debuginfod.ubuntu.com PYTHONPATH=/home/laptop5/mycobot_ros2/build/mycobot_280_moveit2_control/prefix_override:/usr/lib/python3/dist-packages/colcon_core/task/python/colcon_distutils_commands:/home/laptop5/mycobot_ros2/install/mycobot_280_moveit2_control/lib/python3.12/site-packages:/home/laptop5/mycobot_ros2/install/mycobot_description/lib/python3.12/site-packages:/home/laptop5/mycobot_ros2/install/mycobot_communication/lib/python3.12/site-packages:/home/laptop5/mycobot_ros2/install/mycobot_interfaces/lib/python3.12/site-packages:/home/laptop5/mycobot_ros2/install/mycobot_320pi/lib/python3.12/site-packages:/home/laptop5/mycobot_ros2/install/mycobot_320/lib/python3.12/site-packages:/home/laptop5/mycobot_ros2/install/mycobot_280pi/lib/python3.12/site-packages:/home/laptop5/mycobot_ros2/install/mycobot_280jn/lib/python3.12/site-packages:/home/laptop5/mycobot_ros2/install/mycobot_280_x3pi/lib/python3.12/site-packages:/home/laptop5/mycobot_ros2/install/mycobot_280_riscv/lib/python3.12/site-packages:/home/laptop5/mycobot_ros2/install/mycobot_280_moveit2_control/lib/python3.12/site-packages:/home/laptop5/mycobot_ros2/install/mycobot_280_arduino/lib/python3.12/site-packages:/home/laptop5/mycobot_ros2/install/mycobot_280/lib/python3.12/site-packages:/home/laptop5/mycobot_ros2/install/mybuddy/lib/python3.12/site-packages:/home/laptop5/mycobot_ros2/install/myarm_300/lib/python3.12/site-packages:/home/laptop5/mycobot_ros2/install/mecharm_pi/lib/python3.12/site-packages:/home/laptop5/mycobot_ros2/install/mecharm/lib/python3.12/site-packages:/opt/ros/jazzy/lib/python3.12/site-packages /usr/bin/python3 -W ignore:setup.py install is deprecated -W ignore:easy_install command is deprecated setup.py egg_info --egg-base ../../build/mycobot_280_moveit2_control build --build-base /home/laptop5/mycobot_ros2/build/mycobot_280_moveit2_control/build install --record /home/laptop5/mycobot_ros2/build/mycobot_280_moveit2_control/install.log --single-version-externally-managed install_data
