[1.130s] Invoking command in '/home/laptop5/mycobot_ros2/mycobot_description': DEBUGINFOD_URLS=https://debuginfod.ubuntu.com PYTHONPATH=/home/laptop5/mycobot_ros2/build/mycobot_description/prefix_override:/usr/lib/python3/dist-packages/colcon_core/task/python/colcon_distutils_commands:/home/laptop5/mycobot_ros2/install/mycobot_description/lib/python3.12/site-packages:${PYTHONPATH} /usr/bin/python3 -W ignore:setup.py install is deprecated -W ignore:easy_install command is deprecated setup.py egg_info --egg-base ../build/mycobot_description build --build-base /home/laptop5/mycobot_ros2/build/mycobot_description/build install --record /home/laptop5/mycobot_ros2/build/mycobot_description/install.log --single-version-externally-managed install_data
[1.717s] running egg_info
[1.718s] creating ../build/mycobot_description/mycobot_description.egg-info
[1.742s] writing ../build/mycobot_description/mycobot_description.egg-info/PKG-INFO
[1.742s] writing dependency_links to ../build/mycobot_description/mycobot_description.egg-info/dependency_links.txt
[1.742s] writing requirements to ../build/mycobot_description/mycobot_description.egg-info/requires.txt
[1.743s] writing top-level names to ../build/mycobot_description/mycobot_description.egg-info/top_level.txt
[1.743s] writing manifest file '../build/mycobot_description/mycobot_description.egg-info/SOURCES.txt'
[1.793s] reading manifest file '../build/mycobot_description/mycobot_description.egg-info/SOURCES.txt'
[1.793s] adding license file 'LICENSE'
[1.796s] writing manifest file '../build/mycobot_description/mycobot_description.egg-info/SOURCES.txt'
[1.796s] running build
[1.796s] running build_py
[1.797s] creating /home/laptop5/mycobot_ros2/build/mycobot_description/build
[1.797s] creating /home/laptop5/mycobot_ros2/build/mycobot_description/build/lib
[1.797s] creating /home/laptop5/mycobot_ros2/build/mycobot_description/build/lib/mycobot_description
[1.797s] copying mycobot_description/__init__.py -> /home/laptop5/mycobot_ros2/build/mycobot_description/build/lib/mycobot_description
[1.797s] running install
[1.806s] running install_lib
[1.833s] creating /home/laptop5/mycobot_ros2/install/mycobot_description/lib/python3.12/site-packages/mycobot_description
[1.833s] copying /home/laptop5/mycobot_ros2/build/mycobot_description/build/lib/mycobot_description/__init__.py -> /home/laptop5/mycobot_ros2/install/mycobot_description/lib/python3.12/site-packages/mycobot_description
[1.833s] byte-compiling /home/laptop5/mycobot_ros2/install/mycobot_description/lib/python3.12/site-packages/mycobot_description/__init__.py to __init__.cpython-312.pyc
[1.834s] running install_data
[1.834s] creating /home/laptop5/mycobot_ros2/install/mycobot_description/share/ament_index
[1.834s] creating /home/laptop5/mycobot_ros2/install/mycobot_description/share/ament_index/resource_index
[1.835s] creating /home/laptop5/mycobot_ros2/install/mycobot_description/share/ament_index/resource_index/packages
[1.835s] copying resource/mycobot_description -> /home/laptop5/mycobot_ros2/install/mycobot_description/share/ament_index/resource_index/packages
[1.835s] copying package.xml -> /home/laptop5/mycobot_ros2/install/mycobot_description/share/mycobot_description
[1.835s] creating /home/laptop5/mycobot_ros2/install/mycobot_description/share/mycobot_description/urdf
[1.835s] creating /home/laptop5/mycobot_ros2/install/mycobot_description/share/mycobot_description/urdf/mypalletizer_260_pi
[1.836s] copying urdf/mypalletizer_260_pi/link4.dae -> /home/laptop5/mycobot_ros2/install/mycobot_description/share/mycobot_description/urdf/mypalletizer_260_pi
[1.836s] copying urdf/mypalletizer_260_pi/base.dae -> /home/laptop5/mycobot_ros2/install/mycobot_description/share/mycobot_description/urdf/mypalletizer_260_pi
[1.840s] copying urdf/mypalletizer_260_pi/link3.dae -> /home/laptop5/mycobot_ros2/install/mycobot_description/share/mycobot_description/urdf/mypalletizer_260_pi
[1.844s] copying urdf/mypalletizer_260_pi/mypalletizer_260_pi_adaptive_gripper.urdf -> /home/laptop5/mycobot_ros2/install/mycobot_description/share/mycobot_description/urdf/mypalletizer_260_pi
[1.844s] copying urdf/mypalletizer_260_pi/link2.dae -> /home/laptop5/mycobot_ros2/install/mycobot_description/share/mycobot_description/urdf/mypalletizer_260_pi
[1.847s] copying urdf/mypalletizer_260_pi/link1.dae -> /home/laptop5/mycobot_ros2/install/mycobot_description/share/mycobot_description/urdf/mypalletizer_260_pi
[1.850s] copying urdf/mypalletizer_260_pi/suit_env.dae -> /home/laptop5/mycobot_ros2/install/mycobot_description/share/mycobot_description/urdf/mypalletizer_260_pi
[1.858s] copying urdf/mypalletizer_260_pi/mypalletizer_260_pi.urdf -> /home/laptop5/mycobot_ros2/install/mycobot_description/share/mycobot_description/urdf/mypalletizer_260_pi
[1.858s] copying urdf/mypalletizer_260_pi/mypalletizer_260_pi_aikit.urdf -> /home/laptop5/mycobot_ros2/install/mycobot_description/share/mycobot_description/urdf/mypalletizer_260_pi
[1.858s] copying urdf/mypalletizer_260_pi/link5.dae -> /home/laptop5/mycobot_ros2/install/mycobot_description/share/mycobot_description/urdf/mypalletizer_260_pi
[1.859s] creating /home/laptop5/mycobot_ros2/install/mycobot_description/share/mycobot_description/urdf/mypalletizer_260_m5
[1.859s] copying urdf/mypalletizer_260_m5/link4.dae -> /home/laptop5/mycobot_ros2/install/mycobot_description/share/mycobot_description/urdf/mypalletizer_260_m5
[1.860s] copying urdf/mypalletizer_260_m5/base.dae -> /home/laptop5/mycobot_ros2/install/mycobot_description/share/mycobot_description/urdf/mypalletizer_260_m5
[1.864s] copying urdf/mypalletizer_260_m5/link3.dae -> /home/laptop5/mycobot_ros2/install/mycobot_description/share/mycobot_description/urdf/mypalletizer_260_m5
[1.868s] copying urdf/mypalletizer_260_m5/mypalletizer_260_m5_adaptive_gripper.urdf -> /home/laptop5/mycobot_ros2/install/mycobot_description/share/mycobot_description/urdf/mypalletizer_260_m5
[1.868s] copying urdf/mypalletizer_260_m5/link2.dae -> /home/laptop5/mycobot_ros2/install/mycobot_description/share/mycobot_description/urdf/mypalletizer_260_m5
[1.871s] copying urdf/mypalletizer_260_m5/link1.dae -> /home/laptop5/mycobot_ros2/install/mycobot_description/share/mycobot_description/urdf/mypalletizer_260_m5
[1.874s] copying urdf/mypalletizer_260_m5/mypalletizer_260_m5.urdf -> /home/laptop5/mycobot_ros2/install/mycobot_description/share/mycobot_description/urdf/mypalletizer_260_m5
[1.874s] copying urdf/mypalletizer_260_m5/link5.dae -> /home/laptop5/mycobot_ros2/install/mycobot_description/share/mycobot_description/urdf/mypalletizer_260_m5
[1.875s] creating /home/laptop5/mycobot_ros2/install/mycobot_description/share/mycobot_description/urdf/mycobot_280_jn
[1.875s] copying urdf/mycobot_280_jn/joint7.png -> /home/laptop5/mycobot_ros2/install/mycobot_description/share/mycobot_description/urdf/mycobot_280_jn
[1.875s] copying urdf/mycobot_280_jn/joint3.dae -> /home/laptop5/mycobot_ros2/install/mycobot_description/share/mycobot_description/urdf/mycobot_280_jn
[1.878s] copying urdf/mycobot_280_jn/joint3.png -> /home/laptop5/mycobot_ros2/install/mycobot_description/share/mycobot_description/urdf/mycobot_280_jn
[1.878s] copying urdf/mycobot_280_jn/joint4.dae -> /home/laptop5/mycobot_ros2/install/mycobot_description/share/mycobot_description/urdf/mycobot_280_jn
[1.879s] copying urdf/mycobot_280_jn/joint4.png -> /home/laptop5/mycobot_ros2/install/mycobot_description/share/mycobot_description/urdf/mycobot_280_jn
[1.880s] copying urdf/mycobot_280_jn/mycobot_280_jn.urdf -> /home/laptop5/mycobot_ros2/install/mycobot_description/share/mycobot_description/urdf/mycobot_280_jn
[1.880s] copying urdf/mycobot_280_jn/joint7.dae -> /home/laptop5/mycobot_ros2/install/mycobot_description/share/mycobot_description/urdf/mycobot_280_jn
[1.881s] copying urdf/mycobot_280_jn/joint2.png -> /home/laptop5/mycobot_ros2/install/mycobot_description/share/mycobot_description/urdf/mycobot_280_jn
[1.881s] copying urdf/mycobot_280_jn/joint6.dae -> /home/laptop5/mycobot_ros2/install/mycobot_description/share/mycobot_description/urdf/mycobot_280_jn
[1.882s] copying urdf/mycobot_280_jn/joint5.dae -> /home/laptop5/mycobot_ros2/install/mycobot_description/share/mycobot_description/urdf/mycobot_280_jn
[1.885s] copying urdf/mycobot_280_jn/joint2.dae -> /home/laptop5/mycobot_ros2/install/mycobot_description/share/mycobot_description/urdf/mycobot_280_jn
[1.888s] copying urdf/mycobot_280_jn/joint6.png -> /home/laptop5/mycobot_ros2/install/mycobot_description/share/mycobot_description/urdf/mycobot_280_jn
[1.888s] copying urdf/mycobot_280_jn/joint5.png -> /home/laptop5/mycobot_ros2/install/mycobot_description/share/mycobot_description/urdf/mycobot_280_jn
[1.889s] copying urdf/mycobot_280_jn/mycobot_280_jn_adaptive_gripper.urdf -> /home/laptop5/mycobot_ros2/install/mycobot_description/share/mycobot_description/urdf/mycobot_280_jn
[1.889s] copying urdf/mycobot_280_jn/joint1_jet.dae -> /home/laptop5/mycobot_ros2/install/mycobot_description/share/mycobot_description/urdf/mycobot_280_jn
[1.900s] creating /home/laptop5/mycobot_ros2/install/mycobot_description/share/mycobot_description/urdf/mycobot_320_m5_2022
[1.901s] copying urdf/mycobot_320_m5_2022/link4.dae -> /home/laptop5/mycobot_ros2/install/mycobot_description/share/mycobot_description/urdf/mycobot_320_m5_2022
[1.903s] copying urdf/mycobot_320_m5_2022/base.dae -> /home/laptop5/mycobot_ros2/install/mycobot_description/share/mycobot_description/urdf/mycobot_320_m5_2022
[1.921s] copying urdf/mycobot_320_m5_2022/mycobot_320_m5_2022_force_gripper.urdf -> /home/laptop5/mycobot_ros2/install/mycobot_description/share/mycobot_description/urdf/mycobot_320_m5_2022
[1.921s] copying urdf/mycobot_320_m5_2022/link3.dae -> /home/laptop5/mycobot_ros2/install/mycobot_description/share/mycobot_description/urdf/mycobot_320_m5_2022
[1.928s] copying urdf/mycobot_320_m5_2022/mycobot_320_m5_2022_adaptive_gripper.urdf -> /home/laptop5/mycobot_ros2/install/mycobot_description/share/mycobot_description/urdf/mycobot_320_m5_2022
[1.929s] copying urdf/mycobot_320_m5_2022/link2.dae -> /home/laptop5/mycobot_ros2/install/mycobot_description/share/mycobot_description/urdf/mycobot_320_m5_2022
[1.932s] copying urdf/mycobot_320_m5_2022/link1.dae -> /home/laptop5/mycobot_ros2/install/mycobot_description/share/mycobot_description/urdf/mycobot_320_m5_2022
[1.935s] copying urdf/mycobot_320_m5_2022/link6.dae -> /home/laptop5/mycobot_ros2/install/mycobot_description/share/mycobot_description/urdf/mycobot_320_m5_2022
[1.936s] copying urdf/mycobot_320_m5_2022/mycobot_320_m5_2022.urdf -> /home/laptop5/mycobot_ros2/install/mycobot_description/share/mycobot_description/urdf/mycobot_320_m5_2022
[1.936s] copying urdf/mycobot_320_m5_2022/link5.dae -> /home/laptop5/mycobot_ros2/install/mycobot_description/share/mycobot_description/urdf/mycobot_320_m5_2022
[1.939s] creating /home/laptop5/mycobot_ros2/install/mycobot_description/share/mycobot_description/urdf/mycobot_pro_600
[1.939s] copying urdf/mycobot_pro_600/link4.dae -> /home/laptop5/mycobot_ros2/install/mycobot_description/share/mycobot_description/urdf/mycobot_pro_600
[1.943s] copying urdf/mycobot_pro_600/base.dae -> /home/laptop5/mycobot_ros2/install/mycobot_description/share/mycobot_description/urdf/mycobot_pro_600
[1.948s] copying urdf/mycobot_pro_600/link3.dae -> /home/laptop5/mycobot_ros2/install/mycobot_description/share/mycobot_description/urdf/mycobot_pro_600
[1.953s] copying urdf/mycobot_pro_600/link2.dae -> /home/laptop5/mycobot_ros2/install/mycobot_description/share/mycobot_description/urdf/mycobot_pro_600
[1.960s] copying urdf/mycobot_pro_600/link1.dae -> /home/laptop5/mycobot_ros2/install/mycobot_description/share/mycobot_description/urdf/mycobot_pro_600
[1.962s] copying urdf/mycobot_pro_600/link6.dae -> /home/laptop5/mycobot_ros2/install/mycobot_description/share/mycobot_description/urdf/mycobot_pro_600
[1.964s] copying urdf/mycobot_pro_600/mycobot_pro_600.urdf -> /home/laptop5/mycobot_ros2/install/mycobot_description/share/mycobot_description/urdf/mycobot_pro_600
[1.965s] copying urdf/mycobot_pro_600/link5.dae -> /home/laptop5/mycobot_ros2/install/mycobot_description/share/mycobot_description/urdf/mycobot_pro_600
[1.971s] creating /home/laptop5/mycobot_ros2/install/mycobot_description/share/mycobot_description/urdf/mycobot_280_m5
[1.971s] copying urdf/mycobot_280_m5/joint7.png -> /home/laptop5/mycobot_ros2/install/mycobot_description/share/mycobot_description/urdf/mycobot_280_m5
[1.972s] copying urdf/mycobot_280_m5/mycobot_step.STEP -> /home/laptop5/mycobot_ros2/install/mycobot_description/share/mycobot_description/urdf/mycobot_280_m5
[2.035s] copying urdf/mycobot_280_m5/joint3.dae -> /home/laptop5/mycobot_ros2/install/mycobot_description/share/mycobot_description/urdf/mycobot_280_m5
[2.040s] copying urdf/mycobot_280_m5/mycobot_280_m5_with_pump.urdf -> /home/laptop5/mycobot_ros2/install/mycobot_description/share/mycobot_description/urdf/mycobot_280_m5
[2.040s] copying urdf/mycobot_280_m5/noenv.urdf -> /home/laptop5/mycobot_ros2/install/mycobot_description/share/mycobot_description/urdf/mycobot_280_m5
[2.041s] copying urdf/mycobot_280_m5/mycobot_280_m5_with_camera_flange_pump.urdf -> /home/laptop5/mycobot_ros2/install/mycobot_description/share/mycobot_description/urdf/mycobot_280_m5
[2.041s] copying urdf/mycobot_280_m5/pump_box.dae -> /home/laptop5/mycobot_ros2/install/mycobot_description/share/mycobot_description/urdf/mycobot_280_m5
[2.042s] copying urdf/mycobot_280_m5/joint3.png -> /home/laptop5/mycobot_ros2/install/mycobot_description/share/mycobot_description/urdf/mycobot_280_m5
[2.043s] copying urdf/mycobot_280_m5/mycobot_280_m5_adaptive_gripper.urdf -> /home/laptop5/mycobot_ros2/install/mycobot_description/share/mycobot_description/urdf/mycobot_280_m5
[2.043s] copying urdf/mycobot_280_m5/joint4.dae -> /home/laptop5/mycobot_ros2/install/mycobot_description/share/mycobot_description/urdf/mycobot_280_m5
[2.044s] copying urdf/mycobot_280_m5/joint4.png -> /home/laptop5/mycobot_ros2/install/mycobot_description/share/mycobot_description/urdf/mycobot_280_m5
[2.044s] copying urdf/mycobot_280_m5/joint7.dae -> /home/laptop5/mycobot_ros2/install/mycobot_description/share/mycobot_description/urdf/mycobot_280_m5
[2.046s] copying urdf/mycobot_280_m5/mycobot_280_m5.urdf -> /home/laptop5/mycobot_ros2/install/mycobot_description/share/mycobot_description/urdf/mycobot_280_m5
[2.046s] copying urdf/mycobot_280_m5/joint2.png -> /home/laptop5/mycobot_ros2/install/mycobot_description/share/mycobot_description/urdf/mycobot_280_m5
[2.047s] copying urdf/mycobot_280_m5/mycobot_with_vision_copy.urdf -> /home/laptop5/mycobot_ros2/install/mycobot_description/share/mycobot_description/urdf/mycobot_280_m5
[2.047s] copying urdf/mycobot_280_m5/joint1.png -> /home/laptop5/mycobot_ros2/install/mycobot_description/share/mycobot_description/urdf/mycobot_280_m5
[2.047s] copying urdf/mycobot_280_m5/joint6.dae -> /home/laptop5/mycobot_ros2/install/mycobot_description/share/mycobot_description/urdf/mycobot_280_m5
[2.052s] copying urdf/mycobot_280_m5/joint5.dae -> /home/laptop5/mycobot_ros2/install/mycobot_description/share/mycobot_description/urdf/mycobot_280_m5
[2.055s] copying urdf/mycobot_280_m5/joint2.dae -> /home/laptop5/mycobot_ros2/install/mycobot_description/share/mycobot_description/urdf/mycobot_280_m5
[2.057s] copying urdf/mycobot_280_m5/pump_head.dae -> /home/laptop5/mycobot_ros2/install/mycobot_description/share/mycobot_description/urdf/mycobot_280_m5
[2.061s] copying urdf/mycobot_280_m5/suit_env.dae -> /home/laptop5/mycobot_ros2/install/mycobot_description/share/mycobot_description/urdf/mycobot_280_m5
[2.075s] copying urdf/mycobot_280_m5/withenv.urdf -> /home/laptop5/mycobot_ros2/install/mycobot_description/share/mycobot_description/urdf/mycobot_280_m5
[2.075s] copying urdf/mycobot_280_m5/G_base.dae -> /home/laptop5/mycobot_ros2/install/mycobot_description/share/mycobot_description/urdf/mycobot_280_m5
[2.082s] copying urdf/mycobot_280_m5/joint6.png -> /home/laptop5/mycobot_ros2/install/mycobot_description/share/mycobot_description/urdf/mycobot_280_m5
[2.082s] copying urdf/mycobot_280_m5/joint5.png -> /home/laptop5/mycobot_ros2/install/mycobot_description/share/mycobot_description/urdf/mycobot_280_m5
[2.082s] copying urdf/mycobot_280_m5/mycobot_with_vision.urdf -> /home/laptop5/mycobot_ros2/install/mycobot_description/share/mycobot_description/urdf/mycobot_280_m5
[2.082s] copying urdf/mycobot_280_m5/joint1.dae -> /home/laptop5/mycobot_ros2/install/mycobot_description/share/mycobot_description/urdf/mycobot_280_m5
[2.085s] copying urdf/mycobot_280_m5/camera_flange.dae -> /home/laptop5/mycobot_ros2/install/mycobot_description/share/mycobot_description/urdf/mycobot_280_m5
[2.090s] copying urdf/mycobot_280_m5/mycobot_280_m5_with_camera_flange.urdf -> /home/laptop5/mycobot_ros2/install/mycobot_description/share/mycobot_description/urdf/mycobot_280_m5
[2.091s] creating /home/laptop5/mycobot_ros2/install/mycobot_description/share/mycobot_description/urdf/mycobot_280_pi
[2.091s] copying urdf/mycobot_280_pi/joint7.png -> /home/laptop5/mycobot_ros2/install/mycobot_description/share/mycobot_description/urdf/mycobot_280_pi
[2.092s] copying urdf/mycobot_280_pi/joint3.dae -> /home/laptop5/mycobot_ros2/install/mycobot_description/share/mycobot_description/urdf/mycobot_280_pi
[2.098s] copying urdf/mycobot_280_pi/joint1_pi.dae -> /home/laptop5/mycobot_ros2/install/mycobot_description/share/mycobot_description/urdf/mycobot_280_pi
[2.120s] copying urdf/mycobot_280_pi/pump_box.dae -> /home/laptop5/mycobot_ros2/install/mycobot_description/share/mycobot_description/urdf/mycobot_280_pi
[2.121s] copying urdf/mycobot_280_pi/joint3.png -> /home/laptop5/mycobot_ros2/install/mycobot_description/share/mycobot_description/urdf/mycobot_280_pi
[2.122s] copying urdf/mycobot_280_pi/joint4.dae -> /home/laptop5/mycobot_ros2/install/mycobot_description/share/mycobot_description/urdf/mycobot_280_pi
[2.123s] copying urdf/mycobot_280_pi/joint4.png -> /home/laptop5/mycobot_ros2/install/mycobot_description/share/mycobot_description/urdf/mycobot_280_pi
[2.123s] copying urdf/mycobot_280_pi/joint7.dae -> /home/laptop5/mycobot_ros2/install/mycobot_description/share/mycobot_description/urdf/mycobot_280_pi
[2.125s] copying urdf/mycobot_280_pi/mycobot_280_pi_with_camera_flange.urdf -> /home/laptop5/mycobot_ros2/install/mycobot_description/share/mycobot_description/urdf/mycobot_280_pi
[2.127s] copying urdf/mycobot_280_pi/joint2.png -> /home/laptop5/mycobot_ros2/install/mycobot_description/share/mycobot_description/urdf/mycobot_280_pi
[2.127s] copying urdf/mycobot_280_pi/joint1.png -> /home/laptop5/mycobot_ros2/install/mycobot_description/share/mycobot_description/urdf/mycobot_280_pi
[2.128s] copying urdf/mycobot_280_pi/joint6.dae -> /home/laptop5/mycobot_ros2/install/mycobot_description/share/mycobot_description/urdf/mycobot_280_pi
[2.129s] copying urdf/mycobot_280_pi/joint5.dae -> /home/laptop5/mycobot_ros2/install/mycobot_description/share/mycobot_description/urdf/mycobot_280_pi
[2.133s] copying urdf/mycobot_280_pi/joint2.dae -> /home/laptop5/mycobot_ros2/install/mycobot_description/share/mycobot_description/urdf/mycobot_280_pi
[2.137s] copying urdf/mycobot_280_pi/pump_head.dae -> /home/laptop5/mycobot_ros2/install/mycobot_description/share/mycobot_description/urdf/mycobot_280_pi
[2.141s] copying urdf/mycobot_280_pi/G_base.dae -> /home/laptop5/mycobot_ros2/install/mycobot_description/share/mycobot_description/urdf/mycobot_280_pi
[2.150s] copying urdf/mycobot_280_pi/mycobot_280_pi_with_camera_flange_pump.urdf -> /home/laptop5/mycobot_ros2/install/mycobot_description/share/mycobot_description/urdf/mycobot_280_pi
[2.151s] copying urdf/mycobot_280_pi/joint6.png -> /home/laptop5/mycobot_ros2/install/mycobot_description/share/mycobot_description/urdf/mycobot_280_pi
[2.151s] copying urdf/mycobot_280_pi/joint5.png -> /home/laptop5/mycobot_ros2/install/mycobot_description/share/mycobot_description/urdf/mycobot_280_pi
[2.151s] copying urdf/mycobot_280_pi/camera_flange.dae -> /home/laptop5/mycobot_ros2/install/mycobot_description/share/mycobot_description/urdf/mycobot_280_pi
[2.156s] copying urdf/mycobot_280_pi/mycobot_280_pi_with_pump.urdf -> /home/laptop5/mycobot_ros2/install/mycobot_description/share/mycobot_description/urdf/mycobot_280_pi
[2.156s] copying urdf/mycobot_280_pi/mycobot_280_pi_adaptive_gripper.urdf -> /home/laptop5/mycobot_ros2/install/mycobot_description/share/mycobot_description/urdf/mycobot_280_pi
[2.156s] copying urdf/mycobot_280_pi/mycobot_280_pi.urdf -> /home/laptop5/mycobot_ros2/install/mycobot_description/share/mycobot_description/urdf/mycobot_280_pi
[2.157s] creating /home/laptop5/mycobot_ros2/install/mycobot_description/share/mycobot_description/urdf/mecharm_270_m5
[2.157s] copying urdf/mecharm_270_m5/link4.dae -> /home/laptop5/mycobot_ros2/install/mycobot_description/share/mycobot_description/urdf/mecharm_270_m5
[2.162s] copying urdf/mecharm_270_m5/base.dae -> /home/laptop5/mycobot_ros2/install/mycobot_description/share/mycobot_description/urdf/mecharm_270_m5
[2.166s] copying urdf/mecharm_270_m5/link3.dae -> /home/laptop5/mycobot_ros2/install/mycobot_description/share/mycobot_description/urdf/mecharm_270_m5
[2.174s] copying urdf/mecharm_270_m5/link2.dae -> /home/laptop5/mycobot_ros2/install/mycobot_description/share/mycobot_description/urdf/mecharm_270_m5
[2.186s] copying urdf/mecharm_270_m5/link1.dae -> /home/laptop5/mycobot_ros2/install/mycobot_description/share/mycobot_description/urdf/mecharm_270_m5
[2.194s] copying urdf/mecharm_270_m5/link6.dae -> /home/laptop5/mycobot_ros2/install/mycobot_description/share/mycobot_description/urdf/mecharm_270_m5
[2.196s] copying urdf/mecharm_270_m5/mecharm_270_m5.urdf -> /home/laptop5/mycobot_ros2/install/mycobot_description/share/mycobot_description/urdf/mecharm_270_m5
[2.196s] copying urdf/mecharm_270_m5/mecharm_270_m5_adaptive_gripper.urdf -> /home/laptop5/mycobot_ros2/install/mycobot_description/share/mycobot_description/urdf/mecharm_270_m5
[2.196s] copying urdf/mecharm_270_m5/link5.dae -> /home/laptop5/mycobot_ros2/install/mycobot_description/share/mycobot_description/urdf/mecharm_270_m5
[2.198s] creating /home/laptop5/mycobot_ros2/install/mycobot_description/share/mycobot_description/urdf/mecharm_270_pi
[2.198s] copying urdf/mecharm_270_pi/mecharm_270_pi.urdf -> /home/laptop5/mycobot_ros2/install/mycobot_description/share/mycobot_description/urdf/mecharm_270_pi
[2.199s] copying urdf/mecharm_270_pi/link4.dae -> /home/laptop5/mycobot_ros2/install/mycobot_description/share/mycobot_description/urdf/mecharm_270_pi
[2.204s] copying urdf/mecharm_270_pi/base.dae -> /home/laptop5/mycobot_ros2/install/mycobot_description/share/mycobot_description/urdf/mecharm_270_pi
[2.215s] copying urdf/mecharm_270_pi/link3.dae -> /home/laptop5/mycobot_ros2/install/mycobot_description/share/mycobot_description/urdf/mecharm_270_pi
[2.219s] copying urdf/mecharm_270_pi/mecharm_270_pi_adaptive_gripper.urdf -> /home/laptop5/mycobot_ros2/install/mycobot_description/share/mycobot_description/urdf/mecharm_270_pi
[2.220s] copying urdf/mecharm_270_pi/link2.dae -> /home/laptop5/mycobot_ros2/install/mycobot_description/share/mycobot_description/urdf/mecharm_270_pi
[2.230s] copying urdf/mecharm_270_pi/link1.dae -> /home/laptop5/mycobot_ros2/install/mycobot_description/share/mycobot_description/urdf/mecharm_270_pi
[2.239s] copying urdf/mecharm_270_pi/link6.dae -> /home/laptop5/mycobot_ros2/install/mycobot_description/share/mycobot_description/urdf/mecharm_270_pi
[2.241s] copying urdf/mecharm_270_pi/link5.dae -> /home/laptop5/mycobot_ros2/install/mycobot_description/share/mycobot_description/urdf/mecharm_270_pi
[2.243s] creating /home/laptop5/mycobot_ros2/install/mycobot_description/share/mycobot_description/urdf/mycobot_320_pi_2022
[2.243s] copying urdf/mycobot_320_pi_2022/link4.dae -> /home/laptop5/mycobot_ros2/install/mycobot_description/share/mycobot_description/urdf/mycobot_320_pi_2022
[2.247s] copying urdf/mycobot_320_pi_2022/base.dae -> /home/laptop5/mycobot_ros2/install/mycobot_description/share/mycobot_description/urdf/mycobot_320_pi_2022
[2.289s] copying urdf/mycobot_320_pi_2022/link3.dae -> /home/laptop5/mycobot_ros2/install/mycobot_description/share/mycobot_description/urdf/mycobot_320_pi_2022
[2.295s] copying urdf/mycobot_320_pi_2022/link2.dae -> /home/laptop5/mycobot_ros2/install/mycobot_description/share/mycobot_description/urdf/mycobot_320_pi_2022
[2.300s] copying urdf/mycobot_320_pi_2022/mycobot_320_pi_2022_force_gripper.urdf -> /home/laptop5/mycobot_ros2/install/mycobot_description/share/mycobot_description/urdf/mycobot_320_pi_2022
[2.300s] copying urdf/mycobot_320_pi_2022/link1.dae -> /home/laptop5/mycobot_ros2/install/mycobot_description/share/mycobot_description/urdf/mycobot_320_pi_2022
[2.304s] copying urdf/mycobot_320_pi_2022/link6.dae -> /home/laptop5/mycobot_ros2/install/mycobot_description/share/mycobot_description/urdf/mycobot_320_pi_2022
[2.304s] copying urdf/mycobot_320_pi_2022/mycobot_320_pi_2022_adaptive_gripper.urdf -> /home/laptop5/mycobot_ros2/install/mycobot_description/share/mycobot_description/urdf/mycobot_320_pi_2022
[2.305s] copying urdf/mycobot_320_pi_2022/mycobot_320_pi_2022.urdf -> /home/laptop5/mycobot_ros2/install/mycobot_description/share/mycobot_description/urdf/mycobot_320_pi_2022
[2.305s] copying urdf/mycobot_320_pi_2022/link5.dae -> /home/laptop5/mycobot_ros2/install/mycobot_description/share/mycobot_description/urdf/mycobot_320_pi_2022
[2.310s] creating /home/laptop5/mycobot_ros2/install/mycobot_description/share/mycobot_description/urdf/mybuddy
[2.310s] copying urdf/mybuddy/joint7.png -> /home/laptop5/mycobot_ros2/install/mycobot_description/share/mycobot_description/urdf/mybuddy
[2.314s] copying urdf/mybuddy/joint3.dae -> /home/laptop5/mycobot_ros2/install/mycobot_description/share/mycobot_description/urdf/mybuddy
[2.319s] copying urdf/mybuddy/joint2_R.dae -> /home/laptop5/mycobot_ros2/install/mycobot_description/share/mycobot_description/urdf/mybuddy
[2.324s] copying urdf/mybuddy/joint1_L.dae -> /home/laptop5/mycobot_ros2/install/mycobot_description/share/mycobot_description/urdf/mybuddy
[2.329s] copying urdf/mybuddy/joint3.png -> /home/laptop5/mycobot_ros2/install/mycobot_description/share/mycobot_description/urdf/mybuddy
[2.329s] copying urdf/mybuddy/joint4.png -> /home/laptop5/mycobot_ros2/install/mycobot_description/share/mycobot_description/urdf/mybuddy
[2.329s] copying urdf/mybuddy/joint6_R.dae -> /home/laptop5/mycobot_ros2/install/mycobot_description/share/mycobot_description/urdf/mybuddy
[2.330s] copying urdf/mybuddy/joint4_R.dae -> /home/laptop5/mycobot_ros2/install/mycobot_description/share/mycobot_description/urdf/mybuddy
[2.334s] copying urdf/mybuddy/joint6_L.dae -> /home/laptop5/mycobot_ros2/install/mycobot_description/share/mycobot_description/urdf/mybuddy
[2.337s] copying urdf/mybuddy/joint5_L.dae -> /home/laptop5/mycobot_ros2/install/mycobot_description/share/mycobot_description/urdf/mybuddy
[2.340s] copying urdf/mybuddy/joint3_R.dae -> /home/laptop5/mycobot_ros2/install/mycobot_description/share/mycobot_description/urdf/mybuddy
[2.341s] copying urdf/mybuddy/mybuddy.urdf -> /home/laptop5/mycobot_ros2/install/mycobot_description/share/mycobot_description/urdf/mybuddy
[2.342s] copying urdf/mybuddy/mybuddy-up.dae -> /home/laptop5/mycobot_ros2/install/mycobot_description/share/mycobot_description/urdf/mybuddy
[2.357s] copying urdf/mybuddy/joint2.png -> /home/laptop5/mycobot_ros2/install/mycobot_description/share/mycobot_description/urdf/mybuddy
[2.357s] copying urdf/mybuddy/mybuddy-down.dae -> /home/laptop5/mycobot_ros2/install/mycobot_description/share/mycobot_description/urdf/mybuddy
[2.359s] copying urdf/mybuddy/joint3_L.dae -> /home/laptop5/mycobot_ros2/install/mycobot_description/share/mycobot_description/urdf/mybuddy
[2.361s] copying urdf/mybuddy/joint6.png -> /home/laptop5/mycobot_ros2/install/mycobot_description/share/mycobot_description/urdf/mybuddy
[2.361s] copying urdf/mybuddy/joint5.png -> /home/laptop5/mycobot_ros2/install/mycobot_description/share/mycobot_description/urdf/mybuddy
[2.361s] copying urdf/mybuddy/joint1_R.dae -> /home/laptop5/mycobot_ros2/install/mycobot_description/share/mycobot_description/urdf/mybuddy
[2.364s] copying urdf/mybuddy/joint4_L.dae -> /home/laptop5/mycobot_ros2/install/mycobot_description/share/mycobot_description/urdf/mybuddy
[2.368s] copying urdf/mybuddy/joint2_L.dae -> /home/laptop5/mycobot_ros2/install/mycobot_description/share/mycobot_description/urdf/mybuddy
[2.374s] copying urdf/mybuddy/joint5_R.dae -> /home/laptop5/mycobot_ros2/install/mycobot_description/share/mycobot_description/urdf/mybuddy
[2.377s] creating /home/laptop5/mycobot_ros2/install/mycobot_description/share/mycobot_description/urdf/ultraArm_p340
[2.377s] copying urdf/ultraArm_p340/ultraArm-1.dae -> /home/laptop5/mycobot_ros2/install/mycobot_description/share/mycobot_description/urdf/ultraArm_p340
[2.386s] copying urdf/ultraArm_p340/ultraArm_p340.urdf -> /home/laptop5/mycobot_ros2/install/mycobot_description/share/mycobot_description/urdf/ultraArm_p340
[2.387s] copying urdf/ultraArm_p340/ultraArm-3.dae -> /home/laptop5/mycobot_ros2/install/mycobot_description/share/mycobot_description/urdf/ultraArm_p340
[2.389s] copying urdf/ultraArm_p340/ultraArm_p340_aiki.urdf -> /home/laptop5/mycobot_ros2/install/mycobot_description/share/mycobot_description/urdf/ultraArm_p340
[2.390s] copying urdf/ultraArm_p340/ultraArm-base.dae -> /home/laptop5/mycobot_ros2/install/mycobot_description/share/mycobot_description/urdf/ultraArm_p340
[2.392s] copying urdf/ultraArm_p340/suit_env.dae -> /home/laptop5/mycobot_ros2/install/mycobot_description/share/mycobot_description/urdf/ultraArm_p340
[2.407s] copying urdf/ultraArm_p340/ultraArm-2.dae -> /home/laptop5/mycobot_ros2/install/mycobot_description/share/mycobot_description/urdf/ultraArm_p340
[2.411s] creating /home/laptop5/mycobot_ros2/install/mycobot_description/share/mycobot_description/urdf/mycobot_280_x3pi
[2.411s] copying urdf/mycobot_280_x3pi/joint7.png -> /home/laptop5/mycobot_ros2/install/mycobot_description/share/mycobot_description/urdf/mycobot_280_x3pi
[2.413s] copying urdf/mycobot_280_x3pi/joint3.dae -> /home/laptop5/mycobot_ros2/install/mycobot_description/share/mycobot_description/urdf/mycobot_280_x3pi
[2.420s] copying urdf/mycobot_280_x3pi/joint1_pi.dae -> /home/laptop5/mycobot_ros2/install/mycobot_description/share/mycobot_description/urdf/mycobot_280_x3pi
[2.442s] copying urdf/mycobot_280_x3pi/joint3.png -> /home/laptop5/mycobot_ros2/install/mycobot_description/share/mycobot_description/urdf/mycobot_280_x3pi
[2.442s] copying urdf/mycobot_280_x3pi/joint4.dae -> /home/laptop5/mycobot_ros2/install/mycobot_description/share/mycobot_description/urdf/mycobot_280_x3pi
[2.444s] copying urdf/mycobot_280_x3pi/joint4.png -> /home/laptop5/mycobot_ros2/install/mycobot_description/share/mycobot_description/urdf/mycobot_280_x3pi
[2.445s] copying urdf/mycobot_280_x3pi/mycobot_280_x3pi.urdf -> /home/laptop5/mycobot_ros2/install/mycobot_description/share/mycobot_description/urdf/mycobot_280_x3pi
[2.445s] copying urdf/mycobot_280_x3pi/joint7.dae -> /home/laptop5/mycobot_ros2/install/mycobot_description/share/mycobot_description/urdf/mycobot_280_x3pi
[2.448s] copying urdf/mycobot_280_x3pi/joint2.png -> /home/laptop5/mycobot_ros2/install/mycobot_description/share/mycobot_description/urdf/mycobot_280_x3pi
[2.448s] copying urdf/mycobot_280_x3pi/joint1.png -> /home/laptop5/mycobot_ros2/install/mycobot_description/share/mycobot_description/urdf/mycobot_280_x3pi
[2.448s] copying urdf/mycobot_280_x3pi/joint6.dae -> /home/laptop5/mycobot_ros2/install/mycobot_description/share/mycobot_description/urdf/mycobot_280_x3pi
[2.452s] copying urdf/mycobot_280_x3pi/joint5.dae -> /home/laptop5/mycobot_ros2/install/mycobot_description/share/mycobot_description/urdf/mycobot_280_x3pi
[2.458s] copying urdf/mycobot_280_x3pi/joint2.dae -> /home/laptop5/mycobot_ros2/install/mycobot_description/share/mycobot_description/urdf/mycobot_280_x3pi
[2.462s] copying urdf/mycobot_280_x3pi/joint6.png -> /home/laptop5/mycobot_ros2/install/mycobot_description/share/mycobot_description/urdf/mycobot_280_x3pi
[2.462s] copying urdf/mycobot_280_x3pi/joint5.png -> /home/laptop5/mycobot_ros2/install/mycobot_description/share/mycobot_description/urdf/mycobot_280_x3pi
[2.463s] creating /home/laptop5/mycobot_ros2/install/mycobot_description/share/mycobot_description/urdf/myarm_300_pi
[2.463s] copying urdf/myarm_300_pi/j7.dae -> /home/laptop5/mycobot_ros2/install/mycobot_description/share/mycobot_description/urdf/myarm_300_pi
[2.471s] copying urdf/myarm_300_pi/j2.dae -> /home/laptop5/mycobot_ros2/install/mycobot_description/share/mycobot_description/urdf/myarm_300_pi
[2.477s] copying urdf/myarm_300_pi/base.dae -> /home/laptop5/mycobot_ros2/install/mycobot_description/share/mycobot_description/urdf/myarm_300_pi
[2.485s] copying urdf/myarm_300_pi/j1.dae -> /home/laptop5/mycobot_ros2/install/mycobot_description/share/mycobot_description/urdf/myarm_300_pi
[2.493s] copying urdf/myarm_300_pi/j5.dae -> /home/laptop5/mycobot_ros2/install/mycobot_description/share/mycobot_description/urdf/myarm_300_pi
[2.501s] copying urdf/myarm_300_pi/j3.dae -> /home/laptop5/mycobot_ros2/install/mycobot_description/share/mycobot_description/urdf/myarm_300_pi
[2.511s] copying urdf/myarm_300_pi/j6.dae -> /home/laptop5/mycobot_ros2/install/mycobot_description/share/mycobot_description/urdf/myarm_300_pi
[2.514s] copying urdf/myarm_300_pi/j4.dae -> /home/laptop5/mycobot_ros2/install/mycobot_description/share/mycobot_description/urdf/myarm_300_pi
[2.523s] copying urdf/myarm_300_pi/myarm_300_pi.urdf -> /home/laptop5/mycobot_ros2/install/mycobot_description/share/mycobot_description/urdf/myarm_300_pi
[2.523s] creating /home/laptop5/mycobot_ros2/install/mycobot_description/share/mycobot_description/urdf/myarm_c650
[2.524s] copying urdf/myarm_c650/joint3.dae -> /home/laptop5/mycobot_ros2/install/mycobot_description/share/mycobot_description/urdf/myarm_c650
[2.558s] copying urdf/myarm_c650/myarm_basic_base.dae -> /home/laptop5/mycobot_ros2/install/mycobot_description/share/mycobot_description/urdf/myarm_c650
[2.619s] copying urdf/myarm_c650/base.dae -> /home/laptop5/mycobot_ros2/install/mycobot_description/share/mycobot_description/urdf/myarm_c650
[2.634s] copying urdf/myarm_c650/myarm_c650.urdf.xacro -> /home/laptop5/mycobot_ros2/install/mycobot_description/share/mycobot_description/urdf/myarm_c650
[2.635s] copying urdf/myarm_c650/joint4.dae -> /home/laptop5/mycobot_ros2/install/mycobot_description/share/mycobot_description/urdf/myarm_c650
[2.652s] copying urdf/myarm_c650/myarm_c_grip_Base.dae -> /home/laptop5/mycobot_ros2/install/mycobot_description/share/mycobot_description/urdf/myarm_c650
[2.671s] copying urdf/myarm_c650/joint5.dae -> /home/laptop5/mycobot_ros2/install/mycobot_description/share/mycobot_description/urdf/myarm_c650
[2.699s] copying urdf/myarm_c650/joint2.dae -> /home/laptop5/mycobot_ros2/install/mycobot_description/share/mycobot_description/urdf/myarm_c650
[2.711s] copying urdf/myarm_c650/myarm_c_grip_L.dae -> /home/laptop5/mycobot_ros2/install/mycobot_description/share/mycobot_description/urdf/myarm_c650
[2.711s] copying urdf/myarm_c650/myarm_c_grip_R.dae -> /home/laptop5/mycobot_ros2/install/mycobot_description/share/mycobot_description/urdf/myarm_c650
[2.712s] copying urdf/myarm_c650/myarm_c650.urdf -> /home/laptop5/mycobot_ros2/install/mycobot_description/share/mycobot_description/urdf/myarm_c650
[2.712s] copying urdf/myarm_c650/joint1.dae -> /home/laptop5/mycobot_ros2/install/mycobot_description/share/mycobot_description/urdf/myarm_c650
[2.721s] copying urdf/myarm_c650/endeffector.dae -> /home/laptop5/mycobot_ros2/install/mycobot_description/share/mycobot_description/urdf/myarm_c650
[2.745s] creating /home/laptop5/mycobot_ros2/install/mycobot_description/share/mycobot_description/urdf/myarm_m750
[2.745s] copying urdf/myarm_m750/link4.dae -> /home/laptop5/mycobot_ros2/install/mycobot_description/share/mycobot_description/urdf/myarm_m750
[2.764s] copying urdf/myarm_m750/link3.dae -> /home/laptop5/mycobot_ros2/install/mycobot_description/share/mycobot_description/urdf/myarm_m750
[2.776s] copying urdf/myarm_m750/link2.dae -> /home/laptop5/mycobot_ros2/install/mycobot_description/share/mycobot_description/urdf/myarm_m750
[2.793s] copying urdf/myarm_m750/link1.dae -> /home/laptop5/mycobot_ros2/install/mycobot_description/share/mycobot_description/urdf/myarm_m750
[2.839s] copying urdf/myarm_m750/myarm_m750_base.dae -> /home/laptop5/mycobot_ros2/install/mycobot_description/share/mycobot_description/urdf/myarm_m750
[2.847s] copying urdf/myarm_m750/finger_holder.dae -> /home/laptop5/mycobot_ros2/install/mycobot_description/share/mycobot_description/urdf/myarm_m750
[2.870s] copying urdf/myarm_m750/finger_left.dae -> /home/laptop5/mycobot_ros2/install/mycobot_description/share/mycobot_description/urdf/myarm_m750
[2.871s] copying urdf/myarm_m750/myarm_m750.urdf.xacro -> /home/laptop5/mycobot_ros2/install/mycobot_description/share/mycobot_description/urdf/myarm_m750
[2.871s] copying urdf/myarm_m750/endeffector.dae -> /home/laptop5/mycobot_ros2/install/mycobot_description/share/mycobot_description/urdf/myarm_m750
[2.885s] copying urdf/myarm_m750/myarm_m750.urdf -> /home/laptop5/mycobot_ros2/install/mycobot_description/share/mycobot_description/urdf/myarm_m750
[2.885s] copying urdf/myarm_m750/finger_right.dae -> /home/laptop5/mycobot_ros2/install/mycobot_description/share/mycobot_description/urdf/myarm_m750
[2.887s] copying urdf/myarm_m750/link5.dae -> /home/laptop5/mycobot_ros2/install/mycobot_description/share/mycobot_description/urdf/myarm_m750
[2.899s] creating /home/laptop5/mycobot_ros2/install/mycobot_description/share/mycobot_description/urdf/mycobot_pro_630
[2.900s] copying urdf/mycobot_pro_630/link4.dae -> /home/laptop5/mycobot_ros2/install/mycobot_description/share/mycobot_description/urdf/mycobot_pro_630
[2.901s] copying urdf/mycobot_pro_630/base.dae -> /home/laptop5/mycobot_ros2/install/mycobot_description/share/mycobot_description/urdf/mycobot_pro_630
[2.904s] copying urdf/mycobot_pro_630/link3.dae -> /home/laptop5/mycobot_ros2/install/mycobot_description/share/mycobot_description/urdf/mycobot_pro_630
[2.909s] copying urdf/mycobot_pro_630/link2.dae -> /home/laptop5/mycobot_ros2/install/mycobot_description/share/mycobot_description/urdf/mycobot_pro_630
[2.911s] copying urdf/mycobot_pro_630/link1.dae -> /home/laptop5/mycobot_ros2/install/mycobot_description/share/mycobot_description/urdf/mycobot_pro_630
[2.912s] copying urdf/mycobot_pro_630/link6.dae -> /home/laptop5/mycobot_ros2/install/mycobot_description/share/mycobot_description/urdf/mycobot_pro_630
[2.913s] copying urdf/mycobot_pro_630/mycobot_pro_630.urdf -> /home/laptop5/mycobot_ros2/install/mycobot_description/share/mycobot_description/urdf/mycobot_pro_630
[2.914s] copying urdf/mycobot_pro_630/link5.dae -> /home/laptop5/mycobot_ros2/install/mycobot_description/share/mycobot_description/urdf/mycobot_pro_630
[2.915s] creating /home/laptop5/mycobot_ros2/install/mycobot_description/share/mycobot_description/urdf/mycobot_280_riscv
[2.916s] copying urdf/mycobot_280_riscv/joint7.png -> /home/laptop5/mycobot_ros2/install/mycobot_description/share/mycobot_description/urdf/mycobot_280_riscv
[2.916s] copying urdf/mycobot_280_riscv/joint3.dae -> /home/laptop5/mycobot_ros2/install/mycobot_description/share/mycobot_description/urdf/mycobot_280_riscv
[2.921s] copying urdf/mycobot_280_riscv/joint1_pi.dae -> /home/laptop5/mycobot_ros2/install/mycobot_description/share/mycobot_description/urdf/mycobot_280_riscv
[2.933s] copying urdf/mycobot_280_riscv/pump_box.dae -> /home/laptop5/mycobot_ros2/install/mycobot_description/share/mycobot_description/urdf/mycobot_280_riscv
[2.935s] copying urdf/mycobot_280_riscv/joint3.png -> /home/laptop5/mycobot_ros2/install/mycobot_description/share/mycobot_description/urdf/mycobot_280_riscv
[2.935s] copying urdf/mycobot_280_riscv/joint4.dae -> /home/laptop5/mycobot_ros2/install/mycobot_description/share/mycobot_description/urdf/mycobot_280_riscv
[2.936s] copying urdf/mycobot_280_riscv/joint4.png -> /home/laptop5/mycobot_ros2/install/mycobot_description/share/mycobot_description/urdf/mycobot_280_riscv
[2.936s] copying urdf/mycobot_280_riscv/mycobot_280_riscv_with_pump.urdf -> /home/laptop5/mycobot_ros2/install/mycobot_description/share/mycobot_description/urdf/mycobot_280_riscv
[2.936s] copying urdf/mycobot_280_riscv/joint7.dae -> /home/laptop5/mycobot_ros2/install/mycobot_description/share/mycobot_description/urdf/mycobot_280_riscv
[2.937s] copying urdf/mycobot_280_riscv/mycobot_280_riscv.urdf -> /home/laptop5/mycobot_ros2/install/mycobot_description/share/mycobot_description/urdf/mycobot_280_riscv
[2.938s] copying urdf/mycobot_280_riscv/joint2.png -> /home/laptop5/mycobot_ros2/install/mycobot_description/share/mycobot_description/urdf/mycobot_280_riscv
[2.938s] copying urdf/mycobot_280_riscv/joint1.png -> /home/laptop5/mycobot_ros2/install/mycobot_description/share/mycobot_description/urdf/mycobot_280_riscv
[2.938s] copying urdf/mycobot_280_riscv/joint6.dae -> /home/laptop5/mycobot_ros2/install/mycobot_description/share/mycobot_description/urdf/mycobot_280_riscv
[2.939s] copying urdf/mycobot_280_riscv/joint5.dae -> /home/laptop5/mycobot_ros2/install/mycobot_description/share/mycobot_description/urdf/mycobot_280_riscv
[2.942s] copying urdf/mycobot_280_riscv/joint2.dae -> /home/laptop5/mycobot_ros2/install/mycobot_description/share/mycobot_description/urdf/mycobot_280_riscv
[2.945s] copying urdf/mycobot_280_riscv/mycobot_280_riscv_with_camera_flange_pump.urdf -> /home/laptop5/mycobot_ros2/install/mycobot_description/share/mycobot_description/urdf/mycobot_280_riscv
[2.945s] copying urdf/mycobot_280_riscv/pump_head.dae -> /home/laptop5/mycobot_ros2/install/mycobot_description/share/mycobot_description/urdf/mycobot_280_riscv
[2.948s] copying urdf/mycobot_280_riscv/G_base.dae -> /home/laptop5/mycobot_ros2/install/mycobot_description/share/mycobot_description/urdf/mycobot_280_riscv
[2.953s] copying urdf/mycobot_280_riscv/joint6.png -> /home/laptop5/mycobot_ros2/install/mycobot_description/share/mycobot_description/urdf/mycobot_280_riscv
[2.954s] copying urdf/mycobot_280_riscv/joint5.png -> /home/laptop5/mycobot_ros2/install/mycobot_description/share/mycobot_description/urdf/mycobot_280_riscv
[2.954s] copying urdf/mycobot_280_riscv/camera_flange.dae -> /home/laptop5/mycobot_ros2/install/mycobot_description/share/mycobot_description/urdf/mycobot_280_riscv
[2.957s] copying urdf/mycobot_280_riscv/mycobot_280_riscv_with_camera_flange.urdf -> /home/laptop5/mycobot_ros2/install/mycobot_description/share/mycobot_description/urdf/mycobot_280_riscv
[2.957s] creating /home/laptop5/mycobot_ros2/install/mycobot_description/share/mycobot_description/urdf/mycobot_280_rdkx5
[2.957s] copying urdf/mycobot_280_rdkx5/joint7.png -> /home/laptop5/mycobot_ros2/install/mycobot_description/share/mycobot_description/urdf/mycobot_280_rdkx5
[2.957s] copying urdf/mycobot_280_rdkx5/joint3.dae -> /home/laptop5/mycobot_ros2/install/mycobot_description/share/mycobot_description/urdf/mycobot_280_rdkx5
[2.961s] copying urdf/mycobot_280_rdkx5/joint3.png -> /home/laptop5/mycobot_ros2/install/mycobot_description/share/mycobot_description/urdf/mycobot_280_rdkx5
[2.961s] copying urdf/mycobot_280_rdkx5/joint4.dae -> /home/laptop5/mycobot_ros2/install/mycobot_description/share/mycobot_description/urdf/mycobot_280_rdkx5
[2.962s] copying urdf/mycobot_280_rdkx5/joint4.png -> /home/laptop5/mycobot_ros2/install/mycobot_description/share/mycobot_description/urdf/mycobot_280_rdkx5
[2.962s] copying urdf/mycobot_280_rdkx5/mycobot_280_rdkx5.urdf -> /home/laptop5/mycobot_ros2/install/mycobot_description/share/mycobot_description/urdf/mycobot_280_rdkx5
[2.962s] copying urdf/mycobot_280_rdkx5/joint7.dae -> /home/laptop5/mycobot_ros2/install/mycobot_description/share/mycobot_description/urdf/mycobot_280_rdkx5
[2.964s] copying urdf/mycobot_280_rdkx5/mycobot_280_rdkx5_adaptive_gripper.urdf -> /home/laptop5/mycobot_ros2/install/mycobot_description/share/mycobot_description/urdf/mycobot_280_rdkx5
[2.964s] copying urdf/mycobot_280_rdkx5/joint2.png -> /home/laptop5/mycobot_ros2/install/mycobot_description/share/mycobot_description/urdf/mycobot_280_rdkx5
[2.964s] copying urdf/mycobot_280_rdkx5/joint1.png -> /home/laptop5/mycobot_ros2/install/mycobot_description/share/mycobot_description/urdf/mycobot_280_rdkx5
[2.964s] copying urdf/mycobot_280_rdkx5/joint6.dae -> /home/laptop5/mycobot_ros2/install/mycobot_description/share/mycobot_description/urdf/mycobot_280_rdkx5
[2.966s] copying urdf/mycobot_280_rdkx5/joint5.dae -> /home/laptop5/mycobot_ros2/install/mycobot_description/share/mycobot_description/urdf/mycobot_280_rdkx5
[2.969s] copying urdf/mycobot_280_rdkx5/joint2.dae -> /home/laptop5/mycobot_ros2/install/mycobot_description/share/mycobot_description/urdf/mycobot_280_rdkx5
[2.971s] copying urdf/mycobot_280_rdkx5/joint1_rdkx5.dae -> /home/laptop5/mycobot_ros2/install/mycobot_description/share/mycobot_description/urdf/mycobot_280_rdkx5
[2.978s] copying urdf/mycobot_280_rdkx5/joint6.png -> /home/laptop5/mycobot_ros2/install/mycobot_description/share/mycobot_description/urdf/mycobot_280_rdkx5
[2.978s] copying urdf/mycobot_280_rdkx5/joint5.png -> /home/laptop5/mycobot_ros2/install/mycobot_description/share/mycobot_description/urdf/mycobot_280_rdkx5
[2.978s] creating /home/laptop5/mycobot_ros2/install/mycobot_description/share/mycobot_description/urdf/mycobot_320_riscv
[2.978s] copying urdf/mycobot_320_riscv/link4.dae -> /home/laptop5/mycobot_ros2/install/mycobot_description/share/mycobot_description/urdf/mycobot_320_riscv
[2.984s] copying urdf/mycobot_320_riscv/base.dae -> /home/laptop5/mycobot_ros2/install/mycobot_description/share/mycobot_description/urdf/mycobot_320_riscv
[3.021s] copying urdf/mycobot_320_riscv/link3.dae -> /home/laptop5/mycobot_ros2/install/mycobot_description/share/mycobot_description/urdf/mycobot_320_riscv
[3.034s] copying urdf/mycobot_320_riscv/link2.dae -> /home/laptop5/mycobot_ros2/install/mycobot_description/share/mycobot_description/urdf/mycobot_320_riscv
[3.046s] copying urdf/mycobot_320_riscv/link1.dae -> /home/laptop5/mycobot_ros2/install/mycobot_description/share/mycobot_description/urdf/mycobot_320_riscv
[3.054s] copying urdf/mycobot_320_riscv/link6.dae -> /home/laptop5/mycobot_ros2/install/mycobot_description/share/mycobot_description/urdf/mycobot_320_riscv
[3.055s] copying urdf/mycobot_320_riscv/mycobot_320_riscv.urdf -> /home/laptop5/mycobot_ros2/install/mycobot_description/share/mycobot_description/urdf/mycobot_320_riscv
[3.055s] copying urdf/mycobot_320_riscv/link5.dae -> /home/laptop5/mycobot_ros2/install/mycobot_description/share/mycobot_description/urdf/mycobot_320_riscv
[3.063s] creating /home/laptop5/mycobot_ros2/install/mycobot_description/share/mycobot_description/urdf/adaptive_gripper
[3.063s] copying urdf/adaptive_gripper/gripper_left1.dae -> /home/laptop5/mycobot_ros2/install/mycobot_description/share/mycobot_description/urdf/adaptive_gripper
[3.064s] copying urdf/adaptive_gripper/gripper_right3.dae -> /home/laptop5/mycobot_ros2/install/mycobot_description/share/mycobot_description/urdf/adaptive_gripper
[3.064s] copying urdf/adaptive_gripper/gripper_base.dae -> /home/laptop5/mycobot_ros2/install/mycobot_description/share/mycobot_description/urdf/adaptive_gripper
[3.066s] copying urdf/adaptive_gripper/gripper_right1.dae -> /home/laptop5/mycobot_ros2/install/mycobot_description/share/mycobot_description/urdf/adaptive_gripper
[3.067s] copying urdf/adaptive_gripper/mycobot_adaptive_gripper.xacro -> /home/laptop5/mycobot_ros2/install/mycobot_description/share/mycobot_description/urdf/adaptive_gripper
[3.067s] copying urdf/adaptive_gripper/gripper_left3.dae -> /home/laptop5/mycobot_ros2/install/mycobot_description/share/mycobot_description/urdf/adaptive_gripper
[3.068s] copying urdf/adaptive_gripper/gripper_right2.dae -> /home/laptop5/mycobot_ros2/install/mycobot_description/share/mycobot_description/urdf/adaptive_gripper
[3.068s] copying urdf/adaptive_gripper/gripper_left2.dae -> /home/laptop5/mycobot_ros2/install/mycobot_description/share/mycobot_description/urdf/adaptive_gripper
[3.069s] copying urdf/adaptive_gripper/mycobot_adaptive_gripper.urdf -> /home/laptop5/mycobot_ros2/install/mycobot_description/share/mycobot_description/urdf/adaptive_gripper
[3.070s] creating /home/laptop5/mycobot_ros2/install/mycobot_description/share/mycobot_description/urdf/mycobot_280_arduino
[3.070s] copying urdf/mycobot_280_arduino/joint7.png -> /home/laptop5/mycobot_ros2/install/mycobot_description/share/mycobot_description/urdf/mycobot_280_arduino
[3.070s] copying urdf/mycobot_280_arduino/joint3.dae -> /home/laptop5/mycobot_ros2/install/mycobot_description/share/mycobot_description/urdf/mycobot_280_arduino
[3.073s] copying urdf/mycobot_280_arduino/joint3.png -> /home/laptop5/mycobot_ros2/install/mycobot_description/share/mycobot_description/urdf/mycobot_280_arduino
[3.073s] copying urdf/mycobot_280_arduino/joint4.dae -> /home/laptop5/mycobot_ros2/install/mycobot_description/share/mycobot_description/urdf/mycobot_280_arduino
[3.074s] copying urdf/mycobot_280_arduino/joint4.png -> /home/laptop5/mycobot_ros2/install/mycobot_description/share/mycobot_description/urdf/mycobot_280_arduino
[3.074s] copying urdf/mycobot_280_arduino/joint7.dae -> /home/laptop5/mycobot_ros2/install/mycobot_description/share/mycobot_description/urdf/mycobot_280_arduino
[3.075s] copying urdf/mycobot_280_arduino/joint2.png -> /home/laptop5/mycobot_ros2/install/mycobot_description/share/mycobot_description/urdf/mycobot_280_arduino
[3.075s] copying urdf/mycobot_280_arduino/joint1.png -> /home/laptop5/mycobot_ros2/install/mycobot_description/share/mycobot_description/urdf/mycobot_280_arduino
[3.075s] copying urdf/mycobot_280_arduino/joint6.dae -> /home/laptop5/mycobot_ros2/install/mycobot_description/share/mycobot_description/urdf/mycobot_280_arduino
[3.077s] copying urdf/mycobot_280_arduino/joint5.dae -> /home/laptop5/mycobot_ros2/install/mycobot_description/share/mycobot_description/urdf/mycobot_280_arduino
[3.079s] copying urdf/mycobot_280_arduino/joint2.dae -> /home/laptop5/mycobot_ros2/install/mycobot_description/share/mycobot_description/urdf/mycobot_280_arduino
[3.081s] copying urdf/mycobot_280_arduino/G_base.dae -> /home/laptop5/mycobot_ros2/install/mycobot_description/share/mycobot_description/urdf/mycobot_280_arduino
[3.088s] copying urdf/mycobot_280_arduino/mycobot_280_arduino.urdf -> /home/laptop5/mycobot_ros2/install/mycobot_description/share/mycobot_description/urdf/mycobot_280_arduino
[3.088s] copying urdf/mycobot_280_arduino/joint6.png -> /home/laptop5/mycobot_ros2/install/mycobot_description/share/mycobot_description/urdf/mycobot_280_arduino
[3.088s] copying urdf/mycobot_280_arduino/joint5.png -> /home/laptop5/mycobot_ros2/install/mycobot_description/share/mycobot_description/urdf/mycobot_280_arduino
[3.088s] copying urdf/mycobot_280_arduino/joint1.dae -> /home/laptop5/mycobot_ros2/install/mycobot_description/share/mycobot_description/urdf/mycobot_280_arduino
[3.096s] copying urdf/mycobot_280_arduino/mycobot_280_arduino_adaptive_gripper.urdf -> /home/laptop5/mycobot_ros2/install/mycobot_description/share/mycobot_description/urdf/mycobot_280_arduino
[3.097s] creating /home/laptop5/mycobot_ros2/install/mycobot_description/share/mycobot_description/urdf/pro_adaptive_gripper
[3.097s] copying urdf/pro_adaptive_gripper/pro_gripper_camera_flange.urdf -> /home/laptop5/mycobot_ros2/install/mycobot_description/share/mycobot_description/urdf/pro_adaptive_gripper
[3.097s] copying urdf/pro_adaptive_gripper/gripper_left1.dae -> /home/laptop5/mycobot_ros2/install/mycobot_description/share/mycobot_description/urdf/pro_adaptive_gripper
[3.102s] copying urdf/pro_adaptive_gripper/gripper_right3.dae -> /home/laptop5/mycobot_ros2/install/mycobot_description/share/mycobot_description/urdf/pro_adaptive_gripper
[3.108s] copying urdf/pro_adaptive_gripper/gripper_base.dae -> /home/laptop5/mycobot_ros2/install/mycobot_description/share/mycobot_description/urdf/pro_adaptive_gripper
[3.141s] copying urdf/pro_adaptive_gripper/gripper_right1.dae -> /home/laptop5/mycobot_ros2/install/mycobot_description/share/mycobot_description/urdf/pro_adaptive_gripper
[3.145s] copying urdf/pro_adaptive_gripper/gripper_left3.dae -> /home/laptop5/mycobot_ros2/install/mycobot_description/share/mycobot_description/urdf/pro_adaptive_gripper
[3.150s] copying urdf/pro_adaptive_gripper/gripper_right2.dae -> /home/laptop5/mycobot_ros2/install/mycobot_description/share/mycobot_description/urdf/pro_adaptive_gripper
[3.152s] copying urdf/pro_adaptive_gripper/gripper_left2.dae -> /home/laptop5/mycobot_ros2/install/mycobot_description/share/mycobot_description/urdf/pro_adaptive_gripper
[3.155s] copying urdf/pro_adaptive_gripper/pro_camera_flange.dae -> /home/laptop5/mycobot_ros2/install/mycobot_description/share/mycobot_description/urdf/pro_adaptive_gripper
[3.155s] copying urdf/pro_adaptive_gripper/mycobot_pro_adaptive_gripper_new.urdf -> /home/laptop5/mycobot_ros2/install/mycobot_description/share/mycobot_description/urdf/pro_adaptive_gripper
[3.156s] creating /home/laptop5/mycobot_ros2/install/mycobot_description/share/mycobot_description/urdf/pro_force_gripper
[3.156s] copying urdf/pro_force_gripper/mygripper_f100_connection.dae -> /home/laptop5/mycobot_ros2/install/mycobot_description/share/mycobot_description/urdf/pro_force_gripper
[3.157s] copying urdf/pro_force_gripper/pro_gripper_right3.dae -> /home/laptop5/mycobot_ros2/install/mycobot_description/share/mycobot_description/urdf/pro_force_gripper
[3.162s] copying urdf/pro_force_gripper/pro_gripper_left2.dae -> /home/laptop5/mycobot_ros2/install/mycobot_description/share/mycobot_description/urdf/pro_force_gripper
[3.162s] copying urdf/pro_force_gripper/pro_gripper_right2.dae -> /home/laptop5/mycobot_ros2/install/mycobot_description/share/mycobot_description/urdf/pro_force_gripper
[3.163s] copying urdf/pro_force_gripper/pro_gripper_base.dae -> /home/laptop5/mycobot_ros2/install/mycobot_description/share/mycobot_description/urdf/pro_force_gripper
[3.188s] copying urdf/pro_force_gripper/pro_gripper_left3.dae -> /home/laptop5/mycobot_ros2/install/mycobot_description/share/mycobot_description/urdf/pro_force_gripper
[3.193s] copying urdf/pro_force_gripper/pro_gripper_left1.dae -> /home/laptop5/mycobot_ros2/install/mycobot_description/share/mycobot_description/urdf/pro_force_gripper
[3.195s] copying urdf/pro_force_gripper/pro_gripper_right1.dae -> /home/laptop5/mycobot_ros2/install/mycobot_description/share/mycobot_description/urdf/pro_force_gripper
[3.196s] creating /home/laptop5/mycobot_ros2/install/mycobot_description/share/mycobot_description/urdf/mycobot_pro_450
[3.197s] copying urdf/mycobot_pro_450/PRO450_J1.dae -> /home/laptop5/mycobot_ros2/install/mycobot_description/share/mycobot_description/urdf/mycobot_pro_450
[3.198s] copying urdf/mycobot_pro_450/PRO450_J2.dae -> /home/laptop5/mycobot_ros2/install/mycobot_description/share/mycobot_description/urdf/mycobot_pro_450
[3.198s] copying urdf/mycobot_pro_450/PRO450_J6_end.dae -> /home/laptop5/mycobot_ros2/install/mycobot_description/share/mycobot_description/urdf/mycobot_pro_450
[3.199s] copying urdf/mycobot_pro_450/mycobot_pro_450_force_gripper.urdf -> /home/laptop5/mycobot_ros2/install/mycobot_description/share/mycobot_description/urdf/mycobot_pro_450
[3.199s] copying urdf/mycobot_pro_450/PRO450_J5.dae -> /home/laptop5/mycobot_ros2/install/mycobot_description/share/mycobot_description/urdf/mycobot_pro_450
[3.200s] copying urdf/mycobot_pro_450/PRO450_J3.dae -> /home/laptop5/mycobot_ros2/install/mycobot_description/share/mycobot_description/urdf/mycobot_pro_450
[3.200s] copying urdf/mycobot_pro_450/PRO450_J4.dae -> /home/laptop5/mycobot_ros2/install/mycobot_description/share/mycobot_description/urdf/mycobot_pro_450
[3.201s] copying urdf/mycobot_pro_450/mycobot_pro_450.urdf -> /home/laptop5/mycobot_ros2/install/mycobot_description/share/mycobot_description/urdf/mycobot_pro_450
[3.202s] copying urdf/mycobot_pro_450/PRO450_J6.dae -> /home/laptop5/mycobot_ros2/install/mycobot_description/share/mycobot_description/urdf/mycobot_pro_450
[3.202s] copying urdf/mycobot_pro_450/mycobot_pro_450.urdf.xacro -> /home/laptop5/mycobot_ros2/install/mycobot_description/share/mycobot_description/urdf/mycobot_pro_450
[3.202s] running install_egg_info
[3.235s] Copying ../build/mycobot_description/mycobot_description.egg-info to /home/laptop5/mycobot_ros2/install/mycobot_description/lib/python3.12/site-packages/mycobot_description-0.0.0-py3.12.egg-info
[3.236s] running install_scripts
[3.395s] writing list of installed files to '/home/laptop5/mycobot_ros2/build/mycobot_description/install.log'
[3.442s] Invoked command in '/home/laptop5/mycobot_ros2/mycobot_description' returned '0': DEBUGINFOD_URLS=https://debuginfod.ubuntu.com PYTHONPATH=/home/laptop5/mycobot_ros2/build/mycobot_description/prefix_override:/usr/lib/python3/dist-packages/colcon_core/task/python/colcon_distutils_commands:/home/laptop5/mycobot_ros2/install/mycobot_description/lib/python3.12/site-packages:${PYTHONPATH} /usr/bin/python3 -W ignore:setup.py install is deprecated -W ignore:easy_install command is deprecated setup.py egg_info --egg-base ../build/mycobot_description build --build-base /home/laptop5/mycobot_ros2/build/mycobot_description/build install --record /home/laptop5/mycobot_ros2/build/mycobot_description/install.log --single-version-externally-managed install_data
