[0.209s] Invoking command in '/home/laptop5/mycobot_ros2/build/mycobot_interfaces': CMAKE_PREFIX_PATH=${CMAKE_PREFIX_PATH}:/home/laptop5/mycobot_ros2/install/mycobot_communication:/home/laptop5/mycobot_ros2/install/mycobot_320pi:/home/laptop5/mycobot_ros2/install/mycobot_320:/home/laptop5/mycobot_ros2/install/mycobot_280pi:/home/laptop5/mycobot_ros2/install/mycobot_280jn:/home/laptop5/mycobot_ros2/install/mycobot_280_x3pi:/home/laptop5/mycobot_ros2/install/mycobot_280_riscv:/home/laptop5/mycobot_ros2/install/mycobot_280_moveit2_control:/home/laptop5/mycobot_ros2/install/mycobot_280_arduino:/home/laptop5/mycobot_ros2/install/mycobot_280:/home/laptop5/mycobot_ros2/install/mybuddy:/home/laptop5/mycobot_ros2/install/myarm_300:/home/laptop5/mycobot_ros2/install/mecharm_pi:/home/laptop5/mycobot_ros2/install/mecharm:/home/laptop5/mycobot_ros2/install/mycobot_description:/opt/ros/jazzy DEBUGINFOD_URLS=https://debuginfod.ubuntu.com /usr/bin/cmake --build /home/laptop5/mycobot_ros2/build/mycobot_interfaces -- -j12 -l12
[0.292s] [  1%] Built target mycobot_interfaces__rosidl_generator_type_description
[0.323s] [  1%] Built target ament_cmake_python_copy_mycobot_interfaces
[0.341s] [  1%] Built target mycobot_interfaces__cpp
[0.349s] [ 27%] Built target mycobot_interfaces__rosidl_generator_c
[0.418s] [ 36%] Built target mycobot_interfaces__rosidl_typesupport_introspection_cpp
[0.421s] [ 56%] Built target mycobot_interfaces__rosidl_typesupport_c
[0.421s] [ 56%] Built target mycobot_interfaces__rosidl_typesupport_introspection_c
[0.423s] [ 65%] Built target mycobot_interfaces__rosidl_typesupport_cpp
[0.432s] [ 82%] Built target mycobot_interfaces__rosidl_typesupport_fastrtps_c
[0.432s] [ 85%] Built target mycobot_interfaces__rosidl_typesupport_fastrtps_cpp
[0.474s] [ 85%] Built target mycobot_interfaces
[0.517s] [ 86%] Built target mycobot_interfaces__py
[0.572s] [ 95%] Built target mycobot_interfaces__rosidl_generator_py
[0.625s] [ 99%] Built target mycobot_interfaces_s__rosidl_typesupport_fastrtps_c
[0.626s] [ 99%] Built target mycobot_interfaces_s__rosidl_typesupport_introspection_c
[0.626s] [100%] Built target mycobot_interfaces_s__rosidl_typesupport_c
[0.664s] running egg_info
[0.686s] writing mycobot_interfaces.egg-info/PKG-INFO
[0.686s] writing dependency_links to mycobot_interfaces.egg-info/dependency_links.txt
[0.686s] writing top-level names to mycobot_interfaces.egg-info/top_level.txt
[0.750s] reading manifest file 'mycobot_interfaces.egg-info/SOURCES.txt'
[0.751s] writing manifest file 'mycobot_interfaces.egg-info/SOURCES.txt'
[0.784s] [100%] Built target ament_cmake_python_build_mycobot_interfaces_egg
[0.804s] Invoked command in '/home/laptop5/mycobot_ros2/build/mycobot_interfaces' returned '0': CMAKE_PREFIX_PATH=${CMAKE_PREFIX_PATH}:/home/laptop5/mycobot_ros2/install/mycobot_communication:/home/laptop5/mycobot_ros2/install/mycobot_320pi:/home/laptop5/mycobot_ros2/install/mycobot_320:/home/laptop5/mycobot_ros2/install/mycobot_280pi:/home/laptop5/mycobot_ros2/install/mycobot_280jn:/home/laptop5/mycobot_ros2/install/mycobot_280_x3pi:/home/laptop5/mycobot_ros2/install/mycobot_280_riscv:/home/laptop5/mycobot_ros2/install/mycobot_280_moveit2_control:/home/laptop5/mycobot_ros2/install/mycobot_280_arduino:/home/laptop5/mycobot_ros2/install/mycobot_280:/home/laptop5/mycobot_ros2/install/mybuddy:/home/laptop5/mycobot_ros2/install/myarm_300:/home/laptop5/mycobot_ros2/install/mecharm_pi:/home/laptop5/mycobot_ros2/install/mecharm:/home/laptop5/mycobot_ros2/install/mycobot_description:/opt/ros/jazzy DEBUGINFOD_URLS=https://debuginfod.ubuntu.com /usr/bin/cmake --build /home/laptop5/mycobot_ros2/build/mycobot_interfaces -- -j12 -l12
[0.815s] Invoking command in '/home/laptop5/mycobot_ros2/build/mycobot_interfaces': CMAKE_PREFIX_PATH=${CMAKE_PREFIX_PATH}:/home/laptop5/mycobot_ros2/install/mycobot_communication:/home/laptop5/mycobot_ros2/install/mycobot_320pi:/home/laptop5/mycobot_ros2/install/mycobot_320:/home/laptop5/mycobot_ros2/install/mycobot_280pi:/home/laptop5/mycobot_ros2/install/mycobot_280jn:/home/laptop5/mycobot_ros2/install/mycobot_280_x3pi:/home/laptop5/mycobot_ros2/install/mycobot_280_riscv:/home/laptop5/mycobot_ros2/install/mycobot_280_moveit2_control:/home/laptop5/mycobot_ros2/install/mycobot_280_arduino:/home/laptop5/mycobot_ros2/install/mycobot_280:/home/laptop5/mycobot_ros2/install/mybuddy:/home/laptop5/mycobot_ros2/install/myarm_300:/home/laptop5/mycobot_ros2/install/mecharm_pi:/home/laptop5/mycobot_ros2/install/mecharm:/home/laptop5/mycobot_ros2/install/mycobot_description:/opt/ros/jazzy DEBUGINFOD_URLS=https://debuginfod.ubuntu.com /usr/bin/cmake --install /home/laptop5/mycobot_ros2/build/mycobot_interfaces
[0.825s] -- Install configuration: ""
[0.826s] -- Up-to-date: /home/laptop5/mycobot_ros2/install/mycobot_interfaces/share/ament_index/resource_index/rosidl_interfaces/mycobot_interfaces
[0.826s] -- Up-to-date: /home/laptop5/mycobot_ros2/install/mycobot_interfaces/share/mycobot_interfaces/msg/MycobotAngles.json
[0.826s] -- Up-to-date: /home/laptop5/mycobot_ros2/install/mycobot_interfaces/share/mycobot_interfaces/msg/MycobotCoords.json
[0.826s] -- Up-to-date: /home/laptop5/mycobot_ros2/install/mycobot_interfaces/share/mycobot_interfaces/msg/MycobotSetAngles.json
[0.826s] -- Up-to-date: /home/laptop5/mycobot_ros2/install/mycobot_interfaces/share/mycobot_interfaces/msg/MycobotSetCoords.json
[0.826s] -- Up-to-date: /home/laptop5/mycobot_ros2/install/mycobot_interfaces/share/mycobot_interfaces/msg/MycobotGripperStatus.json
[0.827s] -- Up-to-date: /home/laptop5/mycobot_ros2/install/mycobot_interfaces/share/mycobot_interfaces/msg/MycobotPumpStatus.json
[0.827s] -- Up-to-date: /home/laptop5/mycobot_ros2/install/mycobot_interfaces/share/mycobot_interfaces/srv/GetAngles.json
[0.827s] -- Up-to-date: /home/laptop5/mycobot_ros2/install/mycobot_interfaces/share/mycobot_interfaces/srv/SetAngles.json
[0.827s] -- Up-to-date: /home/laptop5/mycobot_ros2/install/mycobot_interfaces/share/mycobot_interfaces/srv/GetCoords.json
[0.828s] -- Up-to-date: /home/laptop5/mycobot_ros2/install/mycobot_interfaces/share/mycobot_interfaces/srv/SetCoords.json
[0.828s] -- Up-to-date: /home/laptop5/mycobot_ros2/install/mycobot_interfaces/share/mycobot_interfaces/srv/GripperStatus.json
[0.829s] -- Up-to-date: /home/laptop5/mycobot_ros2/install/mycobot_interfaces/share/mycobot_interfaces/srv/PumpStatus.json
[0.829s] -- Up-to-date: /home/laptop5/mycobot_ros2/install/mycobot_interfaces/include/mycobot_interfaces/mycobot_interfaces
[0.829s] -- Up-to-date: /home/laptop5/mycobot_ros2/install/mycobot_interfaces/include/mycobot_interfaces/mycobot_interfaces/msg
[0.829s] -- Up-to-date: /home/laptop5/mycobot_ros2/install/mycobot_interfaces/include/mycobot_interfaces/mycobot_interfaces/msg/detail
[0.829s] -- Up-to-date: /home/laptop5/mycobot_ros2/install/mycobot_interfaces/include/mycobot_interfaces/mycobot_interfaces/msg/detail/mycobot_angles__struct.h
[0.830s] -- Up-to-date: /home/laptop5/mycobot_ros2/install/mycobot_interfaces/include/mycobot_interfaces/mycobot_interfaces/msg/detail/mycobot_angles__functions.h
[0.830s] -- Up-to-date: /home/laptop5/mycobot_ros2/install/mycobot_interfaces/include/mycobot_interfaces/mycobot_interfaces/msg/detail/mycobot_pump_status__description.c
[0.830s] -- Up-to-date: /home/laptop5/mycobot_ros2/install/mycobot_interfaces/include/mycobot_interfaces/mycobot_interfaces/msg/detail/mycobot_coords__struct.h
[0.830s] -- Up-to-date: /home/laptop5/mycobot_ros2/install/mycobot_interfaces/include/mycobot_interfaces/mycobot_interfaces/msg/detail/mycobot_gripper_status__functions.h
[0.831s] -- Up-to-date: /home/laptop5/mycobot_ros2/install/mycobot_interfaces/include/mycobot_interfaces/mycobot_interfaces/msg/detail/mycobot_gripper_status__type_support.h
[0.831s] -- Up-to-date: /home/laptop5/mycobot_ros2/install/mycobot_interfaces/include/mycobot_interfaces/mycobot_interfaces/msg/detail/mycobot_angles__type_support.h
[0.831s] -- Up-to-date: /home/laptop5/mycobot_ros2/install/mycobot_interfaces/include/mycobot_interfaces/mycobot_interfaces/msg/detail/mycobot_pump_status__type_support.h
[0.831s] -- Up-to-date: /home/laptop5/mycobot_ros2/install/mycobot_interfaces/include/mycobot_interfaces/mycobot_interfaces/msg/detail/mycobot_coords__functions.h
[0.832s] -- Up-to-date: /home/laptop5/mycobot_ros2/install/mycobot_interfaces/include/mycobot_interfaces/mycobot_interfaces/msg/detail/mycobot_pump_status__functions.h
[0.832s] -- Installing: /home/laptop5/mycobot_ros2/install/mycobot_interfaces/include/mycobot_interfaces/mycobot_interfaces/msg/detail/mycobot_pump_status__type_support.c
[0.832s] -- Installing: /home/laptop5/mycobot_ros2/install/mycobot_interfaces/include/mycobot_interfaces/mycobot_interfaces/msg/detail/mycobot_set_angles__type_support.c
[0.832s] -- Up-to-date: /home/laptop5/mycobot_ros2/install/mycobot_interfaces/include/mycobot_interfaces/mycobot_interfaces/msg/detail/mycobot_angles__description.c
[0.832s] -- Up-to-date: /home/laptop5/mycobot_ros2/install/mycobot_interfaces/include/mycobot_interfaces/mycobot_interfaces/msg/detail/mycobot_coords__description.c
[0.832s] -- Up-to-date: /home/laptop5/mycobot_ros2/install/mycobot_interfaces/include/mycobot_interfaces/mycobot_interfaces/msg/detail/mycobot_gripper_status__description.c
[0.833s] -- Installing: /home/laptop5/mycobot_ros2/install/mycobot_interfaces/include/mycobot_interfaces/mycobot_interfaces/msg/detail/mycobot_gripper_status__type_support.c
[0.833s] -- Installing: /home/laptop5/mycobot_ros2/install/mycobot_interfaces/include/mycobot_interfaces/mycobot_interfaces/msg/detail/mycobot_angles__type_support.c
[0.833s] -- Up-to-date: /home/laptop5/mycobot_ros2/install/mycobot_interfaces/include/mycobot_interfaces/mycobot_interfaces/msg/detail/mycobot_set_angles__struct.h
[0.833s] -- Up-to-date: /home/laptop5/mycobot_ros2/install/mycobot_interfaces/include/mycobot_interfaces/mycobot_interfaces/msg/detail/mycobot_pump_status__functions.c
[0.833s] -- Up-to-date: /home/laptop5/mycobot_ros2/install/mycobot_interfaces/include/mycobot_interfaces/mycobot_interfaces/msg/detail/mycobot_coords__functions.c
[0.834s] -- Up-to-date: /home/laptop5/mycobot_ros2/install/mycobot_interfaces/include/mycobot_interfaces/mycobot_interfaces/msg/detail/mycobot_set_coords__type_support.h
[0.834s] -- Up-to-date: /home/laptop5/mycobot_ros2/install/mycobot_interfaces/include/mycobot_interfaces/mycobot_interfaces/msg/detail/mycobot_set_coords__struct.h
[0.834s] -- Up-to-date: /home/laptop5/mycobot_ros2/install/mycobot_interfaces/include/mycobot_interfaces/mycobot_interfaces/msg/detail/mycobot_set_angles__description.c
[0.834s] -- Up-to-date: /home/laptop5/mycobot_ros2/install/mycobot_interfaces/include/mycobot_interfaces/mycobot_interfaces/msg/detail/mycobot_set_coords__functions.h
[0.834s] -- Up-to-date: /home/laptop5/mycobot_ros2/install/mycobot_interfaces/include/mycobot_interfaces/mycobot_interfaces/msg/detail/mycobot_coords__type_support.h
[0.835s] -- Up-to-date: /home/laptop5/mycobot_ros2/install/mycobot_interfaces/include/mycobot_interfaces/mycobot_interfaces/msg/detail/mycobot_set_angles__functions.h
[0.835s] -- Up-to-date: /home/laptop5/mycobot_ros2/install/mycobot_interfaces/include/mycobot_interfaces/mycobot_interfaces/msg/detail/mycobot_pump_status__struct.h
[0.835s] -- Up-to-date: /home/laptop5/mycobot_ros2/install/mycobot_interfaces/include/mycobot_interfaces/mycobot_interfaces/msg/detail/mycobot_set_coords__functions.c
[0.835s] -- Up-to-date: /home/laptop5/mycobot_ros2/install/mycobot_interfaces/include/mycobot_interfaces/mycobot_interfaces/msg/detail/mycobot_set_angles__functions.c
[0.835s] -- Up-to-date: /home/laptop5/mycobot_ros2/install/mycobot_interfaces/include/mycobot_interfaces/mycobot_interfaces/msg/detail/mycobot_gripper_status__functions.c
[0.836s] -- Installing: /home/laptop5/mycobot_ros2/install/mycobot_interfaces/include/mycobot_interfaces/mycobot_interfaces/msg/detail/mycobot_coords__type_support.c
[0.837s] -- Up-to-date: /home/laptop5/mycobot_ros2/install/mycobot_interfaces/include/mycobot_interfaces/mycobot_interfaces/msg/detail/mycobot_set_angles__type_support.h
[0.837s] -- Up-to-date: /home/laptop5/mycobot_ros2/install/mycobot_interfaces/include/mycobot_interfaces/mycobot_interfaces/msg/detail/mycobot_gripper_status__struct.h
[0.838s] -- Installing: /home/laptop5/mycobot_ros2/install/mycobot_interfaces/include/mycobot_interfaces/mycobot_interfaces/msg/detail/mycobot_set_coords__type_support.c
[0.839s] -- Up-to-date: /home/laptop5/mycobot_ros2/install/mycobot_interfaces/include/mycobot_interfaces/mycobot_interfaces/msg/detail/mycobot_set_coords__description.c
[0.840s] -- Up-to-date: /home/laptop5/mycobot_ros2/install/mycobot_interfaces/include/mycobot_interfaces/mycobot_interfaces/msg/detail/mycobot_angles__functions.c
[0.841s] -- Up-to-date: /home/laptop5/mycobot_ros2/install/mycobot_interfaces/include/mycobot_interfaces/mycobot_interfaces/msg/mycobot_angles.h
[0.841s] -- Up-to-date: /home/laptop5/mycobot_ros2/install/mycobot_interfaces/include/mycobot_interfaces/mycobot_interfaces/msg/mycobot_gripper_status.h
[0.842s] -- Up-to-date: /home/laptop5/mycobot_ros2/install/mycobot_interfaces/include/mycobot_interfaces/mycobot_interfaces/msg/mycobot_pump_status.h
[0.842s] -- Up-to-date: /home/laptop5/mycobot_ros2/install/mycobot_interfaces/include/mycobot_interfaces/mycobot_interfaces/msg/rosidl_generator_c__visibility_control.h
[0.842s] -- Up-to-date: /home/laptop5/mycobot_ros2/install/mycobot_interfaces/include/mycobot_interfaces/mycobot_interfaces/msg/mycobot_set_angles.h
[0.842s] -- Up-to-date: /home/laptop5/mycobot_ros2/install/mycobot_interfaces/include/mycobot_interfaces/mycobot_interfaces/msg/mycobot_coords.h
[0.842s] -- Up-to-date: /home/laptop5/mycobot_ros2/install/mycobot_interfaces/include/mycobot_interfaces/mycobot_interfaces/msg/mycobot_set_coords.h
[0.842s] -- Up-to-date: /home/laptop5/mycobot_ros2/install/mycobot_interfaces/include/mycobot_interfaces/mycobot_interfaces/srv
[0.842s] -- Up-to-date: /home/laptop5/mycobot_ros2/install/mycobot_interfaces/include/mycobot_interfaces/mycobot_interfaces/srv/get_coords.h
[0.842s] -- Up-to-date: /home/laptop5/mycobot_ros2/install/mycobot_interfaces/include/mycobot_interfaces/mycobot_interfaces/srv/pump_status.h
[0.843s] -- Up-to-date: /home/laptop5/mycobot_ros2/install/mycobot_interfaces/include/mycobot_interfaces/mycobot_interfaces/srv/detail
[0.843s] -- Up-to-date: /home/laptop5/mycobot_ros2/install/mycobot_interfaces/include/mycobot_interfaces/mycobot_interfaces/srv/detail/gripper_status__description.c
[0.843s] -- Up-to-date: /home/laptop5/mycobot_ros2/install/mycobot_interfaces/include/mycobot_interfaces/mycobot_interfaces/srv/detail/get_coords__description.c
[0.843s] -- Up-to-date: /home/laptop5/mycobot_ros2/install/mycobot_interfaces/include/mycobot_interfaces/mycobot_interfaces/srv/detail/get_angles__functions.h
[0.843s] -- Up-to-date: /home/laptop5/mycobot_ros2/install/mycobot_interfaces/include/mycobot_interfaces/mycobot_interfaces/srv/detail/pump_status__struct.h
[0.843s] -- Up-to-date: /home/laptop5/mycobot_ros2/install/mycobot_interfaces/include/mycobot_interfaces/mycobot_interfaces/srv/detail/set_angles__functions.h
[0.843s] -- Up-to-date: /home/laptop5/mycobot_ros2/install/mycobot_interfaces/include/mycobot_interfaces/mycobot_interfaces/srv/detail/gripper_status__functions.h
[0.843s] -- Up-to-date: /home/laptop5/mycobot_ros2/install/mycobot_interfaces/include/mycobot_interfaces/mycobot_interfaces/srv/detail/get_angles__functions.c
[0.843s] -- Up-to-date: /home/laptop5/mycobot_ros2/install/mycobot_interfaces/include/mycobot_interfaces/mycobot_interfaces/srv/detail/pump_status__functions.h
[0.843s] -- Up-to-date: /home/laptop5/mycobot_ros2/install/mycobot_interfaces/include/mycobot_interfaces/mycobot_interfaces/srv/detail/pump_status__description.c
[0.843s] -- Up-to-date: /home/laptop5/mycobot_ros2/install/mycobot_interfaces/include/mycobot_interfaces/mycobot_interfaces/srv/detail/gripper_status__type_support.h
[0.843s] -- Up-to-date: /home/laptop5/mycobot_ros2/install/mycobot_interfaces/include/mycobot_interfaces/mycobot_interfaces/srv/detail/get_angles__description.c
[0.843s] -- Installing: /home/laptop5/mycobot_ros2/install/mycobot_interfaces/include/mycobot_interfaces/mycobot_interfaces/srv/detail/get_coords__type_support.c
[0.843s] -- Up-to-date: /home/laptop5/mycobot_ros2/install/mycobot_interfaces/include/mycobot_interfaces/mycobot_interfaces/srv/detail/set_angles__struct.h
[0.843s] -- Up-to-date: /home/laptop5/mycobot_ros2/install/mycobot_interfaces/include/mycobot_interfaces/mycobot_interfaces/srv/detail/set_coords__type_support.h
[0.844s] -- Up-to-date: /home/laptop5/mycobot_ros2/install/mycobot_interfaces/include/mycobot_interfaces/mycobot_interfaces/srv/detail/set_coords__functions.c
[0.844s] -- Up-to-date: /home/laptop5/mycobot_ros2/install/mycobot_interfaces/include/mycobot_interfaces/mycobot_interfaces/srv/detail/gripper_status__functions.c
[0.844s] -- Up-to-date: /home/laptop5/mycobot_ros2/install/mycobot_interfaces/include/mycobot_interfaces/mycobot_interfaces/srv/detail/gripper_status__struct.h
[0.844s] -- Up-to-date: /home/laptop5/mycobot_ros2/install/mycobot_interfaces/include/mycobot_interfaces/mycobot_interfaces/srv/detail/get_angles__type_support.h
[0.844s] -- Up-to-date: /home/laptop5/mycobot_ros2/install/mycobot_interfaces/include/mycobot_interfaces/mycobot_interfaces/srv/detail/pump_status__functions.c
[0.844s] -- Up-to-date: /home/laptop5/mycobot_ros2/install/mycobot_interfaces/include/mycobot_interfaces/mycobot_interfaces/srv/detail/set_coords__struct.h
[0.844s] -- Up-to-date: /home/laptop5/mycobot_ros2/install/mycobot_interfaces/include/mycobot_interfaces/mycobot_interfaces/srv/detail/set_coords__functions.h
[0.844s] -- Up-to-date: /home/laptop5/mycobot_ros2/install/mycobot_interfaces/include/mycobot_interfaces/mycobot_interfaces/srv/detail/get_coords__functions.c
[0.844s] -- Up-to-date: /home/laptop5/mycobot_ros2/install/mycobot_interfaces/include/mycobot_interfaces/mycobot_interfaces/srv/detail/pump_status__type_support.h
[0.844s] -- Installing: /home/laptop5/mycobot_ros2/install/mycobot_interfaces/include/mycobot_interfaces/mycobot_interfaces/srv/detail/gripper_status__type_support.c
[0.844s] -- Up-to-date: /home/laptop5/mycobot_ros2/install/mycobot_interfaces/include/mycobot_interfaces/mycobot_interfaces/srv/detail/set_angles__type_support.h
[0.844s] -- Up-to-date: /home/laptop5/mycobot_ros2/install/mycobot_interfaces/include/mycobot_interfaces/mycobot_interfaces/srv/detail/get_angles__struct.h
[0.844s] -- Up-to-date: /home/laptop5/mycobot_ros2/install/mycobot_interfaces/include/mycobot_interfaces/mycobot_interfaces/srv/detail/set_angles__functions.c
[0.844s] -- Installing: /home/laptop5/mycobot_ros2/install/mycobot_interfaces/include/mycobot_interfaces/mycobot_interfaces/srv/detail/pump_status__type_support.c
[0.844s] -- Installing: /home/laptop5/mycobot_ros2/install/mycobot_interfaces/include/mycobot_interfaces/mycobot_interfaces/srv/detail/set_angles__type_support.c
[0.844s] -- Up-to-date: /home/laptop5/mycobot_ros2/install/mycobot_interfaces/include/mycobot_interfaces/mycobot_interfaces/srv/detail/set_angles__description.c
[0.845s] -- Installing: /home/laptop5/mycobot_ros2/install/mycobot_interfaces/include/mycobot_interfaces/mycobot_interfaces/srv/detail/get_angles__type_support.c
[0.845s] -- Installing: /home/laptop5/mycobot_ros2/install/mycobot_interfaces/include/mycobot_interfaces/mycobot_interfaces/srv/detail/set_coords__type_support.c
[0.845s] -- Up-to-date: /home/laptop5/mycobot_ros2/install/mycobot_interfaces/include/mycobot_interfaces/mycobot_interfaces/srv/detail/get_coords__functions.h
[0.845s] -- Up-to-date: /home/laptop5/mycobot_ros2/install/mycobot_interfaces/include/mycobot_interfaces/mycobot_interfaces/srv/detail/get_coords__type_support.h
[0.845s] -- Up-to-date: /home/laptop5/mycobot_ros2/install/mycobot_interfaces/include/mycobot_interfaces/mycobot_interfaces/srv/detail/get_coords__struct.h
[0.845s] -- Up-to-date: /home/laptop5/mycobot_ros2/install/mycobot_interfaces/include/mycobot_interfaces/mycobot_interfaces/srv/detail/set_coords__description.c
[0.845s] -- Up-to-date: /home/laptop5/mycobot_ros2/install/mycobot_interfaces/include/mycobot_interfaces/mycobot_interfaces/srv/gripper_status.h
[0.845s] -- Up-to-date: /home/laptop5/mycobot_ros2/install/mycobot_interfaces/include/mycobot_interfaces/mycobot_interfaces/srv/set_angles.h
[0.845s] -- Up-to-date: /home/laptop5/mycobot_ros2/install/mycobot_interfaces/include/mycobot_interfaces/mycobot_interfaces/srv/get_angles.h
[0.845s] -- Up-to-date: /home/laptop5/mycobot_ros2/install/mycobot_interfaces/include/mycobot_interfaces/mycobot_interfaces/srv/set_coords.h
[0.845s] -- Up-to-date: /home/laptop5/mycobot_ros2/install/mycobot_interfaces/share/mycobot_interfaces/environment/library_path.sh
[0.845s] -- Up-to-date: /home/laptop5/mycobot_ros2/install/mycobot_interfaces/share/mycobot_interfaces/environment/library_path.dsv
[0.845s] -- Up-to-date: /home/laptop5/mycobot_ros2/install/mycobot_interfaces/lib/libmycobot_interfaces__rosidl_generator_c.so
[0.845s] -- Up-to-date: /home/laptop5/mycobot_ros2/install/mycobot_interfaces/include/mycobot_interfaces/mycobot_interfaces
[0.845s] -- Up-to-date: /home/laptop5/mycobot_ros2/install/mycobot_interfaces/include/mycobot_interfaces/mycobot_interfaces/msg
[0.845s] -- Up-to-date: /home/laptop5/mycobot_ros2/install/mycobot_interfaces/include/mycobot_interfaces/mycobot_interfaces/msg/detail
[0.845s] -- Up-to-date: /home/laptop5/mycobot_ros2/install/mycobot_interfaces/include/mycobot_interfaces/mycobot_interfaces/msg/detail/mycobot_gripper_status__rosidl_typesupport_fastrtps_c.h
[0.846s] -- Up-to-date: /home/laptop5/mycobot_ros2/install/mycobot_interfaces/include/mycobot_interfaces/mycobot_interfaces/msg/detail/mycobot_set_angles__rosidl_typesupport_fastrtps_c.h
[0.846s] -- Up-to-date: /home/laptop5/mycobot_ros2/install/mycobot_interfaces/include/mycobot_interfaces/mycobot_interfaces/msg/detail/mycobot_pump_status__rosidl_typesupport_fastrtps_c.h
[0.846s] -- Up-to-date: /home/laptop5/mycobot_ros2/install/mycobot_interfaces/include/mycobot_interfaces/mycobot_interfaces/msg/detail/mycobot_set_coords__rosidl_typesupport_fastrtps_c.h
[0.846s] -- Up-to-date: /home/laptop5/mycobot_ros2/install/mycobot_interfaces/include/mycobot_interfaces/mycobot_interfaces/msg/detail/mycobot_coords__rosidl_typesupport_fastrtps_c.h
[0.846s] -- Up-to-date: /home/laptop5/mycobot_ros2/install/mycobot_interfaces/include/mycobot_interfaces/mycobot_interfaces/msg/detail/mycobot_angles__rosidl_typesupport_fastrtps_c.h
[0.846s] -- Up-to-date: /home/laptop5/mycobot_ros2/install/mycobot_interfaces/include/mycobot_interfaces/mycobot_interfaces/msg/rosidl_typesupport_fastrtps_c__visibility_control.h
[0.846s] -- Up-to-date: /home/laptop5/mycobot_ros2/install/mycobot_interfaces/include/mycobot_interfaces/mycobot_interfaces/srv
[0.846s] -- Up-to-date: /home/laptop5/mycobot_ros2/install/mycobot_interfaces/include/mycobot_interfaces/mycobot_interfaces/srv/detail
[0.846s] -- Up-to-date: /home/laptop5/mycobot_ros2/install/mycobot_interfaces/include/mycobot_interfaces/mycobot_interfaces/srv/detail/set_coords__rosidl_typesupport_fastrtps_c.h
[0.846s] -- Up-to-date: /home/laptop5/mycobot_ros2/install/mycobot_interfaces/include/mycobot_interfaces/mycobot_interfaces/srv/detail/get_angles__rosidl_typesupport_fastrtps_c.h
[0.846s] -- Up-to-date: /home/laptop5/mycobot_ros2/install/mycobot_interfaces/include/mycobot_interfaces/mycobot_interfaces/srv/detail/set_angles__rosidl_typesupport_fastrtps_c.h
[0.846s] -- Up-to-date: /home/laptop5/mycobot_ros2/install/mycobot_interfaces/include/mycobot_interfaces/mycobot_interfaces/srv/detail/gripper_status__rosidl_typesupport_fastrtps_c.h
[0.846s] -- Up-to-date: /home/laptop5/mycobot_ros2/install/mycobot_interfaces/include/mycobot_interfaces/mycobot_interfaces/srv/detail/get_coords__rosidl_typesupport_fastrtps_c.h
[0.846s] -- Up-to-date: /home/laptop5/mycobot_ros2/install/mycobot_interfaces/include/mycobot_interfaces/mycobot_interfaces/srv/detail/pump_status__rosidl_typesupport_fastrtps_c.h
[0.846s] -- Up-to-date: /home/laptop5/mycobot_ros2/install/mycobot_interfaces/lib/libmycobot_interfaces__rosidl_typesupport_fastrtps_c.so
[0.846s] -- Up-to-date: /home/laptop5/mycobot_ros2/install/mycobot_interfaces/include/mycobot_interfaces/mycobot_interfaces
[0.846s] -- Up-to-date: /home/laptop5/mycobot_ros2/install/mycobot_interfaces/include/mycobot_interfaces/mycobot_interfaces/msg
[0.846s] -- Up-to-date: /home/laptop5/mycobot_ros2/install/mycobot_interfaces/include/mycobot_interfaces/mycobot_interfaces/msg/rosidl_typesupport_introspection_c__visibility_control.h
[0.847s] -- Up-to-date: /home/laptop5/mycobot_ros2/install/mycobot_interfaces/include/mycobot_interfaces/mycobot_interfaces/msg/detail
[0.847s] -- Up-to-date: /home/laptop5/mycobot_ros2/install/mycobot_interfaces/include/mycobot_interfaces/mycobot_interfaces/msg/detail/mycobot_coords__rosidl_typesupport_introspection_c.h
[0.847s] -- Installing: /home/laptop5/mycobot_ros2/install/mycobot_interfaces/include/mycobot_interfaces/mycobot_interfaces/msg/detail/mycobot_pump_status__type_support.c
[0.847s] -- Installing: /home/laptop5/mycobot_ros2/install/mycobot_interfaces/include/mycobot_interfaces/mycobot_interfaces/msg/detail/mycobot_set_angles__type_support.c
[0.847s] -- Up-to-date: /home/laptop5/mycobot_ros2/install/mycobot_interfaces/include/mycobot_interfaces/mycobot_interfaces/msg/detail/mycobot_gripper_status__rosidl_typesupport_introspection_c.h
[0.847s] -- Installing: /home/laptop5/mycobot_ros2/install/mycobot_interfaces/include/mycobot_interfaces/mycobot_interfaces/msg/detail/mycobot_gripper_status__type_support.c
[0.847s] -- Up-to-date: /home/laptop5/mycobot_ros2/install/mycobot_interfaces/include/mycobot_interfaces/mycobot_interfaces/msg/detail/mycobot_angles__rosidl_typesupport_introspection_c.h
[0.847s] -- Up-to-date: /home/laptop5/mycobot_ros2/install/mycobot_interfaces/include/mycobot_interfaces/mycobot_interfaces/msg/detail/mycobot_set_coords__rosidl_typesupport_introspection_c.h
[0.847s] -- Installing: /home/laptop5/mycobot_ros2/install/mycobot_interfaces/include/mycobot_interfaces/mycobot_interfaces/msg/detail/mycobot_angles__type_support.c
[0.847s] -- Up-to-date: /home/laptop5/mycobot_ros2/install/mycobot_interfaces/include/mycobot_interfaces/mycobot_interfaces/msg/detail/mycobot_pump_status__rosidl_typesupport_introspection_c.h
[0.847s] -- Up-to-date: /home/laptop5/mycobot_ros2/install/mycobot_interfaces/include/mycobot_interfaces/mycobot_interfaces/msg/detail/mycobot_set_angles__rosidl_typesupport_introspection_c.h
[0.847s] -- Installing: /home/laptop5/mycobot_ros2/install/mycobot_interfaces/include/mycobot_interfaces/mycobot_interfaces/msg/detail/mycobot_coords__type_support.c
[0.847s] -- Installing: /home/laptop5/mycobot_ros2/install/mycobot_interfaces/include/mycobot_interfaces/mycobot_interfaces/msg/detail/mycobot_set_coords__type_support.c
[0.847s] -- Up-to-date: /home/laptop5/mycobot_ros2/install/mycobot_interfaces/include/mycobot_interfaces/mycobot_interfaces/srv
[0.847s] -- Up-to-date: /home/laptop5/mycobot_ros2/install/mycobot_interfaces/include/mycobot_interfaces/mycobot_interfaces/srv/detail
[0.847s] -- Up-to-date: /home/laptop5/mycobot_ros2/install/mycobot_interfaces/include/mycobot_interfaces/mycobot_interfaces/srv/detail/set_angles__rosidl_typesupport_introspection_c.h
[0.847s] -- Up-to-date: /home/laptop5/mycobot_ros2/install/mycobot_interfaces/include/mycobot_interfaces/mycobot_interfaces/srv/detail/pump_status__rosidl_typesupport_introspection_c.h
[0.848s] -- Up-to-date: /home/laptop5/mycobot_ros2/install/mycobot_interfaces/include/mycobot_interfaces/mycobot_interfaces/srv/detail/get_angles__rosidl_typesupport_introspection_c.h
[0.848s] -- Installing: /home/laptop5/mycobot_ros2/install/mycobot_interfaces/include/mycobot_interfaces/mycobot_interfaces/srv/detail/get_coords__type_support.c
[0.848s] -- Installing: /home/laptop5/mycobot_ros2/install/mycobot_interfaces/include/mycobot_interfaces/mycobot_interfaces/srv/detail/gripper_status__type_support.c
[0.848s] -- Up-to-date: /home/laptop5/mycobot_ros2/install/mycobot_interfaces/include/mycobot_interfaces/mycobot_interfaces/srv/detail/get_coords__rosidl_typesupport_introspection_c.h
[0.848s] -- Installing: /home/laptop5/mycobot_ros2/install/mycobot_interfaces/include/mycobot_interfaces/mycobot_interfaces/srv/detail/pump_status__type_support.c
[0.848s] -- Up-to-date: /home/laptop5/mycobot_ros2/install/mycobot_interfaces/include/mycobot_interfaces/mycobot_interfaces/srv/detail/set_coords__rosidl_typesupport_introspection_c.h
[0.848s] -- Installing: /home/laptop5/mycobot_ros2/install/mycobot_interfaces/include/mycobot_interfaces/mycobot_interfaces/srv/detail/set_angles__type_support.c
[0.848s] -- Installing: /home/laptop5/mycobot_ros2/install/mycobot_interfaces/include/mycobot_interfaces/mycobot_interfaces/srv/detail/get_angles__type_support.c
[0.848s] -- Installing: /home/laptop5/mycobot_ros2/install/mycobot_interfaces/include/mycobot_interfaces/mycobot_interfaces/srv/detail/set_coords__type_support.c
[0.848s] -- Up-to-date: /home/laptop5/mycobot_ros2/install/mycobot_interfaces/include/mycobot_interfaces/mycobot_interfaces/srv/detail/gripper_status__rosidl_typesupport_introspection_c.h
[0.848s] -- Up-to-date: /home/laptop5/mycobot_ros2/install/mycobot_interfaces/lib/libmycobot_interfaces__rosidl_typesupport_introspection_c.so
[0.848s] -- Up-to-date: /home/laptop5/mycobot_ros2/install/mycobot_interfaces/lib/libmycobot_interfaces__rosidl_typesupport_c.so
[0.848s] -- Up-to-date: /home/laptop5/mycobot_ros2/install/mycobot_interfaces/include/mycobot_interfaces/mycobot_interfaces
[0.848s] -- Up-to-date: /home/laptop5/mycobot_ros2/install/mycobot_interfaces/include/mycobot_interfaces/mycobot_interfaces/msg
[0.848s] -- Up-to-date: /home/laptop5/mycobot_ros2/install/mycobot_interfaces/include/mycobot_interfaces/mycobot_interfaces/msg/mycobot_set_angles.hpp
[0.849s] -- Up-to-date: /home/laptop5/mycobot_ros2/install/mycobot_interfaces/include/mycobot_interfaces/mycobot_interfaces/msg/mycobot_gripper_status.hpp
[0.849s] -- Up-to-date: /home/laptop5/mycobot_ros2/install/mycobot_interfaces/include/mycobot_interfaces/mycobot_interfaces/msg/detail
[0.849s] -- Up-to-date: /home/laptop5/mycobot_ros2/install/mycobot_interfaces/include/mycobot_interfaces/mycobot_interfaces/msg/detail/mycobot_angles__traits.hpp
[0.849s] -- Up-to-date: /home/laptop5/mycobot_ros2/install/mycobot_interfaces/include/mycobot_interfaces/mycobot_interfaces/msg/detail/mycobot_set_angles__traits.hpp
[0.849s] -- Up-to-date: /home/laptop5/mycobot_ros2/install/mycobot_interfaces/include/mycobot_interfaces/mycobot_interfaces/msg/detail/mycobot_set_angles__struct.hpp
[0.849s] -- Up-to-date: /home/laptop5/mycobot_ros2/install/mycobot_interfaces/include/mycobot_interfaces/mycobot_interfaces/msg/detail/mycobot_set_angles__type_support.hpp
[0.849s] -- Up-to-date: /home/laptop5/mycobot_ros2/install/mycobot_interfaces/include/mycobot_interfaces/mycobot_interfaces/msg/detail/mycobot_set_coords__traits.hpp
[0.849s] -- Up-to-date: /home/laptop5/mycobot_ros2/install/mycobot_interfaces/include/mycobot_interfaces/mycobot_interfaces/msg/detail/mycobot_angles__type_support.hpp
[0.849s] -- Up-to-date: /home/laptop5/mycobot_ros2/install/mycobot_interfaces/include/mycobot_interfaces/mycobot_interfaces/msg/detail/mycobot_set_coords__builder.hpp
[0.849s] -- Up-to-date: /home/laptop5/mycobot_ros2/install/mycobot_interfaces/include/mycobot_interfaces/mycobot_interfaces/msg/detail/mycobot_coords__traits.hpp
[0.849s] -- Up-to-date: /home/laptop5/mycobot_ros2/install/mycobot_interfaces/include/mycobot_interfaces/mycobot_interfaces/msg/detail/mycobot_set_coords__struct.hpp
[0.849s] -- Up-to-date: /home/laptop5/mycobot_ros2/install/mycobot_interfaces/include/mycobot_interfaces/mycobot_interfaces/msg/detail/mycobot_gripper_status__type_support.hpp
[0.849s] -- Up-to-date: /home/laptop5/mycobot_ros2/install/mycobot_interfaces/include/mycobot_interfaces/mycobot_interfaces/msg/detail/mycobot_gripper_status__traits.hpp
[0.849s] -- Up-to-date: /home/laptop5/mycobot_ros2/install/mycobot_interfaces/include/mycobot_interfaces/mycobot_interfaces/msg/detail/mycobot_gripper_status__builder.hpp
[0.849s] -- Up-to-date: /home/laptop5/mycobot_ros2/install/mycobot_interfaces/include/mycobot_interfaces/mycobot_interfaces/msg/detail/mycobot_pump_status__type_support.hpp
[0.849s] -- Up-to-date: /home/laptop5/mycobot_ros2/install/mycobot_interfaces/include/mycobot_interfaces/mycobot_interfaces/msg/detail/mycobot_set_coords__type_support.hpp
[0.850s] -- Up-to-date: /home/laptop5/mycobot_ros2/install/mycobot_interfaces/include/mycobot_interfaces/mycobot_interfaces/msg/detail/mycobot_set_angles__builder.hpp
[0.850s] -- Up-to-date: /home/laptop5/mycobot_ros2/install/mycobot_interfaces/include/mycobot_interfaces/mycobot_interfaces/msg/detail/mycobot_pump_status__traits.hpp
[0.850s] -- Up-to-date: /home/laptop5/mycobot_ros2/install/mycobot_interfaces/include/mycobot_interfaces/mycobot_interfaces/msg/detail/mycobot_gripper_status__struct.hpp
[0.850s] -- Up-to-date: /home/laptop5/mycobot_ros2/install/mycobot_interfaces/include/mycobot_interfaces/mycobot_interfaces/msg/detail/mycobot_pump_status__struct.hpp
[0.850s] -- Up-to-date: /home/laptop5/mycobot_ros2/install/mycobot_interfaces/include/mycobot_interfaces/mycobot_interfaces/msg/detail/mycobot_angles__struct.hpp
[0.850s] -- Up-to-date: /home/laptop5/mycobot_ros2/install/mycobot_interfaces/include/mycobot_interfaces/mycobot_interfaces/msg/detail/mycobot_pump_status__builder.hpp
[0.850s] -- Up-to-date: /home/laptop5/mycobot_ros2/install/mycobot_interfaces/include/mycobot_interfaces/mycobot_interfaces/msg/detail/mycobot_coords__builder.hpp
[0.850s] -- Up-to-date: /home/laptop5/mycobot_ros2/install/mycobot_interfaces/include/mycobot_interfaces/mycobot_interfaces/msg/detail/mycobot_coords__struct.hpp
[0.850s] -- Up-to-date: /home/laptop5/mycobot_ros2/install/mycobot_interfaces/include/mycobot_interfaces/mycobot_interfaces/msg/detail/mycobot_coords__type_support.hpp
[0.850s] -- Up-to-date: /home/laptop5/mycobot_ros2/install/mycobot_interfaces/include/mycobot_interfaces/mycobot_interfaces/msg/detail/mycobot_angles__builder.hpp
[0.850s] -- Up-to-date: /home/laptop5/mycobot_ros2/install/mycobot_interfaces/include/mycobot_interfaces/mycobot_interfaces/msg/mycobot_set_coords.hpp
[0.850s] -- Up-to-date: /home/laptop5/mycobot_ros2/install/mycobot_interfaces/include/mycobot_interfaces/mycobot_interfaces/msg/mycobot_angles.hpp
[0.850s] -- Up-to-date: /home/laptop5/mycobot_ros2/install/mycobot_interfaces/include/mycobot_interfaces/mycobot_interfaces/msg/mycobot_coords.hpp
[0.851s] -- Up-to-date: /home/laptop5/mycobot_ros2/install/mycobot_interfaces/include/mycobot_interfaces/mycobot_interfaces/msg/rosidl_generator_cpp__visibility_control.hpp
[0.851s] -- Up-to-date: /home/laptop5/mycobot_ros2/install/mycobot_interfaces/include/mycobot_interfaces/mycobot_interfaces/msg/mycobot_pump_status.hpp
[0.851s] -- Up-to-date: /home/laptop5/mycobot_ros2/install/mycobot_interfaces/include/mycobot_interfaces/mycobot_interfaces/srv
[0.851s] -- Up-to-date: /home/laptop5/mycobot_ros2/install/mycobot_interfaces/include/mycobot_interfaces/mycobot_interfaces/srv/get_coords.hpp
[0.851s] -- Up-to-date: /home/laptop5/mycobot_ros2/install/mycobot_interfaces/include/mycobot_interfaces/mycobot_interfaces/srv/set_angles.hpp
[0.851s] -- Up-to-date: /home/laptop5/mycobot_ros2/install/mycobot_interfaces/include/mycobot_interfaces/mycobot_interfaces/srv/set_coords.hpp
[0.851s] -- Up-to-date: /home/laptop5/mycobot_ros2/install/mycobot_interfaces/include/mycobot_interfaces/mycobot_interfaces/srv/detail
[0.851s] -- Up-to-date: /home/laptop5/mycobot_ros2/install/mycobot_interfaces/include/mycobot_interfaces/mycobot_interfaces/srv/detail/gripper_status__type_support.hpp
[0.851s] -- Up-to-date: /home/laptop5/mycobot_ros2/install/mycobot_interfaces/include/mycobot_interfaces/mycobot_interfaces/srv/detail/set_coords__builder.hpp
[0.852s] -- Up-to-date: /home/laptop5/mycobot_ros2/install/mycobot_interfaces/include/mycobot_interfaces/mycobot_interfaces/srv/detail/set_coords__struct.hpp
[0.852s] -- Up-to-date: /home/laptop5/mycobot_ros2/install/mycobot_interfaces/include/mycobot_interfaces/mycobot_interfaces/srv/detail/set_angles__builder.hpp
[0.852s] -- Up-to-date: /home/laptop5/mycobot_ros2/install/mycobot_interfaces/include/mycobot_interfaces/mycobot_interfaces/srv/detail/get_angles__struct.hpp
[0.852s] -- Up-to-date: /home/laptop5/mycobot_ros2/install/mycobot_interfaces/include/mycobot_interfaces/mycobot_interfaces/srv/detail/pump_status__traits.hpp
[0.852s] -- Up-to-date: /home/laptop5/mycobot_ros2/install/mycobot_interfaces/include/mycobot_interfaces/mycobot_interfaces/srv/detail/gripper_status__builder.hpp
[0.852s] -- Up-to-date: /home/laptop5/mycobot_ros2/install/mycobot_interfaces/include/mycobot_interfaces/mycobot_interfaces/srv/detail/get_coords__struct.hpp
[0.852s] -- Up-to-date: /home/laptop5/mycobot_ros2/install/mycobot_interfaces/include/mycobot_interfaces/mycobot_interfaces/srv/detail/pump_status__struct.hpp
[0.852s] -- Up-to-date: /home/laptop5/mycobot_ros2/install/mycobot_interfaces/include/mycobot_interfaces/mycobot_interfaces/srv/detail/get_angles__traits.hpp
[0.852s] -- Up-to-date: /home/laptop5/mycobot_ros2/install/mycobot_interfaces/include/mycobot_interfaces/mycobot_interfaces/srv/detail/gripper_status__struct.hpp
[0.852s] -- Up-to-date: /home/laptop5/mycobot_ros2/install/mycobot_interfaces/include/mycobot_interfaces/mycobot_interfaces/srv/detail/get_coords__traits.hpp
[0.852s] -- Up-to-date: /home/laptop5/mycobot_ros2/install/mycobot_interfaces/include/mycobot_interfaces/mycobot_interfaces/srv/detail/set_angles__traits.hpp
[0.852s] -- Up-to-date: /home/laptop5/mycobot_ros2/install/mycobot_interfaces/include/mycobot_interfaces/mycobot_interfaces/srv/detail/get_coords__type_support.hpp
[0.852s] -- Up-to-date: /home/laptop5/mycobot_ros2/install/mycobot_interfaces/include/mycobot_interfaces/mycobot_interfaces/srv/detail/set_coords__type_support.hpp
[0.853s] -- Up-to-date: /home/laptop5/mycobot_ros2/install/mycobot_interfaces/include/mycobot_interfaces/mycobot_interfaces/srv/detail/gripper_status__traits.hpp
[0.853s] -- Up-to-date: /home/laptop5/mycobot_ros2/install/mycobot_interfaces/include/mycobot_interfaces/mycobot_interfaces/srv/detail/get_coords__builder.hpp
[0.853s] -- Up-to-date: /home/laptop5/mycobot_ros2/install/mycobot_interfaces/include/mycobot_interfaces/mycobot_interfaces/srv/detail/set_angles__struct.hpp
[0.853s] -- Up-to-date: /home/laptop5/mycobot_ros2/install/mycobot_interfaces/include/mycobot_interfaces/mycobot_interfaces/srv/detail/pump_status__type_support.hpp
[0.853s] -- Up-to-date: /home/laptop5/mycobot_ros2/install/mycobot_interfaces/include/mycobot_interfaces/mycobot_interfaces/srv/detail/get_angles__type_support.hpp
[0.853s] -- Up-to-date: /home/laptop5/mycobot_ros2/install/mycobot_interfaces/include/mycobot_interfaces/mycobot_interfaces/srv/detail/set_angles__type_support.hpp
[0.853s] -- Up-to-date: /home/laptop5/mycobot_ros2/install/mycobot_interfaces/include/mycobot_interfaces/mycobot_interfaces/srv/detail/get_angles__builder.hpp
[0.853s] -- Up-to-date: /home/laptop5/mycobot_ros2/install/mycobot_interfaces/include/mycobot_interfaces/mycobot_interfaces/srv/detail/set_coords__traits.hpp
[0.853s] -- Up-to-date: /home/laptop5/mycobot_ros2/install/mycobot_interfaces/include/mycobot_interfaces/mycobot_interfaces/srv/detail/pump_status__builder.hpp
[0.853s] -- Up-to-date: /home/laptop5/mycobot_ros2/install/mycobot_interfaces/include/mycobot_interfaces/mycobot_interfaces/srv/get_angles.hpp
[0.853s] -- Up-to-date: /home/laptop5/mycobot_ros2/install/mycobot_interfaces/include/mycobot_interfaces/mycobot_interfaces/srv/gripper_status.hpp
[0.853s] -- Up-to-date: /home/laptop5/mycobot_ros2/install/mycobot_interfaces/include/mycobot_interfaces/mycobot_interfaces/srv/pump_status.hpp
[0.853s] -- Up-to-date: /home/laptop5/mycobot_ros2/install/mycobot_interfaces/include/mycobot_interfaces/mycobot_interfaces
[0.853s] -- Up-to-date: /home/laptop5/mycobot_ros2/install/mycobot_interfaces/include/mycobot_interfaces/mycobot_interfaces/msg
[0.853s] -- Up-to-date: /home/laptop5/mycobot_ros2/install/mycobot_interfaces/include/mycobot_interfaces/mycobot_interfaces/msg/detail
[0.853s] -- Up-to-date: /home/laptop5/mycobot_ros2/install/mycobot_interfaces/include/mycobot_interfaces/mycobot_interfaces/msg/detail/dds_fastrtps
[0.853s] -- Up-to-date: /home/laptop5/mycobot_ros2/install/mycobot_interfaces/include/mycobot_interfaces/mycobot_interfaces/msg/detail/mycobot_pump_status__rosidl_typesupport_fastrtps_cpp.hpp
[0.853s] -- Up-to-date: /home/laptop5/mycobot_ros2/install/mycobot_interfaces/include/mycobot_interfaces/mycobot_interfaces/msg/detail/mycobot_coords__rosidl_typesupport_fastrtps_cpp.hpp
[0.854s] -- Up-to-date: /home/laptop5/mycobot_ros2/install/mycobot_interfaces/include/mycobot_interfaces/mycobot_interfaces/msg/detail/mycobot_set_coords__rosidl_typesupport_fastrtps_cpp.hpp
[0.854s] -- Up-to-date: /home/laptop5/mycobot_ros2/install/mycobot_interfaces/include/mycobot_interfaces/mycobot_interfaces/msg/detail/mycobot_set_angles__rosidl_typesupport_fastrtps_cpp.hpp
[0.854s] -- Up-to-date: /home/laptop5/mycobot_ros2/install/mycobot_interfaces/include/mycobot_interfaces/mycobot_interfaces/msg/detail/mycobot_gripper_status__rosidl_typesupport_fastrtps_cpp.hpp
[0.854s] -- Up-to-date: /home/laptop5/mycobot_ros2/install/mycobot_interfaces/include/mycobot_interfaces/mycobot_interfaces/msg/detail/mycobot_angles__rosidl_typesupport_fastrtps_cpp.hpp
[0.854s] -- Up-to-date: /home/laptop5/mycobot_ros2/install/mycobot_interfaces/include/mycobot_interfaces/mycobot_interfaces/msg/rosidl_typesupport_fastrtps_cpp__visibility_control.h
[0.854s] -- Up-to-date: /home/laptop5/mycobot_ros2/install/mycobot_interfaces/include/mycobot_interfaces/mycobot_interfaces/srv
[0.854s] -- Up-to-date: /home/laptop5/mycobot_ros2/install/mycobot_interfaces/include/mycobot_interfaces/mycobot_interfaces/srv/detail
[0.854s] -- Up-to-date: /home/laptop5/mycobot_ros2/install/mycobot_interfaces/include/mycobot_interfaces/mycobot_interfaces/srv/detail/pump_status__rosidl_typesupport_fastrtps_cpp.hpp
[0.854s] -- Up-to-date: /home/laptop5/mycobot_ros2/install/mycobot_interfaces/include/mycobot_interfaces/mycobot_interfaces/srv/detail/set_angles__rosidl_typesupport_fastrtps_cpp.hpp
[0.854s] -- Up-to-date: /home/laptop5/mycobot_ros2/install/mycobot_interfaces/include/mycobot_interfaces/mycobot_interfaces/srv/detail/set_coords__rosidl_typesupport_fastrtps_cpp.hpp
[0.854s] -- Up-to-date: /home/laptop5/mycobot_ros2/install/mycobot_interfaces/include/mycobot_interfaces/mycobot_interfaces/srv/detail/dds_fastrtps
[0.854s] -- Up-to-date: /home/laptop5/mycobot_ros2/install/mycobot_interfaces/include/mycobot_interfaces/mycobot_interfaces/srv/detail/get_angles__rosidl_typesupport_fastrtps_cpp.hpp
[0.854s] -- Up-to-date: /home/laptop5/mycobot_ros2/install/mycobot_interfaces/include/mycobot_interfaces/mycobot_interfaces/srv/detail/gripper_status__rosidl_typesupport_fastrtps_cpp.hpp
[0.854s] -- Up-to-date: /home/laptop5/mycobot_ros2/install/mycobot_interfaces/include/mycobot_interfaces/mycobot_interfaces/srv/detail/get_coords__rosidl_typesupport_fastrtps_cpp.hpp
[0.854s] -- Up-to-date: /home/laptop5/mycobot_ros2/install/mycobot_interfaces/lib/libmycobot_interfaces__rosidl_typesupport_fastrtps_cpp.so
[0.854s] -- Up-to-date: /home/laptop5/mycobot_ros2/install/mycobot_interfaces/include/mycobot_interfaces/mycobot_interfaces
[0.854s] -- Up-to-date: /home/laptop5/mycobot_ros2/install/mycobot_interfaces/include/mycobot_interfaces/mycobot_interfaces/msg
[0.854s] -- Up-to-date: /home/laptop5/mycobot_ros2/install/mycobot_interfaces/include/mycobot_interfaces/mycobot_interfaces/msg/detail
[0.854s] -- Up-to-date: /home/laptop5/mycobot_ros2/install/mycobot_interfaces/include/mycobot_interfaces/mycobot_interfaces/msg/detail/mycobot_gripper_status__rosidl_typesupport_introspection_cpp.hpp
[0.855s] -- Up-to-date: /home/laptop5/mycobot_ros2/install/mycobot_interfaces/include/mycobot_interfaces/mycobot_interfaces/msg/detail/mycobot_set_coords__rosidl_typesupport_introspection_cpp.hpp
[0.855s] -- Up-to-date: /home/laptop5/mycobot_ros2/install/mycobot_interfaces/include/mycobot_interfaces/mycobot_interfaces/msg/detail/mycobot_set_coords__type_support.cpp
[0.855s] -- Up-to-date: /home/laptop5/mycobot_ros2/install/mycobot_interfaces/include/mycobot_interfaces/mycobot_interfaces/msg/detail/mycobot_angles__type_support.cpp
[0.855s] -- Up-to-date: /home/laptop5/mycobot_ros2/install/mycobot_interfaces/include/mycobot_interfaces/mycobot_interfaces/msg/detail/mycobot_set_angles__type_support.cpp
[0.855s] -- Up-to-date: /home/laptop5/mycobot_ros2/install/mycobot_interfaces/include/mycobot_interfaces/mycobot_interfaces/msg/detail/mycobot_pump_status__type_support.cpp
[0.855s] -- Up-to-date: /home/laptop5/mycobot_ros2/install/mycobot_interfaces/include/mycobot_interfaces/mycobot_interfaces/msg/detail/mycobot_pump_status__rosidl_typesupport_introspection_cpp.hpp
[0.855s] -- Up-to-date: /home/laptop5/mycobot_ros2/install/mycobot_interfaces/include/mycobot_interfaces/mycobot_interfaces/msg/detail/mycobot_coords__type_support.cpp
[0.855s] -- Up-to-date: /home/laptop5/mycobot_ros2/install/mycobot_interfaces/include/mycobot_interfaces/mycobot_interfaces/msg/detail/mycobot_gripper_status__type_support.cpp
[0.855s] -- Up-to-date: /home/laptop5/mycobot_ros2/install/mycobot_interfaces/include/mycobot_interfaces/mycobot_interfaces/msg/detail/mycobot_set_angles__rosidl_typesupport_introspection_cpp.hpp
[0.855s] -- Up-to-date: /home/laptop5/mycobot_ros2/install/mycobot_interfaces/include/mycobot_interfaces/mycobot_interfaces/msg/detail/mycobot_coords__rosidl_typesupport_introspection_cpp.hpp
[0.855s] -- Up-to-date: /home/laptop5/mycobot_ros2/install/mycobot_interfaces/include/mycobot_interfaces/mycobot_interfaces/msg/detail/mycobot_angles__rosidl_typesupport_introspection_cpp.hpp
[0.855s] -- Up-to-date: /home/laptop5/mycobot_ros2/install/mycobot_interfaces/include/mycobot_interfaces/mycobot_interfaces/srv
[0.855s] -- Up-to-date: /home/laptop5/mycobot_ros2/install/mycobot_interfaces/include/mycobot_interfaces/mycobot_interfaces/srv/detail
[0.855s] -- Up-to-date: /home/laptop5/mycobot_ros2/install/mycobot_interfaces/include/mycobot_interfaces/mycobot_interfaces/srv/detail/gripper_status__type_support.cpp
[0.855s] -- Up-to-date: /home/laptop5/mycobot_ros2/install/mycobot_interfaces/include/mycobot_interfaces/mycobot_interfaces/srv/detail/get_angles__rosidl_typesupport_introspection_cpp.hpp
[0.855s] -- Up-to-date: /home/laptop5/mycobot_ros2/install/mycobot_interfaces/include/mycobot_interfaces/mycobot_interfaces/srv/detail/pump_status__rosidl_typesupport_introspection_cpp.hpp
[0.855s] -- Up-to-date: /home/laptop5/mycobot_ros2/install/mycobot_interfaces/include/mycobot_interfaces/mycobot_interfaces/srv/detail/gripper_status__rosidl_typesupport_introspection_cpp.hpp
[0.855s] -- Up-to-date: /home/laptop5/mycobot_ros2/install/mycobot_interfaces/include/mycobot_interfaces/mycobot_interfaces/srv/detail/set_angles__type_support.cpp
[0.855s] -- Up-to-date: /home/laptop5/mycobot_ros2/install/mycobot_interfaces/include/mycobot_interfaces/mycobot_interfaces/srv/detail/set_angles__rosidl_typesupport_introspection_cpp.hpp
[0.856s] -- Up-to-date: /home/laptop5/mycobot_ros2/install/mycobot_interfaces/include/mycobot_interfaces/mycobot_interfaces/srv/detail/pump_status__type_support.cpp
[0.856s] -- Up-to-date: /home/laptop5/mycobot_ros2/install/mycobot_interfaces/include/mycobot_interfaces/mycobot_interfaces/srv/detail/get_coords__type_support.cpp
[0.856s] -- Up-to-date: /home/laptop5/mycobot_ros2/install/mycobot_interfaces/include/mycobot_interfaces/mycobot_interfaces/srv/detail/set_coords__type_support.cpp
[0.856s] -- Up-to-date: /home/laptop5/mycobot_ros2/install/mycobot_interfaces/include/mycobot_interfaces/mycobot_interfaces/srv/detail/set_coords__rosidl_typesupport_introspection_cpp.hpp
[0.856s] -- Up-to-date: /home/laptop5/mycobot_ros2/install/mycobot_interfaces/include/mycobot_interfaces/mycobot_interfaces/srv/detail/get_angles__type_support.cpp
[0.856s] -- Up-to-date: /home/laptop5/mycobot_ros2/install/mycobot_interfaces/include/mycobot_interfaces/mycobot_interfaces/srv/detail/get_coords__rosidl_typesupport_introspection_cpp.hpp
[0.856s] -- Up-to-date: /home/laptop5/mycobot_ros2/install/mycobot_interfaces/lib/libmycobot_interfaces__rosidl_typesupport_introspection_cpp.so
[0.856s] -- Up-to-date: /home/laptop5/mycobot_ros2/install/mycobot_interfaces/lib/libmycobot_interfaces__rosidl_typesupport_cpp.so
[0.856s] -- Up-to-date: /home/laptop5/mycobot_ros2/install/mycobot_interfaces/share/mycobot_interfaces/environment/pythonpath.sh
[0.856s] -- Up-to-date: /home/laptop5/mycobot_ros2/install/mycobot_interfaces/share/mycobot_interfaces/environment/pythonpath.dsv
[0.856s] -- Up-to-date: /home/laptop5/mycobot_ros2/install/mycobot_interfaces/lib/python3.12/site-packages/mycobot_interfaces-0.0.0-py3.12.egg-info
[0.856s] -- Installing: /home/laptop5/mycobot_ros2/install/mycobot_interfaces/lib/python3.12/site-packages/mycobot_interfaces-0.0.0-py3.12.egg-info/dependency_links.txt
[0.856s] -- Installing: /home/laptop5/mycobot_ros2/install/mycobot_interfaces/lib/python3.12/site-packages/mycobot_interfaces-0.0.0-py3.12.egg-info/PKG-INFO
[0.856s] -- Installing: /home/laptop5/mycobot_ros2/install/mycobot_interfaces/lib/python3.12/site-packages/mycobot_interfaces-0.0.0-py3.12.egg-info/SOURCES.txt
[0.856s] -- Installing: /home/laptop5/mycobot_ros2/install/mycobot_interfaces/lib/python3.12/site-packages/mycobot_interfaces-0.0.0-py3.12.egg-info/top_level.txt
[0.856s] -- Up-to-date: /home/laptop5/mycobot_ros2/install/mycobot_interfaces/lib/python3.12/site-packages/mycobot_interfaces
[0.856s] -- Up-to-date: /home/laptop5/mycobot_ros2/install/mycobot_interfaces/lib/python3.12/site-packages/mycobot_interfaces/__init__.py
[0.856s] -- Up-to-date: /home/laptop5/mycobot_ros2/install/mycobot_interfaces/lib/python3.12/site-packages/mycobot_interfaces/mycobot_interfaces_s__rosidl_typesupport_introspection_c.so
[0.856s] -- Up-to-date: /home/laptop5/mycobot_ros2/install/mycobot_interfaces/lib/python3.12/site-packages/mycobot_interfaces/_mycobot_interfaces_s.ep.rosidl_typesupport_introspection_c.c
[0.857s] -- Up-to-date: /home/laptop5/mycobot_ros2/install/mycobot_interfaces/lib/python3.12/site-packages/mycobot_interfaces/mycobot_interfaces_s__rosidl_typesupport_fastrtps_c.so
[0.857s] -- Up-to-date: /home/laptop5/mycobot_ros2/install/mycobot_interfaces/lib/python3.12/site-packages/mycobot_interfaces/msg
[0.857s] -- Up-to-date: /home/laptop5/mycobot_ros2/install/mycobot_interfaces/lib/python3.12/site-packages/mycobot_interfaces/msg/_mycobot_gripper_status_s.c
[0.857s] -- Up-to-date: /home/laptop5/mycobot_ros2/install/mycobot_interfaces/lib/python3.12/site-packages/mycobot_interfaces/msg/__init__.py
[0.857s] -- Up-to-date: /home/laptop5/mycobot_ros2/install/mycobot_interfaces/lib/python3.12/site-packages/mycobot_interfaces/msg/_mycobot_coords_s.c
[0.857s] -- Up-to-date: /home/laptop5/mycobot_ros2/install/mycobot_interfaces/lib/python3.12/site-packages/mycobot_interfaces/msg/_mycobot_angles.py
[0.857s] -- Up-to-date: /home/laptop5/mycobot_ros2/install/mycobot_interfaces/lib/python3.12/site-packages/mycobot_interfaces/msg/_mycobot_pump_status.py
[0.857s] -- Up-to-date: /home/laptop5/mycobot_ros2/install/mycobot_interfaces/lib/python3.12/site-packages/mycobot_interfaces/msg/_mycobot_set_coords_s.c
[0.857s] -- Up-to-date: /home/laptop5/mycobot_ros2/install/mycobot_interfaces/lib/python3.12/site-packages/mycobot_interfaces/msg/_mycobot_gripper_status.py
[0.857s] -- Up-to-date: /home/laptop5/mycobot_ros2/install/mycobot_interfaces/lib/python3.12/site-packages/mycobot_interfaces/msg/_mycobot_coords.py
[0.857s] -- Up-to-date: /home/laptop5/mycobot_ros2/install/mycobot_interfaces/lib/python3.12/site-packages/mycobot_interfaces/msg/_mycobot_set_coords.py
[0.857s] -- Up-to-date: /home/laptop5/mycobot_ros2/install/mycobot_interfaces/lib/python3.12/site-packages/mycobot_interfaces/msg/_mycobot_set_angles.py
[0.857s] -- Up-to-date: /home/laptop5/mycobot_ros2/install/mycobot_interfaces/lib/python3.12/site-packages/mycobot_interfaces/msg/_mycobot_set_angles_s.c
[0.857s] -- Up-to-date: /home/laptop5/mycobot_ros2/install/mycobot_interfaces/lib/python3.12/site-packages/mycobot_interfaces/msg/_mycobot_angles_s.c
[0.857s] -- Up-to-date: /home/laptop5/mycobot_ros2/install/mycobot_interfaces/lib/python3.12/site-packages/mycobot_interfaces/msg/_mycobot_pump_status_s.c
[0.857s] -- Up-to-date: /home/laptop5/mycobot_ros2/install/mycobot_interfaces/lib/python3.12/site-packages/mycobot_interfaces/_mycobot_interfaces_s.ep.rosidl_typesupport_fastrtps_c.c
[0.857s] -- Up-to-date: /home/laptop5/mycobot_ros2/install/mycobot_interfaces/lib/python3.12/site-packages/mycobot_interfaces/mycobot_interfaces_s__rosidl_typesupport_c.so
[0.857s] -- Up-to-date: /home/laptop5/mycobot_ros2/install/mycobot_interfaces/lib/python3.12/site-packages/mycobot_interfaces/_mycobot_interfaces_s.ep.rosidl_typesupport_c.c
[0.857s] -- Up-to-date: /home/laptop5/mycobot_ros2/install/mycobot_interfaces/lib/python3.12/site-packages/mycobot_interfaces/srv
[0.857s] -- Up-to-date: /home/laptop5/mycobot_ros2/install/mycobot_interfaces/lib/python3.12/site-packages/mycobot_interfaces/srv/_set_coords_s.c
[0.857s] -- Up-to-date: /home/laptop5/mycobot_ros2/install/mycobot_interfaces/lib/python3.12/site-packages/mycobot_interfaces/srv/_gripper_status.py
[0.858s] -- Up-to-date: /home/laptop5/mycobot_ros2/install/mycobot_interfaces/lib/python3.12/site-packages/mycobot_interfaces/srv/__init__.py
[0.858s] -- Up-to-date: /home/laptop5/mycobot_ros2/install/mycobot_interfaces/lib/python3.12/site-packages/mycobot_interfaces/srv/_pump_status.py
[0.858s] -- Up-to-date: /home/laptop5/mycobot_ros2/install/mycobot_interfaces/lib/python3.12/site-packages/mycobot_interfaces/srv/_set_coords.py
[0.858s] -- Up-to-date: /home/laptop5/mycobot_ros2/install/mycobot_interfaces/lib/python3.12/site-packages/mycobot_interfaces/srv/_get_coords_s.c
[0.858s] -- Up-to-date: /home/laptop5/mycobot_ros2/install/mycobot_interfaces/lib/python3.12/site-packages/mycobot_interfaces/srv/_set_angles_s.c
[0.858s] -- Up-to-date: /home/laptop5/mycobot_ros2/install/mycobot_interfaces/lib/python3.12/site-packages/mycobot_interfaces/srv/_pump_status_s.c
[0.858s] -- Up-to-date: /home/laptop5/mycobot_ros2/install/mycobot_interfaces/lib/python3.12/site-packages/mycobot_interfaces/srv/_set_angles.py
[0.858s] -- Up-to-date: /home/laptop5/mycobot_ros2/install/mycobot_interfaces/lib/python3.12/site-packages/mycobot_interfaces/srv/_get_angles_s.c
[0.858s] -- Up-to-date: /home/laptop5/mycobot_ros2/install/mycobot_interfaces/lib/python3.12/site-packages/mycobot_interfaces/srv/_get_coords.py
[0.858s] -- Up-to-date: /home/laptop5/mycobot_ros2/install/mycobot_interfaces/lib/python3.12/site-packages/mycobot_interfaces/srv/_gripper_status_s.c
[0.858s] -- Up-to-date: /home/laptop5/mycobot_ros2/install/mycobot_interfaces/lib/python3.12/site-packages/mycobot_interfaces/srv/_get_angles.py
[0.899s] Listing '/home/laptop5/mycobot_ros2/install/mycobot_interfaces/lib/python3.12/site-packages/mycobot_interfaces'...
[0.899s] Listing '/home/laptop5/mycobot_ros2/install/mycobot_interfaces/lib/python3.12/site-packages/mycobot_interfaces/msg'...
[0.899s] Listing '/home/laptop5/mycobot_ros2/install/mycobot_interfaces/lib/python3.12/site-packages/mycobot_interfaces/srv'...
[0.905s] -- Up-to-date: /home/laptop5/mycobot_ros2/install/mycobot_interfaces/lib/python3.12/site-packages/mycobot_interfaces/mycobot_interfaces_s__rosidl_typesupport_fastrtps_c.so
[0.906s] -- Up-to-date: /home/laptop5/mycobot_ros2/install/mycobot_interfaces/lib/python3.12/site-packages/mycobot_interfaces/mycobot_interfaces_s__rosidl_typesupport_introspection_c.so
[0.906s] -- Up-to-date: /home/laptop5/mycobot_ros2/install/mycobot_interfaces/lib/python3.12/site-packages/mycobot_interfaces/mycobot_interfaces_s__rosidl_typesupport_c.so
[0.906s] -- Up-to-date: /home/laptop5/mycobot_ros2/install/mycobot_interfaces/lib/libmycobot_interfaces__rosidl_generator_py.so
[0.907s] -- Up-to-date: /home/laptop5/mycobot_ros2/install/mycobot_interfaces/share/mycobot_interfaces/msg/MycobotAngles.idl
[0.907s] -- Up-to-date: /home/laptop5/mycobot_ros2/install/mycobot_interfaces/share/mycobot_interfaces/msg/MycobotCoords.idl
[0.907s] -- Up-to-date: /home/laptop5/mycobot_ros2/install/mycobot_interfaces/share/mycobot_interfaces/msg/MycobotSetAngles.idl
[0.907s] -- Up-to-date: /home/laptop5/mycobot_ros2/install/mycobot_interfaces/share/mycobot_interfaces/msg/MycobotSetCoords.idl
[0.907s] -- Up-to-date: /home/laptop5/mycobot_ros2/install/mycobot_interfaces/share/mycobot_interfaces/msg/MycobotGripperStatus.idl
[0.908s] -- Up-to-date: /home/laptop5/mycobot_ros2/install/mycobot_interfaces/share/mycobot_interfaces/msg/MycobotPumpStatus.idl
[0.908s] -- Up-to-date: /home/laptop5/mycobot_ros2/install/mycobot_interfaces/share/mycobot_interfaces/srv/GetAngles.idl
[0.908s] -- Up-to-date: /home/laptop5/mycobot_ros2/install/mycobot_interfaces/share/mycobot_interfaces/srv/SetAngles.idl
[0.908s] -- Up-to-date: /home/laptop5/mycobot_ros2/install/mycobot_interfaces/share/mycobot_interfaces/srv/GetCoords.idl
[0.908s] -- Up-to-date: /home/laptop5/mycobot_ros2/install/mycobot_interfaces/share/mycobot_interfaces/srv/SetCoords.idl
[0.908s] -- Up-to-date: /home/laptop5/mycobot_ros2/install/mycobot_interfaces/share/mycobot_interfaces/srv/GripperStatus.idl
[0.909s] -- Up-to-date: /home/laptop5/mycobot_ros2/install/mycobot_interfaces/share/mycobot_interfaces/srv/PumpStatus.idl
[0.909s] -- Up-to-date: /home/laptop5/mycobot_ros2/install/mycobot_interfaces/share/mycobot_interfaces/msg/MycobotAngles.msg
[0.909s] -- Up-to-date: /home/laptop5/mycobot_ros2/install/mycobot_interfaces/share/mycobot_interfaces/msg/MycobotCoords.msg
[0.909s] -- Up-to-date: /home/laptop5/mycobot_ros2/install/mycobot_interfaces/share/mycobot_interfaces/msg/MycobotSetAngles.msg
[0.909s] -- Up-to-date: /home/laptop5/mycobot_ros2/install/mycobot_interfaces/share/mycobot_interfaces/msg/MycobotSetCoords.msg
[0.909s] -- Up-to-date: /home/laptop5/mycobot_ros2/install/mycobot_interfaces/share/mycobot_interfaces/msg/MycobotGripperStatus.msg
[0.909s] -- Up-to-date: /home/laptop5/mycobot_ros2/install/mycobot_interfaces/share/mycobot_interfaces/msg/MycobotPumpStatus.msg
[0.910s] -- Up-to-date: /home/laptop5/mycobot_ros2/install/mycobot_interfaces/share/mycobot_interfaces/srv/GetAngles.srv
[0.910s] -- Up-to-date: /home/laptop5/mycobot_ros2/install/mycobot_interfaces/share/mycobot_interfaces/srv/SetAngles.srv
[0.910s] -- Up-to-date: /home/laptop5/mycobot_ros2/install/mycobot_interfaces/share/mycobot_interfaces/srv/GetCoords.srv
[0.910s] -- Up-to-date: /home/laptop5/mycobot_ros2/install/mycobot_interfaces/share/mycobot_interfaces/srv/SetCoords.srv
[0.910s] -- Up-to-date: /home/laptop5/mycobot_ros2/install/mycobot_interfaces/share/mycobot_interfaces/srv/GripperStatus.srv
[0.910s] -- Up-to-date: /home/laptop5/mycobot_ros2/install/mycobot_interfaces/share/mycobot_interfaces/srv/PumpStatus.srv
[0.910s] -- Up-to-date: /home/laptop5/mycobot_ros2/install/mycobot_interfaces/share/ament_index/resource_index/package_run_dependencies/mycobot_interfaces
[0.911s] -- Up-to-date: /home/laptop5/mycobot_ros2/install/mycobot_interfaces/share/ament_index/resource_index/parent_prefix_path/mycobot_interfaces
[0.911s] -- Up-to-date: /home/laptop5/mycobot_ros2/install/mycobot_interfaces/share/mycobot_interfaces/environment/ament_prefix_path.sh
[0.911s] -- Up-to-date: /home/laptop5/mycobot_ros2/install/mycobot_interfaces/share/mycobot_interfaces/environment/ament_prefix_path.dsv
[0.911s] -- Up-to-date: /home/laptop5/mycobot_ros2/install/mycobot_interfaces/share/mycobot_interfaces/environment/path.sh
[0.911s] -- Up-to-date: /home/laptop5/mycobot_ros2/install/mycobot_interfaces/share/mycobot_interfaces/environment/path.dsv
[0.911s] -- Up-to-date: /home/laptop5/mycobot_ros2/install/mycobot_interfaces/share/mycobot_interfaces/local_setup.bash
[0.912s] -- Up-to-date: /home/laptop5/mycobot_ros2/install/mycobot_interfaces/share/mycobot_interfaces/local_setup.sh
[0.912s] -- Up-to-date: /home/laptop5/mycobot_ros2/install/mycobot_interfaces/share/mycobot_interfaces/local_setup.zsh
[0.912s] -- Up-to-date: /home/laptop5/mycobot_ros2/install/mycobot_interfaces/share/mycobot_interfaces/local_setup.dsv
[0.912s] -- Installing: /home/laptop5/mycobot_ros2/install/mycobot_interfaces/share/mycobot_interfaces/package.dsv
[0.912s] -- Up-to-date: /home/laptop5/mycobot_ros2/install/mycobot_interfaces/share/ament_index/resource_index/packages/mycobot_interfaces
[0.912s] -- Up-to-date: /home/laptop5/mycobot_ros2/install/mycobot_interfaces/share/mycobot_interfaces/cmake/export_mycobot_interfaces__rosidl_generator_cExport.cmake
[0.913s] -- Up-to-date: /home/laptop5/mycobot_ros2/install/mycobot_interfaces/share/mycobot_interfaces/cmake/export_mycobot_interfaces__rosidl_generator_cExport-noconfig.cmake
[0.913s] -- Up-to-date: /home/laptop5/mycobot_ros2/install/mycobot_interfaces/share/mycobot_interfaces/cmake/export_mycobot_interfaces__rosidl_typesupport_fastrtps_cExport.cmake
[0.913s] -- Up-to-date: /home/laptop5/mycobot_ros2/install/mycobot_interfaces/share/mycobot_interfaces/cmake/export_mycobot_interfaces__rosidl_typesupport_fastrtps_cExport-noconfig.cmake
[0.913s] -- Up-to-date: /home/laptop5/mycobot_ros2/install/mycobot_interfaces/share/mycobot_interfaces/cmake/mycobot_interfaces__rosidl_typesupport_introspection_cExport.cmake
[0.914s] -- Up-to-date: /home/laptop5/mycobot_ros2/install/mycobot_interfaces/share/mycobot_interfaces/cmake/mycobot_interfaces__rosidl_typesupport_introspection_cExport-noconfig.cmake
[0.914s] -- Up-to-date: /home/laptop5/mycobot_ros2/install/mycobot_interfaces/share/mycobot_interfaces/cmake/mycobot_interfaces__rosidl_typesupport_cExport.cmake
[0.914s] -- Up-to-date: /home/laptop5/mycobot_ros2/install/mycobot_interfaces/share/mycobot_interfaces/cmake/mycobot_interfaces__rosidl_typesupport_cExport-noconfig.cmake
[0.914s] -- Up-to-date: /home/laptop5/mycobot_ros2/install/mycobot_interfaces/share/mycobot_interfaces/cmake/export_mycobot_interfaces__rosidl_generator_cppExport.cmake
[0.915s] -- Up-to-date: /home/laptop5/mycobot_ros2/install/mycobot_interfaces/share/mycobot_interfaces/cmake/export_mycobot_interfaces__rosidl_typesupport_fastrtps_cppExport.cmake
[0.915s] -- Up-to-date: /home/laptop5/mycobot_ros2/install/mycobot_interfaces/share/mycobot_interfaces/cmake/export_mycobot_interfaces__rosidl_typesupport_fastrtps_cppExport-noconfig.cmake
[0.915s] -- Up-to-date: /home/laptop5/mycobot_ros2/install/mycobot_interfaces/share/mycobot_interfaces/cmake/mycobot_interfaces__rosidl_typesupport_introspection_cppExport.cmake
[0.915s] -- Up-to-date: /home/laptop5/mycobot_ros2/install/mycobot_interfaces/share/mycobot_interfaces/cmake/mycobot_interfaces__rosidl_typesupport_introspection_cppExport-noconfig.cmake
[0.916s] -- Up-to-date: /home/laptop5/mycobot_ros2/install/mycobot_interfaces/share/mycobot_interfaces/cmake/mycobot_interfaces__rosidl_typesupport_cppExport.cmake
[0.916s] -- Up-to-date: /home/laptop5/mycobot_ros2/install/mycobot_interfaces/share/mycobot_interfaces/cmake/mycobot_interfaces__rosidl_typesupport_cppExport-noconfig.cmake
[0.916s] -- Up-to-date: /home/laptop5/mycobot_ros2/install/mycobot_interfaces/share/mycobot_interfaces/cmake/export_mycobot_interfaces__rosidl_generator_pyExport.cmake
[0.916s] -- Up-to-date: /home/laptop5/mycobot_ros2/install/mycobot_interfaces/share/mycobot_interfaces/cmake/export_mycobot_interfaces__rosidl_generator_pyExport-noconfig.cmake
[0.916s] -- Up-to-date: /home/laptop5/mycobot_ros2/install/mycobot_interfaces/share/mycobot_interfaces/cmake/rosidl_cmake-extras.cmake
[0.917s] -- Up-to-date: /home/laptop5/mycobot_ros2/install/mycobot_interfaces/share/mycobot_interfaces/cmake/ament_cmake_export_dependencies-extras.cmake
[0.917s] -- Up-to-date: /home/laptop5/mycobot_ros2/install/mycobot_interfaces/share/mycobot_interfaces/cmake/ament_cmake_export_include_directories-extras.cmake
[0.917s] -- Up-to-date: /home/laptop5/mycobot_ros2/install/mycobot_interfaces/share/mycobot_interfaces/cmake/ament_cmake_export_libraries-extras.cmake
[0.917s] -- Up-to-date: /home/laptop5/mycobot_ros2/install/mycobot_interfaces/share/mycobot_interfaces/cmake/ament_cmake_export_targets-extras.cmake
[0.918s] -- Up-to-date: /home/laptop5/mycobot_ros2/install/mycobot_interfaces/share/mycobot_interfaces/cmake/rosidl_cmake_export_typesupport_targets-extras.cmake
[0.918s] -- Up-to-date: /home/laptop5/mycobot_ros2/install/mycobot_interfaces/share/mycobot_interfaces/cmake/rosidl_cmake_export_typesupport_libraries-extras.cmake
[0.918s] -- Up-to-date: /home/laptop5/mycobot_ros2/install/mycobot_interfaces/share/mycobot_interfaces/cmake/mycobot_interfacesConfig.cmake
[0.918s] -- Up-to-date: /home/laptop5/mycobot_ros2/install/mycobot_interfaces/share/mycobot_interfaces/cmake/mycobot_interfacesConfig-version.cmake
[0.918s] -- Up-to-date: /home/laptop5/mycobot_ros2/install/mycobot_interfaces/share/mycobot_interfaces/package.xml
[0.920s] Invoked command in '/home/laptop5/mycobot_ros2/build/mycobot_interfaces' returned '0': CMAKE_PREFIX_PATH=${CMAKE_PREFIX_PATH}:/home/laptop5/mycobot_ros2/install/mycobot_communication:/home/laptop5/mycobot_ros2/install/mycobot_320pi:/home/laptop5/mycobot_ros2/install/mycobot_320:/home/laptop5/mycobot_ros2/install/mycobot_280pi:/home/laptop5/mycobot_ros2/install/mycobot_280jn:/home/laptop5/mycobot_ros2/install/mycobot_280_x3pi:/home/laptop5/mycobot_ros2/install/mycobot_280_riscv:/home/laptop5/mycobot_ros2/install/mycobot_280_moveit2_control:/home/laptop5/mycobot_ros2/install/mycobot_280_arduino:/home/laptop5/mycobot_ros2/install/mycobot_280:/home/laptop5/mycobot_ros2/install/mybuddy:/home/laptop5/mycobot_ros2/install/myarm_300:/home/laptop5/mycobot_ros2/install/mecharm_pi:/home/laptop5/mycobot_ros2/install/mecharm:/home/laptop5/mycobot_ros2/install/mycobot_description:/opt/ros/jazzy DEBUGINFOD_URLS=https://debuginfod.ubuntu.com /usr/bin/cmake --install /home/laptop5/mycobot_ros2/build/mycobot_interfaces
