[13.899s] Invoking command in '/home/laptop5/mycobot_ros2/mycobot_280/mycobot_280jn': AMENT_PREFIX_PATH=/home/laptop5/mycobot_ros2/install/mycobot_description:${AMENT_PREFIX_PATH} DEBUGINFOD_URLS=https://debuginfod.ubuntu.com PYTHONPATH=/home/laptop5/mycobot_ros2/build/mycobot_280jn/prefix_override:/usr/lib/python3/dist-packages/colcon_core/task/python/colcon_distutils_commands:/home/laptop5/mycobot_ros2/install/mycobot_280jn/lib/python3.12/site-packages:/home/laptop5/mycobot_ros2/install/mycobot_description/lib/python3.12/site-packages:${PYTHONPATH} /usr/bin/python3 -W ignore:setup.py install is deprecated -W ignore:easy_install command is deprecated setup.py egg_info --egg-base ../../build/mycobot_280jn build --build-base /home/laptop5/mycobot_ros2/build/mycobot_280jn/build install --record /home/laptop5/mycobot_ros2/build/mycobot_280jn/install.log --single-version-externally-managed install_data
[17.563s] running egg_info
[17.564s] creating ../../build/mycobot_280jn/mycobot_280jn.egg-info
[17.855s] writing ../../build/mycobot_280jn/mycobot_280jn.egg-info/PKG-INFO
[17.863s] writing dependency_links to ../../build/mycobot_280jn/mycobot_280jn.egg-info/dependency_links.txt
[17.863s] writing entry points to ../../build/mycobot_280jn/mycobot_280jn.egg-info/entry_points.txt
[17.864s] writing requirements to ../../build/mycobot_280jn/mycobot_280jn.egg-info/requires.txt
[17.872s] writing top-level names to ../../build/mycobot_280jn/mycobot_280jn.egg-info/top_level.txt
[17.878s] writing manifest file '../../build/mycobot_280jn/mycobot_280jn.egg-info/SOURCES.txt'
[18.248s] reading manifest file '../../build/mycobot_280jn/mycobot_280jn.egg-info/SOURCES.txt'
[18.248s] adding license file 'LICENSE'
[18.248s] writing manifest file '../../build/mycobot_280jn/mycobot_280jn.egg-info/SOURCES.txt'
[18.256s] running build
[18.258s] running build_py
[18.260s] creating /home/laptop5/mycobot_ros2/build/mycobot_280jn/build
[18.260s] creating /home/laptop5/mycobot_ros2/build/mycobot_280jn/build/lib
[18.261s] creating /home/laptop5/mycobot_ros2/build/mycobot_280jn/build/lib/mycobot_280jn
[18.263s] copying mycobot_280jn/__init__.py -> /home/laptop5/mycobot_ros2/build/mycobot_280jn/build/lib/mycobot_280jn
[18.264s] copying mycobot_280jn/opencv_camera.py -> /home/laptop5/mycobot_ros2/build/mycobot_280jn/build/lib/mycobot_280jn
[18.264s] copying mycobot_280jn/camera_display.py -> /home/laptop5/mycobot_ros2/build/mycobot_280jn/build/lib/mycobot_280jn
[18.264s] copying mycobot_280jn/listen_real_of_topic.py -> /home/laptop5/mycobot_ros2/build/mycobot_280jn/build/lib/mycobot_280jn
[18.264s] copying mycobot_280jn/listen_real_service.py -> /home/laptop5/mycobot_ros2/build/mycobot_280jn/build/lib/mycobot_280jn
[18.265s] copying mycobot_280jn/teleop_keyboard.py -> /home/laptop5/mycobot_ros2/build/mycobot_280jn/build/lib/mycobot_280jn
[18.380s] copying mycobot_280jn/follow_display.py -> /home/laptop5/mycobot_ros2/build/mycobot_280jn/build/lib/mycobot_280jn
[18.380s] copying mycobot_280jn/simple_gui.py -> /home/laptop5/mycobot_ros2/build/mycobot_280jn/build/lib/mycobot_280jn
[18.381s] copying mycobot_280jn/listen_real.py -> /home/laptop5/mycobot_ros2/build/mycobot_280jn/build/lib/mycobot_280jn
[18.381s] copying mycobot_280jn/slider_control_adaptive_gripper.py -> /home/laptop5/mycobot_ros2/build/mycobot_280jn/build/lib/mycobot_280jn
[18.396s] copying mycobot_280jn/slider_control.py -> /home/laptop5/mycobot_ros2/build/mycobot_280jn/build/lib/mycobot_280jn
[18.396s] running install
[18.413s] running install_lib
[18.549s] creating /home/laptop5/mycobot_ros2/install/mycobot_280jn/lib/python3.12/site-packages/mycobot_280jn
[18.552s] copying /home/laptop5/mycobot_ros2/build/mycobot_280jn/build/lib/mycobot_280jn/__init__.py -> /home/laptop5/mycobot_ros2/install/mycobot_280jn/lib/python3.12/site-packages/mycobot_280jn
[18.554s] copying /home/laptop5/mycobot_ros2/build/mycobot_280jn/build/lib/mycobot_280jn/opencv_camera.py -> /home/laptop5/mycobot_ros2/install/mycobot_280jn/lib/python3.12/site-packages/mycobot_280jn
[18.554s] copying /home/laptop5/mycobot_ros2/build/mycobot_280jn/build/lib/mycobot_280jn/camera_display.py -> /home/laptop5/mycobot_ros2/install/mycobot_280jn/lib/python3.12/site-packages/mycobot_280jn
[18.555s] copying /home/laptop5/mycobot_ros2/build/mycobot_280jn/build/lib/mycobot_280jn/listen_real_of_topic.py -> /home/laptop5/mycobot_ros2/install/mycobot_280jn/lib/python3.12/site-packages/mycobot_280jn
[18.555s] copying /home/laptop5/mycobot_ros2/build/mycobot_280jn/build/lib/mycobot_280jn/listen_real_service.py -> /home/laptop5/mycobot_ros2/install/mycobot_280jn/lib/python3.12/site-packages/mycobot_280jn
[18.557s] copying /home/laptop5/mycobot_ros2/build/mycobot_280jn/build/lib/mycobot_280jn/teleop_keyboard.py -> /home/laptop5/mycobot_ros2/install/mycobot_280jn/lib/python3.12/site-packages/mycobot_280jn
[18.568s] copying /home/laptop5/mycobot_ros2/build/mycobot_280jn/build/lib/mycobot_280jn/follow_display.py -> /home/laptop5/mycobot_ros2/install/mycobot_280jn/lib/python3.12/site-packages/mycobot_280jn
[18.568s] copying /home/laptop5/mycobot_ros2/build/mycobot_280jn/build/lib/mycobot_280jn/simple_gui.py -> /home/laptop5/mycobot_ros2/install/mycobot_280jn/lib/python3.12/site-packages/mycobot_280jn
[18.569s] copying /home/laptop5/mycobot_ros2/build/mycobot_280jn/build/lib/mycobot_280jn/listen_real.py -> /home/laptop5/mycobot_ros2/install/mycobot_280jn/lib/python3.12/site-packages/mycobot_280jn
[18.569s] copying /home/laptop5/mycobot_ros2/build/mycobot_280jn/build/lib/mycobot_280jn/slider_control_adaptive_gripper.py -> /home/laptop5/mycobot_ros2/install/mycobot_280jn/lib/python3.12/site-packages/mycobot_280jn
[18.569s] copying /home/laptop5/mycobot_ros2/build/mycobot_280jn/build/lib/mycobot_280jn/slider_control.py -> /home/laptop5/mycobot_ros2/install/mycobot_280jn/lib/python3.12/site-packages/mycobot_280jn
[18.575s] byte-compiling /home/laptop5/mycobot_ros2/install/mycobot_280jn/lib/python3.12/site-packages/mycobot_280jn/__init__.py to __init__.cpython-312.pyc
[18.575s] byte-compiling /home/laptop5/mycobot_ros2/install/mycobot_280jn/lib/python3.12/site-packages/mycobot_280jn/opencv_camera.py to opencv_camera.cpython-312.pyc
[18.583s] byte-compiling /home/laptop5/mycobot_ros2/install/mycobot_280jn/lib/python3.12/site-packages/mycobot_280jn/camera_display.py to camera_display.cpython-312.pyc
[18.597s] byte-compiling /home/laptop5/mycobot_ros2/install/mycobot_280jn/lib/python3.12/site-packages/mycobot_280jn/listen_real_of_topic.py to listen_real_of_topic.cpython-312.pyc
[18.597s] byte-compiling /home/laptop5/mycobot_ros2/install/mycobot_280jn/lib/python3.12/site-packages/mycobot_280jn/listen_real_service.py to listen_real_service.cpython-312.pyc
[18.623s] byte-compiling /home/laptop5/mycobot_ros2/install/mycobot_280jn/lib/python3.12/site-packages/mycobot_280jn/teleop_keyboard.py to teleop_keyboard.cpython-312.pyc
[18.683s] byte-compiling /home/laptop5/mycobot_ros2/install/mycobot_280jn/lib/python3.12/site-packages/mycobot_280jn/follow_display.py to follow_display.cpython-312.pyc
[18.683s] byte-compiling /home/laptop5/mycobot_ros2/install/mycobot_280jn/lib/python3.12/site-packages/mycobot_280jn/simple_gui.py to simple_gui.cpython-312.pyc
[18.736s] byte-compiling /home/laptop5/mycobot_ros2/install/mycobot_280jn/lib/python3.12/site-packages/mycobot_280jn/listen_real.py to listen_real.cpython-312.pyc
[18.757s] byte-compiling /home/laptop5/mycobot_ros2/install/mycobot_280jn/lib/python3.12/site-packages/mycobot_280jn/slider_control_adaptive_gripper.py to slider_control_adaptive_gripper.cpython-312.pyc
[18.770s] byte-compiling /home/laptop5/mycobot_ros2/install/mycobot_280jn/lib/python3.12/site-packages/mycobot_280jn/slider_control.py to slider_control.cpython-312.pyc
[18.776s] running install_data
[18.776s] creating /home/laptop5/mycobot_ros2/install/mycobot_280jn/share/ament_index
[18.787s] creating /home/laptop5/mycobot_ros2/install/mycobot_280jn/share/ament_index/resource_index
[18.787s] creating /home/laptop5/mycobot_ros2/install/mycobot_280jn/share/ament_index/resource_index/packages
[18.788s] copying resource/mycobot_280jn -> /home/laptop5/mycobot_ros2/install/mycobot_280jn/share/ament_index/resource_index/packages
[18.788s] copying package.xml -> /home/laptop5/mycobot_ros2/install/mycobot_280jn/share/mycobot_280jn
[18.789s] creating /home/laptop5/mycobot_ros2/install/mycobot_280jn/share/mycobot_280jn/launch
[18.789s] copying launch/test_gripper.launch.py -> /home/laptop5/mycobot_ros2/install/mycobot_280jn/share/mycobot_280jn/launch
[18.790s] copying launch/slider_control.launch.py -> /home/laptop5/mycobot_ros2/install/mycobot_280jn/share/mycobot_280jn/launch
[18.791s] copying launch/mycobot_follow.launch.py -> /home/laptop5/mycobot_ros2/install/mycobot_280jn/share/mycobot_280jn/launch
[18.796s] copying launch/slider_control_adaptive_gripper.launch.py -> /home/laptop5/mycobot_ros2/install/mycobot_280jn/share/mycobot_280jn/launch
[18.796s] copying launch/simple_gui.launch.py -> /home/laptop5/mycobot_ros2/install/mycobot_280jn/share/mycobot_280jn/launch
[18.797s] copying launch/test.launch.py -> /home/laptop5/mycobot_ros2/install/mycobot_280jn/share/mycobot_280jn/launch
[18.798s] copying launch/teleop_keyboard.launch.py -> /home/laptop5/mycobot_ros2/install/mycobot_280jn/share/mycobot_280jn/launch
[18.799s] creating /home/laptop5/mycobot_ros2/install/mycobot_280jn/share/mycobot_280jn/config
[18.799s] copying config/mycobot_jn.rviz -> /home/laptop5/mycobot_ros2/install/mycobot_280jn/share/mycobot_280jn/config
[18.799s] copying config/mycobot_with_marker.rviz -> /home/laptop5/mycobot_ros2/install/mycobot_280jn/share/mycobot_280jn/config
[18.799s] running install_egg_info
[19.026s] Copying ../../build/mycobot_280jn/mycobot_280jn.egg-info to /home/laptop5/mycobot_ros2/install/mycobot_280jn/lib/python3.12/site-packages/mycobot_280jn-0.0.0-py3.12.egg-info
[19.042s] running install_scripts
[20.189s] Installing camera_display script to /home/laptop5/mycobot_ros2/install/mycobot_280jn/lib/mycobot_280jn
[20.191s] Installing follow_display script to /home/laptop5/mycobot_ros2/install/mycobot_280jn/lib/mycobot_280jn
[20.193s] Installing listen_real script to /home/laptop5/mycobot_ros2/install/mycobot_280jn/lib/mycobot_280jn
[20.194s] Installing listen_real_of_topic script to /home/laptop5/mycobot_ros2/install/mycobot_280jn/lib/mycobot_280jn
[20.194s] Installing listen_real_service script to /home/laptop5/mycobot_ros2/install/mycobot_280jn/lib/mycobot_280jn
[20.194s] Installing opencv_camera script to /home/laptop5/mycobot_ros2/install/mycobot_280jn/lib/mycobot_280jn
[20.195s] Installing simple_gui script to /home/laptop5/mycobot_ros2/install/mycobot_280jn/lib/mycobot_280jn
[20.195s] Installing slider_control script to /home/laptop5/mycobot_ros2/install/mycobot_280jn/lib/mycobot_280jn
[20.195s] Installing slider_control_adaptive_gripper script to /home/laptop5/mycobot_ros2/install/mycobot_280jn/lib/mycobot_280jn
[20.195s] Installing teleop_keyboard script to /home/laptop5/mycobot_ros2/install/mycobot_280jn/lib/mycobot_280jn
[20.196s] writing list of installed files to '/home/laptop5/mycobot_ros2/build/mycobot_280jn/install.log'
[22.909s] Invoked command in '/home/laptop5/mycobot_ros2/mycobot_280/mycobot_280jn' returned '0': AMENT_PREFIX_PATH=/home/laptop5/mycobot_ros2/install/mycobot_description:${AMENT_PREFIX_PATH} DEBUGINFOD_URLS=https://debuginfod.ubuntu.com PYTHONPATH=/home/laptop5/mycobot_ros2/build/mycobot_280jn/prefix_override:/usr/lib/python3/dist-packages/colcon_core/task/python/colcon_distutils_commands:/home/laptop5/mycobot_ros2/install/mycobot_280jn/lib/python3.12/site-packages:/home/laptop5/mycobot_ros2/install/mycobot_description/lib/python3.12/site-packages:${PYTHONPATH} /usr/bin/python3 -W ignore:setup.py install is deprecated -W ignore:easy_install command is deprecated setup.py egg_info --egg-base ../../build/mycobot_280jn build --build-base /home/laptop5/mycobot_ros2/build/mycobot_280jn/build install --record /home/laptop5/mycobot_ros2/build/mycobot_280jn/install.log --single-version-externally-managed install_data
