-- Install configuration: ""
-- Installing: /home/laptop5/mycobot_ros2/install/mycobot_280_moveit2/share/ament_index/resource_index/package_run_dependencies/mycobot_280_moveit2
-- Installing: /home/laptop5/mycobot_ros2/install/mycobot_280_moveit2/share/ament_index/resource_index/parent_prefix_path/mycobot_280_moveit2
-- Installing: /home/laptop5/mycobot_ros2/install/mycobot_280_moveit2/share/mycobot_280_moveit2/environment/ament_prefix_path.sh
-- Installing: /home/laptop5/mycobot_ros2/install/mycobot_280_moveit2/share/mycobot_280_moveit2/environment/ament_prefix_path.dsv
-- Installing: /home/laptop5/mycobot_ros2/install/mycobot_280_moveit2/share/mycobot_280_moveit2/environment/path.sh
-- Installing: /home/laptop5/mycobot_ros2/install/mycobot_280_moveit2/share/mycobot_280_moveit2/environment/path.dsv
-- Installing: /home/laptop5/mycobot_ros2/install/mycobot_280_moveit2/share/mycobot_280_moveit2/local_setup.bash
-- Installing: /home/laptop5/mycobot_ros2/install/mycobot_280_moveit2/share/mycobot_280_moveit2/local_setup.sh
-- Installing: /home/laptop5/mycobot_ros2/install/mycobot_280_moveit2/share/mycobot_280_moveit2/local_setup.zsh
-- Installing: /home/laptop5/mycobot_ros2/install/mycobot_280_moveit2/share/mycobot_280_moveit2/local_setup.dsv
-- Installing: /home/laptop5/mycobot_ros2/install/mycobot_280_moveit2/share/mycobot_280_moveit2/package.dsv
-- Installing: /home/laptop5/mycobot_ros2/install/mycobot_280_moveit2/share/ament_index/resource_index/packages/mycobot_280_moveit2
-- Installing: /home/laptop5/mycobot_ros2/install/mycobot_280_moveit2/share/mycobot_280_moveit2/cmake/mycobot_280_moveit2Config.cmake
-- Installing: /home/laptop5/mycobot_ros2/install/mycobot_280_moveit2/share/mycobot_280_moveit2/cmake/mycobot_280_moveit2Config-version.cmake
-- Installing: /home/laptop5/mycobot_ros2/install/mycobot_280_moveit2/share/mycobot_280_moveit2/package.xml
-- Installing: /home/laptop5/mycobot_ros2/install/mycobot_280_moveit2/share/mycobot_280_moveit2/launch
-- Installing: /home/laptop5/mycobot_ros2/install/mycobot_280_moveit2/share/mycobot_280_moveit2/launch/demo.launch.py
-- Installing: /home/laptop5/mycobot_ros2/install/mycobot_280_moveit2/share/mycobot_280_moveit2/launch/moveit_rviz.launch.py
-- Installing: /home/laptop5/mycobot_ros2/install/mycobot_280_moveit2/share/mycobot_280_moveit2/launch/move_group.launch.py
-- Installing: /home/laptop5/mycobot_ros2/install/mycobot_280_moveit2/share/mycobot_280_moveit2/launch/warehouse_db.launch.py
-- Installing: /home/laptop5/mycobot_ros2/install/mycobot_280_moveit2/share/mycobot_280_moveit2/launch/rsp.launch.py
-- Installing: /home/laptop5/mycobot_ros2/install/mycobot_280_moveit2/share/mycobot_280_moveit2/launch/setup_assistant.launch.py
-- Installing: /home/laptop5/mycobot_ros2/install/mycobot_280_moveit2/share/mycobot_280_moveit2/launch/static_virtual_joint_tfs.launch.py
-- Installing: /home/laptop5/mycobot_ros2/install/mycobot_280_moveit2/share/mycobot_280_moveit2/launch/spawn_controllers.launch.py
-- Installing: /home/laptop5/mycobot_ros2/install/mycobot_280_moveit2/share/mycobot_280_moveit2/config
-- Installing: /home/laptop5/mycobot_ros2/install/mycobot_280_moveit2/share/mycobot_280_moveit2/config/pilz_cartesian_limits.yaml
-- Installing: /home/laptop5/mycobot_ros2/install/mycobot_280_moveit2/share/mycobot_280_moveit2/config/ros2_controllers.yaml
-- Installing: /home/laptop5/mycobot_ros2/install/mycobot_280_moveit2/share/mycobot_280_moveit2/config/kinematics.yaml
-- Installing: /home/laptop5/mycobot_ros2/install/mycobot_280_moveit2/share/mycobot_280_moveit2/config/moveit.rviz
-- Installing: /home/laptop5/mycobot_ros2/install/mycobot_280_moveit2/share/mycobot_280_moveit2/config/moveit_controllers.yaml
-- Installing: /home/laptop5/mycobot_ros2/install/mycobot_280_moveit2/share/mycobot_280_moveit2/config/initial_positions.yaml
-- Installing: /home/laptop5/mycobot_ros2/install/mycobot_280_moveit2/share/mycobot_280_moveit2/config/joint_limits.yaml
-- Installing: /home/laptop5/mycobot_ros2/install/mycobot_280_moveit2/share/mycobot_280_moveit2/config/firefighter.srdf
-- Installing: /home/laptop5/mycobot_ros2/install/mycobot_280_moveit2/share/mycobot_280_moveit2/config/firefighter.urdf.xacro
-- Installing: /home/laptop5/mycobot_ros2/install/mycobot_280_moveit2/share/mycobot_280_moveit2/config/firefighter.ros2_control.xacro
-- Installing: /home/laptop5/mycobot_ros2/install/mycobot_280_moveit2/share/mycobot_280_moveit2/.setup_assistant
