/home/laptop5/mycobot_ros2/install/mecharm_pi/lib/python3.12/site-packages/mecharm_pi/__init__.py
/home/laptop5/mycobot_ros2/install/mecharm_pi/lib/python3.12/site-packages/mecharm_pi/listen_real_of_topic.py
/home/laptop5/mycobot_ros2/install/mecharm_pi/lib/python3.12/site-packages/mecharm_pi/listen_real_service.py
/home/laptop5/mycobot_ros2/install/mecharm_pi/lib/python3.12/site-packages/mecharm_pi/teleop_keyboard.py
/home/laptop5/mycobot_ros2/install/mecharm_pi/lib/python3.12/site-packages/mecharm_pi/follow_display.py
/home/laptop5/mycobot_ros2/install/mecharm_pi/lib/python3.12/site-packages/mecharm_pi/simple_gui.py
/home/laptop5/mycobot_ros2/install/mecharm_pi/lib/python3.12/site-packages/mecharm_pi/listen_real.py
/home/laptop5/mycobot_ros2/install/mecharm_pi/lib/python3.12/site-packages/mecharm_pi/slider_control_adaptive_gripper.py
/home/laptop5/mycobot_ros2/install/mecharm_pi/lib/python3.12/site-packages/mecharm_pi/slider_control.py
/home/laptop5/mycobot_ros2/install/mecharm_pi/lib/python3.12/site-packages/mecharm_pi/__pycache__/__init__.cpython-312.pyc
/home/laptop5/mycobot_ros2/install/mecharm_pi/lib/python3.12/site-packages/mecharm_pi/__pycache__/listen_real_of_topic.cpython-312.pyc
/home/laptop5/mycobot_ros2/install/mecharm_pi/lib/python3.12/site-packages/mecharm_pi/__pycache__/listen_real_service.cpython-312.pyc
/home/laptop5/mycobot_ros2/install/mecharm_pi/lib/python3.12/site-packages/mecharm_pi/__pycache__/teleop_keyboard.cpython-312.pyc
/home/laptop5/mycobot_ros2/install/mecharm_pi/lib/python3.12/site-packages/mecharm_pi/__pycache__/follow_display.cpython-312.pyc
/home/laptop5/mycobot_ros2/install/mecharm_pi/lib/python3.12/site-packages/mecharm_pi/__pycache__/simple_gui.cpython-312.pyc
/home/laptop5/mycobot_ros2/install/mecharm_pi/lib/python3.12/site-packages/mecharm_pi/__pycache__/listen_real.cpython-312.pyc
/home/laptop5/mycobot_ros2/install/mecharm_pi/lib/python3.12/site-packages/mecharm_pi/__pycache__/slider_control_adaptive_gripper.cpython-312.pyc
/home/laptop5/mycobot_ros2/install/mecharm_pi/lib/python3.12/site-packages/mecharm_pi/__pycache__/slider_control.cpython-312.pyc
/home/laptop5/mycobot_ros2/install/mecharm_pi/share/ament_index/resource_index/packages/mecharm_pi
/home/laptop5/mycobot_ros2/install/mecharm_pi/share/mecharm_pi/package.xml
/home/laptop5/mycobot_ros2/install/mecharm_pi/share/mecharm_pi/launch/slider_control.launch.py
/home/laptop5/mycobot_ros2/install/mecharm_pi/share/mecharm_pi/launch/slider_control_adaptive_gripper.launch.py
/home/laptop5/mycobot_ros2/install/mecharm_pi/share/mecharm_pi/launch/simple_gui.launch.py
/home/laptop5/mycobot_ros2/install/mecharm_pi/share/mecharm_pi/launch/test.launch.py
/home/laptop5/mycobot_ros2/install/mecharm_pi/share/mecharm_pi/launch/follow.launch.py
/home/laptop5/mycobot_ros2/install/mecharm_pi/share/mecharm_pi/launch/teleop_keyboard.launch.py
/home/laptop5/mycobot_ros2/install/mecharm_pi/share/mecharm_pi/launch/test_adaptive_gripper.launch.py
/home/laptop5/mycobot_ros2/install/mecharm_pi/share/mecharm_pi/config/mecharm_pi.rviz
/home/laptop5/mycobot_ros2/install/mecharm_pi/share/mecharm_pi/config/mycobot_with_marker.rviz
/home/laptop5/mycobot_ros2/install/mecharm_pi/lib/python3.12/site-packages/mecharm_pi-0.0.0-py3.12.egg-info/dependency_links.txt
/home/laptop5/mycobot_ros2/install/mecharm_pi/lib/python3.12/site-packages/mecharm_pi-0.0.0-py3.12.egg-info/PKG-INFO
/home/laptop5/mycobot_ros2/install/mecharm_pi/lib/python3.12/site-packages/mecharm_pi-0.0.0-py3.12.egg-info/SOURCES.txt
/home/laptop5/mycobot_ros2/install/mecharm_pi/lib/python3.12/site-packages/mecharm_pi-0.0.0-py3.12.egg-info/entry_points.txt
/home/laptop5/mycobot_ros2/install/mecharm_pi/lib/python3.12/site-packages/mecharm_pi-0.0.0-py3.12.egg-info/requires.txt
/home/laptop5/mycobot_ros2/install/mecharm_pi/lib/python3.12/site-packages/mecharm_pi-0.0.0-py3.12.egg-info/top_level.txt
/home/laptop5/mycobot_ros2/install/mecharm_pi/lib/python3.12/site-packages/mecharm_pi-0.0.0-py3.12.egg-info/zip-safe
/home/laptop5/mycobot_ros2/install/mecharm_pi/lib/mecharm_pi/follow_display
/home/laptop5/mycobot_ros2/install/mecharm_pi/lib/mecharm_pi/listen_real
/home/laptop5/mycobot_ros2/install/mecharm_pi/lib/mecharm_pi/listen_real_of_topic
/home/laptop5/mycobot_ros2/install/mecharm_pi/lib/mecharm_pi/listen_real_service
/home/laptop5/mycobot_ros2/install/mecharm_pi/lib/mecharm_pi/simple_gui
/home/laptop5/mycobot_ros2/install/mecharm_pi/lib/mecharm_pi/slider_control
/home/laptop5/mycobot_ros2/install/mecharm_pi/lib/mecharm_pi/slider_control_adaptive_gripper
/home/laptop5/mycobot_ros2/install/mecharm_pi/lib/mecharm_pi/teleop_keyboard
