[5.504s] Invoking command in '/home/laptop5/mycobot_ros2/mecharm/mecharm_pi': AMENT_PREFIX_PATH=/home/laptop5/mycobot_ros2/install/mycobot_description:${AMENT_PREFIX_PATH} DEBUGINFOD_URLS=https://debuginfod.ubuntu.com PYTHONPATH=/home/laptop5/mycobot_ros2/build/mecharm_pi/prefix_override:/usr/lib/python3/dist-packages/colcon_core/task/python/colcon_distutils_commands:/home/laptop5/mycobot_ros2/install/mecharm_pi/lib/python3.12/site-packages:/home/laptop5/mycobot_ros2/install/mycobot_description/lib/python3.12/site-packages:${PYTHONPATH} /usr/bin/python3 -W ignore:setup.py install is deprecated -W ignore:easy_install command is deprecated setup.py egg_info --egg-base ../../build/mecharm_pi build --build-base /home/laptop5/mycobot_ros2/build/mecharm_pi/build install --record /home/laptop5/mycobot_ros2/build/mecharm_pi/install.log --single-version-externally-managed install_data
[7.082s] running egg_info
[7.082s] creating ../../build/mecharm_pi/mecharm_pi.egg-info
[7.146s] writing ../../build/mecharm_pi/mecharm_pi.egg-info/PKG-INFO
[7.147s] writing dependency_links to ../../build/mecharm_pi/mecharm_pi.egg-info/dependency_links.txt
[7.148s] writing entry points to ../../build/mecharm_pi/mecharm_pi.egg-info/entry_points.txt
[7.150s] writing requirements to ../../build/mecharm_pi/mecharm_pi.egg-info/requires.txt
[7.150s] writing top-level names to ../../build/mecharm_pi/mecharm_pi.egg-info/top_level.txt
[7.150s] writing manifest file '../../build/mecharm_pi/mecharm_pi.egg-info/SOURCES.txt'
[7.317s] reading manifest file '../../build/mecharm_pi/mecharm_pi.egg-info/SOURCES.txt'
[7.321s] adding license file 'LICENSE'
[7.321s] writing manifest file '../../build/mecharm_pi/mecharm_pi.egg-info/SOURCES.txt'
[7.321s] running build
[7.321s] running build_py
[7.321s] creating /home/laptop5/mycobot_ros2/build/mecharm_pi/build
[7.322s] creating /home/laptop5/mycobot_ros2/build/mecharm_pi/build/lib
[7.322s] creating /home/laptop5/mycobot_ros2/build/mecharm_pi/build/lib/mecharm_pi
[7.322s] copying mecharm_pi/__init__.py -> /home/laptop5/mycobot_ros2/build/mecharm_pi/build/lib/mecharm_pi
[7.322s] copying mecharm_pi/listen_real_of_topic.py -> /home/laptop5/mycobot_ros2/build/mecharm_pi/build/lib/mecharm_pi
[7.322s] copying mecharm_pi/listen_real_service.py -> /home/laptop5/mycobot_ros2/build/mecharm_pi/build/lib/mecharm_pi
[7.323s] copying mecharm_pi/teleop_keyboard.py -> /home/laptop5/mycobot_ros2/build/mecharm_pi/build/lib/mecharm_pi
[7.323s] copying mecharm_pi/follow_display.py -> /home/laptop5/mycobot_ros2/build/mecharm_pi/build/lib/mecharm_pi
[7.323s] copying mecharm_pi/simple_gui.py -> /home/laptop5/mycobot_ros2/build/mecharm_pi/build/lib/mecharm_pi
[7.324s] copying mecharm_pi/listen_real.py -> /home/laptop5/mycobot_ros2/build/mecharm_pi/build/lib/mecharm_pi
[7.328s] copying mecharm_pi/slider_control_adaptive_gripper.py -> /home/laptop5/mycobot_ros2/build/mecharm_pi/build/lib/mecharm_pi
[7.328s] copying mecharm_pi/slider_control.py -> /home/laptop5/mycobot_ros2/build/mecharm_pi/build/lib/mecharm_pi
[7.328s] running install
[7.345s] running install_lib
[7.415s] creating /home/laptop5/mycobot_ros2/install/mecharm_pi/lib/python3.12/site-packages/mecharm_pi
[7.415s] copying /home/laptop5/mycobot_ros2/build/mecharm_pi/build/lib/mecharm_pi/__init__.py -> /home/laptop5/mycobot_ros2/install/mecharm_pi/lib/python3.12/site-packages/mecharm_pi
[7.416s] copying /home/laptop5/mycobot_ros2/build/mecharm_pi/build/lib/mecharm_pi/listen_real_of_topic.py -> /home/laptop5/mycobot_ros2/install/mecharm_pi/lib/python3.12/site-packages/mecharm_pi
[7.417s] copying /home/laptop5/mycobot_ros2/build/mecharm_pi/build/lib/mecharm_pi/listen_real_service.py -> /home/laptop5/mycobot_ros2/install/mecharm_pi/lib/python3.12/site-packages/mecharm_pi
[7.417s] copying /home/laptop5/mycobot_ros2/build/mecharm_pi/build/lib/mecharm_pi/teleop_keyboard.py -> /home/laptop5/mycobot_ros2/install/mecharm_pi/lib/python3.12/site-packages/mecharm_pi
[7.417s] copying /home/laptop5/mycobot_ros2/build/mecharm_pi/build/lib/mecharm_pi/follow_display.py -> /home/laptop5/mycobot_ros2/install/mecharm_pi/lib/python3.12/site-packages/mecharm_pi
[7.417s] copying /home/laptop5/mycobot_ros2/build/mecharm_pi/build/lib/mecharm_pi/simple_gui.py -> /home/laptop5/mycobot_ros2/install/mecharm_pi/lib/python3.12/site-packages/mecharm_pi
[7.418s] copying /home/laptop5/mycobot_ros2/build/mecharm_pi/build/lib/mecharm_pi/listen_real.py -> /home/laptop5/mycobot_ros2/install/mecharm_pi/lib/python3.12/site-packages/mecharm_pi
[7.418s] copying /home/laptop5/mycobot_ros2/build/mecharm_pi/build/lib/mecharm_pi/slider_control_adaptive_gripper.py -> /home/laptop5/mycobot_ros2/install/mecharm_pi/lib/python3.12/site-packages/mecharm_pi
[7.418s] copying /home/laptop5/mycobot_ros2/build/mecharm_pi/build/lib/mecharm_pi/slider_control.py -> /home/laptop5/mycobot_ros2/install/mecharm_pi/lib/python3.12/site-packages/mecharm_pi
[7.418s] byte-compiling /home/laptop5/mycobot_ros2/install/mecharm_pi/lib/python3.12/site-packages/mecharm_pi/__init__.py to __init__.cpython-312.pyc
[7.419s] byte-compiling /home/laptop5/mycobot_ros2/install/mecharm_pi/lib/python3.12/site-packages/mecharm_pi/listen_real_of_topic.py to listen_real_of_topic.cpython-312.pyc
[7.419s] byte-compiling /home/laptop5/mycobot_ros2/install/mecharm_pi/lib/python3.12/site-packages/mecharm_pi/listen_real_service.py to listen_real_service.cpython-312.pyc
[7.426s] byte-compiling /home/laptop5/mycobot_ros2/install/mecharm_pi/lib/python3.12/site-packages/mecharm_pi/teleop_keyboard.py to teleop_keyboard.cpython-312.pyc
[7.428s] byte-compiling /home/laptop5/mycobot_ros2/install/mecharm_pi/lib/python3.12/site-packages/mecharm_pi/follow_display.py to follow_display.cpython-312.pyc
[7.434s] byte-compiling /home/laptop5/mycobot_ros2/install/mecharm_pi/lib/python3.12/site-packages/mecharm_pi/simple_gui.py to simple_gui.cpython-312.pyc
[7.451s] byte-compiling /home/laptop5/mycobot_ros2/install/mecharm_pi/lib/python3.12/site-packages/mecharm_pi/listen_real.py to listen_real.cpython-312.pyc
[7.455s] byte-compiling /home/laptop5/mycobot_ros2/install/mecharm_pi/lib/python3.12/site-packages/mecharm_pi/slider_control_adaptive_gripper.py to slider_control_adaptive_gripper.cpython-312.pyc
[7.455s] byte-compiling /home/laptop5/mycobot_ros2/install/mecharm_pi/lib/python3.12/site-packages/mecharm_pi/slider_control.py to slider_control.cpython-312.pyc
[7.455s] running install_data
[7.455s] creating /home/laptop5/mycobot_ros2/install/mecharm_pi/share/ament_index
[7.456s] creating /home/laptop5/mycobot_ros2/install/mecharm_pi/share/ament_index/resource_index
[7.459s] creating /home/laptop5/mycobot_ros2/install/mecharm_pi/share/ament_index/resource_index/packages
[7.460s] copying resource/mecharm_pi -> /home/laptop5/mycobot_ros2/install/mecharm_pi/share/ament_index/resource_index/packages
[7.460s] copying package.xml -> /home/laptop5/mycobot_ros2/install/mecharm_pi/share/mecharm_pi
[7.460s] creating /home/laptop5/mycobot_ros2/install/mecharm_pi/share/mecharm_pi/launch
[7.460s] copying launch/slider_control.launch.py -> /home/laptop5/mycobot_ros2/install/mecharm_pi/share/mecharm_pi/launch
[7.460s] copying launch/slider_control_adaptive_gripper.launch.py -> /home/laptop5/mycobot_ros2/install/mecharm_pi/share/mecharm_pi/launch
[7.461s] copying launch/simple_gui.launch.py -> /home/laptop5/mycobot_ros2/install/mecharm_pi/share/mecharm_pi/launch
[7.461s] copying launch/test.launch.py -> /home/laptop5/mycobot_ros2/install/mecharm_pi/share/mecharm_pi/launch
[7.461s] copying launch/follow.launch.py -> /home/laptop5/mycobot_ros2/install/mecharm_pi/share/mecharm_pi/launch
[7.461s] copying launch/teleop_keyboard.launch.py -> /home/laptop5/mycobot_ros2/install/mecharm_pi/share/mecharm_pi/launch
[7.461s] copying launch/test_adaptive_gripper.launch.py -> /home/laptop5/mycobot_ros2/install/mecharm_pi/share/mecharm_pi/launch
[7.462s] creating /home/laptop5/mycobot_ros2/install/mecharm_pi/share/mecharm_pi/config
[7.462s] copying config/mecharm_pi.rviz -> /home/laptop5/mycobot_ros2/install/mecharm_pi/share/mecharm_pi/config
[7.462s] copying config/mycobot_with_marker.rviz -> /home/laptop5/mycobot_ros2/install/mecharm_pi/share/mecharm_pi/config
[7.462s] running install_egg_info
[7.520s] Copying ../../build/mecharm_pi/mecharm_pi.egg-info to /home/laptop5/mycobot_ros2/install/mecharm_pi/lib/python3.12/site-packages/mecharm_pi-0.0.0-py3.12.egg-info
[7.522s] running install_scripts
[7.928s] Installing follow_display script to /home/laptop5/mycobot_ros2/install/mecharm_pi/lib/mecharm_pi
[7.932s] Installing listen_real script to /home/laptop5/mycobot_ros2/install/mecharm_pi/lib/mecharm_pi
[7.932s] Installing listen_real_of_topic script to /home/laptop5/mycobot_ros2/install/mecharm_pi/lib/mecharm_pi
[7.932s] Installing listen_real_service script to /home/laptop5/mycobot_ros2/install/mecharm_pi/lib/mecharm_pi
[7.932s] Installing simple_gui script to /home/laptop5/mycobot_ros2/install/mecharm_pi/lib/mecharm_pi
[7.933s] Installing slider_control script to /home/laptop5/mycobot_ros2/install/mecharm_pi/lib/mecharm_pi
[7.933s] Installing slider_control_adaptive_gripper script to /home/laptop5/mycobot_ros2/install/mecharm_pi/lib/mecharm_pi
[7.933s] Installing teleop_keyboard script to /home/laptop5/mycobot_ros2/install/mecharm_pi/lib/mecharm_pi
[7.933s] writing list of installed files to '/home/laptop5/mycobot_ros2/build/mecharm_pi/install.log'
[8.064s] Invoked command in '/home/laptop5/mycobot_ros2/mecharm/mecharm_pi' returned '0': AMENT_PREFIX_PATH=/home/laptop5/mycobot_ros2/install/mycobot_description:${AMENT_PREFIX_PATH} DEBUGINFOD_URLS=https://debuginfod.ubuntu.com PYTHONPATH=/home/laptop5/mycobot_ros2/build/mecharm_pi/prefix_override:/usr/lib/python3/dist-packages/colcon_core/task/python/colcon_distutils_commands:/home/laptop5/mycobot_ros2/install/mecharm_pi/lib/python3.12/site-packages:/home/laptop5/mycobot_ros2/install/mycobot_description/lib/python3.12/site-packages:${PYTHONPATH} /usr/bin/python3 -W ignore:setup.py install is deprecated -W ignore:easy_install command is deprecated setup.py egg_info --egg-base ../../build/mecharm_pi build --build-base /home/laptop5/mycobot_ros2/build/mecharm_pi/build install --record /home/laptop5/mycobot_ros2/build/mecharm_pi/install.log --single-version-externally-managed install_data
