[1.796s] Invoking command in '/home/laptop5/mycobot_ros2/mycobot_280/mycobot_280pi': AMENT_PREFIX_PATH=/home/laptop5/mycobot_ros2/install/mycobot_description:${AMENT_PREFIX_PATH} DEBUGINFOD_URLS=https://debuginfod.ubuntu.com PYTHONPATH=/home/laptop5/mycobot_ros2/build/mycobot_280pi/prefix_override:/usr/lib/python3/dist-packages/colcon_core/task/python/colcon_distutils_commands:/home/laptop5/mycobot_ros2/install/mycobot_280pi/lib/python3.12/site-packages:/home/laptop5/mycobot_ros2/install/mycobot_description/lib/python3.12/site-packages:${PYTHONPATH} /usr/bin/python3 -W ignore:setup.py install is deprecated -W ignore:easy_install command is deprecated setup.py egg_info --egg-base ../../build/mycobot_280pi build --build-base /home/laptop5/mycobot_ros2/build/mycobot_280pi/build install --record /home/laptop5/mycobot_ros2/build/mycobot_280pi/install.log --single-version-externally-managed install_data
[2.478s] running egg_info
[2.530s] writing ../../build/mycobot_280pi/mycobot_280pi.egg-info/PKG-INFO
[2.530s] writing dependency_links to ../../build/mycobot_280pi/mycobot_280pi.egg-info/dependency_links.txt
[2.530s] writing entry points to ../../build/mycobot_280pi/mycobot_280pi.egg-info/entry_points.txt
[2.531s] writing requirements to ../../build/mycobot_280pi/mycobot_280pi.egg-info/requires.txt
[2.531s] writing top-level names to ../../build/mycobot_280pi/mycobot_280pi.egg-info/top_level.txt
[2.634s] reading manifest file '../../build/mycobot_280pi/mycobot_280pi.egg-info/SOURCES.txt'
[2.635s] adding license file 'LICENSE'
[2.636s] writing manifest file '../../build/mycobot_280pi/mycobot_280pi.egg-info/SOURCES.txt'
[2.637s] running build
[2.637s] running build_py
[2.638s] running install
[2.652s] running install_lib
[2.714s] running install_data
[2.714s] running install_egg_info
[2.746s] removing '/home/laptop5/mycobot_ros2/install/mycobot_280pi/lib/python3.12/site-packages/mycobot_280pi-0.0.0-py3.12.egg-info' (and everything under it)
[2.747s] Copying ../../build/mycobot_280pi/mycobot_280pi.egg-info to /home/laptop5/mycobot_ros2/install/mycobot_280pi/lib/python3.12/site-packages/mycobot_280pi-0.0.0-py3.12.egg-info
[2.748s] running install_scripts
[2.917s] Installing camera_display script to /home/laptop5/mycobot_ros2/install/mycobot_280pi/lib/mycobot_280pi
[2.917s] Installing follow_display script to /home/laptop5/mycobot_ros2/install/mycobot_280pi/lib/mycobot_280pi
[2.917s] Installing listen_real script to /home/laptop5/mycobot_ros2/install/mycobot_280pi/lib/mycobot_280pi
[2.917s] Installing listen_real_of_topic script to /home/laptop5/mycobot_ros2/install/mycobot_280pi/lib/mycobot_280pi
[2.918s] Installing listen_real_service script to /home/laptop5/mycobot_ros2/install/mycobot_280pi/lib/mycobot_280pi
[2.918s] Installing opencv_camera script to /home/laptop5/mycobot_ros2/install/mycobot_280pi/lib/mycobot_280pi
[2.918s] Installing simple_gui script to /home/laptop5/mycobot_ros2/install/mycobot_280pi/lib/mycobot_280pi
[2.918s] Installing slider_control script to /home/laptop5/mycobot_ros2/install/mycobot_280pi/lib/mycobot_280pi
[2.918s] Installing slider_control_adaptive_gripper script to /home/laptop5/mycobot_ros2/install/mycobot_280pi/lib/mycobot_280pi
[2.918s] Installing teleop_keyboard script to /home/laptop5/mycobot_ros2/install/mycobot_280pi/lib/mycobot_280pi
[2.918s] writing list of installed files to '/home/laptop5/mycobot_ros2/build/mycobot_280pi/install.log'
[2.958s] Invoked command in '/home/laptop5/mycobot_ros2/mycobot_280/mycobot_280pi' returned '0': AMENT_PREFIX_PATH=/home/laptop5/mycobot_ros2/install/mycobot_description:${AMENT_PREFIX_PATH} DEBUGINFOD_URLS=https://debuginfod.ubuntu.com PYTHONPATH=/home/laptop5/mycobot_ros2/build/mycobot_280pi/prefix_override:/usr/lib/python3/dist-packages/colcon_core/task/python/colcon_distutils_commands:/home/laptop5/mycobot_ros2/install/mycobot_280pi/lib/python3.12/site-packages:/home/laptop5/mycobot_ros2/install/mycobot_description/lib/python3.12/site-packages:${PYTHONPATH} /usr/bin/python3 -W ignore:setup.py install is deprecated -W ignore:easy_install command is deprecated setup.py egg_info --egg-base ../../build/mycobot_280pi build --build-base /home/laptop5/mycobot_ros2/build/mycobot_280pi/build install --record /home/laptop5/mycobot_ros2/build/mycobot_280pi/install.log --single-version-externally-managed install_data
