[13.838s] Invoking command in '/home/laptop5/mycobot_ros2/mycobot_320/mycobot_320': AMENT_PREFIX_PATH=/home/laptop5/mycobot_ros2/install/mycobot_description:${AMENT_PREFIX_PATH} DEBUGINFOD_URLS=https://debuginfod.ubuntu.com PYTHONPATH=/home/laptop5/mycobot_ros2/build/mycobot_320/prefix_override:/usr/lib/python3/dist-packages/colcon_core/task/python/colcon_distutils_commands:/home/laptop5/mycobot_ros2/install/mycobot_320/lib/python3.12/site-packages:/home/laptop5/mycobot_ros2/install/mycobot_description/lib/python3.12/site-packages:${PYTHONPATH} /usr/bin/python3 -W ignore:setup.py install is deprecated -W ignore:easy_install command is deprecated setup.py egg_info --egg-base ../../build/mycobot_320 build --build-base /home/laptop5/mycobot_ros2/build/mycobot_320/build install --record /home/laptop5/mycobot_ros2/build/mycobot_320/install.log --single-version-externally-managed install_data
[18.194s] running egg_info
[18.195s] creating ../../build/mycobot_320/mycobot_320.egg-info
[18.195s] writing ../../build/mycobot_320/mycobot_320.egg-info/PKG-INFO
[18.195s] writing dependency_links to ../../build/mycobot_320/mycobot_320.egg-info/dependency_links.txt
[18.195s] writing entry points to ../../build/mycobot_320/mycobot_320.egg-info/entry_points.txt
[18.196s] writing requirements to ../../build/mycobot_320/mycobot_320.egg-info/requires.txt
[18.202s] writing top-level names to ../../build/mycobot_320/mycobot_320.egg-info/top_level.txt
[18.202s] writing manifest file '../../build/mycobot_320/mycobot_320.egg-info/SOURCES.txt'
[18.203s] reading manifest file '../../build/mycobot_320/mycobot_320.egg-info/SOURCES.txt'
[18.203s] adding license file 'LICENSE'
[18.203s] writing manifest file '../../build/mycobot_320/mycobot_320.egg-info/SOURCES.txt'
[18.203s] running build
[18.203s] running build_py
[18.204s] creating /home/laptop5/mycobot_ros2/build/mycobot_320/build
[18.204s] creating /home/laptop5/mycobot_ros2/build/mycobot_320/build/lib
[18.223s] creating /home/laptop5/mycobot_ros2/build/mycobot_320/build/lib/mycobot_320
[18.223s] copying mycobot_320/__init__.py -> /home/laptop5/mycobot_ros2/build/mycobot_320/build/lib/mycobot_320
[18.224s] copying mycobot_320/listen_real_of_topic.py -> /home/laptop5/mycobot_ros2/build/mycobot_320/build/lib/mycobot_320
[18.228s] copying mycobot_320/listen_real_service.py -> /home/laptop5/mycobot_ros2/build/mycobot_320/build/lib/mycobot_320
[18.229s] copying mycobot_320/teleop_keyboard.py -> /home/laptop5/mycobot_ros2/build/mycobot_320/build/lib/mycobot_320
[18.229s] copying mycobot_320/follow_display.py -> /home/laptop5/mycobot_ros2/build/mycobot_320/build/lib/mycobot_320
[18.229s] copying mycobot_320/simple_gui.py -> /home/laptop5/mycobot_ros2/build/mycobot_320/build/lib/mycobot_320
[18.230s] copying mycobot_320/slider_control_force_gripper.py -> /home/laptop5/mycobot_ros2/build/mycobot_320/build/lib/mycobot_320
[18.230s] copying mycobot_320/listen_real.py -> /home/laptop5/mycobot_ros2/build/mycobot_320/build/lib/mycobot_320
[18.230s] copying mycobot_320/slider_control_adaptive_gripper.py -> /home/laptop5/mycobot_ros2/build/mycobot_320/build/lib/mycobot_320
[18.231s] copying mycobot_320/slider_control.py -> /home/laptop5/mycobot_ros2/build/mycobot_320/build/lib/mycobot_320
[18.242s] running install
[18.242s] running install_lib
[18.242s] creating /home/laptop5/mycobot_ros2/install/mycobot_320/lib/python3.12/site-packages/mycobot_320
[18.243s] copying /home/laptop5/mycobot_ros2/build/mycobot_320/build/lib/mycobot_320/__init__.py -> /home/laptop5/mycobot_ros2/install/mycobot_320/lib/python3.12/site-packages/mycobot_320
[18.243s] copying /home/laptop5/mycobot_ros2/build/mycobot_320/build/lib/mycobot_320/listen_real_of_topic.py -> /home/laptop5/mycobot_ros2/install/mycobot_320/lib/python3.12/site-packages/mycobot_320
[18.243s] copying /home/laptop5/mycobot_ros2/build/mycobot_320/build/lib/mycobot_320/listen_real_service.py -> /home/laptop5/mycobot_ros2/install/mycobot_320/lib/python3.12/site-packages/mycobot_320
[18.243s] copying /home/laptop5/mycobot_ros2/build/mycobot_320/build/lib/mycobot_320/teleop_keyboard.py -> /home/laptop5/mycobot_ros2/install/mycobot_320/lib/python3.12/site-packages/mycobot_320
[18.244s] copying /home/laptop5/mycobot_ros2/build/mycobot_320/build/lib/mycobot_320/follow_display.py -> /home/laptop5/mycobot_ros2/install/mycobot_320/lib/python3.12/site-packages/mycobot_320
[18.244s] copying /home/laptop5/mycobot_ros2/build/mycobot_320/build/lib/mycobot_320/simple_gui.py -> /home/laptop5/mycobot_ros2/install/mycobot_320/lib/python3.12/site-packages/mycobot_320
[18.244s] copying /home/laptop5/mycobot_ros2/build/mycobot_320/build/lib/mycobot_320/slider_control_force_gripper.py -> /home/laptop5/mycobot_ros2/install/mycobot_320/lib/python3.12/site-packages/mycobot_320
[18.244s] copying /home/laptop5/mycobot_ros2/build/mycobot_320/build/lib/mycobot_320/listen_real.py -> /home/laptop5/mycobot_ros2/install/mycobot_320/lib/python3.12/site-packages/mycobot_320
[18.245s] copying /home/laptop5/mycobot_ros2/build/mycobot_320/build/lib/mycobot_320/slider_control_adaptive_gripper.py -> /home/laptop5/mycobot_ros2/install/mycobot_320/lib/python3.12/site-packages/mycobot_320
[18.253s] copying /home/laptop5/mycobot_ros2/build/mycobot_320/build/lib/mycobot_320/slider_control.py -> /home/laptop5/mycobot_ros2/install/mycobot_320/lib/python3.12/site-packages/mycobot_320
[18.254s] byte-compiling /home/laptop5/mycobot_ros2/install/mycobot_320/lib/python3.12/site-packages/mycobot_320/__init__.py to __init__.cpython-312.pyc
[18.254s] byte-compiling /home/laptop5/mycobot_ros2/install/mycobot_320/lib/python3.12/site-packages/mycobot_320/listen_real_of_topic.py to listen_real_of_topic.cpython-312.pyc
[18.254s] byte-compiling /home/laptop5/mycobot_ros2/install/mycobot_320/lib/python3.12/site-packages/mycobot_320/listen_real_service.py to listen_real_service.cpython-312.pyc
[18.254s] byte-compiling /home/laptop5/mycobot_ros2/install/mycobot_320/lib/python3.12/site-packages/mycobot_320/teleop_keyboard.py to teleop_keyboard.cpython-312.pyc
[18.254s] byte-compiling /home/laptop5/mycobot_ros2/install/mycobot_320/lib/python3.12/site-packages/mycobot_320/follow_display.py to follow_display.cpython-312.pyc
[18.255s] byte-compiling /home/laptop5/mycobot_ros2/install/mycobot_320/lib/python3.12/site-packages/mycobot_320/simple_gui.py to simple_gui.cpython-312.pyc
[18.255s] byte-compiling /home/laptop5/mycobot_ros2/install/mycobot_320/lib/python3.12/site-packages/mycobot_320/slider_control_force_gripper.py to slider_control_force_gripper.cpython-312.pyc
[18.255s] byte-compiling /home/laptop5/mycobot_ros2/install/mycobot_320/lib/python3.12/site-packages/mycobot_320/listen_real.py to listen_real.cpython-312.pyc
[18.255s] byte-compiling /home/laptop5/mycobot_ros2/install/mycobot_320/lib/python3.12/site-packages/mycobot_320/slider_control_adaptive_gripper.py to slider_control_adaptive_gripper.cpython-312.pyc
[18.256s] byte-compiling /home/laptop5/mycobot_ros2/install/mycobot_320/lib/python3.12/site-packages/mycobot_320/slider_control.py to slider_control.cpython-312.pyc
[18.256s] running install_data
[18.256s] creating /home/laptop5/mycobot_ros2/install/mycobot_320/share/ament_index
[18.256s] creating /home/laptop5/mycobot_ros2/install/mycobot_320/share/ament_index/resource_index
[18.256s] creating /home/laptop5/mycobot_ros2/install/mycobot_320/share/ament_index/resource_index/packages
[18.257s] copying resource/mycobot_320 -> /home/laptop5/mycobot_ros2/install/mycobot_320/share/ament_index/resource_index/packages
[18.257s] copying package.xml -> /home/laptop5/mycobot_ros2/install/mycobot_320/share/mycobot_320
[18.272s] creating /home/laptop5/mycobot_ros2/install/mycobot_320/share/mycobot_320/launch
[18.273s] copying launch/slider_control_force_gripper.launch.py -> /home/laptop5/mycobot_ros2/install/mycobot_320/share/mycobot_320/launch
[18.273s] copying launch/slider_control.launch.py -> /home/laptop5/mycobot_ros2/install/mycobot_320/share/mycobot_320/launch
[18.273s] copying launch/mycobot_follow.launch.py -> /home/laptop5/mycobot_ros2/install/mycobot_320/share/mycobot_320/launch
[18.273s] copying launch/slider_control_adaptive_gripper.launch.py -> /home/laptop5/mycobot_ros2/install/mycobot_320/share/mycobot_320/launch
[18.274s] copying launch/simple_gui.launch.py -> /home/laptop5/mycobot_ros2/install/mycobot_320/share/mycobot_320/launch
[18.274s] copying launch/test.launch.py -> /home/laptop5/mycobot_ros2/install/mycobot_320/share/mycobot_320/launch
[18.274s] copying launch/test_force_gripper.launch.py -> /home/laptop5/mycobot_ros2/install/mycobot_320/share/mycobot_320/launch
[18.274s] copying launch/teleop_keyboard.launch.py -> /home/laptop5/mycobot_ros2/install/mycobot_320/share/mycobot_320/launch
[18.274s] copying launch/test_adaptive_gripper.launch.py -> /home/laptop5/mycobot_ros2/install/mycobot_320/share/mycobot_320/launch
[18.275s] creating /home/laptop5/mycobot_ros2/install/mycobot_320/share/mycobot_320/config
[18.275s] copying config/mycobot_pro_320.rviz -> /home/laptop5/mycobot_ros2/install/mycobot_320/share/mycobot_320/config
[18.275s] running install_egg_info
[18.275s] Copying ../../build/mycobot_320/mycobot_320.egg-info to /home/laptop5/mycobot_ros2/install/mycobot_320/lib/python3.12/site-packages/mycobot_320-0.0.0-py3.12.egg-info
[18.275s] running install_scripts
[18.461s] Installing camera_display script to /home/laptop5/mycobot_ros2/install/mycobot_320/lib/mycobot_320
[18.461s] Installing follow_display script to /home/laptop5/mycobot_ros2/install/mycobot_320/lib/mycobot_320
[18.462s] Installing listen_real script to /home/laptop5/mycobot_ros2/install/mycobot_320/lib/mycobot_320
[18.462s] Installing listen_real_of_topic script to /home/laptop5/mycobot_ros2/install/mycobot_320/lib/mycobot_320
[18.462s] Installing listen_real_service script to /home/laptop5/mycobot_ros2/install/mycobot_320/lib/mycobot_320
[18.462s] Installing simple_gui script to /home/laptop5/mycobot_ros2/install/mycobot_320/lib/mycobot_320
[18.462s] Installing slider_control script to /home/laptop5/mycobot_ros2/install/mycobot_320/lib/mycobot_320
[18.463s] Installing slider_control_adaptive_gripper script to /home/laptop5/mycobot_ros2/install/mycobot_320/lib/mycobot_320
[18.463s] Installing slider_control_force_gripper script to /home/laptop5/mycobot_ros2/install/mycobot_320/lib/mycobot_320
[18.463s] Installing teleop_keyboard script to /home/laptop5/mycobot_ros2/install/mycobot_320/lib/mycobot_320
[18.466s] writing list of installed files to '/home/laptop5/mycobot_ros2/build/mycobot_320/install.log'
[21.728s] Invoked command in '/home/laptop5/mycobot_ros2/mycobot_320/mycobot_320' returned '0': AMENT_PREFIX_PATH=/home/laptop5/mycobot_ros2/install/mycobot_description:${AMENT_PREFIX_PATH} DEBUGINFOD_URLS=https://debuginfod.ubuntu.com PYTHONPATH=/home/laptop5/mycobot_ros2/build/mycobot_320/prefix_override:/usr/lib/python3/dist-packages/colcon_core/task/python/colcon_distutils_commands:/home/laptop5/mycobot_ros2/install/mycobot_320/lib/python3.12/site-packages:/home/laptop5/mycobot_ros2/install/mycobot_description/lib/python3.12/site-packages:${PYTHONPATH} /usr/bin/python3 -W ignore:setup.py install is deprecated -W ignore:easy_install command is deprecated setup.py egg_info --egg-base ../../build/mycobot_320 build --build-base /home/laptop5/mycobot_ros2/build/mycobot_320/build install --record /home/laptop5/mycobot_ros2/build/mycobot_320/install.log --single-version-externally-managed install_data
