[0.915s] Invoking command in '/home/laptop5/mycobot_ros2/mycobot_communication': DEBUGINFOD_URLS=https://debuginfod.ubuntu.com PYTHONPATH=/home/laptop5/mycobot_ros2/build/mycobot_communication/prefix_override:/usr/lib/python3/dist-packages/colcon_core/task/python/colcon_distutils_commands:/home/laptop5/mycobot_ros2/install/mycobot_communication/lib/python3.12/site-packages:/home/laptop5/mycobot_ros2/install/mycobot_interfaces/lib/python3.12/site-packages:/home/laptop5/mycobot_ros2/install/mycobot_communication/lib/python3.12/site-packages:/home/laptop5/mycobot_ros2/install/mycobot_320pi/lib/python3.12/site-packages:/home/laptop5/mycobot_ros2/install/mycobot_320/lib/python3.12/site-packages:/home/laptop5/mycobot_ros2/install/mycobot_280pi/lib/python3.12/site-packages:/home/laptop5/mycobot_ros2/install/mycobot_280jn/lib/python3.12/site-packages:/home/laptop5/mycobot_ros2/install/mycobot_280_x3pi/lib/python3.12/site-packages:/home/laptop5/mycobot_ros2/install/mycobot_280_riscv/lib/python3.12/site-packages:/home/laptop5/mycobot_ros2/install/mycobot_280_moveit2_control/lib/python3.12/site-packages:/home/laptop5/mycobot_ros2/install/mycobot_280_arduino/lib/python3.12/site-packages:/home/laptop5/mycobot_ros2/install/mycobot_280/lib/python3.12/site-packages:/home/laptop5/mycobot_ros2/install/mybuddy/lib/python3.12/site-packages:/home/laptop5/mycobot_ros2/install/myarm_300/lib/python3.12/site-packages:/home/laptop5/mycobot_ros2/install/mecharm_pi/lib/python3.12/site-packages:/home/laptop5/mycobot_ros2/install/mecharm/lib/python3.12/site-packages:/home/laptop5/mycobot_ros2/install/mycobot_description/lib/python3.12/site-packages:/opt/ros/jazzy/lib/python3.12/site-packages /usr/bin/python3 -W ignore:setup.py install is deprecated -W ignore:easy_install command is deprecated setup.py egg_info --egg-base ../build/mycobot_communication build --build-base /home/laptop5/mycobot_ros2/build/mycobot_communication/build install --record /home/laptop5/mycobot_ros2/build/mycobot_communication/install.log --single-version-externally-managed install_data
[1.253s] running egg_info
[1.275s] writing ../build/mycobot_communication/mycobot_communication.egg-info/PKG-INFO
[1.276s] writing dependency_links to ../build/mycobot_communication/mycobot_communication.egg-info/dependency_links.txt
[1.276s] writing entry points to ../build/mycobot_communication/mycobot_communication.egg-info/entry_points.txt
[1.276s] writing requirements to ../build/mycobot_communication/mycobot_communication.egg-info/requires.txt
[1.276s] writing top-level names to ../build/mycobot_communication/mycobot_communication.egg-info/top_level.txt
[1.324s] reading manifest file '../build/mycobot_communication/mycobot_communication.egg-info/SOURCES.txt'
[1.324s] adding license file 'LICENSE'
[1.325s] writing manifest file '../build/mycobot_communication/mycobot_communication.egg-info/SOURCES.txt'
[1.325s] running build
[1.325s] running build_py
[1.325s] running install
[1.335s] running install_lib
[1.380s] running install_data
[1.381s] running install_egg_info
[1.407s] removing '/home/laptop5/mycobot_ros2/install/mycobot_communication/lib/python3.12/site-packages/mycobot_communication-0.0.0-py3.12.egg-info' (and everything under it)
[1.407s] Copying ../build/mycobot_communication/mycobot_communication.egg-info to /home/laptop5/mycobot_ros2/install/mycobot_communication/lib/python3.12/site-packages/mycobot_communication-0.0.0-py3.12.egg-info
[1.408s] running install_scripts
[1.544s] Installing mycobot_services script to /home/laptop5/mycobot_ros2/install/mycobot_communication/lib/mycobot_communication
[1.545s] Installing mycobot_topics script to /home/laptop5/mycobot_ros2/install/mycobot_communication/lib/mycobot_communication
[1.545s] Installing mycobot_topics_jsnn script to /home/laptop5/mycobot_ros2/install/mycobot_communication/lib/mycobot_communication
[1.545s] Installing mycobot_topics_pi script to /home/laptop5/mycobot_ros2/install/mycobot_communication/lib/mycobot_communication
[1.545s] Installing mycobot_topics_seeed script to /home/laptop5/mycobot_ros2/install/mycobot_communication/lib/mycobot_communication
[1.545s] writing list of installed files to '/home/laptop5/mycobot_ros2/build/mycobot_communication/install.log'
[1.967s] Invoked command in '/home/laptop5/mycobot_ros2/mycobot_communication' returned '0': DEBUGINFOD_URLS=https://debuginfod.ubuntu.com PYTHONPATH=/home/laptop5/mycobot_ros2/build/mycobot_communication/prefix_override:/usr/lib/python3/dist-packages/colcon_core/task/python/colcon_distutils_commands:/home/laptop5/mycobot_ros2/install/mycobot_communication/lib/python3.12/site-packages:/home/laptop5/mycobot_ros2/install/mycobot_interfaces/lib/python3.12/site-packages:/home/laptop5/mycobot_ros2/install/mycobot_communication/lib/python3.12/site-packages:/home/laptop5/mycobot_ros2/install/mycobot_320pi/lib/python3.12/site-packages:/home/laptop5/mycobot_ros2/install/mycobot_320/lib/python3.12/site-packages:/home/laptop5/mycobot_ros2/install/mycobot_280pi/lib/python3.12/site-packages:/home/laptop5/mycobot_ros2/install/mycobot_280jn/lib/python3.12/site-packages:/home/laptop5/mycobot_ros2/install/mycobot_280_x3pi/lib/python3.12/site-packages:/home/laptop5/mycobot_ros2/install/mycobot_280_riscv/lib/python3.12/site-packages:/home/laptop5/mycobot_ros2/install/mycobot_280_moveit2_control/lib/python3.12/site-packages:/home/laptop5/mycobot_ros2/install/mycobot_280_arduino/lib/python3.12/site-packages:/home/laptop5/mycobot_ros2/install/mycobot_280/lib/python3.12/site-packages:/home/laptop5/mycobot_ros2/install/mybuddy/lib/python3.12/site-packages:/home/laptop5/mycobot_ros2/install/myarm_300/lib/python3.12/site-packages:/home/laptop5/mycobot_ros2/install/mecharm_pi/lib/python3.12/site-packages:/home/laptop5/mycobot_ros2/install/mecharm/lib/python3.12/site-packages:/home/laptop5/mycobot_ros2/install/mycobot_description/lib/python3.12/site-packages:/opt/ros/jazzy/lib/python3.12/site-packages /usr/bin/python3 -W ignore:setup.py install is deprecated -W ignore:easy_install command is deprecated setup.py egg_info --egg-base ../build/mycobot_communication build --build-base /home/laptop5/mycobot_ros2/build/mycobot_communication/build install --record /home/laptop5/mycobot_ros2/build/mycobot_communication/install.log --single-version-externally-managed install_data
