[0.910s] Invoking command in '/home/laptop5/mycobot_ros2/mycobot_communication': DEBUGINFOD_URLS=https://debuginfod.ubuntu.com PYTHONPATH=/home/laptop5/mycobot_ros2/build/mycobot_communication/prefix_override:/usr/lib/python3/dist-packages/colcon_core/task/python/colcon_distutils_commands:/home/laptop5/mycobot_ros2/install/mycobot_communication/lib/python3.12/site-packages:/home/laptop5/mycobot_ros2/install/mycobot_interfaces/lib/python3.12/site-packages:/home/laptop5/mycobot_ros2/install/mycobot_communication/lib/python3.12/site-packages:/home/laptop5/mycobot_ros2/install/mycobot_320pi/lib/python3.12/site-packages:/home/laptop5/mycobot_ros2/install/mycobot_320/lib/python3.12/site-packages:/home/laptop5/mycobot_ros2/install/mycobot_280pi/lib/python3.12/site-packages:/home/laptop5/mycobot_ros2/install/mycobot_280jn/lib/python3.12/site-packages:/home/laptop5/mycobot_ros2/install/mycobot_280_x3pi/lib/python3.12/site-packages:/home/laptop5/mycobot_ros2/install/mycobot_280_riscv/lib/python3.12/site-packages:/home/laptop5/mycobot_ros2/install/mycobot_280_moveit2_control/lib/python3.12/site-packages:/home/laptop5/mycobot_ros2/install/mycobot_280_arduino/lib/python3.12/site-packages:/home/laptop5/mycobot_ros2/install/mycobot_280/lib/python3.12/site-packages:/home/laptop5/mycobot_ros2/install/mybuddy/lib/python3.12/site-packages:/home/laptop5/mycobot_ros2/install/myarm_300/lib/python3.12/site-packages:/home/laptop5/mycobot_ros2/install/mecharm_pi/lib/python3.12/site-packages:/home/laptop5/mycobot_ros2/install/mecharm/lib/python3.12/site-packages:/home/laptop5/mycobot_ros2/install/mycobot_description/lib/python3.12/site-packages:/opt/ros/jazzy/lib/python3.12/site-packages /usr/bin/python3 -W ignore:setup.py install is deprecated -W ignore:easy_install command is deprecated setup.py egg_info --egg-base ../build/mycobot_communication build --build-base /home/laptop5/mycobot_ros2/build/mycobot_communication/build install --record /home/laptop5/mycobot_ros2/build/mycobot_communication/install.log --single-version-externally-managed install_data
[1.222s] running egg_info
[1.247s] writing ../build/mycobot_communication/mycobot_communication.egg-info/PKG-INFO
[1.247s] writing dependency_links to ../build/mycobot_communication/mycobot_communication.egg-info/dependency_links.txt
[1.248s] writing entry points to ../build/mycobot_communication/mycobot_communication.egg-info/entry_points.txt
[1.248s] writing requirements to ../build/mycobot_communication/mycobot_communication.egg-info/requires.txt
[1.248s] writing top-level names to ../build/mycobot_communication/mycobot_communication.egg-info/top_level.txt
[1.296s] reading manifest file '../build/mycobot_communication/mycobot_communication.egg-info/SOURCES.txt'
[1.296s] adding license file 'LICENSE'
[1.297s] writing manifest file '../build/mycobot_communication/mycobot_communication.egg-info/SOURCES.txt'
[1.297s] running build
[1.298s] running build_py
[1.298s] running install
[1.307s] running install_lib
[1.325s] creating /home/laptop5/mycobot_ros2/install/mycobot_communication/lib/python3.12/site-packages/mycobot_communication
[1.325s] copying /home/laptop5/mycobot_ros2/build/mycobot_communication/build/lib/mycobot_communication/__init__.py -> /home/laptop5/mycobot_ros2/install/mycobot_communication/lib/python3.12/site-packages/mycobot_communication
[1.325s] copying /home/laptop5/mycobot_ros2/build/mycobot_communication/build/lib/mycobot_communication/mycobot_topics.py -> /home/laptop5/mycobot_ros2/install/mycobot_communication/lib/python3.12/site-packages/mycobot_communication
[1.325s] copying /home/laptop5/mycobot_ros2/build/mycobot_communication/build/lib/mycobot_communication/mycobot_topics_seeed.py -> /home/laptop5/mycobot_ros2/install/mycobot_communication/lib/python3.12/site-packages/mycobot_communication
[1.325s] copying /home/laptop5/mycobot_ros2/build/mycobot_communication/build/lib/mycobot_communication/mycobot_services.py -> /home/laptop5/mycobot_ros2/install/mycobot_communication/lib/python3.12/site-packages/mycobot_communication
[1.326s] copying /home/laptop5/mycobot_ros2/build/mycobot_communication/build/lib/mycobot_communication/mycobot_topics_pi.py -> /home/laptop5/mycobot_ros2/install/mycobot_communication/lib/python3.12/site-packages/mycobot_communication
[1.326s] copying /home/laptop5/mycobot_ros2/build/mycobot_communication/build/lib/mycobot_communication/mycobot_topics_jsnn.py -> /home/laptop5/mycobot_ros2/install/mycobot_communication/lib/python3.12/site-packages/mycobot_communication
[1.326s] byte-compiling /home/laptop5/mycobot_ros2/install/mycobot_communication/lib/python3.12/site-packages/mycobot_communication/__init__.py to __init__.cpython-312.pyc
[1.326s] byte-compiling /home/laptop5/mycobot_ros2/install/mycobot_communication/lib/python3.12/site-packages/mycobot_communication/mycobot_topics.py to mycobot_topics.cpython-312.pyc
[1.328s] byte-compiling /home/laptop5/mycobot_ros2/install/mycobot_communication/lib/python3.12/site-packages/mycobot_communication/mycobot_topics_seeed.py to mycobot_topics_seeed.cpython-312.pyc
[1.329s] byte-compiling /home/laptop5/mycobot_ros2/install/mycobot_communication/lib/python3.12/site-packages/mycobot_communication/mycobot_services.py to mycobot_services.cpython-312.pyc
[1.331s] byte-compiling /home/laptop5/mycobot_ros2/install/mycobot_communication/lib/python3.12/site-packages/mycobot_communication/mycobot_topics_pi.py to mycobot_topics_pi.cpython-312.pyc
[1.332s] byte-compiling /home/laptop5/mycobot_ros2/install/mycobot_communication/lib/python3.12/site-packages/mycobot_communication/mycobot_topics_jsnn.py to mycobot_topics_jsnn.cpython-312.pyc
[1.335s] running install_data
[1.335s] creating /home/laptop5/mycobot_ros2/install/mycobot_communication/share/ament_index
[1.335s] creating /home/laptop5/mycobot_ros2/install/mycobot_communication/share/ament_index/resource_index
[1.336s] creating /home/laptop5/mycobot_ros2/install/mycobot_communication/share/ament_index/resource_index/packages
[1.336s] copying resource/mycobot_communication -> /home/laptop5/mycobot_ros2/install/mycobot_communication/share/ament_index/resource_index/packages
[1.337s] copying package.xml -> /home/laptop5/mycobot_ros2/install/mycobot_communication/share/mycobot_communication
[1.337s] creating /home/laptop5/mycobot_ros2/install/mycobot_communication/share/mycobot_communication/launch
[1.337s] copying launch/communication_seeed.launch.py -> /home/laptop5/mycobot_ros2/install/mycobot_communication/share/mycobot_communication/launch
[1.337s] copying launch/communication_topic.launch.py -> /home/laptop5/mycobot_ros2/install/mycobot_communication/share/mycobot_communication/launch
[1.338s] copying launch/communication_service.launch.py -> /home/laptop5/mycobot_ros2/install/mycobot_communication/share/mycobot_communication/launch
[1.338s] copying launch/communication_jsnn.launch.py -> /home/laptop5/mycobot_ros2/install/mycobot_communication/share/mycobot_communication/launch
[1.338s] copying launch/communication_topic_pi.launch.py -> /home/laptop5/mycobot_ros2/install/mycobot_communication/share/mycobot_communication/launch
[1.338s] running install_egg_info
[1.361s] Copying ../build/mycobot_communication/mycobot_communication.egg-info to /home/laptop5/mycobot_ros2/install/mycobot_communication/lib/python3.12/site-packages/mycobot_communication-0.0.0-py3.12.egg-info
[1.361s] running install_scripts
[1.497s] Installing mycobot_services script to /home/laptop5/mycobot_ros2/install/mycobot_communication/lib/mycobot_communication
[1.497s] Installing mycobot_topics script to /home/laptop5/mycobot_ros2/install/mycobot_communication/lib/mycobot_communication
[1.498s] Installing mycobot_topics_jsnn script to /home/laptop5/mycobot_ros2/install/mycobot_communication/lib/mycobot_communication
[1.498s] Installing mycobot_topics_pi script to /home/laptop5/mycobot_ros2/install/mycobot_communication/lib/mycobot_communication
[1.498s] Installing mycobot_topics_seeed script to /home/laptop5/mycobot_ros2/install/mycobot_communication/lib/mycobot_communication
[1.498s] writing list of installed files to '/home/laptop5/mycobot_ros2/build/mycobot_communication/install.log'
[2.077s] Invoked command in '/home/laptop5/mycobot_ros2/mycobot_communication' returned '0': DEBUGINFOD_URLS=https://debuginfod.ubuntu.com PYTHONPATH=/home/laptop5/mycobot_ros2/build/mycobot_communication/prefix_override:/usr/lib/python3/dist-packages/colcon_core/task/python/colcon_distutils_commands:/home/laptop5/mycobot_ros2/install/mycobot_communication/lib/python3.12/site-packages:/home/laptop5/mycobot_ros2/install/mycobot_interfaces/lib/python3.12/site-packages:/home/laptop5/mycobot_ros2/install/mycobot_communication/lib/python3.12/site-packages:/home/laptop5/mycobot_ros2/install/mycobot_320pi/lib/python3.12/site-packages:/home/laptop5/mycobot_ros2/install/mycobot_320/lib/python3.12/site-packages:/home/laptop5/mycobot_ros2/install/mycobot_280pi/lib/python3.12/site-packages:/home/laptop5/mycobot_ros2/install/mycobot_280jn/lib/python3.12/site-packages:/home/laptop5/mycobot_ros2/install/mycobot_280_x3pi/lib/python3.12/site-packages:/home/laptop5/mycobot_ros2/install/mycobot_280_riscv/lib/python3.12/site-packages:/home/laptop5/mycobot_ros2/install/mycobot_280_moveit2_control/lib/python3.12/site-packages:/home/laptop5/mycobot_ros2/install/mycobot_280_arduino/lib/python3.12/site-packages:/home/laptop5/mycobot_ros2/install/mycobot_280/lib/python3.12/site-packages:/home/laptop5/mycobot_ros2/install/mybuddy/lib/python3.12/site-packages:/home/laptop5/mycobot_ros2/install/myarm_300/lib/python3.12/site-packages:/home/laptop5/mycobot_ros2/install/mecharm_pi/lib/python3.12/site-packages:/home/laptop5/mycobot_ros2/install/mecharm/lib/python3.12/site-packages:/home/laptop5/mycobot_ros2/install/mycobot_description/lib/python3.12/site-packages:/opt/ros/jazzy/lib/python3.12/site-packages /usr/bin/python3 -W ignore:setup.py install is deprecated -W ignore:easy_install command is deprecated setup.py egg_info --egg-base ../build/mycobot_communication build --build-base /home/laptop5/mycobot_ros2/build/mycobot_communication/build install --record /home/laptop5/mycobot_ros2/build/mycobot_communication/install.log --single-version-externally-managed install_data
