-- The C compiler identification is GNU 13.3.0
-- The CXX compiler identification is GNU 13.3.0
-- Detecting C compiler ABI info
-- Detecting C compiler ABI info - done
-- Check for working C compiler: /usr/bin/cc - skipped
-- Detecting C compile features
-- Detecting C compile features - done
-- Detecting CXX compiler ABI info
-- Detecting CXX compiler ABI info - done
-- Check for working CXX compiler: /usr/bin/c++ - skipped
-- Detecting CXX compile features
-- Detecting CXX compile features - done
-- Found ament_cmake: 2.5.4 (/opt/ros/jazzy/share/ament_cmake/cmake)
-- Found Python3: /usr/bin/python3 (found version "3.12.3") found components: Interpreter 
-- Found rosidl_default_generators: 1.6.0 (/opt/ros/jazzy/share/rosidl_default_generators/cmake)
-- Using all available rosidl_typesupport_c: rosidl_typesupport_fastrtps_c;rosidl_typesupport_introspection_c
-- Using all available rosidl_typesupport_cpp: rosidl_typesupport_fastrtps_cpp;rosidl_typesupport_introspection_cpp
-- Found rosidl_adapter: 4.6.6 (/opt/ros/jazzy/share/rosidl_adapter/cmake)
-- Found rclpy: 7.1.5 (/opt/ros/jazzy/share/rclpy/cmake)
-- Found std_msgs: 5.3.6 (/opt/ros/jazzy/share/std_msgs/cmake)
-- Found ament_cmake_ros: 0.12.0 (/opt/ros/jazzy/share/ament_cmake_ros/cmake)
-- Using all available rosidl_typesupport_c: rosidl_typesupport_fastrtps_c;rosidl_typesupport_introspection_c
-- Using all available rosidl_typesupport_cpp: rosidl_typesupport_fastrtps_cpp;rosidl_typesupport_introspection_cpp
-- Found python_cmake_module: 0.11.1 (/opt/ros/jazzy/share/python_cmake_module/cmake)
-- Found PythonExtra: /usr/bin/python3  
-- Found Python3: /usr/bin/python3 (found version "3.12.3") found components: Interpreter Development NumPy Development.Module Development.Embed 
-- Found ament_lint_auto: 0.17.3 (/opt/ros/jazzy/share/ament_lint_auto/cmake)
-- Added test 'copyright' to check source files copyright and LICENSE
-- Added test 'lint_cmake' to check CMake code style
-- Added test 'xmllint' to check XML markup files
-- Configuring done (7.2s)
-- Generating done (0.2s)
-- Build files have been written to: /home/laptop5/mycobot_ros2/build/mypalletizer_interfaces
[  1%] [34m[1mGenerating type hashes for ROS interfaces[0m
[  1%] Built target ament_cmake_python_copy_mypalletizer_interfaces
running egg_info
creating mypalletizer_interfaces.egg-info
writing mypalletizer_interfaces.egg-info/PKG-INFO
writing dependency_links to mypalletizer_interfaces.egg-info/dependency_links.txt
writing top-level names to mypalletizer_interfaces.egg-info/top_level.txt
writing manifest file 'mypalletizer_interfaces.egg-info/SOURCES.txt'
[  1%] Built target mypalletizer_interfaces__rosidl_generator_type_description
[  2%] [34m[1mGenerating C code for ROS interfaces[0m
reading manifest file 'mypalletizer_interfaces.egg-info/SOURCES.txt'
writing manifest file 'mypalletizer_interfaces.egg-info/SOURCES.txt'
[  2%] [34m[1mGenerating C++ code for ROS interfaces[0m
[  2%] Built target ament_cmake_python_build_mypalletizer_interfaces_egg
[  2%] Built target mypalletizer_interfaces__cpp
[  3%] [32mBuilding C object CMakeFiles/mypalletizer_interfaces__rosidl_generator_c.dir/rosidl_generator_c/mypalletizer_interfaces/msg/detail/mypal_angles__functions.c.o[0m
[  4%] [32mBuilding C object CMakeFiles/mypalletizer_interfaces__rosidl_generator_c.dir/rosidl_generator_c/mypalletizer_interfaces/msg/detail/mypal_angles__type_support.c.o[0m
[  4%] [32mBuilding C object CMakeFiles/mypalletizer_interfaces__rosidl_generator_c.dir/rosidl_generator_c/mypalletizer_interfaces/msg/detail/mypal_angles__description.c.o[0m
[  4%] [32mBuilding C object CMakeFiles/mypalletizer_interfaces__rosidl_generator_c.dir/rosidl_generator_c/mypalletizer_interfaces/msg/detail/mypal_set_angles__description.c.o[0m
[  5%] [32mBuilding C object CMakeFiles/mypalletizer_interfaces__rosidl_generator_c.dir/rosidl_generator_c/mypalletizer_interfaces/msg/detail/mypal_coords__functions.c.o[0m
[  5%] [32mBuilding C object CMakeFiles/mypalletizer_interfaces__rosidl_generator_c.dir/rosidl_generator_c/mypalletizer_interfaces/msg/detail/mypal_coords__description.c.o[0m
[  6%] [32mBuilding C object CMakeFiles/mypalletizer_interfaces__rosidl_generator_c.dir/rosidl_generator_c/mypalletizer_interfaces/msg/detail/mypal_set_coords__description.c.o[0m
[  7%] [32mBuilding C object CMakeFiles/mypalletizer_interfaces__rosidl_generator_c.dir/rosidl_generator_c/mypalletizer_interfaces/msg/detail/mypal_set_angles__functions.c.o[0m
[ 10%] [32mBuilding C object CMakeFiles/mypalletizer_interfaces__rosidl_generator_c.dir/rosidl_generator_c/mypalletizer_interfaces/msg/detail/mypal_set_coords__type_support.c.o[0m
[  8%] [32mBuilding C object CMakeFiles/mypalletizer_interfaces__rosidl_generator_c.dir/rosidl_generator_c/mypalletizer_interfaces/msg/detail/mypal_coords__type_support.c.o[0m
[  9%] [32mBuilding C object CMakeFiles/mypalletizer_interfaces__rosidl_generator_c.dir/rosidl_generator_c/mypalletizer_interfaces/msg/detail/mypal_set_angles__type_support.c.o[0m
[  9%] [32mBuilding C object CMakeFiles/mypalletizer_interfaces__rosidl_generator_c.dir/rosidl_generator_c/mypalletizer_interfaces/msg/detail/mypal_set_coords__functions.c.o[0m
[ 11%] [32mBuilding C object CMakeFiles/mypalletizer_interfaces__rosidl_generator_c.dir/rosidl_generator_c/mypalletizer_interfaces/msg/detail/mypal_gripper_status__description.c.o[0m
[ 11%] [32mBuilding C object CMakeFiles/mypalletizer_interfaces__rosidl_generator_c.dir/rosidl_generator_c/mypalletizer_interfaces/msg/detail/mypal_gripper_status__functions.c.o[0m
[ 12%] [32mBuilding C object CMakeFiles/mypalletizer_interfaces__rosidl_generator_c.dir/rosidl_generator_c/mypalletizer_interfaces/msg/detail/mypal_gripper_status__type_support.c.o[0m
[ 13%] [32mBuilding C object CMakeFiles/mypalletizer_interfaces__rosidl_generator_c.dir/rosidl_generator_c/mypalletizer_interfaces/msg/detail/mypal_pump_status__type_support.c.o[0m
[ 13%] [32mBuilding C object CMakeFiles/mypalletizer_interfaces__rosidl_generator_c.dir/rosidl_generator_c/mypalletizer_interfaces/msg/detail/mypal_pump_status__functions.c.o[0m
[ 14%] [32mBuilding C object CMakeFiles/mypalletizer_interfaces__rosidl_generator_c.dir/rosidl_generator_c/mypalletizer_interfaces/srv/detail/get_angles__description.c.o[0m
[ 15%] [32mBuilding C object CMakeFiles/mypalletizer_interfaces__rosidl_generator_c.dir/rosidl_generator_c/mypalletizer_interfaces/msg/detail/mypal_pump_status__description.c.o[0m
[ 15%] [32mBuilding C object CMakeFiles/mypalletizer_interfaces__rosidl_generator_c.dir/rosidl_generator_c/mypalletizer_interfaces/srv/detail/get_angles__functions.c.o[0m
[ 16%] [32mBuilding C object CMakeFiles/mypalletizer_interfaces__rosidl_generator_c.dir/rosidl_generator_c/mypalletizer_interfaces/srv/detail/set_angles__functions.c.o[0m
[ 17%] [32mBuilding C object CMakeFiles/mypalletizer_interfaces__rosidl_generator_c.dir/rosidl_generator_c/mypalletizer_interfaces/srv/detail/set_angles__description.c.o[0m
[ 18%] [32mBuilding C object CMakeFiles/mypalletizer_interfaces__rosidl_generator_c.dir/rosidl_generator_c/mypalletizer_interfaces/srv/detail/get_angles__type_support.c.o[0m
[ 18%] [32mBuilding C object CMakeFiles/mypalletizer_interfaces__rosidl_generator_c.dir/rosidl_generator_c/mypalletizer_interfaces/srv/detail/set_angles__type_support.c.o[0m
[ 19%] [32mBuilding C object CMakeFiles/mypalletizer_interfaces__rosidl_generator_c.dir/rosidl_generator_c/mypalletizer_interfaces/srv/detail/get_coords__description.c.o[0m
[ 20%] [32mBuilding C object CMakeFiles/mypalletizer_interfaces__rosidl_generator_c.dir/rosidl_generator_c/mypalletizer_interfaces/srv/detail/get_coords__functions.c.o[0m
[ 20%] [32mBuilding C object CMakeFiles/mypalletizer_interfaces__rosidl_generator_c.dir/rosidl_generator_c/mypalletizer_interfaces/srv/detail/get_coords__type_support.c.o[0m
[ 21%] [32mBuilding C object CMakeFiles/mypalletizer_interfaces__rosidl_generator_c.dir/rosidl_generator_c/mypalletizer_interfaces/srv/detail/set_coords__description.c.o[0m
[ 21%] [32mBuilding C object CMakeFiles/mypalletizer_interfaces__rosidl_generator_c.dir/rosidl_generator_c/mypalletizer_interfaces/srv/detail/set_coords__type_support.c.o[0m
[ 22%] [32mBuilding C object CMakeFiles/mypalletizer_interfaces__rosidl_generator_c.dir/rosidl_generator_c/mypalletizer_interfaces/srv/detail/set_coords__functions.c.o[0m
[ 23%] [32mBuilding C object CMakeFiles/mypalletizer_interfaces__rosidl_generator_c.dir/rosidl_generator_c/mypalletizer_interfaces/srv/detail/gripper_status__description.c.o[0m
[ 24%] [32mBuilding C object CMakeFiles/mypalletizer_interfaces__rosidl_generator_c.dir/rosidl_generator_c/mypalletizer_interfaces/srv/detail/pump_status__functions.c.o[0m
[ 26%] [32mBuilding C object CMakeFiles/mypalletizer_interfaces__rosidl_generator_c.dir/rosidl_generator_c/mypalletizer_interfaces/srv/detail/pump_status__type_support.c.o[0m
[ 26%] [32mBuilding C object CMakeFiles/mypalletizer_interfaces__rosidl_generator_c.dir/rosidl_generator_c/mypalletizer_interfaces/srv/detail/gripper_status__type_support.c.o[0m
[ 27%] [32mBuilding C object CMakeFiles/mypalletizer_interfaces__rosidl_generator_c.dir/rosidl_generator_c/mypalletizer_interfaces/srv/detail/gripper_status__functions.c.o[0m
[ 27%] [32mBuilding C object CMakeFiles/mypalletizer_interfaces__rosidl_generator_c.dir/rosidl_generator_c/mypalletizer_interfaces/srv/detail/pump_status__description.c.o[0m
[ 27%] [32m[1mLinking C shared library libmypalletizer_interfaces__rosidl_generator_c.so[0m
[ 27%] Built target mypalletizer_interfaces__rosidl_generator_c
[ 28%] [34m[1mGenerating C type support for eProsima Fast-RTPS[0m
[ 28%] [34m[1mGenerating C++ type support dispatch for ROS interfaces[0m
[ 29%] [34m[1mGenerating C introspection for ROS interfaces[0m
[ 30%] [34m[1mGenerating C type support dispatch for ROS interfaces[0m
[ 31%] [34m[1mGenerating C++ type support for eProsima Fast-RTPS[0m
[ 31%] [34m[1mGenerating C++ introspection for ROS interfaces[0m
[ 32%] [32mBuilding CXX object CMakeFiles/mypalletizer_interfaces__rosidl_typesupport_cpp.dir/rosidl_typesupport_cpp/mypalletizer_interfaces/msg/mypal_coords__type_support.cpp.o[0m
[ 33%] [32mBuilding CXX object CMakeFiles/mypalletizer_interfaces__rosidl_typesupport_cpp.dir/rosidl_typesupport_cpp/mypalletizer_interfaces/msg/mypal_angles__type_support.cpp.o[0m
[ 33%] [32mBuilding CXX object CMakeFiles/mypalletizer_interfaces__rosidl_typesupport_cpp.dir/rosidl_typesupport_cpp/mypalletizer_interfaces/msg/mypal_set_coords__type_support.cpp.o[0m
[ 34%] [32mBuilding CXX object CMakeFiles/mypalletizer_interfaces__rosidl_typesupport_cpp.dir/rosidl_typesupport_cpp/mypalletizer_interfaces/msg/mypal_pump_status__type_support.cpp.o[0m
[ 35%] [32mBuilding CXX object CMakeFiles/mypalletizer_interfaces__rosidl_typesupport_cpp.dir/rosidl_typesupport_cpp/mypalletizer_interfaces/msg/mypal_set_angles__type_support.cpp.o[0m
[ 36%] [32mBuilding CXX object CMakeFiles/mypalletizer_interfaces__rosidl_typesupport_cpp.dir/rosidl_typesupport_cpp/mypalletizer_interfaces/msg/mypal_gripper_status__type_support.cpp.o[0m
[ 36%] [32mBuilding CXX object CMakeFiles/mypalletizer_interfaces__rosidl_typesupport_cpp.dir/rosidl_typesupport_cpp/mypalletizer_interfaces/srv/get_angles__type_support.cpp.o[0m
[ 36%] [32mBuilding CXX object CMakeFiles/mypalletizer_interfaces__rosidl_typesupport_c.dir/rosidl_typesupport_c/mypalletizer_interfaces/msg/mypal_angles__type_support.cpp.o[0m
[ 37%] [32mBuilding CXX object CMakeFiles/mypalletizer_interfaces__rosidl_typesupport_c.dir/rosidl_typesupport_c/mypalletizer_interfaces/msg/mypal_coords__type_support.cpp.o[0m
[ 38%] [32mBuilding CXX object CMakeFiles/mypalletizer_interfaces__rosidl_typesupport_c.dir/rosidl_typesupport_c/mypalletizer_interfaces/msg/mypal_set_angles__type_support.cpp.o[0m
[ 39%] [32mBuilding CXX object CMakeFiles/mypalletizer_interfaces__rosidl_typesupport_cpp.dir/rosidl_typesupport_cpp/mypalletizer_interfaces/srv/set_angles__type_support.cpp.o[0m
[ 39%] [32mBuilding CXX object CMakeFiles/mypalletizer_interfaces__rosidl_typesupport_c.dir/rosidl_typesupport_c/mypalletizer_interfaces/msg/mypal_set_coords__type_support.cpp.o[0m
[ 40%] [32mBuilding CXX object CMakeFiles/mypalletizer_interfaces__rosidl_typesupport_cpp.dir/rosidl_typesupport_cpp/mypalletizer_interfaces/srv/get_coords__type_support.cpp.o[0m
[ 41%] [32mBuilding CXX object CMakeFiles/mypalletizer_interfaces__rosidl_typesupport_fastrtps_c.dir/rosidl_typesupport_fastrtps_c/mypalletizer_interfaces/msg/detail/mypal_angles__type_support_c.cpp.o[0m
[ 42%] [32mBuilding CXX object CMakeFiles/mypalletizer_interfaces__rosidl_typesupport_c.dir/rosidl_typesupport_c/mypalletizer_interfaces/msg/mypal_gripper_status__type_support.cpp.o[0m
[ 43%] [32mBuilding CXX object CMakeFiles/mypalletizer_interfaces__rosidl_typesupport_introspection_cpp.dir/rosidl_typesupport_introspection_cpp/mypalletizer_interfaces/msg/detail/mypal_angles__type_support.cpp.o[0m
[ 44%] [32mBuilding CXX object CMakeFiles/mypalletizer_interfaces__rosidl_typesupport_c.dir/rosidl_typesupport_c/mypalletizer_interfaces/msg/mypal_pump_status__type_support.cpp.o[0m
[ 45%] [32mBuilding CXX object CMakeFiles/mypalletizer_interfaces__rosidl_typesupport_fastrtps_c.dir/rosidl_typesupport_fastrtps_c/mypalletizer_interfaces/msg/detail/mypal_coords__type_support_c.cpp.o[0m
[ 45%] [32mBuilding CXX object CMakeFiles/mypalletizer_interfaces__rosidl_typesupport_introspection_cpp.dir/rosidl_typesupport_introspection_cpp/mypalletizer_interfaces/msg/detail/mypal_set_angles__type_support.cpp.o[0m
[ 46%] [32mBuilding CXX object CMakeFiles/mypalletizer_interfaces__rosidl_typesupport_introspection_cpp.dir/rosidl_typesupport_introspection_cpp/mypalletizer_interfaces/msg/detail/mypal_coords__type_support.cpp.o[0m
[ 47%] [32mBuilding CXX object CMakeFiles/mypalletizer_interfaces__rosidl_typesupport_c.dir/rosidl_typesupport_c/mypalletizer_interfaces/srv/get_angles__type_support.cpp.o[0m
[ 47%] [32mBuilding CXX object CMakeFiles/mypalletizer_interfaces__rosidl_typesupport_c.dir/rosidl_typesupport_c/mypalletizer_interfaces/srv/set_angles__type_support.cpp.o[0m
[ 48%] [32mBuilding CXX object CMakeFiles/mypalletizer_interfaces__rosidl_typesupport_c.dir/rosidl_typesupport_c/mypalletizer_interfaces/srv/get_coords__type_support.cpp.o[0m
[ 49%] [32mBuilding CXX object CMakeFiles/mypalletizer_interfaces__rosidl_typesupport_c.dir/rosidl_typesupport_c/mypalletizer_interfaces/srv/set_coords__type_support.cpp.o[0m
[ 49%] [32mBuilding C object CMakeFiles/mypalletizer_interfaces__rosidl_typesupport_introspection_c.dir/rosidl_typesupport_introspection_c/mypalletizer_interfaces/msg/detail/mypal_angles__type_support.c.o[0m
[ 49%] [32mBuilding CXX object CMakeFiles/mypalletizer_interfaces__rosidl_typesupport_c.dir/rosidl_typesupport_c/mypalletizer_interfaces/srv/gripper_status__type_support.cpp.o[0m
[ 50%] [32mBuilding C object CMakeFiles/mypalletizer_interfaces__rosidl_typesupport_introspection_c.dir/rosidl_typesupport_introspection_c/mypalletizer_interfaces/msg/detail/mypal_coords__type_support.c.o[0m
[ 51%] [32mBuilding C object CMakeFiles/mypalletizer_interfaces__rosidl_typesupport_introspection_c.dir/rosidl_typesupport_introspection_c/mypalletizer_interfaces/msg/detail/mypal_set_angles__type_support.c.o[0m
[ 52%] [32mBuilding CXX object CMakeFiles/mypalletizer_interfaces__rosidl_typesupport_c.dir/rosidl_typesupport_c/mypalletizer_interfaces/srv/pump_status__type_support.cpp.o[0m
[ 52%] [32mBuilding C object CMakeFiles/mypalletizer_interfaces__rosidl_typesupport_introspection_c.dir/rosidl_typesupport_introspection_c/mypalletizer_interfaces/msg/detail/mypal_set_coords__type_support.c.o[0m
[ 53%] [32mBuilding C object CMakeFiles/mypalletizer_interfaces__rosidl_typesupport_introspection_c.dir/rosidl_typesupport_introspection_c/mypalletizer_interfaces/msg/detail/mypal_gripper_status__type_support.c.o[0m
[ 54%] [32m[1mLinking CXX shared library libmypalletizer_interfaces__rosidl_typesupport_c.so[0m
[ 55%] [32mBuilding C object CMakeFiles/mypalletizer_interfaces__rosidl_typesupport_introspection_c.dir/rosidl_typesupport_introspection_c/mypalletizer_interfaces/msg/detail/mypal_pump_status__type_support.c.o[0m
[ 55%] [32mBuilding C object CMakeFiles/mypalletizer_interfaces__rosidl_typesupport_introspection_c.dir/rosidl_typesupport_introspection_c/mypalletizer_interfaces/srv/detail/get_angles__type_support.c.o[0m
[ 55%] Built target mypalletizer_interfaces__rosidl_typesupport_c
[ 56%] [32mBuilding C object CMakeFiles/mypalletizer_interfaces__rosidl_typesupport_introspection_c.dir/rosidl_typesupport_introspection_c/mypalletizer_interfaces/srv/detail/set_angles__type_support.c.o[0m
[ 57%] [32mBuilding C object CMakeFiles/mypalletizer_interfaces__rosidl_typesupport_introspection_c.dir/rosidl_typesupport_introspection_c/mypalletizer_interfaces/srv/detail/get_coords__type_support.c.o[0m
[ 58%] [32mBuilding C object CMakeFiles/mypalletizer_interfaces__rosidl_typesupport_introspection_c.dir/rosidl_typesupport_introspection_c/mypalletizer_interfaces/srv/detail/set_coords__type_support.c.o[0m
[ 59%] [32mBuilding CXX object CMakeFiles/mypalletizer_interfaces__rosidl_typesupport_fastrtps_c.dir/rosidl_typesupport_fastrtps_c/mypalletizer_interfaces/msg/detail/mypal_gripper_status__type_support_c.cpp.o[0m
[ 59%] [32mBuilding C object CMakeFiles/mypalletizer_interfaces__rosidl_typesupport_introspection_c.dir/rosidl_typesupport_introspection_c/mypalletizer_interfaces/srv/detail/gripper_status__type_support.c.o[0m
[ 60%] [32mBuilding CXX object CMakeFiles/mypalletizer_interfaces__rosidl_typesupport_fastrtps_cpp.dir/rosidl_typesupport_fastrtps_cpp/mypalletizer_interfaces/msg/detail/dds_fastrtps/mypal_angles__type_support.cpp.o[0m
[ 61%] [32mBuilding C object CMakeFiles/mypalletizer_interfaces__rosidl_typesupport_introspection_c.dir/rosidl_typesupport_introspection_c/mypalletizer_interfaces/srv/detail/pump_status__type_support.c.o[0m
[ 62%] [32mBuilding CXX object CMakeFiles/mypalletizer_interfaces__rosidl_typesupport_cpp.dir/rosidl_typesupport_cpp/mypalletizer_interfaces/srv/pump_status__type_support.cpp.o[0m
[ 63%] [32mBuilding CXX object CMakeFiles/mypalletizer_interfaces__rosidl_typesupport_introspection_cpp.dir/rosidl_typesupport_introspection_cpp/mypalletizer_interfaces/msg/detail/mypal_gripper_status__type_support.cpp.o[0m
[ 64%] [32m[1mLinking C shared library libmypalletizer_interfaces__rosidl_typesupport_introspection_c.so[0m
[ 64%] Built target mypalletizer_interfaces__rosidl_typesupport_introspection_c
[ 65%] [32mBuilding CXX object CMakeFiles/mypalletizer_interfaces__rosidl_typesupport_fastrtps_cpp.dir/rosidl_typesupport_fastrtps_cpp/mypalletizer_interfaces/msg/detail/dds_fastrtps/mypal_set_angles__type_support.cpp.o[0m
[ 65%] [32mBuilding CXX object CMakeFiles/mypalletizer_interfaces__rosidl_typesupport_introspection_cpp.dir/rosidl_typesupport_introspection_cpp/mypalletizer_interfaces/msg/detail/mypal_pump_status__type_support.cpp.o[0m
[ 65%] [32mBuilding CXX object CMakeFiles/mypalletizer_interfaces__rosidl_typesupport_fastrtps_c.dir/rosidl_typesupport_fastrtps_c/mypalletizer_interfaces/msg/detail/mypal_pump_status__type_support_c.cpp.o[0m
[ 66%] [32mBuilding CXX object CMakeFiles/mypalletizer_interfaces__rosidl_typesupport_introspection_cpp.dir/rosidl_typesupport_introspection_cpp/mypalletizer_interfaces/msg/detail/mypal_set_coords__type_support.cpp.o[0m
[ 67%] [32mBuilding CXX object CMakeFiles/mypalletizer_interfaces__rosidl_typesupport_cpp.dir/rosidl_typesupport_cpp/mypalletizer_interfaces/srv/gripper_status__type_support.cpp.o[0m
[ 68%] [32mBuilding CXX object CMakeFiles/mypalletizer_interfaces__rosidl_typesupport_fastrtps_cpp.dir/rosidl_typesupport_fastrtps_cpp/mypalletizer_interfaces/msg/detail/dds_fastrtps/mypal_pump_status__type_support.cpp.o[0m
[ 69%] [32mBuilding CXX object CMakeFiles/mypalletizer_interfaces__rosidl_typesupport_fastrtps_c.dir/rosidl_typesupport_fastrtps_c/mypalletizer_interfaces/srv/detail/set_angles__type_support_c.cpp.o[0m
[ 69%] [32mBuilding CXX object CMakeFiles/mypalletizer_interfaces__rosidl_typesupport_cpp.dir/rosidl_typesupport_cpp/mypalletizer_interfaces/srv/set_coords__type_support.cpp.o[0m
[ 70%] [32mBuilding CXX object CMakeFiles/mypalletizer_interfaces__rosidl_typesupport_introspection_cpp.dir/rosidl_typesupport_introspection_cpp/mypalletizer_interfaces/srv/detail/set_angles__type_support.cpp.o[0m
[ 70%] [32mBuilding CXX object CMakeFiles/mypalletizer_interfaces__rosidl_typesupport_fastrtps_cpp.dir/rosidl_typesupport_fastrtps_cpp/mypalletizer_interfaces/msg/detail/dds_fastrtps/mypal_gripper_status__type_support.cpp.o[0m
[ 71%] [32mBuilding CXX object CMakeFiles/mypalletizer_interfaces__rosidl_typesupport_introspection_cpp.dir/rosidl_typesupport_introspection_cpp/mypalletizer_interfaces/srv/detail/get_angles__type_support.cpp.o[0m
[ 72%] [32mBuilding CXX object CMakeFiles/mypalletizer_interfaces__rosidl_typesupport_fastrtps_c.dir/rosidl_typesupport_fastrtps_c/mypalletizer_interfaces/srv/detail/gripper_status__type_support_c.cpp.o[0m
[ 72%] [32m[1mLinking CXX shared library libmypalletizer_interfaces__rosidl_typesupport_cpp.so[0m
[ 72%] Built target mypalletizer_interfaces__rosidl_typesupport_cpp
[ 73%] [32mBuilding CXX object CMakeFiles/mypalletizer_interfaces__rosidl_typesupport_fastrtps_cpp.dir/rosidl_typesupport_fastrtps_cpp/mypalletizer_interfaces/srv/detail/dds_fastrtps/get_angles__type_support.cpp.o[0m
[ 74%] [32mBuilding CXX object CMakeFiles/mypalletizer_interfaces__rosidl_typesupport_introspection_cpp.dir/rosidl_typesupport_introspection_cpp/mypalletizer_interfaces/srv/detail/get_coords__type_support.cpp.o[0m
[ 74%] [32mBuilding CXX object CMakeFiles/mypalletizer_interfaces__rosidl_typesupport_fastrtps_c.dir/rosidl_typesupport_fastrtps_c/mypalletizer_interfaces/srv/detail/pump_status__type_support_c.cpp.o[0m
[ 75%] [32mBuilding CXX object CMakeFiles/mypalletizer_interfaces__rosidl_typesupport_fastrtps_cpp.dir/rosidl_typesupport_fastrtps_cpp/mypalletizer_interfaces/msg/detail/dds_fastrtps/mypal_set_coords__type_support.cpp.o[0m
[ 76%] [32mBuilding CXX object CMakeFiles/mypalletizer_interfaces__rosidl_typesupport_introspection_cpp.dir/rosidl_typesupport_introspection_cpp/mypalletizer_interfaces/srv/detail/pump_status__type_support.cpp.o[0m
[ 76%] [32mBuilding CXX object CMakeFiles/mypalletizer_interfaces__rosidl_typesupport_fastrtps_cpp.dir/rosidl_typesupport_fastrtps_cpp/mypalletizer_interfaces/srv/detail/dds_fastrtps/set_angles__type_support.cpp.o[0m
[ 77%] [32mBuilding CXX object CMakeFiles/mypalletizer_interfaces__rosidl_typesupport_fastrtps_c.dir/rosidl_typesupport_fastrtps_c/mypalletizer_interfaces/srv/detail/set_coords__type_support_c.cpp.o[0m
[ 78%] [32mBuilding CXX object CMakeFiles/mypalletizer_interfaces__rosidl_typesupport_introspection_cpp.dir/rosidl_typesupport_introspection_cpp/mypalletizer_interfaces/srv/detail/gripper_status__type_support.cpp.o[0m
[ 78%] [32mBuilding CXX object CMakeFiles/mypalletizer_interfaces__rosidl_typesupport_introspection_cpp.dir/rosidl_typesupport_introspection_cpp/mypalletizer_interfaces/srv/detail/set_coords__type_support.cpp.o[0m
[ 78%] [32mBuilding CXX object CMakeFiles/mypalletizer_interfaces__rosidl_typesupport_fastrtps_cpp.dir/rosidl_typesupport_fastrtps_cpp/mypalletizer_interfaces/srv/detail/dds_fastrtps/pump_status__type_support.cpp.o[0m
[ 78%] [32mBuilding CXX object CMakeFiles/mypalletizer_interfaces__rosidl_typesupport_fastrtps_c.dir/rosidl_typesupport_fastrtps_c/mypalletizer_interfaces/srv/detail/get_coords__type_support_c.cpp.o[0m
[ 78%] [32m[1mLinking CXX shared library libmypalletizer_interfaces__rosidl_typesupport_introspection_cpp.so[0m
[ 79%] [32mBuilding CXX object CMakeFiles/mypalletizer_interfaces__rosidl_typesupport_fastrtps_c.dir/rosidl_typesupport_fastrtps_c/mypalletizer_interfaces/srv/detail/get_angles__type_support_c.cpp.o[0m
[ 79%] Built target mypalletizer_interfaces__rosidl_typesupport_introspection_cpp
[ 80%] [32mBuilding CXX object CMakeFiles/mypalletizer_interfaces__rosidl_typesupport_fastrtps_cpp.dir/rosidl_typesupport_fastrtps_cpp/mypalletizer_interfaces/srv/detail/dds_fastrtps/gripper_status__type_support.cpp.o[0m
[ 81%] [32mBuilding CXX object CMakeFiles/mypalletizer_interfaces__rosidl_typesupport_fastrtps_c.dir/rosidl_typesupport_fastrtps_c/mypalletizer_interfaces/msg/detail/mypal_set_coords__type_support_c.cpp.o[0m
[ 82%] [32mBuilding CXX object CMakeFiles/mypalletizer_interfaces__rosidl_typesupport_fastrtps_cpp.dir/rosidl_typesupport_fastrtps_cpp/mypalletizer_interfaces/srv/detail/dds_fastrtps/set_coords__type_support.cpp.o[0m
[ 82%] [32mBuilding CXX object CMakeFiles/mypalletizer_interfaces__rosidl_typesupport_fastrtps_c.dir/rosidl_typesupport_fastrtps_c/mypalletizer_interfaces/msg/detail/mypal_set_angles__type_support_c.cpp.o[0m
[ 83%] [32mBuilding CXX object CMakeFiles/mypalletizer_interfaces__rosidl_typesupport_fastrtps_cpp.dir/rosidl_typesupport_fastrtps_cpp/mypalletizer_interfaces/srv/detail/dds_fastrtps/get_coords__type_support.cpp.o[0m
[ 84%] [32m[1mLinking CXX shared library libmypalletizer_interfaces__rosidl_typesupport_fastrtps_c.so[0m
[ 84%] Built target mypalletizer_interfaces__rosidl_typesupport_fastrtps_c
[ 84%] [32mBuilding CXX object CMakeFiles/mypalletizer_interfaces__rosidl_typesupport_fastrtps_cpp.dir/rosidl_typesupport_fastrtps_cpp/mypalletizer_interfaces/msg/detail/dds_fastrtps/mypal_coords__type_support.cpp.o[0m
[ 85%] [32m[1mLinking CXX shared library libmypalletizer_interfaces__rosidl_typesupport_fastrtps_cpp.so[0m
[ 85%] Built target mypalletizer_interfaces__rosidl_typesupport_fastrtps_cpp
