[0.277s] Invoking command in '/home/laptop5/mycobot_ros2/build/mypalletizer_interfaces': CMAKE_PREFIX_PATH=${CMAKE_PREFIX_PATH}:/home/laptop5/elephant_ws_two/install/mycobot_280pi:/home/laptop5/elephant_arm_ws/install/mycobot_description:/opt/ros/jazzy DEBUGINFOD_URLS=https://debuginfod.ubuntu.com /usr/bin/cmake /home/laptop5/mycobot_ros2/mypalletizer_260/mypalletizer_interfaces -DCMAKE_INSTALL_PREFIX=/home/laptop5/mycobot_ros2/install/mypalletizer_interfaces
[0.465s] -- The C compiler identification is GNU 13.3.0
[0.611s] -- The CXX compiler identification is GNU 13.3.0
[0.644s] -- Detecting C compiler ABI info
[0.814s] -- Detecting C compiler ABI info - done
[0.842s] -- Check for working C compiler: /usr/bin/cc - skipped
[0.842s] -- Detecting C compile features
[0.843s] -- Detecting C compile features - done
[0.862s] -- Detecting CXX compiler ABI info
[1.059s] -- Detecting CXX compiler ABI info - done
[1.085s] -- Check for working CXX compiler: /usr/bin/c++ - skipped
[1.086s] -- Detecting CXX compile features
[1.086s] -- Detecting CXX compile features - done
[1.116s] -- Found ament_cmake: 2.5.4 (/opt/ros/jazzy/share/ament_cmake/cmake)
[1.409s] -- Found Python3: /usr/bin/python3 (found version "3.12.3") found components: Interpreter 
[1.657s] -- Found rosidl_default_generators: 1.6.0 (/opt/ros/jazzy/share/rosidl_default_generators/cmake)
[1.677s] -- Using all available rosidl_typesupport_c: rosidl_typesupport_fastrtps_c;rosidl_typesupport_introspection_c
[1.771s] -- Using all available rosidl_typesupport_cpp: rosidl_typesupport_fastrtps_cpp;rosidl_typesupport_introspection_cpp
[1.854s] -- Found rosidl_adapter: 4.6.6 (/opt/ros/jazzy/share/rosidl_adapter/cmake)
[1.862s] -- Found rclpy: 7.1.5 (/opt/ros/jazzy/share/rclpy/cmake)
[1.867s] -- Found std_msgs: 5.3.6 (/opt/ros/jazzy/share/std_msgs/cmake)
[3.747s] -- Found ament_cmake_ros: 0.12.0 (/opt/ros/jazzy/share/ament_cmake_ros/cmake)
[4.595s] -- Using all available rosidl_typesupport_c: rosidl_typesupport_fastrtps_c;rosidl_typesupport_introspection_c
[5.719s] -- Using all available rosidl_typesupport_cpp: rosidl_typesupport_fastrtps_cpp;rosidl_typesupport_introspection_cpp
[5.731s] -- Found python_cmake_module: 0.11.1 (/opt/ros/jazzy/share/python_cmake_module/cmake)
[5.998s] -- Found PythonExtra: /usr/bin/python3  
[6.869s] -- Found Python3: /usr/bin/python3 (found version "3.12.3") found components: Interpreter Development NumPy Development.Module Development.Embed 
[7.185s] -- Found ament_lint_auto: 0.17.3 (/opt/ros/jazzy/share/ament_lint_auto/cmake)
[7.455s] -- Added test 'copyright' to check source files copyright and LICENSE
[7.469s] -- Added test 'lint_cmake' to check CMake code style
[7.480s] -- Added test 'xmllint' to check XML markup files
[7.504s] -- Configuring done (7.2s)
[7.771s] -- Generating done (0.2s)
[7.926s] -- Build files have been written to: /home/laptop5/mycobot_ros2/build/mypalletizer_interfaces
[7.974s] Invoked command in '/home/laptop5/mycobot_ros2/build/mypalletizer_interfaces' returned '0': CMAKE_PREFIX_PATH=${CMAKE_PREFIX_PATH}:/home/laptop5/elephant_ws_two/install/mycobot_280pi:/home/laptop5/elephant_arm_ws/install/mycobot_description:/opt/ros/jazzy DEBUGINFOD_URLS=https://debuginfod.ubuntu.com /usr/bin/cmake /home/laptop5/mycobot_ros2/mypalletizer_260/mypalletizer_interfaces -DCMAKE_INSTALL_PREFIX=/home/laptop5/mycobot_ros2/install/mypalletizer_interfaces
[7.981s] Invoking command in '/home/laptop5/mycobot_ros2/build/mypalletizer_interfaces': CMAKE_PREFIX_PATH=${CMAKE_PREFIX_PATH}:/home/laptop5/elephant_ws_two/install/mycobot_280pi:/home/laptop5/elephant_arm_ws/install/mycobot_description:/opt/ros/jazzy DEBUGINFOD_URLS=https://debuginfod.ubuntu.com /usr/bin/cmake --build /home/laptop5/mycobot_ros2/build/mypalletizer_interfaces -- -j12 -l12
[8.350s] [  1%] [34m[1mGenerating type hashes for ROS interfaces[0m
[8.363s] [  1%] Built target ament_cmake_python_copy_mypalletizer_interfaces
[9.403s] running egg_info
[9.406s] creating mypalletizer_interfaces.egg-info
[9.621s] writing mypalletizer_interfaces.egg-info/PKG-INFO
[9.621s] writing dependency_links to mypalletizer_interfaces.egg-info/dependency_links.txt
[9.626s] writing top-level names to mypalletizer_interfaces.egg-info/top_level.txt
[9.626s] writing manifest file 'mypalletizer_interfaces.egg-info/SOURCES.txt'
[9.950s] [  1%] Built target mypalletizer_interfaces__rosidl_generator_type_description
[10.139s] [  2%] [34m[1mGenerating C code for ROS interfaces[0m
[10.161s] reading manifest file 'mypalletizer_interfaces.egg-info/SOURCES.txt'
[10.161s] writing manifest file 'mypalletizer_interfaces.egg-info/SOURCES.txt'
[10.166s] [  2%] [34m[1mGenerating C++ code for ROS interfaces[0m
[10.294s] [  2%] Built target ament_cmake_python_build_mypalletizer_interfaces_egg
[13.625s] [  2%] Built target mypalletizer_interfaces__cpp
[15.500s] [  3%] [32mBuilding C object CMakeFiles/mypalletizer_interfaces__rosidl_generator_c.dir/rosidl_generator_c/mypalletizer_interfaces/msg/detail/mypal_angles__functions.c.o[0m
[15.509s] [  4%] [32mBuilding C object CMakeFiles/mypalletizer_interfaces__rosidl_generator_c.dir/rosidl_generator_c/mypalletizer_interfaces/msg/detail/mypal_angles__type_support.c.o[0m
[15.514s] [  4%] [32mBuilding C object CMakeFiles/mypalletizer_interfaces__rosidl_generator_c.dir/rosidl_generator_c/mypalletizer_interfaces/msg/detail/mypal_angles__description.c.o[0m
[15.515s] [  4%] [32mBuilding C object CMakeFiles/mypalletizer_interfaces__rosidl_generator_c.dir/rosidl_generator_c/mypalletizer_interfaces/msg/detail/mypal_set_angles__description.c.o[0m
[15.548s] [  5%] [32mBuilding C object CMakeFiles/mypalletizer_interfaces__rosidl_generator_c.dir/rosidl_generator_c/mypalletizer_interfaces/msg/detail/mypal_coords__functions.c.o[0m
[15.549s] [  5%] [32mBuilding C object CMakeFiles/mypalletizer_interfaces__rosidl_generator_c.dir/rosidl_generator_c/mypalletizer_interfaces/msg/detail/mypal_coords__description.c.o[0m
[15.552s] [  6%] [32mBuilding C object CMakeFiles/mypalletizer_interfaces__rosidl_generator_c.dir/rosidl_generator_c/mypalletizer_interfaces/msg/detail/mypal_set_coords__description.c.o[0m
[15.572s] [  7%] [32mBuilding C object CMakeFiles/mypalletizer_interfaces__rosidl_generator_c.dir/rosidl_generator_c/mypalletizer_interfaces/msg/detail/mypal_set_angles__functions.c.o[0m
[15.573s] [ 10%] [32mBuilding C object CMakeFiles/mypalletizer_interfaces__rosidl_generator_c.dir/rosidl_generator_c/mypalletizer_interfaces/msg/detail/mypal_set_coords__type_support.c.o[0m
[15.573s] [  8%] [32mBuilding C object CMakeFiles/mypalletizer_interfaces__rosidl_generator_c.dir/rosidl_generator_c/mypalletizer_interfaces/msg/detail/mypal_coords__type_support.c.o[0m
[15.574s] [  9%] [32mBuilding C object CMakeFiles/mypalletizer_interfaces__rosidl_generator_c.dir/rosidl_generator_c/mypalletizer_interfaces/msg/detail/mypal_set_angles__type_support.c.o[0m
[15.574s] [  9%] [32mBuilding C object CMakeFiles/mypalletizer_interfaces__rosidl_generator_c.dir/rosidl_generator_c/mypalletizer_interfaces/msg/detail/mypal_set_coords__functions.c.o[0m
[15.761s] [ 11%] [32mBuilding C object CMakeFiles/mypalletizer_interfaces__rosidl_generator_c.dir/rosidl_generator_c/mypalletizer_interfaces/msg/detail/mypal_gripper_status__description.c.o[0m
[15.790s] [ 11%] [32mBuilding C object CMakeFiles/mypalletizer_interfaces__rosidl_generator_c.dir/rosidl_generator_c/mypalletizer_interfaces/msg/detail/mypal_gripper_status__functions.c.o[0m
[15.902s] [ 12%] [32mBuilding C object CMakeFiles/mypalletizer_interfaces__rosidl_generator_c.dir/rosidl_generator_c/mypalletizer_interfaces/msg/detail/mypal_gripper_status__type_support.c.o[0m
[15.983s] [ 13%] [32mBuilding C object CMakeFiles/mypalletizer_interfaces__rosidl_generator_c.dir/rosidl_generator_c/mypalletizer_interfaces/msg/detail/mypal_pump_status__type_support.c.o[0m
[16.010s] [ 13%] [32mBuilding C object CMakeFiles/mypalletizer_interfaces__rosidl_generator_c.dir/rosidl_generator_c/mypalletizer_interfaces/msg/detail/mypal_pump_status__functions.c.o[0m
[16.024s] [ 14%] [32mBuilding C object CMakeFiles/mypalletizer_interfaces__rosidl_generator_c.dir/rosidl_generator_c/mypalletizer_interfaces/srv/detail/get_angles__description.c.o[0m
[16.025s] [ 15%] [32mBuilding C object CMakeFiles/mypalletizer_interfaces__rosidl_generator_c.dir/rosidl_generator_c/mypalletizer_interfaces/msg/detail/mypal_pump_status__description.c.o[0m
[16.046s] [ 15%] [32mBuilding C object CMakeFiles/mypalletizer_interfaces__rosidl_generator_c.dir/rosidl_generator_c/mypalletizer_interfaces/srv/detail/get_angles__functions.c.o[0m
[16.107s] [ 16%] [32mBuilding C object CMakeFiles/mypalletizer_interfaces__rosidl_generator_c.dir/rosidl_generator_c/mypalletizer_interfaces/srv/detail/set_angles__functions.c.o[0m
[16.107s] [ 17%] [32mBuilding C object CMakeFiles/mypalletizer_interfaces__rosidl_generator_c.dir/rosidl_generator_c/mypalletizer_interfaces/srv/detail/set_angles__description.c.o[0m
[16.108s] [ 18%] [32mBuilding C object CMakeFiles/mypalletizer_interfaces__rosidl_generator_c.dir/rosidl_generator_c/mypalletizer_interfaces/srv/detail/get_angles__type_support.c.o[0m
[16.173s] [ 18%] [32mBuilding C object CMakeFiles/mypalletizer_interfaces__rosidl_generator_c.dir/rosidl_generator_c/mypalletizer_interfaces/srv/detail/set_angles__type_support.c.o[0m
[16.305s] [ 19%] [32mBuilding C object CMakeFiles/mypalletizer_interfaces__rosidl_generator_c.dir/rosidl_generator_c/mypalletizer_interfaces/srv/detail/get_coords__description.c.o[0m
[16.330s] [ 20%] [32mBuilding C object CMakeFiles/mypalletizer_interfaces__rosidl_generator_c.dir/rosidl_generator_c/mypalletizer_interfaces/srv/detail/get_coords__functions.c.o[0m
[16.371s] [ 20%] [32mBuilding C object CMakeFiles/mypalletizer_interfaces__rosidl_generator_c.dir/rosidl_generator_c/mypalletizer_interfaces/srv/detail/get_coords__type_support.c.o[0m
[16.402s] [ 21%] [32mBuilding C object CMakeFiles/mypalletizer_interfaces__rosidl_generator_c.dir/rosidl_generator_c/mypalletizer_interfaces/srv/detail/set_coords__description.c.o[0m
[16.503s] [ 21%] [32mBuilding C object CMakeFiles/mypalletizer_interfaces__rosidl_generator_c.dir/rosidl_generator_c/mypalletizer_interfaces/srv/detail/set_coords__type_support.c.o[0m
[16.525s] [ 22%] [32mBuilding C object CMakeFiles/mypalletizer_interfaces__rosidl_generator_c.dir/rosidl_generator_c/mypalletizer_interfaces/srv/detail/set_coords__functions.c.o[0m
[16.604s] [ 23%] [32mBuilding C object CMakeFiles/mypalletizer_interfaces__rosidl_generator_c.dir/rosidl_generator_c/mypalletizer_interfaces/srv/detail/gripper_status__description.c.o[0m
[16.683s] [ 24%] [32mBuilding C object CMakeFiles/mypalletizer_interfaces__rosidl_generator_c.dir/rosidl_generator_c/mypalletizer_interfaces/srv/detail/pump_status__functions.c.o[0m
[16.700s] [ 26%] [32mBuilding C object CMakeFiles/mypalletizer_interfaces__rosidl_generator_c.dir/rosidl_generator_c/mypalletizer_interfaces/srv/detail/pump_status__type_support.c.o[0m
[16.700s] [ 26%] [32mBuilding C object CMakeFiles/mypalletizer_interfaces__rosidl_generator_c.dir/rosidl_generator_c/mypalletizer_interfaces/srv/detail/gripper_status__type_support.c.o[0m
[16.732s] [ 27%] [32mBuilding C object CMakeFiles/mypalletizer_interfaces__rosidl_generator_c.dir/rosidl_generator_c/mypalletizer_interfaces/srv/detail/gripper_status__functions.c.o[0m
[16.746s] [ 27%] [32mBuilding C object CMakeFiles/mypalletizer_interfaces__rosidl_generator_c.dir/rosidl_generator_c/mypalletizer_interfaces/srv/detail/pump_status__description.c.o[0m
[17.147s] [ 27%] [32m[1mLinking C shared library libmypalletizer_interfaces__rosidl_generator_c.so[0m
[17.453s] [ 27%] Built target mypalletizer_interfaces__rosidl_generator_c
[17.528s] [ 28%] [34m[1mGenerating C type support for eProsima Fast-RTPS[0m
[17.572s] [ 28%] [34m[1mGenerating C++ type support dispatch for ROS interfaces[0m
[17.632s] [ 29%] [34m[1mGenerating C introspection for ROS interfaces[0m
[17.694s] [ 30%] [34m[1mGenerating C type support dispatch for ROS interfaces[0m
[17.751s] [ 31%] [34m[1mGenerating C++ type support for eProsima Fast-RTPS[0m
[17.757s] [ 31%] [34m[1mGenerating C++ introspection for ROS interfaces[0m
[21.232s] [ 32%] [32mBuilding CXX object CMakeFiles/mypalletizer_interfaces__rosidl_typesupport_cpp.dir/rosidl_typesupport_cpp/mypalletizer_interfaces/msg/mypal_coords__type_support.cpp.o[0m
[21.233s] [ 33%] [32mBuilding CXX object CMakeFiles/mypalletizer_interfaces__rosidl_typesupport_cpp.dir/rosidl_typesupport_cpp/mypalletizer_interfaces/msg/mypal_angles__type_support.cpp.o[0m
[21.233s] [ 33%] [32mBuilding CXX object CMakeFiles/mypalletizer_interfaces__rosidl_typesupport_cpp.dir/rosidl_typesupport_cpp/mypalletizer_interfaces/msg/mypal_set_coords__type_support.cpp.o[0m
[21.241s] [ 34%] [32mBuilding CXX object CMakeFiles/mypalletizer_interfaces__rosidl_typesupport_cpp.dir/rosidl_typesupport_cpp/mypalletizer_interfaces/msg/mypal_pump_status__type_support.cpp.o[0m
[21.250s] [ 35%] [32mBuilding CXX object CMakeFiles/mypalletizer_interfaces__rosidl_typesupport_cpp.dir/rosidl_typesupport_cpp/mypalletizer_interfaces/msg/mypal_set_angles__type_support.cpp.o[0m
[21.263s] [ 36%] [32mBuilding CXX object CMakeFiles/mypalletizer_interfaces__rosidl_typesupport_cpp.dir/rosidl_typesupport_cpp/mypalletizer_interfaces/msg/mypal_gripper_status__type_support.cpp.o[0m
[22.412s] [ 36%] [32mBuilding CXX object CMakeFiles/mypalletizer_interfaces__rosidl_typesupport_cpp.dir/rosidl_typesupport_cpp/mypalletizer_interfaces/srv/get_angles__type_support.cpp.o[0m
[22.884s] [ 36%] [32mBuilding CXX object CMakeFiles/mypalletizer_interfaces__rosidl_typesupport_c.dir/rosidl_typesupport_c/mypalletizer_interfaces/msg/mypal_angles__type_support.cpp.o[0m
[23.159s] [ 37%] [32mBuilding CXX object CMakeFiles/mypalletizer_interfaces__rosidl_typesupport_c.dir/rosidl_typesupport_c/mypalletizer_interfaces/msg/mypal_coords__type_support.cpp.o[0m
[23.595s] [ 38%] [32mBuilding CXX object CMakeFiles/mypalletizer_interfaces__rosidl_typesupport_c.dir/rosidl_typesupport_c/mypalletizer_interfaces/msg/mypal_set_angles__type_support.cpp.o[0m
[24.005s] [ 39%] [32mBuilding CXX object CMakeFiles/mypalletizer_interfaces__rosidl_typesupport_cpp.dir/rosidl_typesupport_cpp/mypalletizer_interfaces/srv/set_angles__type_support.cpp.o[0m
[24.194s] [ 39%] [32mBuilding CXX object CMakeFiles/mypalletizer_interfaces__rosidl_typesupport_c.dir/rosidl_typesupport_c/mypalletizer_interfaces/msg/mypal_set_coords__type_support.cpp.o[0m
[24.969s] [ 40%] [32mBuilding CXX object CMakeFiles/mypalletizer_interfaces__rosidl_typesupport_cpp.dir/rosidl_typesupport_cpp/mypalletizer_interfaces/srv/get_coords__type_support.cpp.o[0m
[25.119s] [ 41%] [32mBuilding CXX object CMakeFiles/mypalletizer_interfaces__rosidl_typesupport_fastrtps_c.dir/rosidl_typesupport_fastrtps_c/mypalletizer_interfaces/msg/detail/mypal_angles__type_support_c.cpp.o[0m
[25.179s] [ 42%] [32mBuilding CXX object CMakeFiles/mypalletizer_interfaces__rosidl_typesupport_c.dir/rosidl_typesupport_c/mypalletizer_interfaces/msg/mypal_gripper_status__type_support.cpp.o[0m
[25.561s] [ 43%] [32mBuilding CXX object CMakeFiles/mypalletizer_interfaces__rosidl_typesupport_introspection_cpp.dir/rosidl_typesupport_introspection_cpp/mypalletizer_interfaces/msg/detail/mypal_angles__type_support.cpp.o[0m
[25.572s] [ 44%] [32mBuilding CXX object CMakeFiles/mypalletizer_interfaces__rosidl_typesupport_c.dir/rosidl_typesupport_c/mypalletizer_interfaces/msg/mypal_pump_status__type_support.cpp.o[0m
[25.757s] [ 45%] [32mBuilding CXX object CMakeFiles/mypalletizer_interfaces__rosidl_typesupport_fastrtps_c.dir/rosidl_typesupport_fastrtps_c/mypalletizer_interfaces/msg/detail/mypal_coords__type_support_c.cpp.o[0m
[25.911s] [ 45%] [32mBuilding CXX object CMakeFiles/mypalletizer_interfaces__rosidl_typesupport_introspection_cpp.dir/rosidl_typesupport_introspection_cpp/mypalletizer_interfaces/msg/detail/mypal_set_angles__type_support.cpp.o[0m
[25.926s] [ 46%] [32mBuilding CXX object CMakeFiles/mypalletizer_interfaces__rosidl_typesupport_introspection_cpp.dir/rosidl_typesupport_introspection_cpp/mypalletizer_interfaces/msg/detail/mypal_coords__type_support.cpp.o[0m
[26.103s] [ 47%] [32mBuilding CXX object CMakeFiles/mypalletizer_interfaces__rosidl_typesupport_c.dir/rosidl_typesupport_c/mypalletizer_interfaces/srv/get_angles__type_support.cpp.o[0m
[26.262s] [ 47%] [32mBuilding CXX object CMakeFiles/mypalletizer_interfaces__rosidl_typesupport_c.dir/rosidl_typesupport_c/mypalletizer_interfaces/srv/set_angles__type_support.cpp.o[0m
[26.569s] [ 48%] [32mBuilding CXX object CMakeFiles/mypalletizer_interfaces__rosidl_typesupport_c.dir/rosidl_typesupport_c/mypalletizer_interfaces/srv/get_coords__type_support.cpp.o[0m
[26.913s] [ 49%] [32mBuilding CXX object CMakeFiles/mypalletizer_interfaces__rosidl_typesupport_c.dir/rosidl_typesupport_c/mypalletizer_interfaces/srv/set_coords__type_support.cpp.o[0m
[26.995s] [ 49%] [32mBuilding C object CMakeFiles/mypalletizer_interfaces__rosidl_typesupport_introspection_c.dir/rosidl_typesupport_introspection_c/mypalletizer_interfaces/msg/detail/mypal_angles__type_support.c.o[0m
[27.255s] [ 49%] [32mBuilding CXX object CMakeFiles/mypalletizer_interfaces__rosidl_typesupport_c.dir/rosidl_typesupport_c/mypalletizer_interfaces/srv/gripper_status__type_support.cpp.o[0m
[27.568s] [ 50%] [32mBuilding C object CMakeFiles/mypalletizer_interfaces__rosidl_typesupport_introspection_c.dir/rosidl_typesupport_introspection_c/mypalletizer_interfaces/msg/detail/mypal_coords__type_support.c.o[0m
[27.809s] [ 51%] [32mBuilding C object CMakeFiles/mypalletizer_interfaces__rosidl_typesupport_introspection_c.dir/rosidl_typesupport_introspection_c/mypalletizer_interfaces/msg/detail/mypal_set_angles__type_support.c.o[0m
[27.825s] [ 52%] [32mBuilding CXX object CMakeFiles/mypalletizer_interfaces__rosidl_typesupport_c.dir/rosidl_typesupport_c/mypalletizer_interfaces/srv/pump_status__type_support.cpp.o[0m
[28.063s] [ 52%] [32mBuilding C object CMakeFiles/mypalletizer_interfaces__rosidl_typesupport_introspection_c.dir/rosidl_typesupport_introspection_c/mypalletizer_interfaces/msg/detail/mypal_set_coords__type_support.c.o[0m
[28.293s] [ 53%] [32mBuilding C object CMakeFiles/mypalletizer_interfaces__rosidl_typesupport_introspection_c.dir/rosidl_typesupport_introspection_c/mypalletizer_interfaces/msg/detail/mypal_gripper_status__type_support.c.o[0m
[28.416s] [ 54%] [32m[1mLinking CXX shared library libmypalletizer_interfaces__rosidl_typesupport_c.so[0m
[28.532s] [ 55%] [32mBuilding C object CMakeFiles/mypalletizer_interfaces__rosidl_typesupport_introspection_c.dir/rosidl_typesupport_introspection_c/mypalletizer_interfaces/msg/detail/mypal_pump_status__type_support.c.o[0m
[28.972s] [ 55%] [32mBuilding C object CMakeFiles/mypalletizer_interfaces__rosidl_typesupport_introspection_c.dir/rosidl_typesupport_introspection_c/mypalletizer_interfaces/srv/detail/get_angles__type_support.c.o[0m
[29.152s] [ 55%] Built target mypalletizer_interfaces__rosidl_typesupport_c
[29.478s] [ 56%] [32mBuilding C object CMakeFiles/mypalletizer_interfaces__rosidl_typesupport_introspection_c.dir/rosidl_typesupport_introspection_c/mypalletizer_interfaces/srv/detail/set_angles__type_support.c.o[0m
[29.831s] [ 57%] [32mBuilding C object CMakeFiles/mypalletizer_interfaces__rosidl_typesupport_introspection_c.dir/rosidl_typesupport_introspection_c/mypalletizer_interfaces/srv/detail/get_coords__type_support.c.o[0m
[30.091s] [ 58%] [32mBuilding C object CMakeFiles/mypalletizer_interfaces__rosidl_typesupport_introspection_c.dir/rosidl_typesupport_introspection_c/mypalletizer_interfaces/srv/detail/set_coords__type_support.c.o[0m
[30.131s] [ 59%] [32mBuilding CXX object CMakeFiles/mypalletizer_interfaces__rosidl_typesupport_fastrtps_c.dir/rosidl_typesupport_fastrtps_c/mypalletizer_interfaces/msg/detail/mypal_gripper_status__type_support_c.cpp.o[0m
[30.386s] [ 59%] [32mBuilding C object CMakeFiles/mypalletizer_interfaces__rosidl_typesupport_introspection_c.dir/rosidl_typesupport_introspection_c/mypalletizer_interfaces/srv/detail/gripper_status__type_support.c.o[0m
[30.738s] [ 60%] [32mBuilding CXX object CMakeFiles/mypalletizer_interfaces__rosidl_typesupport_fastrtps_cpp.dir/rosidl_typesupport_fastrtps_cpp/mypalletizer_interfaces/msg/detail/dds_fastrtps/mypal_angles__type_support.cpp.o[0m
[30.756s] [ 61%] [32mBuilding C object CMakeFiles/mypalletizer_interfaces__rosidl_typesupport_introspection_c.dir/rosidl_typesupport_introspection_c/mypalletizer_interfaces/srv/detail/pump_status__type_support.c.o[0m
[30.990s] [ 62%] [32mBuilding CXX object CMakeFiles/mypalletizer_interfaces__rosidl_typesupport_cpp.dir/rosidl_typesupport_cpp/mypalletizer_interfaces/srv/pump_status__type_support.cpp.o[0m
[30.992s] [ 63%] [32mBuilding CXX object CMakeFiles/mypalletizer_interfaces__rosidl_typesupport_introspection_cpp.dir/rosidl_typesupport_introspection_cpp/mypalletizer_interfaces/msg/detail/mypal_gripper_status__type_support.cpp.o[0m
[31.112s] [ 64%] [32m[1mLinking C shared library libmypalletizer_interfaces__rosidl_typesupport_introspection_c.so[0m
[31.390s] [ 64%] Built target mypalletizer_interfaces__rosidl_typesupport_introspection_c
[32.175s] [ 65%] [32mBuilding CXX object CMakeFiles/mypalletizer_interfaces__rosidl_typesupport_fastrtps_cpp.dir/rosidl_typesupport_fastrtps_cpp/mypalletizer_interfaces/msg/detail/dds_fastrtps/mypal_set_angles__type_support.cpp.o[0m
[32.393s] [ 65%] [32mBuilding CXX object CMakeFiles/mypalletizer_interfaces__rosidl_typesupport_introspection_cpp.dir/rosidl_typesupport_introspection_cpp/mypalletizer_interfaces/msg/detail/mypal_pump_status__type_support.cpp.o[0m
[32.681s] [ 65%] [32mBuilding CXX object CMakeFiles/mypalletizer_interfaces__rosidl_typesupport_fastrtps_c.dir/rosidl_typesupport_fastrtps_c/mypalletizer_interfaces/msg/detail/mypal_pump_status__type_support_c.cpp.o[0m
[33.488s] [ 66%] [32mBuilding CXX object CMakeFiles/mypalletizer_interfaces__rosidl_typesupport_introspection_cpp.dir/rosidl_typesupport_introspection_cpp/mypalletizer_interfaces/msg/detail/mypal_set_coords__type_support.cpp.o[0m
[33.541s] [ 67%] [32mBuilding CXX object CMakeFiles/mypalletizer_interfaces__rosidl_typesupport_cpp.dir/rosidl_typesupport_cpp/mypalletizer_interfaces/srv/gripper_status__type_support.cpp.o[0m
[33.692s] [ 68%] [32mBuilding CXX object CMakeFiles/mypalletizer_interfaces__rosidl_typesupport_fastrtps_cpp.dir/rosidl_typesupport_fastrtps_cpp/mypalletizer_interfaces/msg/detail/dds_fastrtps/mypal_pump_status__type_support.cpp.o[0m
[34.684s] [ 69%] [32mBuilding CXX object CMakeFiles/mypalletizer_interfaces__rosidl_typesupport_fastrtps_c.dir/rosidl_typesupport_fastrtps_c/mypalletizer_interfaces/srv/detail/set_angles__type_support_c.cpp.o[0m
[35.009s] [ 69%] [32mBuilding CXX object CMakeFiles/mypalletizer_interfaces__rosidl_typesupport_cpp.dir/rosidl_typesupport_cpp/mypalletizer_interfaces/srv/set_coords__type_support.cpp.o[0m
[35.101s] [ 70%] [32mBuilding CXX object CMakeFiles/mypalletizer_interfaces__rosidl_typesupport_introspection_cpp.dir/rosidl_typesupport_introspection_cpp/mypalletizer_interfaces/srv/detail/set_angles__type_support.cpp.o[0m
[35.920s] [ 70%] [32mBuilding CXX object CMakeFiles/mypalletizer_interfaces__rosidl_typesupport_fastrtps_cpp.dir/rosidl_typesupport_fastrtps_cpp/mypalletizer_interfaces/msg/detail/dds_fastrtps/mypal_gripper_status__type_support.cpp.o[0m
[36.438s] [ 71%] [32mBuilding CXX object CMakeFiles/mypalletizer_interfaces__rosidl_typesupport_introspection_cpp.dir/rosidl_typesupport_introspection_cpp/mypalletizer_interfaces/srv/detail/get_angles__type_support.cpp.o[0m
[36.516s] [ 72%] [32mBuilding CXX object CMakeFiles/mypalletizer_interfaces__rosidl_typesupport_fastrtps_c.dir/rosidl_typesupport_fastrtps_c/mypalletizer_interfaces/srv/detail/gripper_status__type_support_c.cpp.o[0m
[36.768s] [ 72%] [32m[1mLinking CXX shared library libmypalletizer_interfaces__rosidl_typesupport_cpp.so[0m
[37.397s] [ 72%] Built target mypalletizer_interfaces__rosidl_typesupport_cpp
[37.478s] [ 73%] [32mBuilding CXX object CMakeFiles/mypalletizer_interfaces__rosidl_typesupport_fastrtps_cpp.dir/rosidl_typesupport_fastrtps_cpp/mypalletizer_interfaces/srv/detail/dds_fastrtps/get_angles__type_support.cpp.o[0m
[37.995s] [ 74%] [32mBuilding CXX object CMakeFiles/mypalletizer_interfaces__rosidl_typesupport_introspection_cpp.dir/rosidl_typesupport_introspection_cpp/mypalletizer_interfaces/srv/detail/get_coords__type_support.cpp.o[0m
[39.029s] [ 74%] [32mBuilding CXX object CMakeFiles/mypalletizer_interfaces__rosidl_typesupport_fastrtps_c.dir/rosidl_typesupport_fastrtps_c/mypalletizer_interfaces/srv/detail/pump_status__type_support_c.cpp.o[0m
[39.977s] [ 75%] [32mBuilding CXX object CMakeFiles/mypalletizer_interfaces__rosidl_typesupport_fastrtps_cpp.dir/rosidl_typesupport_fastrtps_cpp/mypalletizer_interfaces/msg/detail/dds_fastrtps/mypal_set_coords__type_support.cpp.o[0m
[40.329s] [ 76%] [32mBuilding CXX object CMakeFiles/mypalletizer_interfaces__rosidl_typesupport_introspection_cpp.dir/rosidl_typesupport_introspection_cpp/mypalletizer_interfaces/srv/detail/pump_status__type_support.cpp.o[0m
[41.556s] [ 76%] [32mBuilding CXX object CMakeFiles/mypalletizer_interfaces__rosidl_typesupport_fastrtps_cpp.dir/rosidl_typesupport_fastrtps_cpp/mypalletizer_interfaces/srv/detail/dds_fastrtps/set_angles__type_support.cpp.o[0m
[41.730s] [ 77%] [32mBuilding CXX object CMakeFiles/mypalletizer_interfaces__rosidl_typesupport_fastrtps_c.dir/rosidl_typesupport_fastrtps_c/mypalletizer_interfaces/srv/detail/set_coords__type_support_c.cpp.o[0m
[42.021s] [ 78%] [32mBuilding CXX object CMakeFiles/mypalletizer_interfaces__rosidl_typesupport_introspection_cpp.dir/rosidl_typesupport_introspection_cpp/mypalletizer_interfaces/srv/detail/gripper_status__type_support.cpp.o[0m
[43.267s] [ 78%] [32mBuilding CXX object CMakeFiles/mypalletizer_interfaces__rosidl_typesupport_introspection_cpp.dir/rosidl_typesupport_introspection_cpp/mypalletizer_interfaces/srv/detail/set_coords__type_support.cpp.o[0m
[43.501s] [ 78%] [32mBuilding CXX object CMakeFiles/mypalletizer_interfaces__rosidl_typesupport_fastrtps_cpp.dir/rosidl_typesupport_fastrtps_cpp/mypalletizer_interfaces/srv/detail/dds_fastrtps/pump_status__type_support.cpp.o[0m
[43.508s] [ 78%] [32mBuilding CXX object CMakeFiles/mypalletizer_interfaces__rosidl_typesupport_fastrtps_c.dir/rosidl_typesupport_fastrtps_c/mypalletizer_interfaces/srv/detail/get_coords__type_support_c.cpp.o[0m
[44.554s] [ 78%] [32m[1mLinking CXX shared library libmypalletizer_interfaces__rosidl_typesupport_introspection_cpp.so[0m
[44.948s] [ 79%] [32mBuilding CXX object CMakeFiles/mypalletizer_interfaces__rosidl_typesupport_fastrtps_c.dir/rosidl_typesupport_fastrtps_c/mypalletizer_interfaces/srv/detail/get_angles__type_support_c.cpp.o[0m
[45.043s] [ 79%] Built target mypalletizer_interfaces__rosidl_typesupport_introspection_cpp
[45.427s] [ 80%] [32mBuilding CXX object CMakeFiles/mypalletizer_interfaces__rosidl_typesupport_fastrtps_cpp.dir/rosidl_typesupport_fastrtps_cpp/mypalletizer_interfaces/srv/detail/dds_fastrtps/gripper_status__type_support.cpp.o[0m
[46.374s] [ 81%] [32mBuilding CXX object CMakeFiles/mypalletizer_interfaces__rosidl_typesupport_fastrtps_c.dir/rosidl_typesupport_fastrtps_c/mypalletizer_interfaces/msg/detail/mypal_set_coords__type_support_c.cpp.o[0m
[47.104s] [ 82%] [32mBuilding CXX object CMakeFiles/mypalletizer_interfaces__rosidl_typesupport_fastrtps_cpp.dir/rosidl_typesupport_fastrtps_cpp/mypalletizer_interfaces/srv/detail/dds_fastrtps/set_coords__type_support.cpp.o[0m
[47.583s] [ 82%] [32mBuilding CXX object CMakeFiles/mypalletizer_interfaces__rosidl_typesupport_fastrtps_c.dir/rosidl_typesupport_fastrtps_c/mypalletizer_interfaces/msg/detail/mypal_set_angles__type_support_c.cpp.o[0m
[48.682s] [ 83%] [32mBuilding CXX object CMakeFiles/mypalletizer_interfaces__rosidl_typesupport_fastrtps_cpp.dir/rosidl_typesupport_fastrtps_cpp/mypalletizer_interfaces/srv/detail/dds_fastrtps/get_coords__type_support.cpp.o[0m
[48.829s] [ 84%] [32m[1mLinking CXX shared library libmypalletizer_interfaces__rosidl_typesupport_fastrtps_c.so[0m
[48.948s] [ 84%] Built target mypalletizer_interfaces__rosidl_typesupport_fastrtps_c
[50.132s] [ 84%] [32mBuilding CXX object CMakeFiles/mypalletizer_interfaces__rosidl_typesupport_fastrtps_cpp.dir/rosidl_typesupport_fastrtps_cpp/mypalletizer_interfaces/msg/detail/dds_fastrtps/mypal_coords__type_support.cpp.o[0m
[50.791s] [ 85%] [32m[1mLinking CXX shared library libmypalletizer_interfaces__rosidl_typesupport_fastrtps_cpp.so[0m
[50.913s] [ 85%] Built target mypalletizer_interfaces__rosidl_typesupport_fastrtps_cpp
[50.939s] gmake[2]: *** No rule to make target '/home/laptop5/mycobot_ros2/mypalletizer_260/mypalletizer_interfaces/msg/MypalAngles.msg', needed by 'CMakeFiles/mypalletizer_interfaces'. Stop.
[50.939s] gmake[1]: *** [CMakeFiles/Makefile2:189: CMakeFiles/mypalletizer_interfaces.dir/all] Error 2
[50.939s] gmake: *** [Makefile:146: all] Error 2
