[1.237s] Invoking command in '/home/laptop5/mycobot_ros2/mycobot_description': DEBUGINFOD_URLS=https://debuginfod.ubuntu.com PYTHONPATH=/home/laptop5/mycobot_ros2/build/mycobot_description/prefix_override:/usr/lib/python3/dist-packages/colcon_core/task/python/colcon_distutils_commands:/home/laptop5/mycobot_ros2/install/mycobot_description/lib/python3.12/site-packages:${PYTHONPATH} /usr/bin/python3 -W ignore:setup.py install is deprecated -W ignore:easy_install command is deprecated setup.py egg_info --egg-base ../build/mycobot_description build --build-base /home/laptop5/mycobot_ros2/build/mycobot_description/build install --record /home/laptop5/mycobot_ros2/build/mycobot_description/install.log --single-version-externally-managed install_data
[1.573s] running egg_info
[1.592s] writing ../build/mycobot_description/mycobot_description.egg-info/PKG-INFO
[1.592s] writing dependency_links to ../build/mycobot_description/mycobot_description.egg-info/dependency_links.txt
[1.593s] writing requirements to ../build/mycobot_description/mycobot_description.egg-info/requires.txt
[1.593s] writing top-level names to ../build/mycobot_description/mycobot_description.egg-info/top_level.txt
[1.637s] reading manifest file '../build/mycobot_description/mycobot_description.egg-info/SOURCES.txt'
[1.638s] adding license file 'LICENSE'
[1.642s] writing manifest file '../build/mycobot_description/mycobot_description.egg-info/SOURCES.txt'
[1.642s] running build
[1.642s] running build_py
[1.643s] running install
[1.650s] running install_lib
[1.672s] running install_data
[1.678s] running install_egg_info
[1.699s] removing '/home/laptop5/mycobot_ros2/install/mycobot_description/lib/python3.12/site-packages/mycobot_description-0.0.0-py3.12.egg-info' (and everything under it)
[1.699s] Copying ../build/mycobot_description/mycobot_description.egg-info to /home/laptop5/mycobot_ros2/install/mycobot_description/lib/python3.12/site-packages/mycobot_description-0.0.0-py3.12.egg-info
[1.700s] running install_scripts
[1.830s] writing list of installed files to '/home/laptop5/mycobot_ros2/build/mycobot_description/install.log'
[1.861s] Invoked command in '/home/laptop5/mycobot_ros2/mycobot_description' returned '0': DEBUGINFOD_URLS=https://debuginfod.ubuntu.com PYTHONPATH=/home/laptop5/mycobot_ros2/build/mycobot_description/prefix_override:/usr/lib/python3/dist-packages/colcon_core/task/python/colcon_distutils_commands:/home/laptop5/mycobot_ros2/install/mycobot_description/lib/python3.12/site-packages:${PYTHONPATH} /usr/bin/python3 -W ignore:setup.py install is deprecated -W ignore:easy_install command is deprecated setup.py egg_info --egg-base ../build/mycobot_description build --build-base /home/laptop5/mycobot_ros2/build/mycobot_description/build install --record /home/laptop5/mycobot_ros2/build/mycobot_description/install.log --single-version-externally-managed install_data
