[0.284s] Invoking command in '/home/laptop5/mycobot_ros2/build/mycobot_interfaces': CMAKE_PREFIX_PATH=${CMAKE_PREFIX_PATH}:/home/laptop5/elephant_ws_two/install/mycobot_280pi:/home/laptop5/elephant_arm_ws/install/mycobot_description:/opt/ros/jazzy DEBUGINFOD_URLS=https://debuginfod.ubuntu.com /usr/bin/cmake --build /home/laptop5/mycobot_ros2/build/mycobot_interfaces -- -j12 -l12
[0.381s] [  1%] Built target mycobot_interfaces__rosidl_generator_type_description
[0.412s] [  1%] Built target ament_cmake_python_copy_mycobot_interfaces
[0.429s] [  1%] Built target mycobot_interfaces__cpp
[0.449s] [ 27%] Built target mycobot_interfaces__rosidl_generator_c
[0.514s] [ 36%] Built target mycobot_interfaces__rosidl_typesupport_introspection_cpp
[0.517s] [ 46%] Built target mycobot_interfaces__rosidl_typesupport_fastrtps_c
[0.519s] [ 64%] Built target mycobot_interfaces__rosidl_typesupport_introspection_c
[0.520s] [ 66%] Built target mycobot_interfaces__rosidl_typesupport_c
[0.527s] [ 75%] Built target mycobot_interfaces__rosidl_typesupport_cpp
[0.543s] [ 85%] Built target mycobot_interfaces__rosidl_typesupport_fastrtps_cpp
[0.578s] [ 85%] Built target mycobot_interfaces
[0.623s] [ 86%] Built target mycobot_interfaces__py
[0.692s] [ 86%] [32mBuilding C object CMakeFiles/mycobot_interfaces__rosidl_generator_py.dir/rosidl_generator_py/mycobot_interfaces/msg/_mycobot_set_angles_s.c.o[0m
[0.692s] [ 87%] [32mBuilding C object CMakeFiles/mycobot_interfaces__rosidl_generator_py.dir/rosidl_generator_py/mycobot_interfaces/msg/_mycobot_coords_s.c.o[0m
[0.725s] running egg_info
[0.750s] writing mycobot_interfaces.egg-info/PKG-INFO
[0.750s] writing dependency_links to mycobot_interfaces.egg-info/dependency_links.txt
[0.750s] writing top-level names to mycobot_interfaces.egg-info/top_level.txt
[0.824s] reading manifest file 'mycobot_interfaces.egg-info/SOURCES.txt'
[0.825s] writing manifest file 'mycobot_interfaces.egg-info/SOURCES.txt'
[0.870s] [ 87%] Built target ament_cmake_python_build_mycobot_interfaces_egg
[0.953s] [ 87%] [32m[1mLinking C shared library libmycobot_interfaces__rosidl_generator_py.so[0m
[1.048s] [ 95%] Built target mycobot_interfaces__rosidl_generator_py
[1.087s] [ 96%] [32mBuilding C object CMakeFiles/mycobot_interfaces_s__rosidl_typesupport_c.dir/rosidl_generator_py/mycobot_interfaces/_mycobot_interfaces_s.ep.rosidl_typesupport_c.c.o[0m
[1.092s] [ 97%] [32mBuilding C object CMakeFiles/mycobot_interfaces_s__rosidl_typesupport_introspection_c.dir/rosidl_generator_py/mycobot_interfaces/_mycobot_interfaces_s.ep.rosidl_typesupport_introspection_c.c.o[0m
[1.094s] [ 97%] [32mBuilding C object CMakeFiles/mycobot_interfaces_s__rosidl_typesupport_fastrtps_c.dir/rosidl_generator_py/mycobot_interfaces/_mycobot_interfaces_s.ep.rosidl_typesupport_fastrtps_c.c.o[0m
[1.317s] [ 98%] [32m[1mLinking C shared module rosidl_generator_py/mycobot_interfaces/mycobot_interfaces_s__rosidl_typesupport_c.so[0m
[1.377s] [ 98%] Built target mycobot_interfaces_s__rosidl_typesupport_c
[1.399s] [ 99%] [32m[1mLinking C shared module rosidl_generator_py/mycobot_interfaces/mycobot_interfaces_s__rosidl_typesupport_fastrtps_c.so[0m
[1.454s] [ 99%] Built target mycobot_interfaces_s__rosidl_typesupport_fastrtps_c
[1.456s] [100%] [32m[1mLinking C shared module rosidl_generator_py/mycobot_interfaces/mycobot_interfaces_s__rosidl_typesupport_introspection_c.so[0m
[1.523s] [100%] Built target mycobot_interfaces_s__rosidl_typesupport_introspection_c
[1.549s] Invoked command in '/home/laptop5/mycobot_ros2/build/mycobot_interfaces' returned '0': CMAKE_PREFIX_PATH=${CMAKE_PREFIX_PATH}:/home/laptop5/elephant_ws_two/install/mycobot_280pi:/home/laptop5/elephant_arm_ws/install/mycobot_description:/opt/ros/jazzy DEBUGINFOD_URLS=https://debuginfod.ubuntu.com /usr/bin/cmake --build /home/laptop5/mycobot_ros2/build/mycobot_interfaces -- -j12 -l12
[1.572s] Invoking command in '/home/laptop5/mycobot_ros2/build/mycobot_interfaces': CMAKE_PREFIX_PATH=${CMAKE_PREFIX_PATH}:/home/laptop5/elephant_ws_two/install/mycobot_280pi:/home/laptop5/elephant_arm_ws/install/mycobot_description:/opt/ros/jazzy DEBUGINFOD_URLS=https://debuginfod.ubuntu.com /usr/bin/cmake --install /home/laptop5/mycobot_ros2/build/mycobot_interfaces
[1.587s] -- Install configuration: ""
[1.588s] -- Installing: /home/laptop5/mycobot_ros2/install/mycobot_interfaces/share/ament_index/resource_index/rosidl_interfaces/mycobot_interfaces
[1.588s] -- Installing: /home/laptop5/mycobot_ros2/install/mycobot_interfaces/share/mycobot_interfaces/msg/MycobotAngles.json
[1.588s] -- Installing: /home/laptop5/mycobot_ros2/install/mycobot_interfaces/share/mycobot_interfaces/msg/MycobotCoords.json
[1.589s] -- Installing: /home/laptop5/mycobot_ros2/install/mycobot_interfaces/share/mycobot_interfaces/msg/MycobotSetAngles.json
[1.589s] -- Installing: /home/laptop5/mycobot_ros2/install/mycobot_interfaces/share/mycobot_interfaces/msg/MycobotSetCoords.json
[1.589s] -- Installing: /home/laptop5/mycobot_ros2/install/mycobot_interfaces/share/mycobot_interfaces/msg/MycobotGripperStatus.json
[1.590s] -- Installing: /home/laptop5/mycobot_ros2/install/mycobot_interfaces/share/mycobot_interfaces/msg/MycobotPumpStatus.json
[1.590s] -- Installing: /home/laptop5/mycobot_ros2/install/mycobot_interfaces/share/mycobot_interfaces/srv/GetAngles.json
[1.590s] -- Installing: /home/laptop5/mycobot_ros2/install/mycobot_interfaces/share/mycobot_interfaces/srv/SetAngles.json
[1.591s] -- Installing: /home/laptop5/mycobot_ros2/install/mycobot_interfaces/share/mycobot_interfaces/srv/GetCoords.json
[1.591s] -- Installing: /home/laptop5/mycobot_ros2/install/mycobot_interfaces/share/mycobot_interfaces/srv/SetCoords.json
[1.592s] -- Installing: /home/laptop5/mycobot_ros2/install/mycobot_interfaces/share/mycobot_interfaces/srv/GripperStatus.json
[1.592s] -- Installing: /home/laptop5/mycobot_ros2/install/mycobot_interfaces/share/mycobot_interfaces/srv/PumpStatus.json
[1.592s] -- Installing: /home/laptop5/mycobot_ros2/install/mycobot_interfaces/include/mycobot_interfaces/mycobot_interfaces
[1.592s] -- Installing: /home/laptop5/mycobot_ros2/install/mycobot_interfaces/include/mycobot_interfaces/mycobot_interfaces/msg
[1.593s] -- Installing: /home/laptop5/mycobot_ros2/install/mycobot_interfaces/include/mycobot_interfaces/mycobot_interfaces/msg/detail
[1.593s] -- Installing: /home/laptop5/mycobot_ros2/install/mycobot_interfaces/include/mycobot_interfaces/mycobot_interfaces/msg/detail/mycobot_angles__struct.h
[1.593s] -- Installing: /home/laptop5/mycobot_ros2/install/mycobot_interfaces/include/mycobot_interfaces/mycobot_interfaces/msg/detail/mycobot_angles__functions.h
[1.593s] -- Installing: /home/laptop5/mycobot_ros2/install/mycobot_interfaces/include/mycobot_interfaces/mycobot_interfaces/msg/detail/mycobot_pump_status__description.c
[1.594s] -- Installing: /home/laptop5/mycobot_ros2/install/mycobot_interfaces/include/mycobot_interfaces/mycobot_interfaces/msg/detail/mycobot_coords__struct.h
[1.594s] -- Installing: /home/laptop5/mycobot_ros2/install/mycobot_interfaces/include/mycobot_interfaces/mycobot_interfaces/msg/detail/mycobot_gripper_status__functions.h
[1.594s] -- Installing: /home/laptop5/mycobot_ros2/install/mycobot_interfaces/include/mycobot_interfaces/mycobot_interfaces/msg/detail/mycobot_gripper_status__type_support.h
[1.594s] -- Installing: /home/laptop5/mycobot_ros2/install/mycobot_interfaces/include/mycobot_interfaces/mycobot_interfaces/msg/detail/mycobot_angles__type_support.h
[1.595s] -- Installing: /home/laptop5/mycobot_ros2/install/mycobot_interfaces/include/mycobot_interfaces/mycobot_interfaces/msg/detail/mycobot_pump_status__type_support.h
[1.595s] -- Installing: /home/laptop5/mycobot_ros2/install/mycobot_interfaces/include/mycobot_interfaces/mycobot_interfaces/msg/detail/mycobot_coords__functions.h
[1.595s] -- Installing: /home/laptop5/mycobot_ros2/install/mycobot_interfaces/include/mycobot_interfaces/mycobot_interfaces/msg/detail/mycobot_pump_status__functions.h
[1.595s] -- Installing: /home/laptop5/mycobot_ros2/install/mycobot_interfaces/include/mycobot_interfaces/mycobot_interfaces/msg/detail/mycobot_pump_status__type_support.c
[1.596s] -- Installing: /home/laptop5/mycobot_ros2/install/mycobot_interfaces/include/mycobot_interfaces/mycobot_interfaces/msg/detail/mycobot_set_angles__type_support.c
[1.596s] -- Installing: /home/laptop5/mycobot_ros2/install/mycobot_interfaces/include/mycobot_interfaces/mycobot_interfaces/msg/detail/mycobot_angles__description.c
[1.596s] -- Installing: /home/laptop5/mycobot_ros2/install/mycobot_interfaces/include/mycobot_interfaces/mycobot_interfaces/msg/detail/mycobot_coords__description.c
[1.597s] -- Installing: /home/laptop5/mycobot_ros2/install/mycobot_interfaces/include/mycobot_interfaces/mycobot_interfaces/msg/detail/mycobot_gripper_status__description.c
[1.597s] -- Installing: /home/laptop5/mycobot_ros2/install/mycobot_interfaces/include/mycobot_interfaces/mycobot_interfaces/msg/detail/mycobot_gripper_status__type_support.c
[1.597s] -- Installing: /home/laptop5/mycobot_ros2/install/mycobot_interfaces/include/mycobot_interfaces/mycobot_interfaces/msg/detail/mycobot_angles__type_support.c
[1.597s] -- Installing: /home/laptop5/mycobot_ros2/install/mycobot_interfaces/include/mycobot_interfaces/mycobot_interfaces/msg/detail/mycobot_set_angles__struct.h
[1.598s] -- Installing: /home/laptop5/mycobot_ros2/install/mycobot_interfaces/include/mycobot_interfaces/mycobot_interfaces/msg/detail/mycobot_pump_status__functions.c
[1.598s] -- Installing: /home/laptop5/mycobot_ros2/install/mycobot_interfaces/include/mycobot_interfaces/mycobot_interfaces/msg/detail/mycobot_coords__functions.c
[1.599s] -- Installing: /home/laptop5/mycobot_ros2/install/mycobot_interfaces/include/mycobot_interfaces/mycobot_interfaces/msg/detail/mycobot_set_coords__type_support.h
[1.599s] -- Installing: /home/laptop5/mycobot_ros2/install/mycobot_interfaces/include/mycobot_interfaces/mycobot_interfaces/msg/detail/mycobot_set_coords__struct.h
[1.600s] -- Installing: /home/laptop5/mycobot_ros2/install/mycobot_interfaces/include/mycobot_interfaces/mycobot_interfaces/msg/detail/mycobot_set_angles__description.c
[1.600s] -- Installing: /home/laptop5/mycobot_ros2/install/mycobot_interfaces/include/mycobot_interfaces/mycobot_interfaces/msg/detail/mycobot_set_coords__functions.h
[1.600s] -- Installing: /home/laptop5/mycobot_ros2/install/mycobot_interfaces/include/mycobot_interfaces/mycobot_interfaces/msg/detail/mycobot_coords__type_support.h
[1.600s] -- Installing: /home/laptop5/mycobot_ros2/install/mycobot_interfaces/include/mycobot_interfaces/mycobot_interfaces/msg/detail/mycobot_set_angles__functions.h
[1.601s] -- Installing: /home/laptop5/mycobot_ros2/install/mycobot_interfaces/include/mycobot_interfaces/mycobot_interfaces/msg/detail/mycobot_pump_status__struct.h
[1.601s] -- Installing: /home/laptop5/mycobot_ros2/install/mycobot_interfaces/include/mycobot_interfaces/mycobot_interfaces/msg/detail/mycobot_set_coords__functions.c
[1.601s] -- Installing: /home/laptop5/mycobot_ros2/install/mycobot_interfaces/include/mycobot_interfaces/mycobot_interfaces/msg/detail/mycobot_set_angles__functions.c
[1.602s] -- Installing: /home/laptop5/mycobot_ros2/install/mycobot_interfaces/include/mycobot_interfaces/mycobot_interfaces/msg/detail/mycobot_gripper_status__functions.c
[1.602s] -- Installing: /home/laptop5/mycobot_ros2/install/mycobot_interfaces/include/mycobot_interfaces/mycobot_interfaces/msg/detail/mycobot_coords__type_support.c
[1.602s] -- Installing: /home/laptop5/mycobot_ros2/install/mycobot_interfaces/include/mycobot_interfaces/mycobot_interfaces/msg/detail/mycobot_set_angles__type_support.h
[1.603s] -- Installing: /home/laptop5/mycobot_ros2/install/mycobot_interfaces/include/mycobot_interfaces/mycobot_interfaces/msg/detail/mycobot_gripper_status__struct.h
[1.603s] -- Installing: /home/laptop5/mycobot_ros2/install/mycobot_interfaces/include/mycobot_interfaces/mycobot_interfaces/msg/detail/mycobot_set_coords__type_support.c
[1.603s] -- Installing: /home/laptop5/mycobot_ros2/install/mycobot_interfaces/include/mycobot_interfaces/mycobot_interfaces/msg/detail/mycobot_set_coords__description.c
[1.604s] -- Installing: /home/laptop5/mycobot_ros2/install/mycobot_interfaces/include/mycobot_interfaces/mycobot_interfaces/msg/detail/mycobot_angles__functions.c
[1.604s] -- Installing: /home/laptop5/mycobot_ros2/install/mycobot_interfaces/include/mycobot_interfaces/mycobot_interfaces/msg/mycobot_angles.h
[1.604s] -- Installing: /home/laptop5/mycobot_ros2/install/mycobot_interfaces/include/mycobot_interfaces/mycobot_interfaces/msg/mycobot_gripper_status.h
[1.604s] -- Installing: /home/laptop5/mycobot_ros2/install/mycobot_interfaces/include/mycobot_interfaces/mycobot_interfaces/msg/mycobot_pump_status.h
[1.605s] -- Installing: /home/laptop5/mycobot_ros2/install/mycobot_interfaces/include/mycobot_interfaces/mycobot_interfaces/msg/rosidl_generator_c__visibility_control.h
[1.605s] -- Installing: /home/laptop5/mycobot_ros2/install/mycobot_interfaces/include/mycobot_interfaces/mycobot_interfaces/msg/mycobot_set_angles.h
[1.605s] -- Installing: /home/laptop5/mycobot_ros2/install/mycobot_interfaces/include/mycobot_interfaces/mycobot_interfaces/msg/mycobot_coords.h
[1.605s] -- Installing: /home/laptop5/mycobot_ros2/install/mycobot_interfaces/include/mycobot_interfaces/mycobot_interfaces/msg/mycobot_set_coords.h
[1.606s] -- Installing: /home/laptop5/mycobot_ros2/install/mycobot_interfaces/include/mycobot_interfaces/mycobot_interfaces/srv
[1.606s] -- Installing: /home/laptop5/mycobot_ros2/install/mycobot_interfaces/include/mycobot_interfaces/mycobot_interfaces/srv/get_coords.h
[1.607s] -- Installing: /home/laptop5/mycobot_ros2/install/mycobot_interfaces/include/mycobot_interfaces/mycobot_interfaces/srv/pump_status.h
[1.607s] -- Installing: /home/laptop5/mycobot_ros2/install/mycobot_interfaces/include/mycobot_interfaces/mycobot_interfaces/srv/detail
[1.607s] -- Installing: /home/laptop5/mycobot_ros2/install/mycobot_interfaces/include/mycobot_interfaces/mycobot_interfaces/srv/detail/gripper_status__description.c
[1.608s] -- Installing: /home/laptop5/mycobot_ros2/install/mycobot_interfaces/include/mycobot_interfaces/mycobot_interfaces/srv/detail/get_coords__description.c
[1.608s] -- Installing: /home/laptop5/mycobot_ros2/install/mycobot_interfaces/include/mycobot_interfaces/mycobot_interfaces/srv/detail/get_angles__functions.h
[1.608s] -- Installing: /home/laptop5/mycobot_ros2/install/mycobot_interfaces/include/mycobot_interfaces/mycobot_interfaces/srv/detail/pump_status__struct.h
[1.608s] -- Installing: /home/laptop5/mycobot_ros2/install/mycobot_interfaces/include/mycobot_interfaces/mycobot_interfaces/srv/detail/set_angles__functions.h
[1.609s] -- Installing: /home/laptop5/mycobot_ros2/install/mycobot_interfaces/include/mycobot_interfaces/mycobot_interfaces/srv/detail/gripper_status__functions.h
[1.609s] -- Installing: /home/laptop5/mycobot_ros2/install/mycobot_interfaces/include/mycobot_interfaces/mycobot_interfaces/srv/detail/get_angles__functions.c
[1.609s] -- Installing: /home/laptop5/mycobot_ros2/install/mycobot_interfaces/include/mycobot_interfaces/mycobot_interfaces/srv/detail/pump_status__functions.h
[1.609s] -- Installing: /home/laptop5/mycobot_ros2/install/mycobot_interfaces/include/mycobot_interfaces/mycobot_interfaces/srv/detail/pump_status__description.c
[1.610s] -- Installing: /home/laptop5/mycobot_ros2/install/mycobot_interfaces/include/mycobot_interfaces/mycobot_interfaces/srv/detail/gripper_status__type_support.h
[1.610s] -- Installing: /home/laptop5/mycobot_ros2/install/mycobot_interfaces/include/mycobot_interfaces/mycobot_interfaces/srv/detail/get_angles__description.c
[1.610s] -- Installing: /home/laptop5/mycobot_ros2/install/mycobot_interfaces/include/mycobot_interfaces/mycobot_interfaces/srv/detail/get_coords__type_support.c
[1.610s] -- Installing: /home/laptop5/mycobot_ros2/install/mycobot_interfaces/include/mycobot_interfaces/mycobot_interfaces/srv/detail/set_angles__struct.h
[1.611s] -- Installing: /home/laptop5/mycobot_ros2/install/mycobot_interfaces/include/mycobot_interfaces/mycobot_interfaces/srv/detail/set_coords__type_support.h
[1.611s] -- Installing: /home/laptop5/mycobot_ros2/install/mycobot_interfaces/include/mycobot_interfaces/mycobot_interfaces/srv/detail/set_coords__functions.c
[1.611s] -- Installing: /home/laptop5/mycobot_ros2/install/mycobot_interfaces/include/mycobot_interfaces/mycobot_interfaces/srv/detail/gripper_status__functions.c
[1.611s] -- Installing: /home/laptop5/mycobot_ros2/install/mycobot_interfaces/include/mycobot_interfaces/mycobot_interfaces/srv/detail/gripper_status__struct.h
[1.612s] -- Installing: /home/laptop5/mycobot_ros2/install/mycobot_interfaces/include/mycobot_interfaces/mycobot_interfaces/srv/detail/get_angles__type_support.h
[1.612s] -- Installing: /home/laptop5/mycobot_ros2/install/mycobot_interfaces/include/mycobot_interfaces/mycobot_interfaces/srv/detail/pump_status__functions.c
[1.612s] -- Installing: /home/laptop5/mycobot_ros2/install/mycobot_interfaces/include/mycobot_interfaces/mycobot_interfaces/srv/detail/set_coords__struct.h
[1.613s] -- Installing: /home/laptop5/mycobot_ros2/install/mycobot_interfaces/include/mycobot_interfaces/mycobot_interfaces/srv/detail/set_coords__functions.h
[1.613s] -- Installing: /home/laptop5/mycobot_ros2/install/mycobot_interfaces/include/mycobot_interfaces/mycobot_interfaces/srv/detail/get_coords__functions.c
[1.613s] -- Installing: /home/laptop5/mycobot_ros2/install/mycobot_interfaces/include/mycobot_interfaces/mycobot_interfaces/srv/detail/pump_status__type_support.h
[1.613s] -- Installing: /home/laptop5/mycobot_ros2/install/mycobot_interfaces/include/mycobot_interfaces/mycobot_interfaces/srv/detail/gripper_status__type_support.c
[1.614s] -- Installing: /home/laptop5/mycobot_ros2/install/mycobot_interfaces/include/mycobot_interfaces/mycobot_interfaces/srv/detail/set_angles__type_support.h
[1.614s] -- Installing: /home/laptop5/mycobot_ros2/install/mycobot_interfaces/include/mycobot_interfaces/mycobot_interfaces/srv/detail/get_angles__struct.h
[1.614s] -- Installing: /home/laptop5/mycobot_ros2/install/mycobot_interfaces/include/mycobot_interfaces/mycobot_interfaces/srv/detail/set_angles__functions.c
[1.615s] -- Installing: /home/laptop5/mycobot_ros2/install/mycobot_interfaces/include/mycobot_interfaces/mycobot_interfaces/srv/detail/pump_status__type_support.c
[1.615s] -- Installing: /home/laptop5/mycobot_ros2/install/mycobot_interfaces/include/mycobot_interfaces/mycobot_interfaces/srv/detail/set_angles__type_support.c
[1.616s] -- Installing: /home/laptop5/mycobot_ros2/install/mycobot_interfaces/include/mycobot_interfaces/mycobot_interfaces/srv/detail/set_angles__description.c
[1.616s] -- Installing: /home/laptop5/mycobot_ros2/install/mycobot_interfaces/include/mycobot_interfaces/mycobot_interfaces/srv/detail/get_angles__type_support.c
[1.617s] -- Installing: /home/laptop5/mycobot_ros2/install/mycobot_interfaces/include/mycobot_interfaces/mycobot_interfaces/srv/detail/set_coords__type_support.c
[1.617s] -- Installing: /home/laptop5/mycobot_ros2/install/mycobot_interfaces/include/mycobot_interfaces/mycobot_interfaces/srv/detail/get_coords__functions.h
[1.617s] -- Installing: /home/laptop5/mycobot_ros2/install/mycobot_interfaces/include/mycobot_interfaces/mycobot_interfaces/srv/detail/get_coords__type_support.h
[1.617s] -- Installing: /home/laptop5/mycobot_ros2/install/mycobot_interfaces/include/mycobot_interfaces/mycobot_interfaces/srv/detail/get_coords__struct.h
[1.618s] -- Installing: /home/laptop5/mycobot_ros2/install/mycobot_interfaces/include/mycobot_interfaces/mycobot_interfaces/srv/detail/set_coords__description.c
[1.618s] -- Installing: /home/laptop5/mycobot_ros2/install/mycobot_interfaces/include/mycobot_interfaces/mycobot_interfaces/srv/gripper_status.h
[1.618s] -- Installing: /home/laptop5/mycobot_ros2/install/mycobot_interfaces/include/mycobot_interfaces/mycobot_interfaces/srv/set_angles.h
[1.618s] -- Installing: /home/laptop5/mycobot_ros2/install/mycobot_interfaces/include/mycobot_interfaces/mycobot_interfaces/srv/get_angles.h
[1.619s] -- Installing: /home/laptop5/mycobot_ros2/install/mycobot_interfaces/include/mycobot_interfaces/mycobot_interfaces/srv/set_coords.h
[1.619s] -- Installing: /home/laptop5/mycobot_ros2/install/mycobot_interfaces/share/mycobot_interfaces/environment/library_path.sh
[1.620s] -- Installing: /home/laptop5/mycobot_ros2/install/mycobot_interfaces/share/mycobot_interfaces/environment/library_path.dsv
[1.620s] -- Installing: /home/laptop5/mycobot_ros2/install/mycobot_interfaces/lib/libmycobot_interfaces__rosidl_generator_c.so
[1.620s] -- Set non-toolchain portion of runtime path of "/home/laptop5/mycobot_ros2/install/mycobot_interfaces/lib/libmycobot_interfaces__rosidl_generator_c.so" to ""
[1.620s] -- Up-to-date: /home/laptop5/mycobot_ros2/install/mycobot_interfaces/include/mycobot_interfaces/mycobot_interfaces
[1.621s] -- Up-to-date: /home/laptop5/mycobot_ros2/install/mycobot_interfaces/include/mycobot_interfaces/mycobot_interfaces/msg
[1.621s] -- Up-to-date: /home/laptop5/mycobot_ros2/install/mycobot_interfaces/include/mycobot_interfaces/mycobot_interfaces/msg/detail
[1.621s] -- Installing: /home/laptop5/mycobot_ros2/install/mycobot_interfaces/include/mycobot_interfaces/mycobot_interfaces/msg/detail/mycobot_gripper_status__rosidl_typesupport_fastrtps_c.h
[1.622s] -- Installing: /home/laptop5/mycobot_ros2/install/mycobot_interfaces/include/mycobot_interfaces/mycobot_interfaces/msg/detail/mycobot_set_angles__rosidl_typesupport_fastrtps_c.h
[1.622s] -- Installing: /home/laptop5/mycobot_ros2/install/mycobot_interfaces/include/mycobot_interfaces/mycobot_interfaces/msg/detail/mycobot_pump_status__rosidl_typesupport_fastrtps_c.h
[1.622s] -- Installing: /home/laptop5/mycobot_ros2/install/mycobot_interfaces/include/mycobot_interfaces/mycobot_interfaces/msg/detail/mycobot_set_coords__rosidl_typesupport_fastrtps_c.h
[1.623s] -- Installing: /home/laptop5/mycobot_ros2/install/mycobot_interfaces/include/mycobot_interfaces/mycobot_interfaces/msg/detail/mycobot_coords__rosidl_typesupport_fastrtps_c.h
[1.623s] -- Installing: /home/laptop5/mycobot_ros2/install/mycobot_interfaces/include/mycobot_interfaces/mycobot_interfaces/msg/detail/mycobot_angles__rosidl_typesupport_fastrtps_c.h
[1.623s] -- Installing: /home/laptop5/mycobot_ros2/install/mycobot_interfaces/include/mycobot_interfaces/mycobot_interfaces/msg/rosidl_typesupport_fastrtps_c__visibility_control.h
[1.623s] -- Up-to-date: /home/laptop5/mycobot_ros2/install/mycobot_interfaces/include/mycobot_interfaces/mycobot_interfaces/srv
[1.624s] -- Up-to-date: /home/laptop5/mycobot_ros2/install/mycobot_interfaces/include/mycobot_interfaces/mycobot_interfaces/srv/detail
[1.624s] -- Installing: /home/laptop5/mycobot_ros2/install/mycobot_interfaces/include/mycobot_interfaces/mycobot_interfaces/srv/detail/set_coords__rosidl_typesupport_fastrtps_c.h
[1.624s] -- Installing: /home/laptop5/mycobot_ros2/install/mycobot_interfaces/include/mycobot_interfaces/mycobot_interfaces/srv/detail/get_angles__rosidl_typesupport_fastrtps_c.h
[1.625s] -- Installing: /home/laptop5/mycobot_ros2/install/mycobot_interfaces/include/mycobot_interfaces/mycobot_interfaces/srv/detail/set_angles__rosidl_typesupport_fastrtps_c.h
[1.625s] -- Installing: /home/laptop5/mycobot_ros2/install/mycobot_interfaces/include/mycobot_interfaces/mycobot_interfaces/srv/detail/gripper_status__rosidl_typesupport_fastrtps_c.h
[1.625s] -- Installing: /home/laptop5/mycobot_ros2/install/mycobot_interfaces/include/mycobot_interfaces/mycobot_interfaces/srv/detail/get_coords__rosidl_typesupport_fastrtps_c.h
[1.625s] -- Installing: /home/laptop5/mycobot_ros2/install/mycobot_interfaces/include/mycobot_interfaces/mycobot_interfaces/srv/detail/pump_status__rosidl_typesupport_fastrtps_c.h
[1.626s] -- Installing: /home/laptop5/mycobot_ros2/install/mycobot_interfaces/lib/libmycobot_interfaces__rosidl_typesupport_fastrtps_c.so
[1.626s] -- Set non-toolchain portion of runtime path of "/home/laptop5/mycobot_ros2/install/mycobot_interfaces/lib/libmycobot_interfaces__rosidl_typesupport_fastrtps_c.so" to ""
[1.626s] -- Up-to-date: /home/laptop5/mycobot_ros2/install/mycobot_interfaces/include/mycobot_interfaces/mycobot_interfaces
[1.626s] -- Up-to-date: /home/laptop5/mycobot_ros2/install/mycobot_interfaces/include/mycobot_interfaces/mycobot_interfaces/msg
[1.626s] -- Installing: /home/laptop5/mycobot_ros2/install/mycobot_interfaces/include/mycobot_interfaces/mycobot_interfaces/msg/rosidl_typesupport_introspection_c__visibility_control.h
[1.626s] -- Up-to-date: /home/laptop5/mycobot_ros2/install/mycobot_interfaces/include/mycobot_interfaces/mycobot_interfaces/msg/detail
[1.627s] -- Installing: /home/laptop5/mycobot_ros2/install/mycobot_interfaces/include/mycobot_interfaces/mycobot_interfaces/msg/detail/mycobot_coords__rosidl_typesupport_introspection_c.h
[1.627s] -- Installing: /home/laptop5/mycobot_ros2/install/mycobot_interfaces/include/mycobot_interfaces/mycobot_interfaces/msg/detail/mycobot_pump_status__type_support.c
[1.627s] -- Installing: /home/laptop5/mycobot_ros2/install/mycobot_interfaces/include/mycobot_interfaces/mycobot_interfaces/msg/detail/mycobot_set_angles__type_support.c
[1.627s] -- Installing: /home/laptop5/mycobot_ros2/install/mycobot_interfaces/include/mycobot_interfaces/mycobot_interfaces/msg/detail/mycobot_gripper_status__rosidl_typesupport_introspection_c.h
[1.627s] -- Installing: /home/laptop5/mycobot_ros2/install/mycobot_interfaces/include/mycobot_interfaces/mycobot_interfaces/msg/detail/mycobot_gripper_status__type_support.c
[1.627s] -- Installing: /home/laptop5/mycobot_ros2/install/mycobot_interfaces/include/mycobot_interfaces/mycobot_interfaces/msg/detail/mycobot_angles__rosidl_typesupport_introspection_c.h
[1.627s] -- Installing: /home/laptop5/mycobot_ros2/install/mycobot_interfaces/include/mycobot_interfaces/mycobot_interfaces/msg/detail/mycobot_set_coords__rosidl_typesupport_introspection_c.h
[1.627s] -- Installing: /home/laptop5/mycobot_ros2/install/mycobot_interfaces/include/mycobot_interfaces/mycobot_interfaces/msg/detail/mycobot_angles__type_support.c
[1.627s] -- Installing: /home/laptop5/mycobot_ros2/install/mycobot_interfaces/include/mycobot_interfaces/mycobot_interfaces/msg/detail/mycobot_pump_status__rosidl_typesupport_introspection_c.h
[1.627s] -- Installing: /home/laptop5/mycobot_ros2/install/mycobot_interfaces/include/mycobot_interfaces/mycobot_interfaces/msg/detail/mycobot_set_angles__rosidl_typesupport_introspection_c.h
[1.628s] -- Installing: /home/laptop5/mycobot_ros2/install/mycobot_interfaces/include/mycobot_interfaces/mycobot_interfaces/msg/detail/mycobot_coords__type_support.c
[1.628s] -- Installing: /home/laptop5/mycobot_ros2/install/mycobot_interfaces/include/mycobot_interfaces/mycobot_interfaces/msg/detail/mycobot_set_coords__type_support.c
[1.628s] -- Up-to-date: /home/laptop5/mycobot_ros2/install/mycobot_interfaces/include/mycobot_interfaces/mycobot_interfaces/srv
[1.628s] -- Up-to-date: /home/laptop5/mycobot_ros2/install/mycobot_interfaces/include/mycobot_interfaces/mycobot_interfaces/srv/detail
[1.628s] -- Installing: /home/laptop5/mycobot_ros2/install/mycobot_interfaces/include/mycobot_interfaces/mycobot_interfaces/srv/detail/set_angles__rosidl_typesupport_introspection_c.h
[1.628s] -- Installing: /home/laptop5/mycobot_ros2/install/mycobot_interfaces/include/mycobot_interfaces/mycobot_interfaces/srv/detail/pump_status__rosidl_typesupport_introspection_c.h
[1.628s] -- Installing: /home/laptop5/mycobot_ros2/install/mycobot_interfaces/include/mycobot_interfaces/mycobot_interfaces/srv/detail/get_angles__rosidl_typesupport_introspection_c.h
[1.628s] -- Installing: /home/laptop5/mycobot_ros2/install/mycobot_interfaces/include/mycobot_interfaces/mycobot_interfaces/srv/detail/get_coords__type_support.c
[1.628s] -- Installing: /home/laptop5/mycobot_ros2/install/mycobot_interfaces/include/mycobot_interfaces/mycobot_interfaces/srv/detail/gripper_status__type_support.c
[1.628s] -- Installing: /home/laptop5/mycobot_ros2/install/mycobot_interfaces/include/mycobot_interfaces/mycobot_interfaces/srv/detail/get_coords__rosidl_typesupport_introspection_c.h
[1.628s] -- Installing: /home/laptop5/mycobot_ros2/install/mycobot_interfaces/include/mycobot_interfaces/mycobot_interfaces/srv/detail/pump_status__type_support.c
[1.628s] -- Installing: /home/laptop5/mycobot_ros2/install/mycobot_interfaces/include/mycobot_interfaces/mycobot_interfaces/srv/detail/set_coords__rosidl_typesupport_introspection_c.h
[1.628s] -- Installing: /home/laptop5/mycobot_ros2/install/mycobot_interfaces/include/mycobot_interfaces/mycobot_interfaces/srv/detail/set_angles__type_support.c
[1.628s] -- Installing: /home/laptop5/mycobot_ros2/install/mycobot_interfaces/include/mycobot_interfaces/mycobot_interfaces/srv/detail/get_angles__type_support.c
[1.628s] -- Installing: /home/laptop5/mycobot_ros2/install/mycobot_interfaces/include/mycobot_interfaces/mycobot_interfaces/srv/detail/set_coords__type_support.c
[1.628s] -- Installing: /home/laptop5/mycobot_ros2/install/mycobot_interfaces/include/mycobot_interfaces/mycobot_interfaces/srv/detail/gripper_status__rosidl_typesupport_introspection_c.h
[1.629s] -- Installing: /home/laptop5/mycobot_ros2/install/mycobot_interfaces/lib/libmycobot_interfaces__rosidl_typesupport_introspection_c.so
[1.629s] -- Set non-toolchain portion of runtime path of "/home/laptop5/mycobot_ros2/install/mycobot_interfaces/lib/libmycobot_interfaces__rosidl_typesupport_introspection_c.so" to ""
[1.629s] -- Installing: /home/laptop5/mycobot_ros2/install/mycobot_interfaces/lib/libmycobot_interfaces__rosidl_typesupport_c.so
[1.629s] -- Set non-toolchain portion of runtime path of "/home/laptop5/mycobot_ros2/install/mycobot_interfaces/lib/libmycobot_interfaces__rosidl_typesupport_c.so" to ""
[1.629s] -- Up-to-date: /home/laptop5/mycobot_ros2/install/mycobot_interfaces/include/mycobot_interfaces/mycobot_interfaces
[1.629s] -- Up-to-date: /home/laptop5/mycobot_ros2/install/mycobot_interfaces/include/mycobot_interfaces/mycobot_interfaces/msg
[1.629s] -- Installing: /home/laptop5/mycobot_ros2/install/mycobot_interfaces/include/mycobot_interfaces/mycobot_interfaces/msg/mycobot_set_angles.hpp
[1.629s] -- Installing: /home/laptop5/mycobot_ros2/install/mycobot_interfaces/include/mycobot_interfaces/mycobot_interfaces/msg/mycobot_gripper_status.hpp
[1.629s] -- Up-to-date: /home/laptop5/mycobot_ros2/install/mycobot_interfaces/include/mycobot_interfaces/mycobot_interfaces/msg/detail
[1.629s] -- Installing: /home/laptop5/mycobot_ros2/install/mycobot_interfaces/include/mycobot_interfaces/mycobot_interfaces/msg/detail/mycobot_angles__traits.hpp
[1.629s] -- Installing: /home/laptop5/mycobot_ros2/install/mycobot_interfaces/include/mycobot_interfaces/mycobot_interfaces/msg/detail/mycobot_set_angles__traits.hpp
[1.629s] -- Installing: /home/laptop5/mycobot_ros2/install/mycobot_interfaces/include/mycobot_interfaces/mycobot_interfaces/msg/detail/mycobot_set_angles__struct.hpp
[1.629s] -- Installing: /home/laptop5/mycobot_ros2/install/mycobot_interfaces/include/mycobot_interfaces/mycobot_interfaces/msg/detail/mycobot_set_angles__type_support.hpp
[1.629s] -- Installing: /home/laptop5/mycobot_ros2/install/mycobot_interfaces/include/mycobot_interfaces/mycobot_interfaces/msg/detail/mycobot_set_coords__traits.hpp
[1.629s] -- Installing: /home/laptop5/mycobot_ros2/install/mycobot_interfaces/include/mycobot_interfaces/mycobot_interfaces/msg/detail/mycobot_angles__type_support.hpp
[1.629s] -- Installing: /home/laptop5/mycobot_ros2/install/mycobot_interfaces/include/mycobot_interfaces/mycobot_interfaces/msg/detail/mycobot_set_coords__builder.hpp
[1.630s] -- Installing: /home/laptop5/mycobot_ros2/install/mycobot_interfaces/include/mycobot_interfaces/mycobot_interfaces/msg/detail/mycobot_coords__traits.hpp
[1.630s] -- Installing: /home/laptop5/mycobot_ros2/install/mycobot_interfaces/include/mycobot_interfaces/mycobot_interfaces/msg/detail/mycobot_set_coords__struct.hpp
[1.630s] -- Installing: /home/laptop5/mycobot_ros2/install/mycobot_interfaces/include/mycobot_interfaces/mycobot_interfaces/msg/detail/mycobot_gripper_status__type_support.hpp
[1.630s] -- Installing: /home/laptop5/mycobot_ros2/install/mycobot_interfaces/include/mycobot_interfaces/mycobot_interfaces/msg/detail/mycobot_gripper_status__traits.hpp
[1.630s] -- Installing: /home/laptop5/mycobot_ros2/install/mycobot_interfaces/include/mycobot_interfaces/mycobot_interfaces/msg/detail/mycobot_gripper_status__builder.hpp
[1.630s] -- Installing: /home/laptop5/mycobot_ros2/install/mycobot_interfaces/include/mycobot_interfaces/mycobot_interfaces/msg/detail/mycobot_pump_status__type_support.hpp
[1.630s] -- Installing: /home/laptop5/mycobot_ros2/install/mycobot_interfaces/include/mycobot_interfaces/mycobot_interfaces/msg/detail/mycobot_set_coords__type_support.hpp
[1.630s] -- Installing: /home/laptop5/mycobot_ros2/install/mycobot_interfaces/include/mycobot_interfaces/mycobot_interfaces/msg/detail/mycobot_set_angles__builder.hpp
[1.630s] -- Installing: /home/laptop5/mycobot_ros2/install/mycobot_interfaces/include/mycobot_interfaces/mycobot_interfaces/msg/detail/mycobot_pump_status__traits.hpp
[1.630s] -- Installing: /home/laptop5/mycobot_ros2/install/mycobot_interfaces/include/mycobot_interfaces/mycobot_interfaces/msg/detail/mycobot_gripper_status__struct.hpp
[1.631s] -- Installing: /home/laptop5/mycobot_ros2/install/mycobot_interfaces/include/mycobot_interfaces/mycobot_interfaces/msg/detail/mycobot_pump_status__struct.hpp
[1.631s] -- Installing: /home/laptop5/mycobot_ros2/install/mycobot_interfaces/include/mycobot_interfaces/mycobot_interfaces/msg/detail/mycobot_angles__struct.hpp
[1.631s] -- Installing: /home/laptop5/mycobot_ros2/install/mycobot_interfaces/include/mycobot_interfaces/mycobot_interfaces/msg/detail/mycobot_pump_status__builder.hpp
[1.631s] -- Installing: /home/laptop5/mycobot_ros2/install/mycobot_interfaces/include/mycobot_interfaces/mycobot_interfaces/msg/detail/mycobot_coords__builder.hpp
[1.631s] -- Installing: /home/laptop5/mycobot_ros2/install/mycobot_interfaces/include/mycobot_interfaces/mycobot_interfaces/msg/detail/mycobot_coords__struct.hpp
[1.631s] -- Installing: /home/laptop5/mycobot_ros2/install/mycobot_interfaces/include/mycobot_interfaces/mycobot_interfaces/msg/detail/mycobot_coords__type_support.hpp
[1.631s] -- Installing: /home/laptop5/mycobot_ros2/install/mycobot_interfaces/include/mycobot_interfaces/mycobot_interfaces/msg/detail/mycobot_angles__builder.hpp
[1.632s] -- Installing: /home/laptop5/mycobot_ros2/install/mycobot_interfaces/include/mycobot_interfaces/mycobot_interfaces/msg/mycobot_set_coords.hpp
[1.632s] -- Installing: /home/laptop5/mycobot_ros2/install/mycobot_interfaces/include/mycobot_interfaces/mycobot_interfaces/msg/mycobot_angles.hpp
[1.632s] -- Installing: /home/laptop5/mycobot_ros2/install/mycobot_interfaces/include/mycobot_interfaces/mycobot_interfaces/msg/mycobot_coords.hpp
[1.632s] -- Installing: /home/laptop5/mycobot_ros2/install/mycobot_interfaces/include/mycobot_interfaces/mycobot_interfaces/msg/rosidl_generator_cpp__visibility_control.hpp
[1.632s] -- Installing: /home/laptop5/mycobot_ros2/install/mycobot_interfaces/include/mycobot_interfaces/mycobot_interfaces/msg/mycobot_pump_status.hpp
[1.632s] -- Up-to-date: /home/laptop5/mycobot_ros2/install/mycobot_interfaces/include/mycobot_interfaces/mycobot_interfaces/srv
[1.632s] -- Installing: /home/laptop5/mycobot_ros2/install/mycobot_interfaces/include/mycobot_interfaces/mycobot_interfaces/srv/get_coords.hpp
[1.632s] -- Installing: /home/laptop5/mycobot_ros2/install/mycobot_interfaces/include/mycobot_interfaces/mycobot_interfaces/srv/set_angles.hpp
[1.632s] -- Installing: /home/laptop5/mycobot_ros2/install/mycobot_interfaces/include/mycobot_interfaces/mycobot_interfaces/srv/set_coords.hpp
[1.632s] -- Up-to-date: /home/laptop5/mycobot_ros2/install/mycobot_interfaces/include/mycobot_interfaces/mycobot_interfaces/srv/detail
[1.632s] -- Installing: /home/laptop5/mycobot_ros2/install/mycobot_interfaces/include/mycobot_interfaces/mycobot_interfaces/srv/detail/gripper_status__type_support.hpp
[1.633s] -- Installing: /home/laptop5/mycobot_ros2/install/mycobot_interfaces/include/mycobot_interfaces/mycobot_interfaces/srv/detail/set_coords__builder.hpp
[1.633s] -- Installing: /home/laptop5/mycobot_ros2/install/mycobot_interfaces/include/mycobot_interfaces/mycobot_interfaces/srv/detail/set_coords__struct.hpp
[1.633s] -- Installing: /home/laptop5/mycobot_ros2/install/mycobot_interfaces/include/mycobot_interfaces/mycobot_interfaces/srv/detail/set_angles__builder.hpp
[1.633s] -- Installing: /home/laptop5/mycobot_ros2/install/mycobot_interfaces/include/mycobot_interfaces/mycobot_interfaces/srv/detail/get_angles__struct.hpp
[1.633s] -- Installing: /home/laptop5/mycobot_ros2/install/mycobot_interfaces/include/mycobot_interfaces/mycobot_interfaces/srv/detail/pump_status__traits.hpp
[1.633s] -- Installing: /home/laptop5/mycobot_ros2/install/mycobot_interfaces/include/mycobot_interfaces/mycobot_interfaces/srv/detail/gripper_status__builder.hpp
[1.633s] -- Installing: /home/laptop5/mycobot_ros2/install/mycobot_interfaces/include/mycobot_interfaces/mycobot_interfaces/srv/detail/get_coords__struct.hpp
[1.633s] -- Installing: /home/laptop5/mycobot_ros2/install/mycobot_interfaces/include/mycobot_interfaces/mycobot_interfaces/srv/detail/pump_status__struct.hpp
[1.633s] -- Installing: /home/laptop5/mycobot_ros2/install/mycobot_interfaces/include/mycobot_interfaces/mycobot_interfaces/srv/detail/get_angles__traits.hpp
[1.633s] -- Installing: /home/laptop5/mycobot_ros2/install/mycobot_interfaces/include/mycobot_interfaces/mycobot_interfaces/srv/detail/gripper_status__struct.hpp
[1.633s] -- Installing: /home/laptop5/mycobot_ros2/install/mycobot_interfaces/include/mycobot_interfaces/mycobot_interfaces/srv/detail/get_coords__traits.hpp
[1.633s] -- Installing: /home/laptop5/mycobot_ros2/install/mycobot_interfaces/include/mycobot_interfaces/mycobot_interfaces/srv/detail/set_angles__traits.hpp
[1.633s] -- Installing: /home/laptop5/mycobot_ros2/install/mycobot_interfaces/include/mycobot_interfaces/mycobot_interfaces/srv/detail/get_coords__type_support.hpp
[1.633s] -- Installing: /home/laptop5/mycobot_ros2/install/mycobot_interfaces/include/mycobot_interfaces/mycobot_interfaces/srv/detail/set_coords__type_support.hpp
[1.633s] -- Installing: /home/laptop5/mycobot_ros2/install/mycobot_interfaces/include/mycobot_interfaces/mycobot_interfaces/srv/detail/gripper_status__traits.hpp
[1.633s] -- Installing: /home/laptop5/mycobot_ros2/install/mycobot_interfaces/include/mycobot_interfaces/mycobot_interfaces/srv/detail/get_coords__builder.hpp
[1.633s] -- Installing: /home/laptop5/mycobot_ros2/install/mycobot_interfaces/include/mycobot_interfaces/mycobot_interfaces/srv/detail/set_angles__struct.hpp
[1.634s] -- Installing: /home/laptop5/mycobot_ros2/install/mycobot_interfaces/include/mycobot_interfaces/mycobot_interfaces/srv/detail/pump_status__type_support.hpp
[1.634s] -- Installing: /home/laptop5/mycobot_ros2/install/mycobot_interfaces/include/mycobot_interfaces/mycobot_interfaces/srv/detail/get_angles__type_support.hpp
[1.634s] -- Installing: /home/laptop5/mycobot_ros2/install/mycobot_interfaces/include/mycobot_interfaces/mycobot_interfaces/srv/detail/set_angles__type_support.hpp
[1.634s] -- Installing: /home/laptop5/mycobot_ros2/install/mycobot_interfaces/include/mycobot_interfaces/mycobot_interfaces/srv/detail/get_angles__builder.hpp
[1.634s] -- Installing: /home/laptop5/mycobot_ros2/install/mycobot_interfaces/include/mycobot_interfaces/mycobot_interfaces/srv/detail/set_coords__traits.hpp
[1.634s] -- Installing: /home/laptop5/mycobot_ros2/install/mycobot_interfaces/include/mycobot_interfaces/mycobot_interfaces/srv/detail/pump_status__builder.hpp
[1.634s] -- Installing: /home/laptop5/mycobot_ros2/install/mycobot_interfaces/include/mycobot_interfaces/mycobot_interfaces/srv/get_angles.hpp
[1.634s] -- Installing: /home/laptop5/mycobot_ros2/install/mycobot_interfaces/include/mycobot_interfaces/mycobot_interfaces/srv/gripper_status.hpp
[1.634s] -- Installing: /home/laptop5/mycobot_ros2/install/mycobot_interfaces/include/mycobot_interfaces/mycobot_interfaces/srv/pump_status.hpp
[1.634s] -- Up-to-date: /home/laptop5/mycobot_ros2/install/mycobot_interfaces/include/mycobot_interfaces/mycobot_interfaces
[1.634s] -- Up-to-date: /home/laptop5/mycobot_ros2/install/mycobot_interfaces/include/mycobot_interfaces/mycobot_interfaces/msg
[1.634s] -- Up-to-date: /home/laptop5/mycobot_ros2/install/mycobot_interfaces/include/mycobot_interfaces/mycobot_interfaces/msg/detail
[1.634s] -- Installing: /home/laptop5/mycobot_ros2/install/mycobot_interfaces/include/mycobot_interfaces/mycobot_interfaces/msg/detail/dds_fastrtps
[1.635s] -- Installing: /home/laptop5/mycobot_ros2/install/mycobot_interfaces/include/mycobot_interfaces/mycobot_interfaces/msg/detail/mycobot_pump_status__rosidl_typesupport_fastrtps_cpp.hpp
[1.635s] -- Installing: /home/laptop5/mycobot_ros2/install/mycobot_interfaces/include/mycobot_interfaces/mycobot_interfaces/msg/detail/mycobot_coords__rosidl_typesupport_fastrtps_cpp.hpp
[1.635s] -- Installing: /home/laptop5/mycobot_ros2/install/mycobot_interfaces/include/mycobot_interfaces/mycobot_interfaces/msg/detail/mycobot_set_coords__rosidl_typesupport_fastrtps_cpp.hpp
[1.635s] -- Installing: /home/laptop5/mycobot_ros2/install/mycobot_interfaces/include/mycobot_interfaces/mycobot_interfaces/msg/detail/mycobot_set_angles__rosidl_typesupport_fastrtps_cpp.hpp
[1.635s] -- Installing: /home/laptop5/mycobot_ros2/install/mycobot_interfaces/include/mycobot_interfaces/mycobot_interfaces/msg/detail/mycobot_gripper_status__rosidl_typesupport_fastrtps_cpp.hpp
[1.635s] -- Installing: /home/laptop5/mycobot_ros2/install/mycobot_interfaces/include/mycobot_interfaces/mycobot_interfaces/msg/detail/mycobot_angles__rosidl_typesupport_fastrtps_cpp.hpp
[1.635s] -- Installing: /home/laptop5/mycobot_ros2/install/mycobot_interfaces/include/mycobot_interfaces/mycobot_interfaces/msg/rosidl_typesupport_fastrtps_cpp__visibility_control.h
[1.635s] -- Up-to-date: /home/laptop5/mycobot_ros2/install/mycobot_interfaces/include/mycobot_interfaces/mycobot_interfaces/srv
[1.635s] -- Up-to-date: /home/laptop5/mycobot_ros2/install/mycobot_interfaces/include/mycobot_interfaces/mycobot_interfaces/srv/detail
[1.635s] -- Installing: /home/laptop5/mycobot_ros2/install/mycobot_interfaces/include/mycobot_interfaces/mycobot_interfaces/srv/detail/pump_status__rosidl_typesupport_fastrtps_cpp.hpp
[1.635s] -- Installing: /home/laptop5/mycobot_ros2/install/mycobot_interfaces/include/mycobot_interfaces/mycobot_interfaces/srv/detail/set_angles__rosidl_typesupport_fastrtps_cpp.hpp
[1.635s] -- Installing: /home/laptop5/mycobot_ros2/install/mycobot_interfaces/include/mycobot_interfaces/mycobot_interfaces/srv/detail/set_coords__rosidl_typesupport_fastrtps_cpp.hpp
[1.635s] -- Installing: /home/laptop5/mycobot_ros2/install/mycobot_interfaces/include/mycobot_interfaces/mycobot_interfaces/srv/detail/dds_fastrtps
[1.635s] -- Installing: /home/laptop5/mycobot_ros2/install/mycobot_interfaces/include/mycobot_interfaces/mycobot_interfaces/srv/detail/get_angles__rosidl_typesupport_fastrtps_cpp.hpp
[1.635s] -- Installing: /home/laptop5/mycobot_ros2/install/mycobot_interfaces/include/mycobot_interfaces/mycobot_interfaces/srv/detail/gripper_status__rosidl_typesupport_fastrtps_cpp.hpp
[1.636s] -- Installing: /home/laptop5/mycobot_ros2/install/mycobot_interfaces/include/mycobot_interfaces/mycobot_interfaces/srv/detail/get_coords__rosidl_typesupport_fastrtps_cpp.hpp
[1.636s] -- Installing: /home/laptop5/mycobot_ros2/install/mycobot_interfaces/lib/libmycobot_interfaces__rosidl_typesupport_fastrtps_cpp.so
[1.636s] -- Set non-toolchain portion of runtime path of "/home/laptop5/mycobot_ros2/install/mycobot_interfaces/lib/libmycobot_interfaces__rosidl_typesupport_fastrtps_cpp.so" to ""
[1.636s] -- Up-to-date: /home/laptop5/mycobot_ros2/install/mycobot_interfaces/include/mycobot_interfaces/mycobot_interfaces
[1.636s] -- Up-to-date: /home/laptop5/mycobot_ros2/install/mycobot_interfaces/include/mycobot_interfaces/mycobot_interfaces/msg
[1.636s] -- Up-to-date: /home/laptop5/mycobot_ros2/install/mycobot_interfaces/include/mycobot_interfaces/mycobot_interfaces/msg/detail
[1.637s] -- Installing: /home/laptop5/mycobot_ros2/install/mycobot_interfaces/include/mycobot_interfaces/mycobot_interfaces/msg/detail/mycobot_gripper_status__rosidl_typesupport_introspection_cpp.hpp
[1.637s] -- Installing: /home/laptop5/mycobot_ros2/install/mycobot_interfaces/include/mycobot_interfaces/mycobot_interfaces/msg/detail/mycobot_set_coords__rosidl_typesupport_introspection_cpp.hpp
[1.637s] -- Installing: /home/laptop5/mycobot_ros2/install/mycobot_interfaces/include/mycobot_interfaces/mycobot_interfaces/msg/detail/mycobot_set_coords__type_support.cpp
[1.637s] -- Installing: /home/laptop5/mycobot_ros2/install/mycobot_interfaces/include/mycobot_interfaces/mycobot_interfaces/msg/detail/mycobot_angles__type_support.cpp
[1.637s] -- Installing: /home/laptop5/mycobot_ros2/install/mycobot_interfaces/include/mycobot_interfaces/mycobot_interfaces/msg/detail/mycobot_set_angles__type_support.cpp
[1.637s] -- Installing: /home/laptop5/mycobot_ros2/install/mycobot_interfaces/include/mycobot_interfaces/mycobot_interfaces/msg/detail/mycobot_pump_status__type_support.cpp
[1.637s] -- Installing: /home/laptop5/mycobot_ros2/install/mycobot_interfaces/include/mycobot_interfaces/mycobot_interfaces/msg/detail/mycobot_pump_status__rosidl_typesupport_introspection_cpp.hpp
[1.637s] -- Installing: /home/laptop5/mycobot_ros2/install/mycobot_interfaces/include/mycobot_interfaces/mycobot_interfaces/msg/detail/mycobot_coords__type_support.cpp
[1.637s] -- Installing: /home/laptop5/mycobot_ros2/install/mycobot_interfaces/include/mycobot_interfaces/mycobot_interfaces/msg/detail/mycobot_gripper_status__type_support.cpp
[1.637s] -- Installing: /home/laptop5/mycobot_ros2/install/mycobot_interfaces/include/mycobot_interfaces/mycobot_interfaces/msg/detail/mycobot_set_angles__rosidl_typesupport_introspection_cpp.hpp
[1.637s] -- Installing: /home/laptop5/mycobot_ros2/install/mycobot_interfaces/include/mycobot_interfaces/mycobot_interfaces/msg/detail/mycobot_coords__rosidl_typesupport_introspection_cpp.hpp
[1.637s] -- Installing: /home/laptop5/mycobot_ros2/install/mycobot_interfaces/include/mycobot_interfaces/mycobot_interfaces/msg/detail/mycobot_angles__rosidl_typesupport_introspection_cpp.hpp
[1.637s] -- Up-to-date: /home/laptop5/mycobot_ros2/install/mycobot_interfaces/include/mycobot_interfaces/mycobot_interfaces/srv
[1.637s] -- Up-to-date: /home/laptop5/mycobot_ros2/install/mycobot_interfaces/include/mycobot_interfaces/mycobot_interfaces/srv/detail
[1.637s] -- Installing: /home/laptop5/mycobot_ros2/install/mycobot_interfaces/include/mycobot_interfaces/mycobot_interfaces/srv/detail/gripper_status__type_support.cpp
[1.638s] -- Installing: /home/laptop5/mycobot_ros2/install/mycobot_interfaces/include/mycobot_interfaces/mycobot_interfaces/srv/detail/get_angles__rosidl_typesupport_introspection_cpp.hpp
[1.638s] -- Installing: /home/laptop5/mycobot_ros2/install/mycobot_interfaces/include/mycobot_interfaces/mycobot_interfaces/srv/detail/pump_status__rosidl_typesupport_introspection_cpp.hpp
[1.638s] -- Installing: /home/laptop5/mycobot_ros2/install/mycobot_interfaces/include/mycobot_interfaces/mycobot_interfaces/srv/detail/gripper_status__rosidl_typesupport_introspection_cpp.hpp
[1.638s] -- Installing: /home/laptop5/mycobot_ros2/install/mycobot_interfaces/include/mycobot_interfaces/mycobot_interfaces/srv/detail/set_angles__type_support.cpp
[1.638s] -- Installing: /home/laptop5/mycobot_ros2/install/mycobot_interfaces/include/mycobot_interfaces/mycobot_interfaces/srv/detail/set_angles__rosidl_typesupport_introspection_cpp.hpp
[1.638s] -- Installing: /home/laptop5/mycobot_ros2/install/mycobot_interfaces/include/mycobot_interfaces/mycobot_interfaces/srv/detail/pump_status__type_support.cpp
[1.638s] -- Installing: /home/laptop5/mycobot_ros2/install/mycobot_interfaces/include/mycobot_interfaces/mycobot_interfaces/srv/detail/get_coords__type_support.cpp
[1.638s] -- Installing: /home/laptop5/mycobot_ros2/install/mycobot_interfaces/include/mycobot_interfaces/mycobot_interfaces/srv/detail/set_coords__type_support.cpp
[1.638s] -- Installing: /home/laptop5/mycobot_ros2/install/mycobot_interfaces/include/mycobot_interfaces/mycobot_interfaces/srv/detail/set_coords__rosidl_typesupport_introspection_cpp.hpp
[1.638s] -- Installing: /home/laptop5/mycobot_ros2/install/mycobot_interfaces/include/mycobot_interfaces/mycobot_interfaces/srv/detail/get_angles__type_support.cpp
[1.638s] -- Installing: /home/laptop5/mycobot_ros2/install/mycobot_interfaces/include/mycobot_interfaces/mycobot_interfaces/srv/detail/get_coords__rosidl_typesupport_introspection_cpp.hpp
[1.638s] -- Installing: /home/laptop5/mycobot_ros2/install/mycobot_interfaces/lib/libmycobot_interfaces__rosidl_typesupport_introspection_cpp.so
[1.638s] -- Set non-toolchain portion of runtime path of "/home/laptop5/mycobot_ros2/install/mycobot_interfaces/lib/libmycobot_interfaces__rosidl_typesupport_introspection_cpp.so" to ""
[1.638s] -- Installing: /home/laptop5/mycobot_ros2/install/mycobot_interfaces/lib/libmycobot_interfaces__rosidl_typesupport_cpp.so
[1.638s] -- Set non-toolchain portion of runtime path of "/home/laptop5/mycobot_ros2/install/mycobot_interfaces/lib/libmycobot_interfaces__rosidl_typesupport_cpp.so" to ""
[1.638s] -- Installing: /home/laptop5/mycobot_ros2/install/mycobot_interfaces/share/mycobot_interfaces/environment/pythonpath.sh
[1.638s] -- Installing: /home/laptop5/mycobot_ros2/install/mycobot_interfaces/share/mycobot_interfaces/environment/pythonpath.dsv
[1.639s] -- Installing: /home/laptop5/mycobot_ros2/install/mycobot_interfaces/lib/python3.12/site-packages/mycobot_interfaces-0.0.0-py3.12.egg-info
[1.639s] -- Installing: /home/laptop5/mycobot_ros2/install/mycobot_interfaces/lib/python3.12/site-packages/mycobot_interfaces-0.0.0-py3.12.egg-info/dependency_links.txt
[1.639s] -- Installing: /home/laptop5/mycobot_ros2/install/mycobot_interfaces/lib/python3.12/site-packages/mycobot_interfaces-0.0.0-py3.12.egg-info/PKG-INFO
[1.639s] -- Installing: /home/laptop5/mycobot_ros2/install/mycobot_interfaces/lib/python3.12/site-packages/mycobot_interfaces-0.0.0-py3.12.egg-info/SOURCES.txt
[1.639s] -- Installing: /home/laptop5/mycobot_ros2/install/mycobot_interfaces/lib/python3.12/site-packages/mycobot_interfaces-0.0.0-py3.12.egg-info/top_level.txt
[1.639s] -- Installing: /home/laptop5/mycobot_ros2/install/mycobot_interfaces/lib/python3.12/site-packages/mycobot_interfaces
[1.639s] -- Installing: /home/laptop5/mycobot_ros2/install/mycobot_interfaces/lib/python3.12/site-packages/mycobot_interfaces/__init__.py
[1.639s] -- Installing: /home/laptop5/mycobot_ros2/install/mycobot_interfaces/lib/python3.12/site-packages/mycobot_interfaces/mycobot_interfaces_s__rosidl_typesupport_introspection_c.so
[1.639s] -- Installing: /home/laptop5/mycobot_ros2/install/mycobot_interfaces/lib/python3.12/site-packages/mycobot_interfaces/_mycobot_interfaces_s.ep.rosidl_typesupport_introspection_c.c
[1.639s] -- Installing: /home/laptop5/mycobot_ros2/install/mycobot_interfaces/lib/python3.12/site-packages/mycobot_interfaces/mycobot_interfaces_s__rosidl_typesupport_fastrtps_c.so
[1.639s] -- Installing: /home/laptop5/mycobot_ros2/install/mycobot_interfaces/lib/python3.12/site-packages/mycobot_interfaces/msg
[1.639s] -- Installing: /home/laptop5/mycobot_ros2/install/mycobot_interfaces/lib/python3.12/site-packages/mycobot_interfaces/msg/_mycobot_gripper_status_s.c
[1.639s] -- Installing: /home/laptop5/mycobot_ros2/install/mycobot_interfaces/lib/python3.12/site-packages/mycobot_interfaces/msg/__init__.py
[1.639s] -- Installing: /home/laptop5/mycobot_ros2/install/mycobot_interfaces/lib/python3.12/site-packages/mycobot_interfaces/msg/_mycobot_coords_s.c
[1.639s] -- Installing: /home/laptop5/mycobot_ros2/install/mycobot_interfaces/lib/python3.12/site-packages/mycobot_interfaces/msg/_mycobot_angles.py
[1.639s] -- Installing: /home/laptop5/mycobot_ros2/install/mycobot_interfaces/lib/python3.12/site-packages/mycobot_interfaces/msg/_mycobot_pump_status.py
[1.639s] -- Installing: /home/laptop5/mycobot_ros2/install/mycobot_interfaces/lib/python3.12/site-packages/mycobot_interfaces/msg/_mycobot_set_coords_s.c
[1.640s] -- Installing: /home/laptop5/mycobot_ros2/install/mycobot_interfaces/lib/python3.12/site-packages/mycobot_interfaces/msg/_mycobot_gripper_status.py
[1.640s] -- Installing: /home/laptop5/mycobot_ros2/install/mycobot_interfaces/lib/python3.12/site-packages/mycobot_interfaces/msg/_mycobot_coords.py
[1.640s] -- Installing: /home/laptop5/mycobot_ros2/install/mycobot_interfaces/lib/python3.12/site-packages/mycobot_interfaces/msg/_mycobot_set_coords.py
[1.640s] -- Installing: /home/laptop5/mycobot_ros2/install/mycobot_interfaces/lib/python3.12/site-packages/mycobot_interfaces/msg/_mycobot_set_angles.py
[1.640s] -- Installing: /home/laptop5/mycobot_ros2/install/mycobot_interfaces/lib/python3.12/site-packages/mycobot_interfaces/msg/_mycobot_set_angles_s.c
[1.640s] -- Installing: /home/laptop5/mycobot_ros2/install/mycobot_interfaces/lib/python3.12/site-packages/mycobot_interfaces/msg/_mycobot_angles_s.c
[1.640s] -- Installing: /home/laptop5/mycobot_ros2/install/mycobot_interfaces/lib/python3.12/site-packages/mycobot_interfaces/msg/_mycobot_pump_status_s.c
[1.640s] -- Installing: /home/laptop5/mycobot_ros2/install/mycobot_interfaces/lib/python3.12/site-packages/mycobot_interfaces/_mycobot_interfaces_s.ep.rosidl_typesupport_fastrtps_c.c
[1.640s] -- Installing: /home/laptop5/mycobot_ros2/install/mycobot_interfaces/lib/python3.12/site-packages/mycobot_interfaces/mycobot_interfaces_s__rosidl_typesupport_c.so
[1.640s] -- Installing: /home/laptop5/mycobot_ros2/install/mycobot_interfaces/lib/python3.12/site-packages/mycobot_interfaces/_mycobot_interfaces_s.ep.rosidl_typesupport_c.c
[1.640s] -- Installing: /home/laptop5/mycobot_ros2/install/mycobot_interfaces/lib/python3.12/site-packages/mycobot_interfaces/srv
[1.640s] -- Installing: /home/laptop5/mycobot_ros2/install/mycobot_interfaces/lib/python3.12/site-packages/mycobot_interfaces/srv/_set_coords_s.c
[1.640s] -- Installing: /home/laptop5/mycobot_ros2/install/mycobot_interfaces/lib/python3.12/site-packages/mycobot_interfaces/srv/_gripper_status.py
[1.640s] -- Installing: /home/laptop5/mycobot_ros2/install/mycobot_interfaces/lib/python3.12/site-packages/mycobot_interfaces/srv/__init__.py
[1.640s] -- Installing: /home/laptop5/mycobot_ros2/install/mycobot_interfaces/lib/python3.12/site-packages/mycobot_interfaces/srv/_pump_status.py
[1.640s] -- Installing: /home/laptop5/mycobot_ros2/install/mycobot_interfaces/lib/python3.12/site-packages/mycobot_interfaces/srv/_set_coords.py
[1.640s] -- Installing: /home/laptop5/mycobot_ros2/install/mycobot_interfaces/lib/python3.12/site-packages/mycobot_interfaces/srv/_get_coords_s.c
[1.641s] -- Installing: /home/laptop5/mycobot_ros2/install/mycobot_interfaces/lib/python3.12/site-packages/mycobot_interfaces/srv/_set_angles_s.c
[1.641s] -- Installing: /home/laptop5/mycobot_ros2/install/mycobot_interfaces/lib/python3.12/site-packages/mycobot_interfaces/srv/_pump_status_s.c
[1.641s] -- Installing: /home/laptop5/mycobot_ros2/install/mycobot_interfaces/lib/python3.12/site-packages/mycobot_interfaces/srv/_set_angles.py
[1.641s] -- Installing: /home/laptop5/mycobot_ros2/install/mycobot_interfaces/lib/python3.12/site-packages/mycobot_interfaces/srv/_get_angles_s.c
[1.641s] -- Installing: /home/laptop5/mycobot_ros2/install/mycobot_interfaces/lib/python3.12/site-packages/mycobot_interfaces/srv/_get_coords.py
[1.641s] -- Installing: /home/laptop5/mycobot_ros2/install/mycobot_interfaces/lib/python3.12/site-packages/mycobot_interfaces/srv/_gripper_status_s.c
[1.641s] -- Installing: /home/laptop5/mycobot_ros2/install/mycobot_interfaces/lib/python3.12/site-packages/mycobot_interfaces/srv/_get_angles.py
[1.756s] Listing '/home/laptop5/mycobot_ros2/install/mycobot_interfaces/lib/python3.12/site-packages/mycobot_interfaces'...
[1.756s] Compiling '/home/laptop5/mycobot_ros2/install/mycobot_interfaces/lib/python3.12/site-packages/mycobot_interfaces/__init__.py'...
[1.756s] Listing '/home/laptop5/mycobot_ros2/install/mycobot_interfaces/lib/python3.12/site-packages/mycobot_interfaces/msg'...
[1.757s] Compiling '/home/laptop5/mycobot_ros2/install/mycobot_interfaces/lib/python3.12/site-packages/mycobot_interfaces/msg/__init__.py'...
[1.757s] Compiling '/home/laptop5/mycobot_ros2/install/mycobot_interfaces/lib/python3.12/site-packages/mycobot_interfaces/msg/_mycobot_angles.py'...
[1.757s] Compiling '/home/laptop5/mycobot_ros2/install/mycobot_interfaces/lib/python3.12/site-packages/mycobot_interfaces/msg/_mycobot_coords.py'...
[1.757s] Compiling '/home/laptop5/mycobot_ros2/install/mycobot_interfaces/lib/python3.12/site-packages/mycobot_interfaces/msg/_mycobot_gripper_status.py'...
[1.757s] Compiling '/home/laptop5/mycobot_ros2/install/mycobot_interfaces/lib/python3.12/site-packages/mycobot_interfaces/msg/_mycobot_pump_status.py'...
[1.757s] Compiling '/home/laptop5/mycobot_ros2/install/mycobot_interfaces/lib/python3.12/site-packages/mycobot_interfaces/msg/_mycobot_set_angles.py'...
[1.758s] Compiling '/home/laptop5/mycobot_ros2/install/mycobot_interfaces/lib/python3.12/site-packages/mycobot_interfaces/msg/_mycobot_set_coords.py'...
[1.758s] Listing '/home/laptop5/mycobot_ros2/install/mycobot_interfaces/lib/python3.12/site-packages/mycobot_interfaces/srv'...
[1.758s] Compiling '/home/laptop5/mycobot_ros2/install/mycobot_interfaces/lib/python3.12/site-packages/mycobot_interfaces/srv/__init__.py'...
[1.758s] Compiling '/home/laptop5/mycobot_ros2/install/mycobot_interfaces/lib/python3.12/site-packages/mycobot_interfaces/srv/_get_angles.py'...
[1.758s] Compiling '/home/laptop5/mycobot_ros2/install/mycobot_interfaces/lib/python3.12/site-packages/mycobot_interfaces/srv/_get_coords.py'...
[1.758s] Compiling '/home/laptop5/mycobot_ros2/install/mycobot_interfaces/lib/python3.12/site-packages/mycobot_interfaces/srv/_gripper_status.py'...
[1.758s] Compiling '/home/laptop5/mycobot_ros2/install/mycobot_interfaces/lib/python3.12/site-packages/mycobot_interfaces/srv/_pump_status.py'...
[1.759s] Compiling '/home/laptop5/mycobot_ros2/install/mycobot_interfaces/lib/python3.12/site-packages/mycobot_interfaces/srv/_set_angles.py'...
[1.759s] Compiling '/home/laptop5/mycobot_ros2/install/mycobot_interfaces/lib/python3.12/site-packages/mycobot_interfaces/srv/_set_coords.py'...
[1.764s] -- Installing: /home/laptop5/mycobot_ros2/install/mycobot_interfaces/lib/python3.12/site-packages/mycobot_interfaces/mycobot_interfaces_s__rosidl_typesupport_fastrtps_c.so
[1.765s] -- Set non-toolchain portion of runtime path of "/home/laptop5/mycobot_ros2/install/mycobot_interfaces/lib/python3.12/site-packages/mycobot_interfaces/mycobot_interfaces_s__rosidl_typesupport_fastrtps_c.so" to ""
[1.765s] -- Installing: /home/laptop5/mycobot_ros2/install/mycobot_interfaces/lib/python3.12/site-packages/mycobot_interfaces/mycobot_interfaces_s__rosidl_typesupport_introspection_c.so
[1.765s] -- Set non-toolchain portion of runtime path of "/home/laptop5/mycobot_ros2/install/mycobot_interfaces/lib/python3.12/site-packages/mycobot_interfaces/mycobot_interfaces_s__rosidl_typesupport_introspection_c.so" to ""
[1.766s] -- Installing: /home/laptop5/mycobot_ros2/install/mycobot_interfaces/lib/python3.12/site-packages/mycobot_interfaces/mycobot_interfaces_s__rosidl_typesupport_c.so
[1.766s] -- Set non-toolchain portion of runtime path of "/home/laptop5/mycobot_ros2/install/mycobot_interfaces/lib/python3.12/site-packages/mycobot_interfaces/mycobot_interfaces_s__rosidl_typesupport_c.so" to ""
[1.766s] -- Installing: /home/laptop5/mycobot_ros2/install/mycobot_interfaces/lib/libmycobot_interfaces__rosidl_generator_py.so
[1.767s] -- Set non-toolchain portion of runtime path of "/home/laptop5/mycobot_ros2/install/mycobot_interfaces/lib/libmycobot_interfaces__rosidl_generator_py.so" to ""
[1.767s] -- Installing: /home/laptop5/mycobot_ros2/install/mycobot_interfaces/share/mycobot_interfaces/msg/MycobotAngles.idl
[1.767s] -- Installing: /home/laptop5/mycobot_ros2/install/mycobot_interfaces/share/mycobot_interfaces/msg/MycobotCoords.idl
[1.768s] -- Installing: /home/laptop5/mycobot_ros2/install/mycobot_interfaces/share/mycobot_interfaces/msg/MycobotSetAngles.idl
[1.768s] -- Installing: /home/laptop5/mycobot_ros2/install/mycobot_interfaces/share/mycobot_interfaces/msg/MycobotSetCoords.idl
[1.768s] -- Installing: /home/laptop5/mycobot_ros2/install/mycobot_interfaces/share/mycobot_interfaces/msg/MycobotGripperStatus.idl
[1.769s] -- Installing: /home/laptop5/mycobot_ros2/install/mycobot_interfaces/share/mycobot_interfaces/msg/MycobotPumpStatus.idl
[1.769s] -- Installing: /home/laptop5/mycobot_ros2/install/mycobot_interfaces/share/mycobot_interfaces/srv/GetAngles.idl
[1.769s] -- Installing: /home/laptop5/mycobot_ros2/install/mycobot_interfaces/share/mycobot_interfaces/srv/SetAngles.idl
[1.770s] -- Installing: /home/laptop5/mycobot_ros2/install/mycobot_interfaces/share/mycobot_interfaces/srv/GetCoords.idl
[1.770s] -- Installing: /home/laptop5/mycobot_ros2/install/mycobot_interfaces/share/mycobot_interfaces/srv/SetCoords.idl
[1.770s] -- Installing: /home/laptop5/mycobot_ros2/install/mycobot_interfaces/share/mycobot_interfaces/srv/GripperStatus.idl
[1.771s] -- Installing: /home/laptop5/mycobot_ros2/install/mycobot_interfaces/share/mycobot_interfaces/srv/PumpStatus.idl
[1.771s] -- Installing: /home/laptop5/mycobot_ros2/install/mycobot_interfaces/share/mycobot_interfaces/msg/MycobotAngles.msg
[1.771s] -- Installing: /home/laptop5/mycobot_ros2/install/mycobot_interfaces/share/mycobot_interfaces/msg/MycobotCoords.msg
[1.771s] -- Installing: /home/laptop5/mycobot_ros2/install/mycobot_interfaces/share/mycobot_interfaces/msg/MycobotSetAngles.msg
[1.771s] -- Installing: /home/laptop5/mycobot_ros2/install/mycobot_interfaces/share/mycobot_interfaces/msg/MycobotSetCoords.msg
[1.772s] -- Installing: /home/laptop5/mycobot_ros2/install/mycobot_interfaces/share/mycobot_interfaces/msg/MycobotGripperStatus.msg
[1.772s] -- Installing: /home/laptop5/mycobot_ros2/install/mycobot_interfaces/share/mycobot_interfaces/msg/MycobotPumpStatus.msg
[1.772s] -- Installing: /home/laptop5/mycobot_ros2/install/mycobot_interfaces/share/mycobot_interfaces/srv/GetAngles.srv
[1.772s] -- Installing: /home/laptop5/mycobot_ros2/install/mycobot_interfaces/share/mycobot_interfaces/srv/SetAngles.srv
[1.772s] -- Installing: /home/laptop5/mycobot_ros2/install/mycobot_interfaces/share/mycobot_interfaces/srv/GetCoords.srv
[1.773s] -- Installing: /home/laptop5/mycobot_ros2/install/mycobot_interfaces/share/mycobot_interfaces/srv/SetCoords.srv
[1.773s] -- Installing: /home/laptop5/mycobot_ros2/install/mycobot_interfaces/share/mycobot_interfaces/srv/GripperStatus.srv
[1.773s] -- Installing: /home/laptop5/mycobot_ros2/install/mycobot_interfaces/share/mycobot_interfaces/srv/PumpStatus.srv
[1.773s] -- Installing: /home/laptop5/mycobot_ros2/install/mycobot_interfaces/share/ament_index/resource_index/package_run_dependencies/mycobot_interfaces
[1.774s] -- Installing: /home/laptop5/mycobot_ros2/install/mycobot_interfaces/share/ament_index/resource_index/parent_prefix_path/mycobot_interfaces
[1.774s] -- Installing: /home/laptop5/mycobot_ros2/install/mycobot_interfaces/share/mycobot_interfaces/environment/ament_prefix_path.sh
[1.774s] -- Installing: /home/laptop5/mycobot_ros2/install/mycobot_interfaces/share/mycobot_interfaces/environment/ament_prefix_path.dsv
[1.774s] -- Installing: /home/laptop5/mycobot_ros2/install/mycobot_interfaces/share/mycobot_interfaces/environment/path.sh
[1.774s] -- Installing: /home/laptop5/mycobot_ros2/install/mycobot_interfaces/share/mycobot_interfaces/environment/path.dsv
[1.775s] -- Installing: /home/laptop5/mycobot_ros2/install/mycobot_interfaces/share/mycobot_interfaces/local_setup.bash
[1.775s] -- Installing: /home/laptop5/mycobot_ros2/install/mycobot_interfaces/share/mycobot_interfaces/local_setup.sh
[1.775s] -- Installing: /home/laptop5/mycobot_ros2/install/mycobot_interfaces/share/mycobot_interfaces/local_setup.zsh
[1.775s] -- Installing: /home/laptop5/mycobot_ros2/install/mycobot_interfaces/share/mycobot_interfaces/local_setup.dsv
[1.775s] -- Installing: /home/laptop5/mycobot_ros2/install/mycobot_interfaces/share/mycobot_interfaces/package.dsv
[1.775s] -- Installing: /home/laptop5/mycobot_ros2/install/mycobot_interfaces/share/ament_index/resource_index/packages/mycobot_interfaces
[1.776s] -- Installing: /home/laptop5/mycobot_ros2/install/mycobot_interfaces/share/mycobot_interfaces/cmake/export_mycobot_interfaces__rosidl_generator_cExport.cmake
[1.776s] -- Installing: /home/laptop5/mycobot_ros2/install/mycobot_interfaces/share/mycobot_interfaces/cmake/export_mycobot_interfaces__rosidl_generator_cExport-noconfig.cmake
[1.776s] -- Installing: /home/laptop5/mycobot_ros2/install/mycobot_interfaces/share/mycobot_interfaces/cmake/export_mycobot_interfaces__rosidl_typesupport_fastrtps_cExport.cmake
[1.776s] -- Installing: /home/laptop5/mycobot_ros2/install/mycobot_interfaces/share/mycobot_interfaces/cmake/export_mycobot_interfaces__rosidl_typesupport_fastrtps_cExport-noconfig.cmake
[1.776s] -- Installing: /home/laptop5/mycobot_ros2/install/mycobot_interfaces/share/mycobot_interfaces/cmake/mycobot_interfaces__rosidl_typesupport_introspection_cExport.cmake
[1.776s] -- Installing: /home/laptop5/mycobot_ros2/install/mycobot_interfaces/share/mycobot_interfaces/cmake/mycobot_interfaces__rosidl_typesupport_introspection_cExport-noconfig.cmake
[1.777s] -- Installing: /home/laptop5/mycobot_ros2/install/mycobot_interfaces/share/mycobot_interfaces/cmake/mycobot_interfaces__rosidl_typesupport_cExport.cmake
[1.777s] -- Installing: /home/laptop5/mycobot_ros2/install/mycobot_interfaces/share/mycobot_interfaces/cmake/mycobot_interfaces__rosidl_typesupport_cExport-noconfig.cmake
[1.777s] -- Installing: /home/laptop5/mycobot_ros2/install/mycobot_interfaces/share/mycobot_interfaces/cmake/export_mycobot_interfaces__rosidl_generator_cppExport.cmake
[1.777s] -- Installing: /home/laptop5/mycobot_ros2/install/mycobot_interfaces/share/mycobot_interfaces/cmake/export_mycobot_interfaces__rosidl_typesupport_fastrtps_cppExport.cmake
[1.777s] -- Installing: /home/laptop5/mycobot_ros2/install/mycobot_interfaces/share/mycobot_interfaces/cmake/export_mycobot_interfaces__rosidl_typesupport_fastrtps_cppExport-noconfig.cmake
[1.778s] -- Installing: /home/laptop5/mycobot_ros2/install/mycobot_interfaces/share/mycobot_interfaces/cmake/mycobot_interfaces__rosidl_typesupport_introspection_cppExport.cmake
[1.778s] -- Installing: /home/laptop5/mycobot_ros2/install/mycobot_interfaces/share/mycobot_interfaces/cmake/mycobot_interfaces__rosidl_typesupport_introspection_cppExport-noconfig.cmake
[1.778s] -- Installing: /home/laptop5/mycobot_ros2/install/mycobot_interfaces/share/mycobot_interfaces/cmake/mycobot_interfaces__rosidl_typesupport_cppExport.cmake
[1.778s] -- Installing: /home/laptop5/mycobot_ros2/install/mycobot_interfaces/share/mycobot_interfaces/cmake/mycobot_interfaces__rosidl_typesupport_cppExport-noconfig.cmake
[1.779s] -- Installing: /home/laptop5/mycobot_ros2/install/mycobot_interfaces/share/mycobot_interfaces/cmake/export_mycobot_interfaces__rosidl_generator_pyExport.cmake
[1.779s] -- Installing: /home/laptop5/mycobot_ros2/install/mycobot_interfaces/share/mycobot_interfaces/cmake/export_mycobot_interfaces__rosidl_generator_pyExport-noconfig.cmake
[1.779s] -- Installing: /home/laptop5/mycobot_ros2/install/mycobot_interfaces/share/mycobot_interfaces/cmake/rosidl_cmake-extras.cmake
[1.779s] -- Installing: /home/laptop5/mycobot_ros2/install/mycobot_interfaces/share/mycobot_interfaces/cmake/ament_cmake_export_dependencies-extras.cmake
[1.780s] -- Installing: /home/laptop5/mycobot_ros2/install/mycobot_interfaces/share/mycobot_interfaces/cmake/ament_cmake_export_include_directories-extras.cmake
[1.781s] -- Installing: /home/laptop5/mycobot_ros2/install/mycobot_interfaces/share/mycobot_interfaces/cmake/ament_cmake_export_libraries-extras.cmake
[1.781s] -- Installing: /home/laptop5/mycobot_ros2/install/mycobot_interfaces/share/mycobot_interfaces/cmake/ament_cmake_export_targets-extras.cmake
[1.781s] -- Installing: /home/laptop5/mycobot_ros2/install/mycobot_interfaces/share/mycobot_interfaces/cmake/rosidl_cmake_export_typesupport_targets-extras.cmake
[1.781s] -- Installing: /home/laptop5/mycobot_ros2/install/mycobot_interfaces/share/mycobot_interfaces/cmake/rosidl_cmake_export_typesupport_libraries-extras.cmake
[1.782s] -- Installing: /home/laptop5/mycobot_ros2/install/mycobot_interfaces/share/mycobot_interfaces/cmake/mycobot_interfacesConfig.cmake
[1.782s] -- Installing: /home/laptop5/mycobot_ros2/install/mycobot_interfaces/share/mycobot_interfaces/cmake/mycobot_interfacesConfig-version.cmake
[1.782s] -- Installing: /home/laptop5/mycobot_ros2/install/mycobot_interfaces/share/mycobot_interfaces/package.xml
[1.782s] Invoked command in '/home/laptop5/mycobot_ros2/build/mycobot_interfaces' returned '0': CMAKE_PREFIX_PATH=${CMAKE_PREFIX_PATH}:/home/laptop5/elephant_ws_two/install/mycobot_280pi:/home/laptop5/elephant_arm_ws/install/mycobot_description:/opt/ros/jazzy DEBUGINFOD_URLS=https://debuginfod.ubuntu.com /usr/bin/cmake --install /home/laptop5/mycobot_ros2/build/mycobot_interfaces
