[5.286s] Invoking command in '/home/laptop5/mycobot_ros2/mycobot_280/mycobot_280_arduino': AMENT_PREFIX_PATH=/home/laptop5/mycobot_ros2/install/mycobot_description:${AMENT_PREFIX_PATH} DEBUGINFOD_URLS=https://debuginfod.ubuntu.com PYTHONPATH=/home/laptop5/mycobot_ros2/build/mycobot_280_arduino/prefix_override:/usr/lib/python3/dist-packages/colcon_core/task/python/colcon_distutils_commands:/home/laptop5/mycobot_ros2/install/mycobot_280_arduino/lib/python3.12/site-packages:/home/laptop5/mycobot_ros2/install/mycobot_description/lib/python3.12/site-packages:${PYTHONPATH} /usr/bin/python3 -W ignore:setup.py install is deprecated -W ignore:easy_install command is deprecated setup.py egg_info --egg-base ../../build/mycobot_280_arduino build --build-base /home/laptop5/mycobot_ros2/build/mycobot_280_arduino/build install --record /home/laptop5/mycobot_ros2/build/mycobot_280_arduino/install.log --single-version-externally-managed install_data
[6.339s] running egg_info
[6.340s] creating ../../build/mycobot_280_arduino/mycobot_280_arduino.egg-info
[6.452s] writing ../../build/mycobot_280_arduino/mycobot_280_arduino.egg-info/PKG-INFO
[6.462s] writing dependency_links to ../../build/mycobot_280_arduino/mycobot_280_arduino.egg-info/dependency_links.txt
[6.463s] writing entry points to ../../build/mycobot_280_arduino/mycobot_280_arduino.egg-info/entry_points.txt
[6.463s] writing requirements to ../../build/mycobot_280_arduino/mycobot_280_arduino.egg-info/requires.txt
[6.464s] writing top-level names to ../../build/mycobot_280_arduino/mycobot_280_arduino.egg-info/top_level.txt
[6.470s] writing manifest file '../../build/mycobot_280_arduino/mycobot_280_arduino.egg-info/SOURCES.txt'
[6.874s] reading manifest file '../../build/mycobot_280_arduino/mycobot_280_arduino.egg-info/SOURCES.txt'
[6.874s] adding license file 'LICENSE'
[6.875s] writing manifest file '../../build/mycobot_280_arduino/mycobot_280_arduino.egg-info/SOURCES.txt'
[6.886s] running build
[6.886s] running build_py
[6.887s] creating /home/laptop5/mycobot_ros2/build/mycobot_280_arduino/build
[6.887s] creating /home/laptop5/mycobot_ros2/build/mycobot_280_arduino/build/lib
[6.887s] creating /home/laptop5/mycobot_ros2/build/mycobot_280_arduino/build/lib/mycobot_280_arduino
[6.890s] copying mycobot_280_arduino/__init__.py -> /home/laptop5/mycobot_ros2/build/mycobot_280_arduino/build/lib/mycobot_280_arduino
[6.890s] copying mycobot_280_arduino/opencv_camera.py -> /home/laptop5/mycobot_ros2/build/mycobot_280_arduino/build/lib/mycobot_280_arduino
[6.890s] copying mycobot_280_arduino/camera_display.py -> /home/laptop5/mycobot_ros2/build/mycobot_280_arduino/build/lib/mycobot_280_arduino
[6.890s] copying mycobot_280_arduino/listen_real_of_topic.py -> /home/laptop5/mycobot_ros2/build/mycobot_280_arduino/build/lib/mycobot_280_arduino
[6.890s] copying mycobot_280_arduino/listen_real_service.py -> /home/laptop5/mycobot_ros2/build/mycobot_280_arduino/build/lib/mycobot_280_arduino
[6.890s] copying mycobot_280_arduino/teleop_keyboard.py -> /home/laptop5/mycobot_ros2/build/mycobot_280_arduino/build/lib/mycobot_280_arduino
[6.897s] copying mycobot_280_arduino/follow_display.py -> /home/laptop5/mycobot_ros2/build/mycobot_280_arduino/build/lib/mycobot_280_arduino
[6.898s] copying mycobot_280_arduino/simple_gui.py -> /home/laptop5/mycobot_ros2/build/mycobot_280_arduino/build/lib/mycobot_280_arduino
[6.898s] copying mycobot_280_arduino/listen_real.py -> /home/laptop5/mycobot_ros2/build/mycobot_280_arduino/build/lib/mycobot_280_arduino
[6.898s] copying mycobot_280_arduino/slider_control_adaptive_gripper.py -> /home/laptop5/mycobot_ros2/build/mycobot_280_arduino/build/lib/mycobot_280_arduino
[6.902s] copying mycobot_280_arduino/slider_control.py -> /home/laptop5/mycobot_ros2/build/mycobot_280_arduino/build/lib/mycobot_280_arduino
[6.909s] running install
[6.976s] running install_lib
[7.194s] creating /home/laptop5/mycobot_ros2/install/mycobot_280_arduino/lib/python3.12/site-packages/mycobot_280_arduino
[7.195s] copying /home/laptop5/mycobot_ros2/build/mycobot_280_arduino/build/lib/mycobot_280_arduino/__init__.py -> /home/laptop5/mycobot_ros2/install/mycobot_280_arduino/lib/python3.12/site-packages/mycobot_280_arduino
[7.195s] copying /home/laptop5/mycobot_ros2/build/mycobot_280_arduino/build/lib/mycobot_280_arduino/opencv_camera.py -> /home/laptop5/mycobot_ros2/install/mycobot_280_arduino/lib/python3.12/site-packages/mycobot_280_arduino
[7.198s] copying /home/laptop5/mycobot_ros2/build/mycobot_280_arduino/build/lib/mycobot_280_arduino/camera_display.py -> /home/laptop5/mycobot_ros2/install/mycobot_280_arduino/lib/python3.12/site-packages/mycobot_280_arduino
[7.198s] copying /home/laptop5/mycobot_ros2/build/mycobot_280_arduino/build/lib/mycobot_280_arduino/listen_real_of_topic.py -> /home/laptop5/mycobot_ros2/install/mycobot_280_arduino/lib/python3.12/site-packages/mycobot_280_arduino
[7.198s] copying /home/laptop5/mycobot_ros2/build/mycobot_280_arduino/build/lib/mycobot_280_arduino/listen_real_service.py -> /home/laptop5/mycobot_ros2/install/mycobot_280_arduino/lib/python3.12/site-packages/mycobot_280_arduino
[7.199s] copying /home/laptop5/mycobot_ros2/build/mycobot_280_arduino/build/lib/mycobot_280_arduino/teleop_keyboard.py -> /home/laptop5/mycobot_ros2/install/mycobot_280_arduino/lib/python3.12/site-packages/mycobot_280_arduino
[7.199s] copying /home/laptop5/mycobot_ros2/build/mycobot_280_arduino/build/lib/mycobot_280_arduino/follow_display.py -> /home/laptop5/mycobot_ros2/install/mycobot_280_arduino/lib/python3.12/site-packages/mycobot_280_arduino
[7.201s] copying /home/laptop5/mycobot_ros2/build/mycobot_280_arduino/build/lib/mycobot_280_arduino/simple_gui.py -> /home/laptop5/mycobot_ros2/install/mycobot_280_arduino/lib/python3.12/site-packages/mycobot_280_arduino
[7.202s] copying /home/laptop5/mycobot_ros2/build/mycobot_280_arduino/build/lib/mycobot_280_arduino/listen_real.py -> /home/laptop5/mycobot_ros2/install/mycobot_280_arduino/lib/python3.12/site-packages/mycobot_280_arduino
[7.202s] copying /home/laptop5/mycobot_ros2/build/mycobot_280_arduino/build/lib/mycobot_280_arduino/slider_control_adaptive_gripper.py -> /home/laptop5/mycobot_ros2/install/mycobot_280_arduino/lib/python3.12/site-packages/mycobot_280_arduino
[7.202s] copying /home/laptop5/mycobot_ros2/build/mycobot_280_arduino/build/lib/mycobot_280_arduino/slider_control.py -> /home/laptop5/mycobot_ros2/install/mycobot_280_arduino/lib/python3.12/site-packages/mycobot_280_arduino
[7.206s] byte-compiling /home/laptop5/mycobot_ros2/install/mycobot_280_arduino/lib/python3.12/site-packages/mycobot_280_arduino/__init__.py to __init__.cpython-312.pyc
[7.208s] byte-compiling /home/laptop5/mycobot_ros2/install/mycobot_280_arduino/lib/python3.12/site-packages/mycobot_280_arduino/opencv_camera.py to opencv_camera.cpython-312.pyc
[7.213s] byte-compiling /home/laptop5/mycobot_ros2/install/mycobot_280_arduino/lib/python3.12/site-packages/mycobot_280_arduino/camera_display.py to camera_display.cpython-312.pyc
[7.214s] byte-compiling /home/laptop5/mycobot_ros2/install/mycobot_280_arduino/lib/python3.12/site-packages/mycobot_280_arduino/listen_real_of_topic.py to listen_real_of_topic.cpython-312.pyc
[7.221s] byte-compiling /home/laptop5/mycobot_ros2/install/mycobot_280_arduino/lib/python3.12/site-packages/mycobot_280_arduino/listen_real_service.py to listen_real_service.cpython-312.pyc
[7.242s] byte-compiling /home/laptop5/mycobot_ros2/install/mycobot_280_arduino/lib/python3.12/site-packages/mycobot_280_arduino/teleop_keyboard.py to teleop_keyboard.cpython-312.pyc
[7.268s] byte-compiling /home/laptop5/mycobot_ros2/install/mycobot_280_arduino/lib/python3.12/site-packages/mycobot_280_arduino/follow_display.py to follow_display.cpython-312.pyc
[7.276s] byte-compiling /home/laptop5/mycobot_ros2/install/mycobot_280_arduino/lib/python3.12/site-packages/mycobot_280_arduino/simple_gui.py to simple_gui.cpython-312.pyc
[7.315s] byte-compiling /home/laptop5/mycobot_ros2/install/mycobot_280_arduino/lib/python3.12/site-packages/mycobot_280_arduino/listen_real.py to listen_real.cpython-312.pyc
[7.321s] byte-compiling /home/laptop5/mycobot_ros2/install/mycobot_280_arduino/lib/python3.12/site-packages/mycobot_280_arduino/slider_control_adaptive_gripper.py to slider_control_adaptive_gripper.cpython-312.pyc
[7.323s] byte-compiling /home/laptop5/mycobot_ros2/install/mycobot_280_arduino/lib/python3.12/site-packages/mycobot_280_arduino/slider_control.py to slider_control.cpython-312.pyc
[7.332s] running install_data
[7.335s] creating /home/laptop5/mycobot_ros2/install/mycobot_280_arduino/share/ament_index
[7.335s] creating /home/laptop5/mycobot_ros2/install/mycobot_280_arduino/share/ament_index/resource_index
[7.335s] creating /home/laptop5/mycobot_ros2/install/mycobot_280_arduino/share/ament_index/resource_index/packages
[7.335s] copying resource/mycobot_280_arduino -> /home/laptop5/mycobot_ros2/install/mycobot_280_arduino/share/ament_index/resource_index/packages
[7.335s] copying package.xml -> /home/laptop5/mycobot_ros2/install/mycobot_280_arduino/share/mycobot_280_arduino
[7.336s] creating /home/laptop5/mycobot_ros2/install/mycobot_280_arduino/share/mycobot_280_arduino/launch
[7.337s] copying launch/test_gripper.launch.py -> /home/laptop5/mycobot_ros2/install/mycobot_280_arduino/share/mycobot_280_arduino/launch
[7.341s] copying launch/slider_control.launch.py -> /home/laptop5/mycobot_ros2/install/mycobot_280_arduino/share/mycobot_280_arduino/launch
[7.342s] copying launch/mycobot_follow.launch.py -> /home/laptop5/mycobot_ros2/install/mycobot_280_arduino/share/mycobot_280_arduino/launch
[7.342s] copying launch/slider_control_adaptive_gripper.launch.py -> /home/laptop5/mycobot_ros2/install/mycobot_280_arduino/share/mycobot_280_arduino/launch
[7.342s] copying launch/simple_gui.launch.py -> /home/laptop5/mycobot_ros2/install/mycobot_280_arduino/share/mycobot_280_arduino/launch
[7.343s] copying launch/test.launch.py -> /home/laptop5/mycobot_ros2/install/mycobot_280_arduino/share/mycobot_280_arduino/launch
[7.343s] copying launch/teleop_keyboard.launch.py -> /home/laptop5/mycobot_ros2/install/mycobot_280_arduino/share/mycobot_280_arduino/launch
[7.343s] creating /home/laptop5/mycobot_ros2/install/mycobot_280_arduino/share/mycobot_280_arduino/config
[7.350s] copying config/mycobot_ar.rviz -> /home/laptop5/mycobot_ros2/install/mycobot_280_arduino/share/mycobot_280_arduino/config
[7.351s] running install_egg_info
[7.510s] Copying ../../build/mycobot_280_arduino/mycobot_280_arduino.egg-info to /home/laptop5/mycobot_ros2/install/mycobot_280_arduino/lib/python3.12/site-packages/mycobot_280_arduino-0.0.0-py3.12.egg-info
[7.517s] running install_scripts
[8.475s] Installing camera_display script to /home/laptop5/mycobot_ros2/install/mycobot_280_arduino/lib/mycobot_280_arduino
[8.476s] Installing detect_marker script to /home/laptop5/mycobot_ros2/install/mycobot_280_arduino/lib/mycobot_280_arduino
[8.476s] Installing follow_display script to /home/laptop5/mycobot_ros2/install/mycobot_280_arduino/lib/mycobot_280_arduino
[8.476s] Installing following_marker script to /home/laptop5/mycobot_ros2/install/mycobot_280_arduino/lib/mycobot_280_arduino
[8.477s] Installing listen_real script to /home/laptop5/mycobot_ros2/install/mycobot_280_arduino/lib/mycobot_280_arduino
[8.477s] Installing listen_real_of_topic script to /home/laptop5/mycobot_ros2/install/mycobot_280_arduino/lib/mycobot_280_arduino
[8.481s] Installing listen_real_service script to /home/laptop5/mycobot_ros2/install/mycobot_280_arduino/lib/mycobot_280_arduino
[8.481s] Installing opencv_camera script to /home/laptop5/mycobot_ros2/install/mycobot_280_arduino/lib/mycobot_280_arduino
[8.481s] Installing simple_gui script to /home/laptop5/mycobot_ros2/install/mycobot_280_arduino/lib/mycobot_280_arduino
[8.481s] Installing slider_control script to /home/laptop5/mycobot_ros2/install/mycobot_280_arduino/lib/mycobot_280_arduino
[8.481s] Installing slider_control_adaptive_gripper script to /home/laptop5/mycobot_ros2/install/mycobot_280_arduino/lib/mycobot_280_arduino
[8.481s] Installing teleop_keyboard script to /home/laptop5/mycobot_ros2/install/mycobot_280_arduino/lib/mycobot_280_arduino
[8.482s] writing list of installed files to '/home/laptop5/mycobot_ros2/build/mycobot_280_arduino/install.log'
[8.929s] Invoked command in '/home/laptop5/mycobot_ros2/mycobot_280/mycobot_280_arduino' returned '0': AMENT_PREFIX_PATH=/home/laptop5/mycobot_ros2/install/mycobot_description:${AMENT_PREFIX_PATH} DEBUGINFOD_URLS=https://debuginfod.ubuntu.com PYTHONPATH=/home/laptop5/mycobot_ros2/build/mycobot_280_arduino/prefix_override:/usr/lib/python3/dist-packages/colcon_core/task/python/colcon_distutils_commands:/home/laptop5/mycobot_ros2/install/mycobot_280_arduino/lib/python3.12/site-packages:/home/laptop5/mycobot_ros2/install/mycobot_description/lib/python3.12/site-packages:${PYTHONPATH} /usr/bin/python3 -W ignore:setup.py install is deprecated -W ignore:easy_install command is deprecated setup.py egg_info --egg-base ../../build/mycobot_280_arduino build --build-base /home/laptop5/mycobot_ros2/build/mycobot_280_arduino/build install --record /home/laptop5/mycobot_ros2/build/mycobot_280_arduino/install.log --single-version-externally-managed install_data
