[2.372s] Invoking command in '/home/laptop5/mycobot_ros2/mycobot_280/mycobot_280pi': AMENT_PREFIX_PATH=/home/laptop5/mycobot_ros2/install/mycobot_description:/home/laptop5/mycobot_ros2/install/mycobot_communication:/home/laptop5/mycobot_ros2/install/mycobot_interfaces:/home/laptop5/mycobot_ros2/install/mycobot_320pi:/home/laptop5/mycobot_ros2/install/mycobot_320:/home/laptop5/mycobot_ros2/install/mycobot_280rdkx5_moveit2:/home/laptop5/mycobot_ros2/install/mycobot_280pi:/home/laptop5/mycobot_ros2/install/mycobot_280jn:/home/laptop5/mycobot_ros2/install/mycobot_280arduino_moveit2:/home/laptop5/mycobot_ros2/install/mycobot_280_x3pi:/home/laptop5/mycobot_ros2/install/mycobot_280_riscv:/home/laptop5/mycobot_ros2/install/mycobot_280_moveit2_control:/home/laptop5/mycobot_ros2/install/mycobot_280_moveit2:/home/laptop5/mycobot_ros2/install/mycobot_280_arduino:/home/laptop5/mycobot_ros2/install/mycobot_280:/home/laptop5/mycobot_ros2/install/mybuddy:/home/laptop5/mycobot_ros2/install/myarm_300:/home/laptop5/mycobot_ros2/install/mecharm_pi:/home/laptop5/mycobot_ros2/install/mecharm:/opt/ros/jazzy DEBUGINFOD_URLS=https://debuginfod.ubuntu.com PYTHONPATH=/home/laptop5/mycobot_ros2/build/mycobot_280pi/prefix_override:/usr/lib/python3/dist-packages/colcon_core/task/python/colcon_distutils_commands:/home/laptop5/mycobot_ros2/install/mycobot_280pi/lib/python3.12/site-packages:/home/laptop5/mycobot_ros2/install/mycobot_description/lib/python3.12/site-packages:/home/laptop5/mycobot_ros2/install/mycobot_communication/lib/python3.12/site-packages:/home/laptop5/mycobot_ros2/install/mycobot_interfaces/lib/python3.12/site-packages:/home/laptop5/mycobot_ros2/install/mycobot_320pi/lib/python3.12/site-packages:/home/laptop5/mycobot_ros2/install/mycobot_320/lib/python3.12/site-packages:/home/laptop5/mycobot_ros2/install/mycobot_280pi/lib/python3.12/site-packages:/home/laptop5/mycobot_ros2/install/mycobot_280jn/lib/python3.12/site-packages:/home/laptop5/mycobot_ros2/install/mycobot_280_x3pi/lib/python3.12/site-packages:/home/laptop5/mycobot_ros2/install/mycobot_280_riscv/lib/python3.12/site-packages:/home/laptop5/mycobot_ros2/install/mycobot_280_moveit2_control/lib/python3.12/site-packages:/home/laptop5/mycobot_ros2/install/mycobot_280_arduino/lib/python3.12/site-packages:/home/laptop5/mycobot_ros2/install/mycobot_280/lib/python3.12/site-packages:/home/laptop5/mycobot_ros2/install/mybuddy/lib/python3.12/site-packages:/home/laptop5/mycobot_ros2/install/myarm_300/lib/python3.12/site-packages:/home/laptop5/mycobot_ros2/install/mecharm_pi/lib/python3.12/site-packages:/home/laptop5/mycobot_ros2/install/mecharm/lib/python3.12/site-packages:/opt/ros/jazzy/lib/python3.12/site-packages /usr/bin/python3 -W ignore:setup.py install is deprecated -W ignore:easy_install command is deprecated setup.py egg_info --egg-base ../../build/mycobot_280pi build --build-base /home/laptop5/mycobot_ros2/build/mycobot_280pi/build install --record /home/laptop5/mycobot_ros2/build/mycobot_280pi/install.log --single-version-externally-managed install_data
[2.968s] running egg_info
[2.991s] writing ../../build/mycobot_280pi/mycobot_280pi.egg-info/PKG-INFO
[2.991s] writing dependency_links to ../../build/mycobot_280pi/mycobot_280pi.egg-info/dependency_links.txt
[2.992s] writing entry points to ../../build/mycobot_280pi/mycobot_280pi.egg-info/entry_points.txt
[2.992s] writing requirements to ../../build/mycobot_280pi/mycobot_280pi.egg-info/requires.txt
[2.992s] writing top-level names to ../../build/mycobot_280pi/mycobot_280pi.egg-info/top_level.txt
[3.032s] reading manifest file '../../build/mycobot_280pi/mycobot_280pi.egg-info/SOURCES.txt'
[3.032s] adding license file 'LICENSE'
[3.033s] writing manifest file '../../build/mycobot_280pi/mycobot_280pi.egg-info/SOURCES.txt'
[3.033s] running build
[3.033s] running build_py
[3.034s] running install
[3.039s] running install_lib
[3.061s] creating /home/laptop5/mycobot_ros2/install/mycobot_280pi/lib/python3.12/site-packages/mycobot_280pi
[3.062s] copying /home/laptop5/mycobot_ros2/build/mycobot_280pi/build/lib/mycobot_280pi/__init__.py -> /home/laptop5/mycobot_ros2/install/mycobot_280pi/lib/python3.12/site-packages/mycobot_280pi
[3.062s] copying /home/laptop5/mycobot_ros2/build/mycobot_280pi/build/lib/mycobot_280pi/opencv_camera.py -> /home/laptop5/mycobot_ros2/install/mycobot_280pi/lib/python3.12/site-packages/mycobot_280pi
[3.062s] copying /home/laptop5/mycobot_ros2/build/mycobot_280pi/build/lib/mycobot_280pi/camera_display.py -> /home/laptop5/mycobot_ros2/install/mycobot_280pi/lib/python3.12/site-packages/mycobot_280pi
[3.063s] copying /home/laptop5/mycobot_ros2/build/mycobot_280pi/build/lib/mycobot_280pi/listen_real_of_topic.py -> /home/laptop5/mycobot_ros2/install/mycobot_280pi/lib/python3.12/site-packages/mycobot_280pi
[3.063s] copying /home/laptop5/mycobot_ros2/build/mycobot_280pi/build/lib/mycobot_280pi/listen_real_service.py -> /home/laptop5/mycobot_ros2/install/mycobot_280pi/lib/python3.12/site-packages/mycobot_280pi
[3.063s] copying /home/laptop5/mycobot_ros2/build/mycobot_280pi/build/lib/mycobot_280pi/teleop_keyboard.py -> /home/laptop5/mycobot_ros2/install/mycobot_280pi/lib/python3.12/site-packages/mycobot_280pi
[3.063s] copying /home/laptop5/mycobot_ros2/build/mycobot_280pi/build/lib/mycobot_280pi/follow_display.py -> /home/laptop5/mycobot_ros2/install/mycobot_280pi/lib/python3.12/site-packages/mycobot_280pi
[3.063s] copying /home/laptop5/mycobot_ros2/build/mycobot_280pi/build/lib/mycobot_280pi/simple_gui.py -> /home/laptop5/mycobot_ros2/install/mycobot_280pi/lib/python3.12/site-packages/mycobot_280pi
[3.063s] copying /home/laptop5/mycobot_ros2/build/mycobot_280pi/build/lib/mycobot_280pi/listen_real.py -> /home/laptop5/mycobot_ros2/install/mycobot_280pi/lib/python3.12/site-packages/mycobot_280pi
[3.063s] copying /home/laptop5/mycobot_ros2/build/mycobot_280pi/build/lib/mycobot_280pi/slider_control_adaptive_gripper.py -> /home/laptop5/mycobot_ros2/install/mycobot_280pi/lib/python3.12/site-packages/mycobot_280pi
[3.064s] copying /home/laptop5/mycobot_ros2/build/mycobot_280pi/build/lib/mycobot_280pi/slider_control.py -> /home/laptop5/mycobot_ros2/install/mycobot_280pi/lib/python3.12/site-packages/mycobot_280pi
[3.064s] byte-compiling /home/laptop5/mycobot_ros2/install/mycobot_280pi/lib/python3.12/site-packages/mycobot_280pi/__init__.py to __init__.cpython-312.pyc
[3.064s] byte-compiling /home/laptop5/mycobot_ros2/install/mycobot_280pi/lib/python3.12/site-packages/mycobot_280pi/opencv_camera.py to opencv_camera.cpython-312.pyc
[3.064s] byte-compiling /home/laptop5/mycobot_ros2/install/mycobot_280pi/lib/python3.12/site-packages/mycobot_280pi/camera_display.py to camera_display.cpython-312.pyc
[3.064s] byte-compiling /home/laptop5/mycobot_ros2/install/mycobot_280pi/lib/python3.12/site-packages/mycobot_280pi/listen_real_of_topic.py to listen_real_of_topic.cpython-312.pyc
[3.065s] byte-compiling /home/laptop5/mycobot_ros2/install/mycobot_280pi/lib/python3.12/site-packages/mycobot_280pi/listen_real_service.py to listen_real_service.cpython-312.pyc
[3.067s] byte-compiling /home/laptop5/mycobot_ros2/install/mycobot_280pi/lib/python3.12/site-packages/mycobot_280pi/teleop_keyboard.py to teleop_keyboard.cpython-312.pyc
[3.069s] byte-compiling /home/laptop5/mycobot_ros2/install/mycobot_280pi/lib/python3.12/site-packages/mycobot_280pi/follow_display.py to follow_display.cpython-312.pyc
[3.071s] byte-compiling /home/laptop5/mycobot_ros2/install/mycobot_280pi/lib/python3.12/site-packages/mycobot_280pi/simple_gui.py to simple_gui.cpython-312.pyc
[3.077s] byte-compiling /home/laptop5/mycobot_ros2/install/mycobot_280pi/lib/python3.12/site-packages/mycobot_280pi/listen_real.py to listen_real.cpython-312.pyc
[3.078s] byte-compiling /home/laptop5/mycobot_ros2/install/mycobot_280pi/lib/python3.12/site-packages/mycobot_280pi/slider_control_adaptive_gripper.py to slider_control_adaptive_gripper.cpython-312.pyc
[3.079s] byte-compiling /home/laptop5/mycobot_ros2/install/mycobot_280pi/lib/python3.12/site-packages/mycobot_280pi/slider_control.py to slider_control.cpython-312.pyc
[3.080s] running install_data
[3.080s] creating /home/laptop5/mycobot_ros2/install/mycobot_280pi/share/ament_index
[3.080s] creating /home/laptop5/mycobot_ros2/install/mycobot_280pi/share/ament_index/resource_index
[3.080s] creating /home/laptop5/mycobot_ros2/install/mycobot_280pi/share/ament_index/resource_index/packages
[3.081s] copying resource/mycobot_280pi -> /home/laptop5/mycobot_ros2/install/mycobot_280pi/share/ament_index/resource_index/packages
[3.081s] copying package.xml -> /home/laptop5/mycobot_ros2/install/mycobot_280pi/share/mycobot_280pi
[3.081s] creating /home/laptop5/mycobot_ros2/install/mycobot_280pi/share/mycobot_280pi/launch
[3.081s] copying launch/test_gripper.launch.py -> /home/laptop5/mycobot_ros2/install/mycobot_280pi/share/mycobot_280pi/launch
[3.081s] copying launch/slider_control.launch.py -> /home/laptop5/mycobot_ros2/install/mycobot_280pi/share/mycobot_280pi/launch
[3.082s] copying launch/mycobot_follow.launch.py -> /home/laptop5/mycobot_ros2/install/mycobot_280pi/share/mycobot_280pi/launch
[3.082s] copying launch/test_pump.launch.py -> /home/laptop5/mycobot_ros2/install/mycobot_280pi/share/mycobot_280pi/launch
[3.082s] copying launch/slider_control_adaptive_gripper.launch.py -> /home/laptop5/mycobot_ros2/install/mycobot_280pi/share/mycobot_280pi/launch
[3.082s] copying launch/simple_gui.launch.py -> /home/laptop5/mycobot_ros2/install/mycobot_280pi/share/mycobot_280pi/launch
[3.082s] copying launch/test_camera_flange.launch.py -> /home/laptop5/mycobot_ros2/install/mycobot_280pi/share/mycobot_280pi/launch
[3.082s] copying launch/test.launch.py -> /home/laptop5/mycobot_ros2/install/mycobot_280pi/share/mycobot_280pi/launch
[3.083s] copying launch/slider_control_pump.launch.py -> /home/laptop5/mycobot_ros2/install/mycobot_280pi/share/mycobot_280pi/launch
[3.083s] copying launch/test_camera_flange_pump.launch.py -> /home/laptop5/mycobot_ros2/install/mycobot_280pi/share/mycobot_280pi/launch
[3.083s] copying launch/teleop_keyboard.launch.py -> /home/laptop5/mycobot_ros2/install/mycobot_280pi/share/mycobot_280pi/launch
[3.083s] copying launch/slider_control_adaptive_gripper_headless.launch.py -> /home/laptop5/mycobot_ros2/install/mycobot_280pi/share/mycobot_280pi/launch
[3.083s] copying launch/slider_control_camera_flange.launch.py -> /home/laptop5/mycobot_ros2/install/mycobot_280pi/share/mycobot_280pi/launch
[3.083s] creating /home/laptop5/mycobot_ros2/install/mycobot_280pi/share/mycobot_280pi/config
[3.083s] copying config/mycobot_pi.rviz -> /home/laptop5/mycobot_ros2/install/mycobot_280pi/share/mycobot_280pi/config
[3.084s] copying config/mycobot_with_marker.rviz -> /home/laptop5/mycobot_ros2/install/mycobot_280pi/share/mycobot_280pi/config
[3.084s] running install_egg_info
[3.103s] Copying ../../build/mycobot_280pi/mycobot_280pi.egg-info to /home/laptop5/mycobot_ros2/install/mycobot_280pi/lib/python3.12/site-packages/mycobot_280pi-0.0.0-py3.12.egg-info
[3.104s] running install_scripts
[3.223s] Installing camera_display script to /home/laptop5/mycobot_ros2/install/mycobot_280pi/lib/mycobot_280pi
[3.224s] Installing follow_display script to /home/laptop5/mycobot_ros2/install/mycobot_280pi/lib/mycobot_280pi
[3.224s] Installing listen_real script to /home/laptop5/mycobot_ros2/install/mycobot_280pi/lib/mycobot_280pi
[3.224s] Installing listen_real_of_topic script to /home/laptop5/mycobot_ros2/install/mycobot_280pi/lib/mycobot_280pi
[3.224s] Installing listen_real_service script to /home/laptop5/mycobot_ros2/install/mycobot_280pi/lib/mycobot_280pi
[3.225s] Installing opencv_camera script to /home/laptop5/mycobot_ros2/install/mycobot_280pi/lib/mycobot_280pi
[3.225s] Installing simple_gui script to /home/laptop5/mycobot_ros2/install/mycobot_280pi/lib/mycobot_280pi
[3.225s] Installing slider_control script to /home/laptop5/mycobot_ros2/install/mycobot_280pi/lib/mycobot_280pi
[3.226s] Installing slider_control_adaptive_gripper script to /home/laptop5/mycobot_ros2/install/mycobot_280pi/lib/mycobot_280pi
[3.226s] Installing teleop_keyboard script to /home/laptop5/mycobot_ros2/install/mycobot_280pi/lib/mycobot_280pi
[3.226s] writing list of installed files to '/home/laptop5/mycobot_ros2/build/mycobot_280pi/install.log'
[3.252s] Invoked command in '/home/laptop5/mycobot_ros2/mycobot_280/mycobot_280pi' returned '0': AMENT_PREFIX_PATH=/home/laptop5/mycobot_ros2/install/mycobot_description:/home/laptop5/mycobot_ros2/install/mycobot_communication:/home/laptop5/mycobot_ros2/install/mycobot_interfaces:/home/laptop5/mycobot_ros2/install/mycobot_320pi:/home/laptop5/mycobot_ros2/install/mycobot_320:/home/laptop5/mycobot_ros2/install/mycobot_280rdkx5_moveit2:/home/laptop5/mycobot_ros2/install/mycobot_280pi:/home/laptop5/mycobot_ros2/install/mycobot_280jn:/home/laptop5/mycobot_ros2/install/mycobot_280arduino_moveit2:/home/laptop5/mycobot_ros2/install/mycobot_280_x3pi:/home/laptop5/mycobot_ros2/install/mycobot_280_riscv:/home/laptop5/mycobot_ros2/install/mycobot_280_moveit2_control:/home/laptop5/mycobot_ros2/install/mycobot_280_moveit2:/home/laptop5/mycobot_ros2/install/mycobot_280_arduino:/home/laptop5/mycobot_ros2/install/mycobot_280:/home/laptop5/mycobot_ros2/install/mybuddy:/home/laptop5/mycobot_ros2/install/myarm_300:/home/laptop5/mycobot_ros2/install/mecharm_pi:/home/laptop5/mycobot_ros2/install/mecharm:/opt/ros/jazzy DEBUGINFOD_URLS=https://debuginfod.ubuntu.com PYTHONPATH=/home/laptop5/mycobot_ros2/build/mycobot_280pi/prefix_override:/usr/lib/python3/dist-packages/colcon_core/task/python/colcon_distutils_commands:/home/laptop5/mycobot_ros2/install/mycobot_280pi/lib/python3.12/site-packages:/home/laptop5/mycobot_ros2/install/mycobot_description/lib/python3.12/site-packages:/home/laptop5/mycobot_ros2/install/mycobot_communication/lib/python3.12/site-packages:/home/laptop5/mycobot_ros2/install/mycobot_interfaces/lib/python3.12/site-packages:/home/laptop5/mycobot_ros2/install/mycobot_320pi/lib/python3.12/site-packages:/home/laptop5/mycobot_ros2/install/mycobot_320/lib/python3.12/site-packages:/home/laptop5/mycobot_ros2/install/mycobot_280pi/lib/python3.12/site-packages:/home/laptop5/mycobot_ros2/install/mycobot_280jn/lib/python3.12/site-packages:/home/laptop5/mycobot_ros2/install/mycobot_280_x3pi/lib/python3.12/site-packages:/home/laptop5/mycobot_ros2/install/mycobot_280_riscv/lib/python3.12/site-packages:/home/laptop5/mycobot_ros2/install/mycobot_280_moveit2_control/lib/python3.12/site-packages:/home/laptop5/mycobot_ros2/install/mycobot_280_arduino/lib/python3.12/site-packages:/home/laptop5/mycobot_ros2/install/mycobot_280/lib/python3.12/site-packages:/home/laptop5/mycobot_ros2/install/mybuddy/lib/python3.12/site-packages:/home/laptop5/mycobot_ros2/install/myarm_300/lib/python3.12/site-packages:/home/laptop5/mycobot_ros2/install/mecharm_pi/lib/python3.12/site-packages:/home/laptop5/mycobot_ros2/install/mecharm/lib/python3.12/site-packages:/opt/ros/jazzy/lib/python3.12/site-packages /usr/bin/python3 -W ignore:setup.py install is deprecated -W ignore:easy_install command is deprecated setup.py egg_info --egg-base ../../build/mycobot_280pi build --build-base /home/laptop5/mycobot_ros2/build/mycobot_280pi/build install --record /home/laptop5/mycobot_ros2/build/mycobot_280pi/install.log --single-version-externally-managed install_data
