[2.473s] Invoking command in '/home/laptop5/mycobot_ros2/mycobot_280/mycobot_280': AMENT_PREFIX_PATH=/home/laptop5/mycobot_ros2/install/mycobot_description:${AMENT_PREFIX_PATH} DEBUGINFOD_URLS=https://debuginfod.ubuntu.com PYTHONPATH=/home/laptop5/mycobot_ros2/build/mycobot_280/prefix_override:/usr/lib/python3/dist-packages/colcon_core/task/python/colcon_distutils_commands:/home/laptop5/mycobot_ros2/install/mycobot_280/lib/python3.12/site-packages:/home/laptop5/mycobot_ros2/install/mycobot_description/lib/python3.12/site-packages:${PYTHONPATH} /usr/bin/python3 -W ignore:setup.py install is deprecated -W ignore:easy_install command is deprecated setup.py egg_info --egg-base ../../build/mycobot_280 build --build-base /home/laptop5/mycobot_ros2/build/mycobot_280/build install --record /home/laptop5/mycobot_ros2/build/mycobot_280/install.log --single-version-externally-managed install_data
[2.930s] running egg_info
[2.952s] writing ../../build/mycobot_280/mycobot_280.egg-info/PKG-INFO
[2.953s] writing dependency_links to ../../build/mycobot_280/mycobot_280.egg-info/dependency_links.txt
[2.953s] writing entry points to ../../build/mycobot_280/mycobot_280.egg-info/entry_points.txt
[2.953s] writing requirements to ../../build/mycobot_280/mycobot_280.egg-info/requires.txt
[2.953s] writing top-level names to ../../build/mycobot_280/mycobot_280.egg-info/top_level.txt
[3.002s] reading manifest file '../../build/mycobot_280/mycobot_280.egg-info/SOURCES.txt'
[3.002s] adding license file 'LICENSE'
[3.003s] writing manifest file '../../build/mycobot_280/mycobot_280.egg-info/SOURCES.txt'
[3.003s] running build
[3.004s] running build_py
[3.004s] running install
[3.013s] running install_lib
[3.037s] running install_data
[3.037s] running install_egg_info
[3.059s] removing '/home/laptop5/mycobot_ros2/install/mycobot_280/lib/python3.12/site-packages/mycobot_280-0.0.0-py3.12.egg-info' (and everything under it)
[3.059s] Copying ../../build/mycobot_280/mycobot_280.egg-info to /home/laptop5/mycobot_ros2/install/mycobot_280/lib/python3.12/site-packages/mycobot_280-0.0.0-py3.12.egg-info
[3.060s] running install_scripts
[3.217s] Installing camera_display script to /home/laptop5/mycobot_ros2/install/mycobot_280/lib/mycobot_280
[3.217s] Installing follow_display script to /home/laptop5/mycobot_ros2/install/mycobot_280/lib/mycobot_280
[3.217s] Installing listen_real script to /home/laptop5/mycobot_ros2/install/mycobot_280/lib/mycobot_280
[3.217s] Installing listen_real_of_topic script to /home/laptop5/mycobot_ros2/install/mycobot_280/lib/mycobot_280
[3.217s] Installing listen_real_service script to /home/laptop5/mycobot_ros2/install/mycobot_280/lib/mycobot_280
[3.217s] Installing opencv_camera script to /home/laptop5/mycobot_ros2/install/mycobot_280/lib/mycobot_280
[3.218s] Installing simple_gui script to /home/laptop5/mycobot_ros2/install/mycobot_280/lib/mycobot_280
[3.218s] Installing slider_control script to /home/laptop5/mycobot_ros2/install/mycobot_280/lib/mycobot_280
[3.218s] Installing slider_control_adaptive_gripper script to /home/laptop5/mycobot_ros2/install/mycobot_280/lib/mycobot_280
[3.218s] Installing teleop_keyboard script to /home/laptop5/mycobot_ros2/install/mycobot_280/lib/mycobot_280
[3.218s] writing list of installed files to '/home/laptop5/mycobot_ros2/build/mycobot_280/install.log'
[3.255s] Invoked command in '/home/laptop5/mycobot_ros2/mycobot_280/mycobot_280' returned '0': AMENT_PREFIX_PATH=/home/laptop5/mycobot_ros2/install/mycobot_description:${AMENT_PREFIX_PATH} DEBUGINFOD_URLS=https://debuginfod.ubuntu.com PYTHONPATH=/home/laptop5/mycobot_ros2/build/mycobot_280/prefix_override:/usr/lib/python3/dist-packages/colcon_core/task/python/colcon_distutils_commands:/home/laptop5/mycobot_ros2/install/mycobot_280/lib/python3.12/site-packages:/home/laptop5/mycobot_ros2/install/mycobot_description/lib/python3.12/site-packages:${PYTHONPATH} /usr/bin/python3 -W ignore:setup.py install is deprecated -W ignore:easy_install command is deprecated setup.py egg_info --egg-base ../../build/mycobot_280 build --build-base /home/laptop5/mycobot_ros2/build/mycobot_280/build install --record /home/laptop5/mycobot_ros2/build/mycobot_280/install.log --single-version-externally-managed install_data
