[5.524s] Invoking command in '/home/laptop5/mycobot_ros2/mycobot_280/mycobot_280': AMENT_PREFIX_PATH=/home/laptop5/mycobot_ros2/install/mycobot_description:${AMENT_PREFIX_PATH} DEBUGINFOD_URLS=https://debuginfod.ubuntu.com PYTHONPATH=/home/laptop5/mycobot_ros2/build/mycobot_280/prefix_override:/usr/lib/python3/dist-packages/colcon_core/task/python/colcon_distutils_commands:/home/laptop5/mycobot_ros2/install/mycobot_280/lib/python3.12/site-packages:/home/laptop5/mycobot_ros2/install/mycobot_description/lib/python3.12/site-packages:${PYTHONPATH} /usr/bin/python3 -W ignore:setup.py install is deprecated -W ignore:easy_install command is deprecated setup.py egg_info --egg-base ../../build/mycobot_280 build --build-base /home/laptop5/mycobot_ros2/build/mycobot_280/build install --record /home/laptop5/mycobot_ros2/build/mycobot_280/install.log --single-version-externally-managed install_data
[8.858s] running egg_info
[8.861s] creating ../../build/mycobot_280/mycobot_280.egg-info
[8.861s] writing ../../build/mycobot_280/mycobot_280.egg-info/PKG-INFO
[8.862s] writing dependency_links to ../../build/mycobot_280/mycobot_280.egg-info/dependency_links.txt
[8.862s] writing entry points to ../../build/mycobot_280/mycobot_280.egg-info/entry_points.txt
[8.862s] writing requirements to ../../build/mycobot_280/mycobot_280.egg-info/requires.txt
[8.862s] writing top-level names to ../../build/mycobot_280/mycobot_280.egg-info/top_level.txt
[8.862s] writing manifest file '../../build/mycobot_280/mycobot_280.egg-info/SOURCES.txt'
[8.863s] reading manifest file '../../build/mycobot_280/mycobot_280.egg-info/SOURCES.txt'
[8.863s] adding license file 'LICENSE'
[8.863s] writing manifest file '../../build/mycobot_280/mycobot_280.egg-info/SOURCES.txt'
[8.863s] running build
[8.863s] running build_py
[8.863s] creating /home/laptop5/mycobot_ros2/build/mycobot_280/build
[8.863s] creating /home/laptop5/mycobot_ros2/build/mycobot_280/build/lib
[8.864s] creating /home/laptop5/mycobot_ros2/build/mycobot_280/build/lib/mycobot_280
[8.864s] copying mycobot_280/__init__.py -> /home/laptop5/mycobot_ros2/build/mycobot_280/build/lib/mycobot_280
[8.864s] copying mycobot_280/opencv_camera.py -> /home/laptop5/mycobot_ros2/build/mycobot_280/build/lib/mycobot_280
[8.864s] copying mycobot_280/camera_display.py -> /home/laptop5/mycobot_ros2/build/mycobot_280/build/lib/mycobot_280
[8.864s] copying mycobot_280/listen_real_of_topic.py -> /home/laptop5/mycobot_ros2/build/mycobot_280/build/lib/mycobot_280
[8.870s] copying mycobot_280/listen_real_service.py -> /home/laptop5/mycobot_ros2/build/mycobot_280/build/lib/mycobot_280
[8.871s] copying mycobot_280/teleop_keyboard.py -> /home/laptop5/mycobot_ros2/build/mycobot_280/build/lib/mycobot_280
[8.871s] copying mycobot_280/follow_display.py -> /home/laptop5/mycobot_ros2/build/mycobot_280/build/lib/mycobot_280
[8.871s] copying mycobot_280/simple_gui.py -> /home/laptop5/mycobot_ros2/build/mycobot_280/build/lib/mycobot_280
[8.871s] copying mycobot_280/listen_real.py -> /home/laptop5/mycobot_ros2/build/mycobot_280/build/lib/mycobot_280
[8.871s] copying mycobot_280/slider_control_adaptive_gripper.py -> /home/laptop5/mycobot_ros2/build/mycobot_280/build/lib/mycobot_280
[8.871s] copying mycobot_280/slider_control.py -> /home/laptop5/mycobot_ros2/build/mycobot_280/build/lib/mycobot_280
[8.872s] running install
[8.872s] running install_lib
[8.872s] creating /home/laptop5/mycobot_ros2/install/mycobot_280/lib/python3.12/site-packages/mycobot_280
[8.872s] copying /home/laptop5/mycobot_ros2/build/mycobot_280/build/lib/mycobot_280/__init__.py -> /home/laptop5/mycobot_ros2/install/mycobot_280/lib/python3.12/site-packages/mycobot_280
[8.872s] copying /home/laptop5/mycobot_ros2/build/mycobot_280/build/lib/mycobot_280/opencv_camera.py -> /home/laptop5/mycobot_ros2/install/mycobot_280/lib/python3.12/site-packages/mycobot_280
[8.872s] copying /home/laptop5/mycobot_ros2/build/mycobot_280/build/lib/mycobot_280/camera_display.py -> /home/laptop5/mycobot_ros2/install/mycobot_280/lib/python3.12/site-packages/mycobot_280
[8.872s] copying /home/laptop5/mycobot_ros2/build/mycobot_280/build/lib/mycobot_280/listen_real_of_topic.py -> /home/laptop5/mycobot_ros2/install/mycobot_280/lib/python3.12/site-packages/mycobot_280
[8.873s] copying /home/laptop5/mycobot_ros2/build/mycobot_280/build/lib/mycobot_280/listen_real_service.py -> /home/laptop5/mycobot_ros2/install/mycobot_280/lib/python3.12/site-packages/mycobot_280
[8.873s] copying /home/laptop5/mycobot_ros2/build/mycobot_280/build/lib/mycobot_280/teleop_keyboard.py -> /home/laptop5/mycobot_ros2/install/mycobot_280/lib/python3.12/site-packages/mycobot_280
[8.873s] copying /home/laptop5/mycobot_ros2/build/mycobot_280/build/lib/mycobot_280/follow_display.py -> /home/laptop5/mycobot_ros2/install/mycobot_280/lib/python3.12/site-packages/mycobot_280
[8.880s] copying /home/laptop5/mycobot_ros2/build/mycobot_280/build/lib/mycobot_280/simple_gui.py -> /home/laptop5/mycobot_ros2/install/mycobot_280/lib/python3.12/site-packages/mycobot_280
[8.880s] copying /home/laptop5/mycobot_ros2/build/mycobot_280/build/lib/mycobot_280/listen_real.py -> /home/laptop5/mycobot_ros2/install/mycobot_280/lib/python3.12/site-packages/mycobot_280
[8.892s] copying /home/laptop5/mycobot_ros2/build/mycobot_280/build/lib/mycobot_280/slider_control_adaptive_gripper.py -> /home/laptop5/mycobot_ros2/install/mycobot_280/lib/python3.12/site-packages/mycobot_280
[8.893s] copying /home/laptop5/mycobot_ros2/build/mycobot_280/build/lib/mycobot_280/slider_control.py -> /home/laptop5/mycobot_ros2/install/mycobot_280/lib/python3.12/site-packages/mycobot_280
[8.893s] byte-compiling /home/laptop5/mycobot_ros2/install/mycobot_280/lib/python3.12/site-packages/mycobot_280/__init__.py to __init__.cpython-312.pyc
[8.893s] byte-compiling /home/laptop5/mycobot_ros2/install/mycobot_280/lib/python3.12/site-packages/mycobot_280/opencv_camera.py to opencv_camera.cpython-312.pyc
[8.893s] byte-compiling /home/laptop5/mycobot_ros2/install/mycobot_280/lib/python3.12/site-packages/mycobot_280/camera_display.py to camera_display.cpython-312.pyc
[8.894s] byte-compiling /home/laptop5/mycobot_ros2/install/mycobot_280/lib/python3.12/site-packages/mycobot_280/listen_real_of_topic.py to listen_real_of_topic.cpython-312.pyc
[8.894s] byte-compiling /home/laptop5/mycobot_ros2/install/mycobot_280/lib/python3.12/site-packages/mycobot_280/listen_real_service.py to listen_real_service.cpython-312.pyc
[8.897s] byte-compiling /home/laptop5/mycobot_ros2/install/mycobot_280/lib/python3.12/site-packages/mycobot_280/teleop_keyboard.py to teleop_keyboard.cpython-312.pyc
[8.898s] byte-compiling /home/laptop5/mycobot_ros2/install/mycobot_280/lib/python3.12/site-packages/mycobot_280/follow_display.py to follow_display.cpython-312.pyc
[8.898s] byte-compiling /home/laptop5/mycobot_ros2/install/mycobot_280/lib/python3.12/site-packages/mycobot_280/simple_gui.py to simple_gui.cpython-312.pyc
[8.898s] byte-compiling /home/laptop5/mycobot_ros2/install/mycobot_280/lib/python3.12/site-packages/mycobot_280/listen_real.py to listen_real.cpython-312.pyc
[8.898s] byte-compiling /home/laptop5/mycobot_ros2/install/mycobot_280/lib/python3.12/site-packages/mycobot_280/slider_control_adaptive_gripper.py to slider_control_adaptive_gripper.cpython-312.pyc
[8.898s] byte-compiling /home/laptop5/mycobot_ros2/install/mycobot_280/lib/python3.12/site-packages/mycobot_280/slider_control.py to slider_control.cpython-312.pyc
[8.899s] running install_data
[8.899s] creating /home/laptop5/mycobot_ros2/install/mycobot_280/share/ament_index
[8.899s] creating /home/laptop5/mycobot_ros2/install/mycobot_280/share/ament_index/resource_index
[8.899s] creating /home/laptop5/mycobot_ros2/install/mycobot_280/share/ament_index/resource_index/packages
[8.899s] copying resource/mycobot_280 -> /home/laptop5/mycobot_ros2/install/mycobot_280/share/ament_index/resource_index/packages
[8.899s] copying package.xml -> /home/laptop5/mycobot_ros2/install/mycobot_280/share/mycobot_280
[8.900s] creating /home/laptop5/mycobot_ros2/install/mycobot_280/share/mycobot_280/launch
[8.900s] copying launch/test_gripper.launch.py -> /home/laptop5/mycobot_ros2/install/mycobot_280/share/mycobot_280/launch
[8.900s] copying launch/slider_control.launch.py -> /home/laptop5/mycobot_ros2/install/mycobot_280/share/mycobot_280/launch
[8.900s] copying launch/mycobot_follow.launch.py -> /home/laptop5/mycobot_ros2/install/mycobot_280/share/mycobot_280/launch
[8.903s] copying launch/test_pump.launch.py -> /home/laptop5/mycobot_ros2/install/mycobot_280/share/mycobot_280/launch
[8.904s] copying launch/slider_control_adaptive_gripper.launch.py -> /home/laptop5/mycobot_ros2/install/mycobot_280/share/mycobot_280/launch
[8.904s] copying launch/simple_gui.launch.py -> /home/laptop5/mycobot_ros2/install/mycobot_280/share/mycobot_280/launch
[8.904s] copying launch/test_camera_flange.launch.py -> /home/laptop5/mycobot_ros2/install/mycobot_280/share/mycobot_280/launch
[8.904s] copying launch/test.launch.py -> /home/laptop5/mycobot_ros2/install/mycobot_280/share/mycobot_280/launch
[8.904s] copying launch/slider_control_pump.launch.py -> /home/laptop5/mycobot_ros2/install/mycobot_280/share/mycobot_280/launch
[8.904s] copying launch/test_camera_flange_pump.launch.py -> /home/laptop5/mycobot_ros2/install/mycobot_280/share/mycobot_280/launch
[8.905s] copying launch/teleop_keyboard.launch.py -> /home/laptop5/mycobot_ros2/install/mycobot_280/share/mycobot_280/launch
[8.905s] copying launch/slider_control_camera_flange.launch.py -> /home/laptop5/mycobot_ros2/install/mycobot_280/share/mycobot_280/launch
[8.905s] copying launch/simple_gui_pump.launch.py -> /home/laptop5/mycobot_ros2/install/mycobot_280/share/mycobot_280/launch
[8.905s] creating /home/laptop5/mycobot_ros2/install/mycobot_280/share/mycobot_280/config
[8.905s] copying config/mycobot.rviz -> /home/laptop5/mycobot_ros2/install/mycobot_280/share/mycobot_280/config
[8.907s] copying config/mycobot_with_marker.rviz -> /home/laptop5/mycobot_ros2/install/mycobot_280/share/mycobot_280/config
[8.907s] running install_egg_info
[8.907s] Copying ../../build/mycobot_280/mycobot_280.egg-info to /home/laptop5/mycobot_ros2/install/mycobot_280/lib/python3.12/site-packages/mycobot_280-0.0.0-py3.12.egg-info
[8.907s] running install_scripts
[8.907s] Installing camera_display script to /home/laptop5/mycobot_ros2/install/mycobot_280/lib/mycobot_280
[8.907s] Installing follow_display script to /home/laptop5/mycobot_ros2/install/mycobot_280/lib/mycobot_280
[8.907s] Installing listen_real script to /home/laptop5/mycobot_ros2/install/mycobot_280/lib/mycobot_280
[8.908s] Installing listen_real_of_topic script to /home/laptop5/mycobot_ros2/install/mycobot_280/lib/mycobot_280
[8.908s] Installing listen_real_service script to /home/laptop5/mycobot_ros2/install/mycobot_280/lib/mycobot_280
[8.908s] Installing opencv_camera script to /home/laptop5/mycobot_ros2/install/mycobot_280/lib/mycobot_280
[8.908s] Installing simple_gui script to /home/laptop5/mycobot_ros2/install/mycobot_280/lib/mycobot_280
[8.908s] Installing slider_control script to /home/laptop5/mycobot_ros2/install/mycobot_280/lib/mycobot_280
[8.908s] Installing slider_control_adaptive_gripper script to /home/laptop5/mycobot_ros2/install/mycobot_280/lib/mycobot_280
[8.908s] Installing teleop_keyboard script to /home/laptop5/mycobot_ros2/install/mycobot_280/lib/mycobot_280
[8.909s] writing list of installed files to '/home/laptop5/mycobot_ros2/build/mycobot_280/install.log'
[8.930s] Invoked command in '/home/laptop5/mycobot_ros2/mycobot_280/mycobot_280' returned '0': AMENT_PREFIX_PATH=/home/laptop5/mycobot_ros2/install/mycobot_description:${AMENT_PREFIX_PATH} DEBUGINFOD_URLS=https://debuginfod.ubuntu.com PYTHONPATH=/home/laptop5/mycobot_ros2/build/mycobot_280/prefix_override:/usr/lib/python3/dist-packages/colcon_core/task/python/colcon_distutils_commands:/home/laptop5/mycobot_ros2/install/mycobot_280/lib/python3.12/site-packages:/home/laptop5/mycobot_ros2/install/mycobot_description/lib/python3.12/site-packages:${PYTHONPATH} /usr/bin/python3 -W ignore:setup.py install is deprecated -W ignore:easy_install command is deprecated setup.py egg_info --egg-base ../../build/mycobot_280 build --build-base /home/laptop5/mycobot_ros2/build/mycobot_280/build install --record /home/laptop5/mycobot_ros2/build/mycobot_280/install.log --single-version-externally-managed install_data
